#
# There is insufficient memory for the Java Runtime Environment to continue.
# Native memory allocation (malloc) failed to allocate 1913456 bytes for Chunk::new
# Possible reasons:
#   The system is out of physical RAM or swap space
#   The process is running with CompressedOops enabled, and the Java Heap may be blocking the growth of the native heap
# Possible solutions:
#   Reduce memory load on the system
#   Increase physical memory or swap space
#   Check if swap backing store is full
#   Decrease Java heap size (-Xmx/-Xms)
#   Decrease number of Java threads
#   Decrease Java thread stack sizes (-Xss)
#   Set larger code cache with -XX:ReservedCodeCacheSize=
#   JVM is running with Unscaled Compressed Oops mode in which the Java heap is
#     placed in the first 4GB address space. The Java Heap base address is the
#     maximum limit for the native heap growth. Please use -XX:HeapBaseMinAddress
#     to set the Java Heap base and to place the Java Heap above 4GB virtual address.
# This output file may be truncated or incomplete.
#
#  Out of Memory Error (./src/hotspot/share/memory/arena.cpp:197), pid=8504, tid=11008
#
# JRE version: OpenJDK Runtime Environment (11.0.11+9) (build 11.0.11+9-b60-7590822)
# Java VM: OpenJDK 64-Bit Server VM (11.0.11+9-b60-7590822, mixed mode, tiered, compressed oops, g1 gc, windows-amd64)
# No core dump will be written. Minidumps are not enabled by default on client versions of Windows
#

---------------  S U M M A R Y ------------

Command Line: --add-opens=java.base/java.util=ALL-UNNAMED --add-opens=java.base/java.lang=ALL-UNNAMED --add-opens=java.base/java.lang.invoke=ALL-UNNAMED --add-opens=java.base/java.util=ALL-UNNAMED --add-opens=java.prefs/java.util.prefs=ALL-UNNAMED --add-opens=java.prefs/java.util.prefs=ALL-UNNAMED --add-opens=java.base/java.nio.charset=ALL-UNNAMED --add-opens=java.base/java.net=ALL-UNNAMED --add-opens=java.base/java.util.concurrent.atomic=ALL-UNNAMED -Xmx2048m -Dfile.encoding=UTF-8 -Duser.country=BR -Duser.language=pt -Duser.variant org.gradle.launcher.daemon.bootstrap.GradleDaemon 7.2

Host: Intel(R) Core(TM) i5-7200U CPU @ 2.50GHz, 4 cores, 7G,  Windows 10 , 64 bit Build 19041 (10.0.19041.1566)
Time: Fri Mar 18 12:38:45 2022 Hora oficial do Brasil elapsed time: 22.626174 seconds (0d 0h 0m 22s)

---------------  T H R E A D  ---------------

Current thread (0x000002811b2a4800):  JavaThread "C2 CompilerThread1" daemon [_thread_in_native, id=11008, stack(0x00000099ebe00000,0x00000099ebf00000)]


Current CompileTask:
C2:  22626 6354       4       org.objectweb.asm.Frame::execute (2318 bytes)

Stack: [0x00000099ebe00000,0x00000099ebf00000]
Native frames: (J=compiled Java code, j=interpreted, Vv=VM code, C=native code)
V  [jvm.dll+0x5f214a]
V  [jvm.dll+0x726fb5]
V  [jvm.dll+0x7285cd]
V  [jvm.dll+0x728c83]
V  [jvm.dll+0x243278]
V  [jvm.dll+0xbc53c]
V  [jvm.dll+0xbca3c]
V  [jvm.dll+0x353e3b]
V  [jvm.dll+0x321893]
V  [jvm.dll+0x320d8a]
V  [jvm.dll+0x1fc1e2]
V  [jvm.dll+0x1fb3d4]
V  [jvm.dll+0x183d6c]
V  [jvm.dll+0x209a57]
V  [jvm.dll+0x2082a1]
V  [jvm.dll+0x6ef58f]
V  [jvm.dll+0x6e80b5]
V  [jvm.dll+0x5f1036]
C  [ucrtbase.dll+0x21bb2]
C  [KERNEL32.DLL+0x17034]
C  [ntdll.dll+0x52651]


---------------  P R O C E S S  ---------------

Threads class SMR info:
_java_thread_list=0x000002811ad601a0, length=78, elements={
0x0000028178d9d000, 0x000002817f8cf000, 0x000002817f8d0000, 0x000002817f8ea800,
0x000002817f8eb800, 0x000002817f8ee000, 0x000002817f8f3000, 0x000002817f911800,
0x000002817f919800, 0x000002817fbaa800, 0x000002817fe20000, 0x00000281167f1800,
0x00000281176a2000, 0x0000028116056800, 0x0000028117461800, 0x0000028118347800,
0x0000028116d8b800, 0x0000028116d8d800, 0x0000028116bcb800, 0x00000281178ad000,
0x00000281178ad800, 0x00000281178aa800, 0x00000281178ac000, 0x00000281178ae800,
0x00000281178ab000, 0x00000281178a9000, 0x00000281178af800, 0x00000281178a9800,
0x0000028117e06000, 0x0000028117e08000, 0x0000028117e08800, 0x0000028117e07000,
0x0000028117e04800, 0x0000028117e03000, 0x0000028117e09800, 0x0000028118999000,
0x0000028118995800, 0x000002811b2a4800, 0x000002811899a800, 0x0000028118996800,
0x0000028118998000, 0x0000028118999800, 0x0000028118997000, 0x0000028118995000,
0x000002811899e800, 0x000002811899b800, 0x000002811899f800, 0x00000281189a1000,
0x000002811899d800, 0x00000281189a2000, 0x000002811899c000, 0x000002811899d000,
0x00000281189a2800, 0x00000281189a3800, 0x00000281189a0000, 0x00000281191ae000,
0x00000281191b1000, 0x00000281191b0800, 0x00000281191b2000, 0x00000281191af800,
0x00000281191b3000, 0x00000281191af000, 0x00000281191ad000, 0x00000281191b5800,
0x00000281191b9800, 0x00000281191b3800, 0x00000281191ba000, 0x00000281191b4800,
0x00000281191b7000, 0x00000281191bb000, 0x00000281191bc000, 0x00000281191b8000,
0x00000281191b6000, 0x00000281191b8800, 0x0000028117861000, 0x0000028117860000,
0x0000028117862000, 0x0000028117864000
}

Java Threads: ( => current thread )
  0x0000028178d9d000 JavaThread "main" [_thread_blocked, id=5384, stack(0x00000099e9400000,0x00000099e9500000)]
  0x000002817f8cf000 JavaThread "Reference Handler" daemon [_thread_blocked, id=4688, stack(0x00000099e9b00000,0x00000099e9c00000)]
  0x000002817f8d0000 JavaThread "Finalizer" daemon [_thread_blocked, id=12932, stack(0x00000099e9c00000,0x00000099e9d00000)]
  0x000002817f8ea800 JavaThread "Signal Dispatcher" daemon [_thread_blocked, id=4404, stack(0x00000099e9d00000,0x00000099e9e00000)]
  0x000002817f8eb800 JavaThread "Attach Listener" daemon [_thread_blocked, id=11820, stack(0x00000099e9e00000,0x00000099e9f00000)]
  0x000002817f8ee000 JavaThread "Service Thread" daemon [_thread_blocked, id=10540, stack(0x00000099e9f00000,0x00000099ea000000)]
  0x000002817f8f3000 JavaThread "C2 CompilerThread0" daemon [_thread_in_native, id=10344, stack(0x00000099ea000000,0x00000099ea100000)]
  0x000002817f911800 JavaThread "C1 CompilerThread0" daemon [_thread_blocked, id=11432, stack(0x00000099ea100000,0x00000099ea200000)]
  0x000002817f919800 JavaThread "Sweeper thread" daemon [_thread_blocked, id=11600, stack(0x00000099ea200000,0x00000099ea300000)]
  0x000002817fbaa800 JavaThread "Common-Cleaner" daemon [_thread_blocked, id=7640, stack(0x00000099ea300000,0x00000099ea400000)]
  0x000002817fe20000 JavaThread "Daemon health stats" [_thread_blocked, id=11064, stack(0x00000099ea500000,0x00000099ea600000)]
  0x00000281167f1800 JavaThread "Incoming local TCP Connector on port 53749" [_thread_in_native, id=3484, stack(0x00000099ea800000,0x00000099ea900000)]
  0x00000281176a2000 JavaThread "Daemon periodic checks" [_thread_blocked, id=5576, stack(0x00000099ea900000,0x00000099eaa00000)]
  0x0000028116056800 JavaThread "Daemon" [_thread_blocked, id=8264, stack(0x00000099eaa00000,0x00000099eab00000)]
  0x0000028117461800 JavaThread "Handler for socket connection from /127.0.0.1:53749 to /127.0.0.1:53750" [_thread_in_native, id=12556, stack(0x00000099eab00000,0x00000099eac00000)]
  0x0000028118347800 JavaThread "Cancel handler" [_thread_blocked, id=9944, stack(0x00000099eac00000,0x00000099ead00000)]
  0x0000028116d8b800 JavaThread "Daemon worker" [_thread_in_native, id=2220, stack(0x00000099ead00000,0x00000099eae00000)]
  0x0000028116d8d800 JavaThread "Asynchronous log dispatcher for DefaultDaemonConnection: socket connection from /127.0.0.1:53749 to /127.0.0.1:53750" [_thread_blocked, id=9828, stack(0x00000099eae00000,0x00000099eaf00000)]
  0x0000028116bcb800 JavaThread "Stdin handler" [_thread_blocked, id=10800, stack(0x00000099eaf00000,0x00000099eb000000)]
  0x00000281178ad000 JavaThread "Daemon client event forwarder" [_thread_blocked, id=6348, stack(0x00000099eb000000,0x00000099eb100000)]
  0x00000281178ad800 JavaThread "Cache worker for journal cache (C:\Users\usuario\.gradle\caches\journal-1)" [_thread_blocked, id=944, stack(0x00000099eb200000,0x00000099eb300000)]
  0x00000281178aa800 JavaThread "File lock request listener" [_thread_in_native, id=10968, stack(0x00000099eb300000,0x00000099eb400000)]
  0x00000281178ac000 JavaThread "Cache worker for file hash cache (C:\Users\usuario\.gradle\caches\7.2\fileHashes)" [_thread_blocked, id=7576, stack(0x00000099eb400000,0x00000099eb500000)]
  0x00000281178ae800 JavaThread "Cache worker for file hash cache (C:\Users\usuario\AndroidStudioProjects\Dados\.gradle\7.2\fileHashes)" [_thread_blocked, id=8972, stack(0x00000099eb500000,0x00000099eb600000)]
  0x00000281178ab000 JavaThread "File watcher server" daemon [_thread_in_native, id=6608, stack(0x00000099eb600000,0x00000099eb700000)]
  0x00000281178a9000 JavaThread "File watcher consumer" daemon [_thread_blocked, id=7600, stack(0x00000099eb700000,0x00000099eb800000)]
  0x00000281178af800 JavaThread "jar transforms" [_thread_blocked, id=7192, stack(0x00000099eb900000,0x00000099eba00000)]
  0x00000281178a9800 JavaThread "jar transforms Thread 2" [_thread_blocked, id=9344, stack(0x00000099eba00000,0x00000099ebb00000)]
  0x0000028117e06000 JavaThread "jar transforms Thread 3" [_thread_blocked, id=8296, stack(0x00000099ebb00000,0x00000099ebc00000)]
  0x0000028117e08000 JavaThread "jar transforms Thread 4" [_thread_blocked, id=10384, stack(0x00000099ebc00000,0x00000099ebd00000)]
  0x0000028117e08800 JavaThread "Cache worker for checksums cache (C:\Users\usuario\AndroidStudioProjects\Dados\.gradle\checksums)" [_thread_blocked, id=12100, stack(0x00000099eb800000,0x00000099eb900000)]
  0x0000028117e07000 JavaThread "Cache worker for cache directory md-supplier (C:\Users\usuario\.gradle\caches\7.2\md-supplier)" [_thread_blocked, id=6848, stack(0x00000099ebd00000,0x00000099ebe00000)]
  0x0000028117e04800 JavaThread "Cache worker for cache directory md-rule (C:\Users\usuario\.gradle\caches\7.2\md-rule)" [_thread_blocked, id=824, stack(0x00000099ebf00000,0x00000099ec000000)]
  0x0000028117e03000 JavaThread "Cache worker for execution history cache (C:\Users\usuario\.gradle\caches\7.2\executionHistory)" [_thread_blocked, id=12484, stack(0x00000099ec000000,0x00000099ec100000)]
  0x0000028117e09800 JavaThread "Cache worker for file content cache (C:\Users\usuario\.gradle\caches\7.2\fileContent)" [_thread_blocked, id=13268, stack(0x00000099ec100000,0x00000099ec200000)]
  0x0000028118999000 JavaThread "Cache worker for dependencies-accessors (C:\Users\usuario\AndroidStudioProjects\Dados\.gradle\7.2\dependencies-accessors)" [_thread_blocked, id=12352, stack(0x00000099ec200000,0x00000099ec300000)]
  0x0000028118995800 JavaThread "Cache worker for Build Output Cleanup Cache (C:\Users\usuario\AndroidStudioProjects\Dados\.gradle\buildOutputCleanup)" [_thread_blocked, id=7200, stack(0x00000099ec300000,0x00000099ec400000)]
=>0x000002811b2a4800 JavaThread "C2 CompilerThread1" daemon [_thread_in_native, id=11008, stack(0x00000099ebe00000,0x00000099ebf00000)]
  0x000002811899a800 JavaThread "Unconstrained build operations" [_thread_blocked, id=6660, stack(0x00000099ec400000,0x00000099ec500000)]
  0x0000028118996800 JavaThread "Unconstrained build operations Thread 2" [_thread_blocked, id=9740, stack(0x00000099ec500000,0x00000099ec600000)]
  0x0000028118998000 JavaThread "Unconstrained build operations Thread 3" [_thread_blocked, id=12684, stack(0x00000099ec600000,0x00000099ec700000)]
  0x0000028118999800 JavaThread "Unconstrained build operations Thread 4" [_thread_blocked, id=7784, stack(0x00000099ec700000,0x00000099ec800000)]
  0x0000028118997000 JavaThread "Unconstrained build operations Thread 5" [_thread_blocked, id=8644, stack(0x00000099ec800000,0x00000099ec900000)]
  0x0000028118995000 JavaThread "Unconstrained build operations Thread 6" [_thread_blocked, id=12044, stack(0x00000099ec900000,0x00000099eca00000)]
  0x000002811899e800 JavaThread "Unconstrained build operations Thread 7" [_thread_blocked, id=4800, stack(0x00000099eca00000,0x00000099ecb00000)]
  0x000002811899b800 JavaThread "Unconstrained build operations Thread 8" [_thread_blocked, id=5316, stack(0x00000099ecb00000,0x00000099ecc00000)]
  0x000002811899f800 JavaThread "Unconstrained build operations Thread 9" [_thread_blocked, id=10624, stack(0x00000099ecc00000,0x00000099ecd00000)]
  0x00000281189a1000 JavaThread "Unconstrained build operations Thread 10" [_thread_blocked, id=11740, stack(0x00000099ecd00000,0x00000099ece00000)]
  0x000002811899d800 JavaThread "Unconstrained build operations Thread 11" [_thread_blocked, id=13272, stack(0x00000099ece00000,0x00000099ecf00000)]
  0x00000281189a2000 JavaThread "Unconstrained build operations Thread 12" [_thread_blocked, id=1516, stack(0x00000099ecf00000,0x00000099ed000000)]
  0x000002811899c000 JavaThread "Unconstrained build operations Thread 13" [_thread_blocked, id=13308, stack(0x00000099ed000000,0x00000099ed100000)]
  0x000002811899d000 JavaThread "Unconstrained build operations Thread 14" [_thread_blocked, id=4188, stack(0x00000099ed100000,0x00000099ed200000)]
  0x00000281189a2800 JavaThread "Unconstrained build operations Thread 15" [_thread_blocked, id=5756, stack(0x00000099ed200000,0x00000099ed300000)]
  0x00000281189a3800 JavaThread "Unconstrained build operations Thread 16" [_thread_blocked, id=4716, stack(0x00000099ed300000,0x00000099ed400000)]
  0x00000281189a0000 JavaThread "Unconstrained build operations Thread 17" [_thread_blocked, id=11280, stack(0x00000099ed400000,0x00000099ed500000)]
  0x00000281191ae000 JavaThread "Unconstrained build operations Thread 18" [_thread_blocked, id=11192, stack(0x00000099ed500000,0x00000099ed600000)]
  0x00000281191b1000 JavaThread "Unconstrained build operations Thread 19" [_thread_blocked, id=11092, stack(0x00000099ed600000,0x00000099ed700000)]
  0x00000281191b0800 JavaThread "Unconstrained build operations Thread 20" [_thread_blocked, id=7704, stack(0x00000099ed700000,0x00000099ed800000)]
  0x00000281191b2000 JavaThread "Unconstrained build operations Thread 21" [_thread_blocked, id=8036, stack(0x00000099ed800000,0x00000099ed900000)]
  0x00000281191af800 JavaThread "Unconstrained build operations Thread 22" [_thread_blocked, id=11356, stack(0x00000099ed900000,0x00000099eda00000)]
  0x00000281191b3000 JavaThread "Unconstrained build operations Thread 23" [_thread_blocked, id=6324, stack(0x00000099eda00000,0x00000099edb00000)]
  0x00000281191af000 JavaThread "Unconstrained build operations Thread 24" [_thread_blocked, id=2492, stack(0x00000099edb00000,0x00000099edc00000)]
  0x00000281191ad000 JavaThread "Unconstrained build operations Thread 25" [_thread_blocked, id=11032, stack(0x00000099edc00000,0x00000099edd00000)]
  0x00000281191b5800 JavaThread "Unconstrained build operations Thread 26" [_thread_blocked, id=7116, stack(0x00000099edd00000,0x00000099ede00000)]
  0x00000281191b9800 JavaThread "Unconstrained build operations Thread 27" [_thread_blocked, id=12680, stack(0x00000099ede00000,0x00000099edf00000)]
  0x00000281191b3800 JavaThread "Unconstrained build operations Thread 28" [_thread_blocked, id=4788, stack(0x00000099edf00000,0x00000099ee000000)]
  0x00000281191ba000 JavaThread "Unconstrained build operations Thread 29" [_thread_blocked, id=8768, stack(0x00000099ee000000,0x00000099ee100000)]
  0x00000281191b4800 JavaThread "Unconstrained build operations Thread 30" [_thread_blocked, id=10308, stack(0x00000099ee100000,0x00000099ee200000)]
  0x00000281191b7000 JavaThread "Unconstrained build operations Thread 31" [_thread_blocked, id=3212, stack(0x00000099ee200000,0x00000099ee300000)]
  0x00000281191bb000 JavaThread "Unconstrained build operations Thread 32" [_thread_blocked, id=3968, stack(0x00000099ee300000,0x00000099ee400000)]
  0x00000281191bc000 JavaThread "Unconstrained build operations Thread 33" [_thread_blocked, id=1312, stack(0x00000099ee400000,0x00000099ee500000)]
  0x00000281191b8000 JavaThread "Unconstrained build operations Thread 34" [_thread_blocked, id=5832, stack(0x00000099ee500000,0x00000099ee600000)]
  0x00000281191b6000 JavaThread "Unconstrained build operations Thread 35" [_thread_blocked, id=10080, stack(0x00000099ee600000,0x00000099ee700000)]
  0x00000281191b8800 JavaThread "Unconstrained build operations Thread 36" [_thread_blocked, id=12692, stack(0x00000099ee700000,0x00000099ee800000)]
  0x0000028117861000 JavaThread "Unconstrained build operations Thread 37" [_thread_blocked, id=5724, stack(0x00000099ee800000,0x00000099ee900000)]
  0x0000028117860000 JavaThread "Unconstrained build operations Thread 38" [_thread_blocked, id=5432, stack(0x00000099ee900000,0x00000099eea00000)]
  0x0000028117862000 JavaThread "Unconstrained build operations Thread 39" [_thread_blocked, id=6092, stack(0x00000099eea00000,0x00000099eeb00000)]
  0x0000028117864000 JavaThread "Unconstrained build operations Thread 40" [_thread_blocked, id=10404, stack(0x00000099eeb00000,0x00000099eec00000)]

Other Threads:
  0x000002817f8ca000 VMThread "VM Thread" [stack: 0x00000099e9a00000,0x00000099e9b00000] [id=12572]
  0x000002817fbbc000 WatcherThread [stack: 0x00000099ea400000,0x00000099ea500000] [id=5376]
  0x0000028178db6800 GCTaskThread "GC Thread#0" [stack: 0x00000099e9500000,0x00000099e9600000] [id=6340]
  0x0000028115975800 GCTaskThread "GC Thread#1" [stack: 0x00000099ea600000,0x00000099ea700000] [id=11828]
  0x0000028115aa6000 GCTaskThread "GC Thread#2" [stack: 0x00000099ea700000,0x00000099ea800000] [id=8604]
  0x000002811679d800 GCTaskThread "GC Thread#3" [stack: 0x00000099eb100000,0x00000099eb200000] [id=11208]
  0x0000028178de6000 ConcurrentGCThread "G1 Main Marker" [stack: 0x00000099e9600000,0x00000099e9700000] [id=11780]
  0x0000028178de7000 ConcurrentGCThread "G1 Conc#0" [stack: 0x00000099e9700000,0x00000099e9800000] [id=3676]
  0x0000028178e75000 ConcurrentGCThread "G1 Refine#0" [stack: 0x00000099e9800000,0x00000099e9900000] [id=8608]
  0x0000028178e76000 ConcurrentGCThread "G1 Young RemSet Sampling" [stack: 0x00000099e9900000,0x00000099e9a00000] [id=1428]

Threads with active compile tasks:
C2 CompilerThread0  22684 6383       4       org.objectweb.asm.Type::getArgumentsAndReturnSizes (140 bytes)
C2 CompilerThread1  22685 6354       4       org.objectweb.asm.Frame::execute (2318 bytes)

VM state:not at safepoint (normal execution)

VM Mutex/Monitor currently owned by a thread: None

Heap address: 0x0000000080000000, size: 2048 MB, Compressed Oops mode: 32-bit
Narrow klass base: 0x0000000000000000, Narrow klass shift: 3
Compressed class space size: 1073741824 Address: 0x0000000100000000

Heap:
 garbage-first heap   total 155648K, used 106292K [0x0000000080000000, 0x0000000100000000)
  region size 1024K, 41 young (41984K), 8 survivors (8192K)
 Metaspace       used 60122K, capacity 61867K, committed 62108K, reserved 1103872K
  class space    used 7607K, capacity 8194K, committed 8268K, reserved 1048576K
Heap Regions: E=young(eden), S=young(survivor), O=old, HS=humongous(starts), HC=humongous(continues), CS=collection set, F=free, A=archive, TAMS=top-at-mark-start (previous, next)
|   0|0x0000000080000000, 0x0000000080100000, 0x0000000080100000|100%| O|  |TAMS 0x0000000080100000, 0x0000000080000000| Untracked 
|   1|0x0000000080100000, 0x0000000080200000, 0x0000000080200000|100%| O|  |TAMS 0x0000000080200000, 0x0000000080100000| Untracked 
|   2|0x0000000080200000, 0x0000000080300000, 0x0000000080300000|100%| O|  |TAMS 0x0000000080300000, 0x0000000080200000| Untracked 
|   3|0x0000000080300000, 0x0000000080400000, 0x0000000080400000|100%|HS|  |TAMS 0x0000000080400000, 0x0000000080300000| Complete 
|   4|0x0000000080400000, 0x0000000080500000, 0x0000000080500000|100%|HC|  |TAMS 0x0000000080500000, 0x0000000080400000| Complete 
|   5|0x0000000080500000, 0x0000000080600000, 0x0000000080600000|100%|HC|  |TAMS 0x0000000080600000, 0x0000000080500000| Complete 
|   6|0x0000000080600000, 0x0000000080700000, 0x0000000080700000|100%| O|  |TAMS 0x0000000080700000, 0x0000000080600000| Untracked 
|   7|0x0000000080700000, 0x0000000080800000, 0x0000000080800000|100%| O|  |TAMS 0x0000000080800000, 0x0000000080700000| Untracked 
|   8|0x0000000080800000, 0x0000000080900000, 0x0000000080900000|100%| O|  |TAMS 0x0000000080900000, 0x0000000080800000| Untracked 
|   9|0x0000000080900000, 0x0000000080a00000, 0x0000000080a00000|100%| O|  |TAMS 0x0000000080a00000, 0x0000000080900000| Untracked 
|  10|0x0000000080a00000, 0x0000000080b00000, 0x0000000080b00000|100%| O|  |TAMS 0x0000000080b00000, 0x0000000080a00000| Untracked 
|  11|0x0000000080b00000, 0x0000000080c00000, 0x0000000080c00000|100%| O|  |TAMS 0x0000000080c00000, 0x0000000080b00000| Untracked 
|  12|0x0000000080c00000, 0x0000000080d00000, 0x0000000080d00000|100%| O|  |TAMS 0x0000000080d00000, 0x0000000080c00000| Untracked 
|  13|0x0000000080d00000, 0x0000000080e00000, 0x0000000080e00000|100%| O|  |TAMS 0x0000000080e00000, 0x0000000080d00000| Untracked 
|  14|0x0000000080e00000, 0x0000000080f00000, 0x0000000080f00000|100%| O|  |TAMS 0x0000000080f00000, 0x0000000080e00000| Untracked 
|  15|0x0000000080f00000, 0x0000000081000000, 0x0000000081000000|100%| O|  |TAMS 0x0000000081000000, 0x0000000080f00000| Untracked 
|  16|0x0000000081000000, 0x0000000081100000, 0x0000000081100000|100%| O|  |TAMS 0x0000000081100000, 0x0000000081000000| Untracked 
|  17|0x0000000081100000, 0x0000000081200000, 0x0000000081200000|100%|HS|  |TAMS 0x0000000081200000, 0x0000000081100000| Complete 
|  18|0x0000000081200000, 0x0000000081300000, 0x0000000081300000|100%|HC|  |TAMS 0x0000000081300000, 0x0000000081200000| Complete 
|  19|0x0000000081300000, 0x0000000081400000, 0x0000000081400000|100%|HS|  |TAMS 0x0000000081400000, 0x0000000081300000| Complete 
|  20|0x0000000081400000, 0x0000000081500000, 0x0000000081500000|100%|HC|  |TAMS 0x0000000081500000, 0x0000000081400000| Complete 
|  21|0x0000000081500000, 0x0000000081600000, 0x0000000081600000|100%|HC|  |TAMS 0x0000000081600000, 0x0000000081500000| Complete 
|  22|0x0000000081600000, 0x0000000081700000, 0x0000000081700000|100%|HS|  |TAMS 0x0000000081700000, 0x0000000081600000| Complete 
|  23|0x0000000081700000, 0x0000000081800000, 0x0000000081800000|100%|HC|  |TAMS 0x0000000081800000, 0x0000000081700000| Complete 
|  24|0x0000000081800000, 0x0000000081900000, 0x0000000081900000|100%|HC|  |TAMS 0x0000000081900000, 0x0000000081800000| Complete 
|  25|0x0000000081900000, 0x0000000081a00000, 0x0000000081a00000|100%|HC|  |TAMS 0x0000000081a00000, 0x0000000081900000| Complete 
|  26|0x0000000081a00000, 0x0000000081b00000, 0x0000000081b00000|100%| O|  |TAMS 0x0000000081b00000, 0x0000000081a00000| Untracked 
|  27|0x0000000081b00000, 0x0000000081c00000, 0x0000000081c00000|100%| O|  |TAMS 0x0000000081c00000, 0x0000000081b00000| Untracked 
|  28|0x0000000081c00000, 0x0000000081d00000, 0x0000000081d00000|100%| O|  |TAMS 0x0000000081d00000, 0x0000000081c00000| Untracked 
|  29|0x0000000081d00000, 0x0000000081e00000, 0x0000000081e00000|100%| O|  |TAMS 0x0000000081e00000, 0x0000000081d00000| Untracked 
|  30|0x0000000081e00000, 0x0000000081f00000, 0x0000000081f00000|100%| O|  |TAMS 0x0000000081f00000, 0x0000000081e00000| Untracked 
|  31|0x0000000081f00000, 0x0000000082000000, 0x0000000082000000|100%| O|  |TAMS 0x0000000081fdf800, 0x0000000081f00000| Untracked 
|  32|0x0000000082000000, 0x0000000082100000, 0x0000000082100000|100%|HS|  |TAMS 0x0000000082000000, 0x0000000082000000| Complete 
|  33|0x0000000082100000, 0x0000000082200000, 0x0000000082200000|100%|HC|  |TAMS 0x0000000082100000, 0x0000000082100000| Complete 
|  34|0x0000000082200000, 0x0000000082300000, 0x0000000082300000|100%|HC|  |TAMS 0x0000000082200000, 0x0000000082200000| Complete 
|  35|0x0000000082300000, 0x0000000082400000, 0x0000000082400000|100%| O|  |TAMS 0x0000000082300000, 0x0000000082300000| Untracked 
|  36|0x0000000082400000, 0x0000000082500000, 0x0000000082500000|100%| O|  |TAMS 0x0000000082400000, 0x0000000082400000| Untracked 
|  37|0x0000000082500000, 0x0000000082600000, 0x0000000082600000|100%| O|  |TAMS 0x0000000082500000, 0x0000000082500000| Untracked 
|  38|0x0000000082600000, 0x0000000082700000, 0x0000000082700000|100%| O|  |TAMS 0x0000000082600000, 0x0000000082600000| Untracked 
|  39|0x0000000082700000, 0x0000000082800000, 0x0000000082800000|100%| O|  |TAMS 0x0000000082700000, 0x0000000082700000| Untracked 
|  40|0x0000000082800000, 0x0000000082900000, 0x0000000082900000|100%| O|  |TAMS 0x0000000082800000, 0x0000000082800000| Untracked 
|  41|0x0000000082900000, 0x0000000082a00000, 0x0000000082a00000|100%| O|  |TAMS 0x0000000082900000, 0x0000000082900000| Untracked 
|  42|0x0000000082a00000, 0x0000000082b00000, 0x0000000082b00000|100%|HS|  |TAMS 0x0000000082a00000, 0x0000000082a00000| Complete 
|  43|0x0000000082b00000, 0x0000000082c00000, 0x0000000082c00000|100%|HC|  |TAMS 0x0000000082b00000, 0x0000000082b00000| Complete 
|  44|0x0000000082c00000, 0x0000000082d00000, 0x0000000082d00000|100%|HC|  |TAMS 0x0000000082c00000, 0x0000000082c00000| Complete 
|  45|0x0000000082d00000, 0x0000000082e00000, 0x0000000082e00000|100%|HC|  |TAMS 0x0000000082d00000, 0x0000000082d00000| Complete 
|  46|0x0000000082e00000, 0x0000000082f00000, 0x0000000082f00000|100%| O|  |TAMS 0x0000000082e00000, 0x0000000082e00000| Untracked 
|  47|0x0000000082f00000, 0x0000000083000000, 0x0000000083000000|100%| O|  |TAMS 0x0000000082f00000, 0x0000000082f00000| Untracked 
|  48|0x0000000083000000, 0x0000000083100000, 0x0000000083100000|100%| O|  |TAMS 0x0000000083000000, 0x0000000083000000| Untracked 
|  49|0x0000000083100000, 0x0000000083200000, 0x0000000083200000|100%|HS|  |TAMS 0x0000000083100000, 0x0000000083100000| Complete 
|  50|0x0000000083200000, 0x0000000083300000, 0x0000000083300000|100%|HS|  |TAMS 0x0000000083200000, 0x0000000083200000| Complete 
|  51|0x0000000083300000, 0x0000000083400000, 0x0000000083400000|100%|HS|  |TAMS 0x0000000083300000, 0x0000000083300000| Complete 
|  52|0x0000000083400000, 0x0000000083500000, 0x0000000083500000|100%|HS|  |TAMS 0x0000000083400000, 0x0000000083400000| Complete 
|  53|0x0000000083500000, 0x0000000083600000, 0x0000000083600000|100%|HS|  |TAMS 0x0000000083500000, 0x0000000083500000| Complete 
|  54|0x0000000083600000, 0x0000000083700000, 0x0000000083700000|100%|HC|  |TAMS 0x0000000083600000, 0x0000000083600000| Complete 
|  55|0x0000000083700000, 0x0000000083800000, 0x0000000083800000|100%|HC|  |TAMS 0x0000000083700000, 0x0000000083700000| Complete 
|  56|0x0000000083800000, 0x0000000083900000, 0x0000000083900000|100%|HS|  |TAMS 0x0000000083800000, 0x0000000083800000| Complete 
|  57|0x0000000083900000, 0x0000000083a00000, 0x0000000083a00000|100%|HC|  |TAMS 0x0000000083900000, 0x0000000083900000| Complete 
|  58|0x0000000083a00000, 0x0000000083b00000, 0x0000000083b00000|100%| O|  |TAMS 0x0000000083a00000, 0x0000000083a00000| Untracked 
|  59|0x0000000083b00000, 0x0000000083c00000, 0x0000000083c00000|100%| O|  |TAMS 0x0000000083b00000, 0x0000000083b00000| Untracked 
|  60|0x0000000083c00000, 0x0000000083d00000, 0x0000000083d00000|100%| O|  |TAMS 0x0000000083c00000, 0x0000000083c00000| Untracked 
|  61|0x0000000083d00000, 0x0000000083e00000, 0x0000000083e00000|100%| O|  |TAMS 0x0000000083d00000, 0x0000000083d00000| Untracked 
|  62|0x0000000083e00000, 0x0000000083f00000, 0x0000000083f00000|100%| O|  |TAMS 0x0000000083e00000, 0x0000000083e00000| Untracked 
|  63|0x0000000083f00000, 0x0000000083fcd000, 0x0000000084000000| 80%| O|  |TAMS 0x0000000083f00000, 0x0000000083f00000| Untracked 
|  64|0x0000000084000000, 0x0000000084000000, 0x0000000084100000|  0%| F|  |TAMS 0x0000000084000000, 0x0000000084000000| Untracked 
|  65|0x0000000084100000, 0x0000000084100000, 0x0000000084200000|  0%| F|  |TAMS 0x0000000084100000, 0x0000000084100000| Untracked 
|  66|0x0000000084200000, 0x0000000084200000, 0x0000000084300000|  0%| F|  |TAMS 0x0000000084200000, 0x0000000084200000| Untracked 
|  67|0x0000000084300000, 0x0000000084300000, 0x0000000084400000|  0%| F|  |TAMS 0x0000000084300000, 0x0000000084300000| Untracked 
|  68|0x0000000084400000, 0x0000000084400000, 0x0000000084500000|  0%| F|  |TAMS 0x0000000084400000, 0x0000000084400000| Untracked 
|  69|0x0000000084500000, 0x0000000084500000, 0x0000000084600000|  0%| F|  |TAMS 0x0000000084500000, 0x0000000084500000| Untracked 
|  70|0x0000000084600000, 0x0000000084600000, 0x0000000084700000|  0%| F|  |TAMS 0x0000000084600000, 0x0000000084600000| Untracked 
|  71|0x0000000084700000, 0x0000000084700000, 0x0000000084800000|  0%| F|  |TAMS 0x0000000084700000, 0x0000000084700000| Untracked 
|  72|0x0000000084800000, 0x0000000084800000, 0x0000000084900000|  0%| F|  |TAMS 0x0000000084800000, 0x0000000084800000| Untracked 
|  73|0x0000000084900000, 0x0000000084900000, 0x0000000084a00000|  0%| F|  |TAMS 0x0000000084900000, 0x0000000084900000| Untracked 
|  74|0x0000000084a00000, 0x0000000084a00000, 0x0000000084b00000|  0%| F|  |TAMS 0x0000000084a00000, 0x0000000084a00000| Untracked 
|  75|0x0000000084b00000, 0x0000000084b00000, 0x0000000084c00000|  0%| F|  |TAMS 0x0000000084b00000, 0x0000000084b00000| Untracked 
|  76|0x0000000084c00000, 0x0000000084c00000, 0x0000000084d00000|  0%| F|  |TAMS 0x0000000084c00000, 0x0000000084c00000| Untracked 
|  77|0x0000000084d00000, 0x0000000084d00000, 0x0000000084e00000|  0%| F|  |TAMS 0x0000000084d00000, 0x0000000084d00000| Untracked 
|  78|0x0000000084e00000, 0x0000000084e00000, 0x0000000084f00000|  0%| F|  |TAMS 0x0000000084e00000, 0x0000000084e00000| Untracked 
|  79|0x0000000084f00000, 0x0000000084f00000, 0x0000000085000000|  0%| F|  |TAMS 0x0000000084f00000, 0x0000000084f00000| Untracked 
|  80|0x0000000085000000, 0x0000000085000000, 0x0000000085100000|  0%| F|  |TAMS 0x0000000085000000, 0x0000000085000000| Untracked 
|  81|0x0000000085100000, 0x0000000085100000, 0x0000000085200000|  0%| F|  |TAMS 0x0000000085100000, 0x0000000085100000| Untracked 
|  82|0x0000000085200000, 0x0000000085200000, 0x0000000085300000|  0%| F|  |TAMS 0x0000000085200000, 0x0000000085200000| Untracked 
|  83|0x0000000085300000, 0x0000000085400000, 0x0000000085400000|100%| S|CS|TAMS 0x0000000085300000, 0x0000000085300000| Complete 
|  84|0x0000000085400000, 0x0000000085500000, 0x0000000085500000|100%| S|CS|TAMS 0x0000000085400000, 0x0000000085400000| Complete 
|  85|0x0000000085500000, 0x0000000085600000, 0x0000000085600000|100%| S|CS|TAMS 0x0000000085500000, 0x0000000085500000| Complete 
|  86|0x0000000085600000, 0x0000000085700000, 0x0000000085700000|100%| S|CS|TAMS 0x0000000085600000, 0x0000000085600000| Complete 
|  87|0x0000000085700000, 0x0000000085800000, 0x0000000085800000|100%| S|CS|TAMS 0x0000000085700000, 0x0000000085700000| Complete 
|  88|0x0000000085800000, 0x0000000085800000, 0x0000000085900000|  0%| F|  |TAMS 0x0000000085800000, 0x0000000085800000| Untracked 
|  89|0x0000000085900000, 0x0000000085900000, 0x0000000085a00000|  0%| F|  |TAMS 0x0000000085900000, 0x0000000085900000| Untracked 
|  90|0x0000000085a00000, 0x0000000085a00000, 0x0000000085b00000|  0%| F|  |TAMS 0x0000000085a00000, 0x0000000085a00000| Untracked 
|  91|0x0000000085b00000, 0x0000000085b00000, 0x0000000085c00000|  0%| F|  |TAMS 0x0000000085b00000, 0x0000000085b00000| Untracked 
|  92|0x0000000085c00000, 0x0000000085c00000, 0x0000000085d00000|  0%| F|  |TAMS 0x0000000085c00000, 0x0000000085c00000| Untracked 
|  93|0x0000000085d00000, 0x0000000085d00000, 0x0000000085e00000|  0%| F|  |TAMS 0x0000000085d00000, 0x0000000085d00000| Untracked 
|  94|0x0000000085e00000, 0x0000000085f00000, 0x0000000085f00000|100%| S|CS|TAMS 0x0000000085e00000, 0x0000000085e00000| Complete 
|  95|0x0000000085f00000, 0x0000000086000000, 0x0000000086000000|100%| S|CS|TAMS 0x0000000085f00000, 0x0000000085f00000| Complete 
|  96|0x0000000086000000, 0x0000000086100000, 0x0000000086100000|100%| S|CS|TAMS 0x0000000086000000, 0x0000000086000000| Complete 
|  97|0x0000000086100000, 0x0000000086100000, 0x0000000086200000|  0%| F|  |TAMS 0x0000000086100000, 0x0000000086100000| Untracked 
|  98|0x0000000086200000, 0x0000000086200000, 0x0000000086300000|  0%| F|  |TAMS 0x0000000086200000, 0x0000000086200000| Untracked 
|  99|0x0000000086300000, 0x0000000086300000, 0x0000000086400000|  0%| F|  |TAMS 0x0000000086300000, 0x0000000086300000| Untracked 
| 100|0x0000000086400000, 0x0000000086400000, 0x0000000086500000|  0%| F|  |TAMS 0x0000000086400000, 0x0000000086400000| Untracked 
| 101|0x0000000086500000, 0x0000000086500000, 0x0000000086600000|  0%| F|  |TAMS 0x0000000086500000, 0x0000000086500000| Untracked 
| 102|0x0000000086600000, 0x0000000086600000, 0x0000000086700000|  0%| F|  |TAMS 0x0000000086600000, 0x0000000086600000| Untracked 
| 103|0x0000000086700000, 0x0000000086700000, 0x0000000086800000|  0%| F|  |TAMS 0x0000000086700000, 0x0000000086700000| Untracked 
| 104|0x0000000086800000, 0x0000000086800000, 0x0000000086900000|  0%| F|  |TAMS 0x0000000086800000, 0x0000000086800000| Untracked 
| 105|0x0000000086900000, 0x0000000086900000, 0x0000000086a00000|  0%| F|  |TAMS 0x0000000086900000, 0x0000000086900000| Untracked 
| 106|0x0000000086a00000, 0x0000000086a00000, 0x0000000086b00000|  0%| F|  |TAMS 0x0000000086a00000, 0x0000000086a00000| Untracked 
| 107|0x0000000086b00000, 0x0000000086b00000, 0x0000000086c00000|  0%| F|  |TAMS 0x0000000086b00000, 0x0000000086b00000| Untracked 
| 108|0x0000000086c00000, 0x0000000086c00000, 0x0000000086d00000|  0%| F|  |TAMS 0x0000000086c00000, 0x0000000086c00000| Untracked 
| 109|0x0000000086d00000, 0x0000000086d00000, 0x0000000086e00000|  0%| F|  |TAMS 0x0000000086d00000, 0x0000000086d00000| Untracked 
| 110|0x0000000086e00000, 0x0000000086e00000, 0x0000000086f00000|  0%| F|  |TAMS 0x0000000086e00000, 0x0000000086e00000| Untracked 
| 111|0x0000000086f00000, 0x0000000086f00000, 0x0000000087000000|  0%| F|  |TAMS 0x0000000086f00000, 0x0000000086f00000| Untracked 
| 112|0x0000000087000000, 0x0000000087000000, 0x0000000087100000|  0%| F|  |TAMS 0x0000000087000000, 0x0000000087000000| Untracked 
| 113|0x0000000087100000, 0x0000000087100000, 0x0000000087200000|  0%| F|  |TAMS 0x0000000087100000, 0x0000000087100000| Untracked 
| 114|0x0000000087200000, 0x0000000087200000, 0x0000000087300000|  0%| F|  |TAMS 0x0000000087200000, 0x0000000087200000| Untracked 
| 115|0x0000000087300000, 0x0000000087300000, 0x0000000087400000|  0%| F|  |TAMS 0x0000000087300000, 0x0000000087300000| Untracked 
| 116|0x0000000087400000, 0x0000000087400000, 0x0000000087500000|  0%| F|  |TAMS 0x0000000087400000, 0x0000000087400000| Untracked 
| 117|0x0000000087500000, 0x0000000087500000, 0x0000000087600000|  0%| F|  |TAMS 0x0000000087500000, 0x0000000087500000| Untracked 
| 118|0x0000000087600000, 0x0000000087600000, 0x0000000087700000|  0%| F|  |TAMS 0x0000000087600000, 0x0000000087600000| Untracked 
| 119|0x0000000087700000, 0x0000000087780800, 0x0000000087800000| 50%| E|  |TAMS 0x0000000087700000, 0x0000000087700000| Complete 
| 120|0x0000000087800000, 0x0000000087900000, 0x0000000087900000|100%| E|CS|TAMS 0x0000000087800000, 0x0000000087800000| Complete 
| 121|0x0000000087900000, 0x0000000087a00000, 0x0000000087a00000|100%| E|CS|TAMS 0x0000000087900000, 0x0000000087900000| Complete 
| 122|0x0000000087a00000, 0x0000000087b00000, 0x0000000087b00000|100%| E|CS|TAMS 0x0000000087a00000, 0x0000000087a00000| Complete 
| 123|0x0000000087b00000, 0x0000000087c00000, 0x0000000087c00000|100%| E|CS|TAMS 0x0000000087b00000, 0x0000000087b00000| Complete 
| 124|0x0000000087c00000, 0x0000000087d00000, 0x0000000087d00000|100%| E|CS|TAMS 0x0000000087c00000, 0x0000000087c00000| Complete 
| 125|0x0000000087d00000, 0x0000000087e00000, 0x0000000087e00000|100%| E|CS|TAMS 0x0000000087d00000, 0x0000000087d00000| Complete 
| 126|0x0000000087e00000, 0x0000000087f00000, 0x0000000087f00000|100%| E|CS|TAMS 0x0000000087e00000, 0x0000000087e00000| Complete 
| 127|0x0000000087f00000, 0x0000000088000000, 0x0000000088000000|100%| E|CS|TAMS 0x0000000087f00000, 0x0000000087f00000| Complete 
| 128|0x0000000088000000, 0x0000000088100000, 0x0000000088100000|100%| E|CS|TAMS 0x0000000088000000, 0x0000000088000000| Complete 
| 129|0x0000000088100000, 0x0000000088200000, 0x0000000088200000|100%| E|CS|TAMS 0x0000000088100000, 0x0000000088100000| Complete 
| 130|0x0000000088200000, 0x0000000088300000, 0x0000000088300000|100%| E|CS|TAMS 0x0000000088200000, 0x0000000088200000| Complete 
| 131|0x0000000088300000, 0x0000000088400000, 0x0000000088400000|100%| E|CS|TAMS 0x0000000088300000, 0x0000000088300000| Complete 
| 132|0x0000000088400000, 0x0000000088500000, 0x0000000088500000|100%| E|CS|TAMS 0x0000000088400000, 0x0000000088400000| Complete 
| 133|0x0000000088500000, 0x0000000088600000, 0x0000000088600000|100%| E|CS|TAMS 0x0000000088500000, 0x0000000088500000| Complete 
| 134|0x0000000088600000, 0x0000000088700000, 0x0000000088700000|100%| E|CS|TAMS 0x0000000088600000, 0x0000000088600000| Complete 
| 135|0x0000000088700000, 0x0000000088800000, 0x0000000088800000|100%| E|CS|TAMS 0x0000000088700000, 0x0000000088700000| Complete 
| 136|0x0000000088800000, 0x0000000088900000, 0x0000000088900000|100%| E|CS|TAMS 0x0000000088800000, 0x0000000088800000| Complete 
| 137|0x0000000088900000, 0x0000000088a00000, 0x0000000088a00000|100%| E|CS|TAMS 0x0000000088900000, 0x0000000088900000| Complete 
| 138|0x0000000088a00000, 0x0000000088b00000, 0x0000000088b00000|100%| E|CS|TAMS 0x0000000088a00000, 0x0000000088a00000| Complete 
| 139|0x0000000088b00000, 0x0000000088c00000, 0x0000000088c00000|100%| E|CS|TAMS 0x0000000088b00000, 0x0000000088b00000| Complete 
| 140|0x0000000088c00000, 0x0000000088d00000, 0x0000000088d00000|100%| E|CS|TAMS 0x0000000088c00000, 0x0000000088c00000| Complete 
| 141|0x0000000088d00000, 0x0000000088e00000, 0x0000000088e00000|100%| E|CS|TAMS 0x0000000088d00000, 0x0000000088d00000| Complete 
| 142|0x0000000088e00000, 0x0000000088f00000, 0x0000000088f00000|100%| E|CS|TAMS 0x0000000088e00000, 0x0000000088e00000| Complete 
| 143|0x0000000088f00000, 0x0000000089000000, 0x0000000089000000|100%| E|CS|TAMS 0x0000000088f00000, 0x0000000088f00000| Complete 
| 144|0x0000000089000000, 0x0000000089100000, 0x0000000089100000|100%| E|CS|TAMS 0x0000000089000000, 0x0000000089000000| Complete 
| 145|0x0000000089100000, 0x0000000089200000, 0x0000000089200000|100%| E|CS|TAMS 0x0000000089100000, 0x0000000089100000| Complete 
| 146|0x0000000089200000, 0x0000000089300000, 0x0000000089300000|100%| E|CS|TAMS 0x0000000089200000, 0x0000000089200000| Complete 
| 147|0x0000000089300000, 0x0000000089400000, 0x0000000089400000|100%| E|CS|TAMS 0x0000000089300000, 0x0000000089300000| Complete 
| 148|0x0000000089400000, 0x0000000089500000, 0x0000000089500000|100%| E|CS|TAMS 0x0000000089400000, 0x0000000089400000| Complete 
| 149|0x0000000089500000, 0x0000000089600000, 0x0000000089600000|100%| E|CS|TAMS 0x0000000089500000, 0x0000000089500000| Complete 
| 150|0x0000000089600000, 0x0000000089700000, 0x0000000089700000|100%| E|CS|TAMS 0x0000000089600000, 0x0000000089600000| Complete 
| 151|0x0000000089700000, 0x0000000089800000, 0x0000000089800000|100%| E|CS|TAMS 0x0000000089700000, 0x0000000089700000| Complete 

Card table byte_map: [0x000002817ea90000,0x000002817ee90000] _byte_map_base: 0x000002817e690000

Marking Bits (Prev, Next): (CMBitMap*) 0x0000028178ddd060, (CMBitMap*) 0x0000028178ddd028
 Prev Bits: [0x0000028111000000, 0x0000028113000000)
 Next Bits: [0x000002810f000000, 0x0000028111000000)

Polling page: 0x0000028178c30000

Metaspace:

Usage:
  Non-class:     52.42 MB capacity,    51.30 MB ( 98%) used,   990.90 KB (  2%) free+waste,   157.56 KB ( <1%) overhead. 
      Class:      8.00 MB capacity,     7.43 MB ( 93%) used,   510.82 KB (  6%) free+waste,    74.63 KB ( <1%) overhead. 
       Both:     60.42 MB capacity,    58.73 MB ( 97%) used,     1.47 MB (  2%) free+waste,   232.19 KB ( <1%) overhead. 

Virtual space:
  Non-class space:       54.00 MB reserved,      52.58 MB ( 97%) committed 
      Class space:        1.00 GB reserved,       8.07 MB ( <1%) committed 
             Both:        1.05 GB reserved,      60.65 MB (  6%) committed 

Chunk freelists:
   Non-Class:  35.00 KB
       Class:  28.00 KB
        Both:  63.00 KB

MaxMetaspaceSize: 17179869184.00 GB
CompressedClassSpaceSize: 1.00 GB

CodeHeap 'non-profiled nmethods': size=120064Kb used=3752Kb max_used=3752Kb free=116311Kb
 bounds [0x0000028107ac0000, 0x0000028107e70000, 0x000002810f000000]
CodeHeap 'profiled nmethods': size=120000Kb used=13496Kb max_used=13496Kb free=106504Kb
 bounds [0x0000028100590000, 0x00000281012c0000, 0x0000028107ac0000]
CodeHeap 'non-nmethods': size=5696Kb used=2239Kb max_used=2281Kb free=3456Kb
 bounds [0x0000028100000000, 0x0000028100270000, 0x0000028100590000]
 total_blobs=7221 nmethods=6398 adapters=734
 compilation: enabled
              stopped_count=0, restarted_count=0
 full_count=0

Compilation events (20 events):
Event: 22.584 Thread 0x000002817f911800 6386       3       org.gradle.api.internal.collections.AbstractIterationOrderRetainingElementSource$Element::getValues (16 bytes)
Event: 22.584 Thread 0x000002817f911800 nmethod 6386 0x00000281012a8390 code [0x00000281012a8540, 0x00000281012a86c8]
Event: 22.587 Thread 0x000002817f911800 6387       3       org.gradle.internal.logging.events.ProgressStartEvent::<init> (74 bytes)
Event: 22.588 Thread 0x000002817f911800 nmethod 6387 0x00000281012a8790 code [0x00000281012a8980, 0x00000281012a8f78]
Event: 22.591 Thread 0x000002817f911800 6388       3       java.lang.invoke.MethodHandles::identity (87 bytes)
Event: 22.593 Thread 0x000002817f911800 nmethod 6388 0x00000281012a9110 code [0x00000281012a9520, 0x00000281012ab308]
Event: 22.593 Thread 0x000002817f911800 6389       3       java.lang.invoke.BoundMethodHandle$Species_L::<init> (12 bytes)
Event: 22.594 Thread 0x000002817f911800 nmethod 6389 0x00000281012abd90 code [0x00000281012abf60, 0x00000281012ac168]
Event: 22.606 Thread 0x000002817f911800 6391       2       java.util.ArrayList::toArray (57 bytes)
Event: 22.606 Thread 0x000002817f911800 nmethod 6391 0x00000281012ac290 code [0x00000281012ac460, 0x00000281012ac798]
Event: 22.606 Thread 0x000002817f911800 6392       3       com.google.common.reflect.TypeToken::someRawTypeIsSubclassOf (42 bytes)
Event: 22.608 Thread 0x000002817f911800 nmethod 6392 0x00000281012ac890 code [0x00000281012acba0, 0x00000281012adff8]
Event: 22.608 Thread 0x000002817f911800 6393       3       org.gradle.internal.instantiation.generator.AsmBackedClassGenerator$ClassBuilderImpl::maybeBox (49 bytes)
Event: 22.609 Thread 0x000002817f911800 nmethod 6393 0x00000281012ae610 code [0x00000281012ae820, 0x00000281012aede8]
Event: 22.609 Thread 0x000002817f911800 6394       3       org.gradle.model.internal.asm.AsmClassGeneratorUtils::unboxOrCast (332 bytes)
Event: 22.611 Thread 0x000002817f911800 nmethod 6394 0x00000281012af090 code [0x00000281012af560, 0x00000281012b12d8]
Event: 22.611 Thread 0x000002817f911800 6395       3       org.gradle.internal.instantiation.generator.AsmBackedClassGenerator$ClassBuilderImpl::applyConventionMappingToGetter (479 bytes)
Event: 22.614 Thread 0x000002817f911800 nmethod 6395 0x00000281012b1d10 code [0x00000281012b2320, 0x00000281012b4fe8]
Event: 22.614 Thread 0x000002817f911800 6396       3       org.gradle.internal.instantiation.generator.AsmBackedClassGenerator$ClassBuilderImpl::applyConventionMappingToProperty (34 bytes)
Event: 22.615 Thread 0x000002817f911800 nmethod 6396 0x00000281012b6090 code [0x00000281012b62e0, 0x00000281012b6968]

GC Heap History (20 events):
Event: 5.788 GC heap before
{Heap before GC invocations=3 (full 0):
 garbage-first heap   total 129024K, used 52712K [0x0000000080000000, 0x0000000100000000)
  region size 1024K, 44 young (45056K), 4 survivors (4096K)
 Metaspace       used 17761K, capacity 18169K, committed 18432K, reserved 1064960K
  class space    used 2074K, capacity 2204K, committed 2304K, reserved 1048576K
}
Event: 5.800 GC heap after
{Heap after GC invocations=4 (full 0):
 garbage-first heap   total 129024K, used 15970K [0x0000000080000000, 0x0000000100000000)
  region size 1024K, 6 young (6144K), 6 survivors (6144K)
 Metaspace       used 17761K, capacity 18169K, committed 18432K, reserved 1064960K
  class space    used 2074K, capacity 2204K, committed 2304K, reserved 1048576K
}
Event: 6.584 GC heap before
{Heap before GC invocations=4 (full 0):
 garbage-first heap   total 129024K, used 42594K [0x0000000080000000, 0x0000000100000000)
  region size 1024K, 33 young (33792K), 6 survivors (6144K)
 Metaspace       used 20711K, capacity 21182K, committed 21296K, reserved 1069056K
  class space    used 2529K, capacity 2676K, committed 2688K, reserved 1048576K
}
Event: 6.595 GC heap after
{Heap after GC invocations=5 (full 0):
 garbage-first heap   total 129024K, used 17605K [0x0000000080000000, 0x0000000100000000)
  region size 1024K, 2 young (2048K), 2 survivors (2048K)
 Metaspace       used 20711K, capacity 21182K, committed 21296K, reserved 1069056K
  class space    used 2529K, capacity 2676K, committed 2688K, reserved 1048576K
}
Event: 7.586 GC heap before
{Heap before GC invocations=6 (full 0):
 garbage-first heap   total 129024K, used 64709K [0x0000000080000000, 0x0000000100000000)
  region size 1024K, 49 young (50176K), 2 survivors (2048K)
 Metaspace       used 25633K, capacity 26271K, committed 26620K, reserved 1073152K
  class space    used 3318K, capacity 3548K, committed 3660K, reserved 1048576K
}
Event: 7.595 GC heap after
{Heap after GC invocations=7 (full 0):
 garbage-first heap   total 129024K, used 19449K [0x0000000080000000, 0x0000000100000000)
  region size 1024K, 3 young (3072K), 3 survivors (3072K)
 Metaspace       used 25633K, capacity 26271K, committed 26620K, reserved 1073152K
  class space    used 3318K, capacity 3548K, committed 3660K, reserved 1048576K
}
Event: 9.883 GC heap before
{Heap before GC invocations=7 (full 0):
 garbage-first heap   total 129024K, used 93177K [0x0000000080000000, 0x0000000100000000)
  region size 1024K, 67 young (68608K), 3 survivors (3072K)
 Metaspace       used 32470K, capacity 33422K, committed 33660K, reserved 1079296K
  class space    used 4382K, capacity 4716K, committed 4812K, reserved 1048576K
}
Event: 9.909 GC heap after
{Heap after GC invocations=8 (full 0):
 garbage-first heap   total 129024K, used 32760K [0x0000000080000000, 0x0000000100000000)
  region size 1024K, 7 young (7168K), 7 survivors (7168K)
 Metaspace       used 32470K, capacity 33422K, committed 33660K, reserved 1079296K
  class space    used 4382K, capacity 4716K, committed 4812K, reserved 1048576K
}
Event: 11.959 GC heap before
{Heap before GC invocations=8 (full 0):
 garbage-first heap   total 129024K, used 40952K [0x0000000080000000, 0x0000000100000000)
  region size 1024K, 16 young (16384K), 7 survivors (7168K)
 Metaspace       used 35006K, capacity 35942K, committed 36048K, reserved 1081344K
  class space    used 4558K, capacity 4919K, committed 4940K, reserved 1048576K
}
Event: 11.978 GC heap after
{Heap after GC invocations=9 (full 0):
 garbage-first heap   total 155648K, used 34628K [0x0000000080000000, 0x0000000100000000)
  region size 1024K, 2 young (2048K), 2 survivors (2048K)
 Metaspace       used 35006K, capacity 35942K, committed 36048K, reserved 1081344K
  class space    used 4558K, capacity 4919K, committed 4940K, reserved 1048576K
}
Event: 14.112 GC heap before
{Heap before GC invocations=10 (full 0):
 garbage-first heap   total 155648K, used 88900K [0x0000000080000000, 0x0000000100000000)
  region size 1024K, 53 young (54272K), 2 survivors (2048K)
 Metaspace       used 40607K, capacity 41745K, committed 41884K, reserved 1085440K
  class space    used 5174K, capacity 5589K, committed 5708K, reserved 1048576K
}
Event: 14.125 GC heap after
{Heap after GC invocations=11 (full 0):
 garbage-first heap   total 155648K, used 38777K [0x0000000080000000, 0x0000000100000000)
  region size 1024K, 6 young (6144K), 6 survivors (6144K)
 Metaspace       used 40607K, capacity 41745K, committed 41884K, reserved 1085440K
  class space    used 5174K, capacity 5589K, committed 5708K, reserved 1048576K
}
Event: 16.593 GC heap before
{Heap before GC invocations=12 (full 0):
 garbage-first heap   total 155648K, used 96121K [0x0000000080000000, 0x0000000100000000)
  region size 1024K, 59 young (60416K), 6 survivors (6144K)
 Metaspace       used 44924K, capacity 46236K, committed 46492K, reserved 1089536K
  class space    used 5664K, capacity 6139K, committed 6220K, reserved 1048576K
}
Event: 16.607 GC heap after
{Heap after GC invocations=13 (full 0):
 garbage-first heap   total 155648K, used 45950K [0x0000000080000000, 0x0000000100000000)
  region size 1024K, 5 young (5120K), 5 survivors (5120K)
 Metaspace       used 44924K, capacity 46236K, committed 46492K, reserved 1089536K
  class space    used 5664K, capacity 6139K, committed 6220K, reserved 1048576K
}
Event: 17.678 GC heap before
{Heap before GC invocations=13 (full 0):
 garbage-first heap   total 155648K, used 104318K [0x0000000080000000, 0x0000000100000000)
  region size 1024K, 58 young (59392K), 5 survivors (5120K)
 Metaspace       used 47422K, capacity 48851K, committed 48924K, reserved 1091584K
  class space    used 6067K, capacity 6541K, committed 6604K, reserved 1048576K
}
Event: 17.691 GC heap after
{Heap after GC invocations=14 (full 0):
 garbage-first heap   total 155648K, used 54274K [0x0000000080000000, 0x0000000100000000)
  region size 1024K, 5 young (5120K), 5 survivors (5120K)
 Metaspace       used 47422K, capacity 48851K, committed 48924K, reserved 1091584K
  class space    used 6067K, capacity 6541K, committed 6604K, reserved 1048576K
}
Event: 19.654 GC heap before
{Heap before GC invocations=14 (full 0):
 garbage-first heap   total 155648K, used 106498K [0x0000000080000000, 0x0000000100000000)
  region size 1024K, 57 young (58368K), 5 survivors (5120K)
 Metaspace       used 50242K, capacity 51747K, committed 51868K, reserved 1093632K
  class space    used 6413K, capacity 6919K, committed 6988K, reserved 1048576K
}
Event: 19.664 GC heap after
{Heap after GC invocations=15 (full 0):
 garbage-first heap   total 155648K, used 56299K [0x0000000080000000, 0x0000000100000000)
  region size 1024K, 7 young (7168K), 7 survivors (7168K)
 Metaspace       used 50242K, capacity 51747K, committed 51868K, reserved 1093632K
  class space    used 6413K, capacity 6919K, committed 6988K, reserved 1048576K
}
Event: 21.534 GC heap before
{Heap before GC invocations=15 (full 0):
 garbage-first heap   total 155648K, used 119787K [0x0000000080000000, 0x0000000100000000)
  region size 1024K, 61 young (62464K), 7 survivors (7168K)
 Metaspace       used 55416K, capacity 57031K, committed 57244K, reserved 1099776K
  class space    used 7081K, capacity 7631K, committed 7756K, reserved 1048576K
}
Event: 21.548 GC heap after
{Heap after GC invocations=16 (full 0):
 garbage-first heap   total 155648K, used 73524K [0x0000000080000000, 0x0000000100000000)
  region size 1024K, 8 young (8192K), 8 survivors (8192K)
 Metaspace       used 55416K, capacity 57031K, committed 57244K, reserved 1099776K
  class space    used 7081K, capacity 7631K, committed 7756K, reserved 1048576K
}

Deoptimization events (20 events):
Event: 21.572 Thread 0x0000028116d8b800 Uncommon trap: trap_request=0xffffff4d fr.pc=0x0000028107e3e024 relative=0x00000000000001e4
Event: 21.572 Thread 0x0000028116d8b800 Uncommon trap: reason=unstable_if action=reinterpret pc=0x0000028107e3e024 method=org.apache.xerces.dom.DeferredDocumentImpl.clearChunkValue([[Ljava/lang/Object;II)Ljava/lang/String; @ 59 c2
Event: 21.572 Thread 0x0000028116d8b800 DEOPT PACKING pc=0x0000028107e3e024 sp=0x00000099eadf6f70
Event: 21.572 Thread 0x0000028116d8b800 DEOPT UNPACKING pc=0x000002810002662f sp=0x00000099eadf6f10 mode 2
Event: 21.668 Thread 0x0000028116d8b800 Uncommon trap: trap_request=0xffffff4d fr.pc=0x0000028107e40d84 relative=0x0000000000000324
Event: 21.668 Thread 0x0000028116d8b800 Uncommon trap: reason=unstable_if action=reinterpret pc=0x0000028107e40d84 method=org.gradle.internal.instantiation.generator.AbstractClassGenerator$InjectionAnnotationValidator.validateMethod(Ljava/lang/reflect/Method;Lorg/gradle/internal/reflect/Propert
Event: 21.668 Thread 0x0000028116d8b800 DEOPT PACKING pc=0x0000028107e40d84 sp=0x00000099eadf7c10
Event: 21.668 Thread 0x0000028116d8b800 DEOPT UNPACKING pc=0x000002810002662f sp=0x00000099eadf7bd8 mode 2
Event: 21.668 Thread 0x0000028116d8b800 Uncommon trap: trap_request=0xffffff4d fr.pc=0x0000028107e41688 relative=0x00000000000003e8
Event: 21.668 Thread 0x0000028116d8b800 Uncommon trap: reason=unstable_if action=reinterpret pc=0x0000028107e41688 method=org.gradle.internal.instantiation.generator.AbstractClassGenerator$InjectionAnnotationValidator.validateMethod(Ljava/lang/reflect/Method;Lorg/gradle/internal/reflect/Propert
Event: 21.668 Thread 0x0000028116d8b800 DEOPT PACKING pc=0x0000028107e41688 sp=0x00000099eadf7b70
Event: 21.668 Thread 0x0000028116d8b800 DEOPT UNPACKING pc=0x000002810002662f sp=0x00000099eadf7b30 mode 2
Event: 22.332 Thread 0x0000028116d8b800 Uncommon trap: trap_request=0xffffffde fr.pc=0x0000028107cc9304 relative=0x0000000000001404
Event: 22.333 Thread 0x0000028116d8b800 Uncommon trap: reason=class_check action=maybe_recompile pc=0x0000028107cc9304 method=jdk.internal.loader.BuiltinClassLoader.loadClassOrNull(Ljava/lang/String;Z)Ljava/lang/Class; @ 86 c2
Event: 22.333 Thread 0x0000028116d8b800 DEOPT PACKING pc=0x0000028107cc9304 sp=0x00000099eadf5f50
Event: 22.333 Thread 0x0000028116d8b800 DEOPT UNPACKING pc=0x000002810002662f sp=0x00000099eadf5f18 mode 2
Event: 22.345 Thread 0x0000028116d8b800 Uncommon trap: trap_request=0xffffffdc fr.pc=0x0000028107e59160 relative=0x00000000000002a0
Event: 22.345 Thread 0x0000028116d8b800 Uncommon trap: reason=class_check action=make_not_entrant pc=0x0000028107e59160 method=java.util.ArrayList.toArray([Ljava/lang/Object;)[Ljava/lang/Object; @ 21 c2
Event: 22.345 Thread 0x0000028116d8b800 DEOPT PACKING pc=0x0000028107e59160 sp=0x00000099eadf7be0
Event: 22.345 Thread 0x0000028116d8b800 DEOPT UNPACKING pc=0x000002810002662f sp=0x00000099eadf7bb0 mode 2

Classes redefined (0 events):
No events

Internal exceptions (20 events):
Event: 20.132 Thread 0x0000028116d8b800 Exception <a 'java/security/PrivilegedActionException'{0x00000000890f1980}> (0x00000000890f1980) thrown at [./src/hotspot/share/prims/jvm.cpp, line 1306]
Event: 20.426 Thread 0x0000028116d8b800 Exception <a 'java/lang/ClassNotFoundException'{0x0000000088af6400}: org/gradle/api/tasks/Delete_DecoratedBeanInfo> (0x0000000088af6400) thrown at [./src/hotspot/share/classfile/systemDictionary.cpp, line 231]
Event: 20.427 Thread 0x0000028116d8b800 Exception <a 'java/lang/ClassNotFoundException'{0x00000000889215b0}: org/gradle/api/tasks/DeleteBeanInfo> (0x00000000889215b0) thrown at [./src/hotspot/share/classfile/systemDictionary.cpp, line 231]
Event: 20.429 Thread 0x0000028116d8b800 Exception <a 'java/lang/ClassNotFoundException'{0x000000008894fcb0}: org/gradle/api/internal/ConventionTaskBeanInfo> (0x000000008894fcb0) thrown at [./src/hotspot/share/classfile/systemDictionary.cpp, line 231]
Event: 20.431 Thread 0x0000028116d8b800 Exception <a 'java/lang/ClassNotFoundException'{0x000000008897a210}: org/gradle/api/DefaultTaskBeanInfo> (0x000000008897a210) thrown at [./src/hotspot/share/classfile/systemDictionary.cpp, line 231]
Event: 20.432 Thread 0x0000028116d8b800 Exception <a 'java/lang/ClassNotFoundException'{0x00000000889a8b80}: org/gradle/api/internal/AbstractTaskBeanInfo> (0x00000000889a8b80) thrown at [./src/hotspot/share/classfile/systemDictionary.cpp, line 231]
Event: 20.432 Thread 0x0000028116d8b800 Exception <a 'java/lang/ClassNotFoundException'{0x00000000889d77a8}: org/gradle/api/internal/AbstractTaskCustomizer> (0x00000000889d77a8) thrown at [./src/hotspot/share/classfile/systemDictionary.cpp, line 231]
Event: 20.440 Thread 0x0000028116d8b800 Exception <a 'java/lang/ClassNotFoundException'{0x000000008884bb00}: org/gradle/api/DefaultTaskCustomizer> (0x000000008884bb00) thrown at [./src/hotspot/share/classfile/systemDictionary.cpp, line 231]
Event: 20.444 Thread 0x0000028116d8b800 Exception <a 'java/lang/ClassNotFoundException'{0x00000000888ce5e8}: org/gradle/api/internal/ConventionTaskCustomizer> (0x00000000888ce5e8) thrown at [./src/hotspot/share/classfile/systemDictionary.cpp, line 231]
Event: 20.446 Thread 0x0000028116d8b800 Exception <a 'java/lang/ClassNotFoundException'{0x0000000088707eb8}: org/gradle/api/tasks/DeleteCustomizer> (0x0000000088707eb8) thrown at [./src/hotspot/share/classfile/systemDictionary.cpp, line 231]
Event: 20.448 Thread 0x0000028116d8b800 Exception <a 'java/lang/ClassNotFoundException'{0x0000000088747c38}: org/gradle/api/tasks/Delete_DecoratedCustomizer> (0x0000000088747c38) thrown at [./src/hotspot/share/classfile/systemDictionary.cpp, line 231]
Event: 20.488 Thread 0x0000028116d8b800 Exception <a 'java/lang/ClassNotFoundException'{0x0000000088670a30}: build_c12cp4851ullwh9b6b7xbicsuBeanInfo> (0x0000000088670a30) thrown at [./src/hotspot/share/classfile/systemDictionary.cpp, line 231]
Event: 20.489 Thread 0x0000028116d8b800 Exception <a 'java/lang/ClassNotFoundException'{0x000000008867b9e8}: build_c12cp4851ullwh9b6b7xbicsuCustomizer> (0x000000008867b9e8) thrown at [./src/hotspot/share/classfile/systemDictionary.cpp, line 231]
Event: 20.756 Thread 0x0000028116d8b800 Exception <a 'java/lang/NoSuchMethodError'{0x0000000087be7f70}: 'java.lang.Object java.lang.invoke.DirectMethodHandle$Holder.invokeStatic(java.lang.Object, java.lang.Object, java.lang.Object, java.lang.Object, int)'> (0x0000000087be7f70) thrown at [./src/hotspot/share/interpreter/linkResolver.cpp, line 773]
Event: 20.756 Thread 0x0000028116d8b800 Exception <a 'java/lang/NoSuchMethodError'{0x0000000087bec968}: 'java.lang.Object java.lang.invoke.DirectMethodHandle$Holder.invokeSpecial(java.lang.Object, java.lang.Object, java.lang.Object, java.lang.Object, java.lang.Object, int)'> (0x0000000087bec968) thrown at [./src/hotspot/share/interpreter/linkResolver.cpp, line 773]
Event: 20.756 Thread 0x0000028116d8b800 Exception <a 'java/lang/NoSuchMethodError'{0x0000000087bf0fa8}: 'java.lang.Object java.lang.invoke.Invokers$Holder.linkToTargetMethod(java.lang.Object, java.lang.Object, java.lang.Object, int, java.lang.Object)'> (0x0000000087bf0fa8) thrown at [./src/hotspot/share/interpreter/linkResolver.cpp, line 773]
Event: 21.177 Thread 0x0000028116d8b800 Exception <a 'java/lang/NoSuchMethodError'{0x0000000086b5a6e0}: 'java.lang.Object java.lang.invoke.DirectMethodHandle$Holder.invokeSpecial(java.lang.Object, java.lang.Object, int, int, java.lang.Object, java.lang.Object, java.lang.Object)'> (0x0000000086b5a6e0) thrown at [./src/hotspot/share/interpreter/linkResolver.cpp, line 773]
Event: 21.178 Thread 0x0000028116d8b800 Exception <a 'java/lang/NoSuchMethodError'{0x0000000086b5ec60}: 'java.lang.Object java.lang.invoke.DelegatingMethodHandle$Holder.reinvoke_L(java.lang.Object, int, int, java.lang.Object, java.lang.Object, java.lang.Object)'> (0x0000000086b5ec60) thrown at [./src/hotspot/share/interpreter/linkResolver.cpp, line 773]
Event: 21.648 Thread 0x0000028116d8b800 Exception <a 'java/lang/NoSuchMethodError'{0x00000000894595f0}: 'int java.lang.invoke.DirectMethodHandle$Holder.invokeInterface(java.lang.Object, java.lang.Object, java.lang.Object, java.lang.Object)'> (0x00000000894595f0) thrown at [./src/hotspot/share/interpreter/linkResolver.cpp, line 773]
Event: 22.503 Thread 0x0000028116d8b800 Exception <a 'java/lang/NoSuchMethodError'{0x0000000087edfde0}: 'void java.lang.invoke.DirectMethodHandle$Holder.invokeInterface(java.lang.Object, java.lang.Object, java.lang.Object, java.lang.Object)'> (0x0000000087edfde0) thrown at [./src/hotspot/share/interpreter/linkResolver.cpp, line 773]

Events (20 events):
Event: 22.601 loading class org/gradle/api/internal/file/DefaultFilePropertyFactory$PathToDirectoryTransformer
Event: 22.601 loading class org/gradle/api/internal/file/DefaultFilePropertyFactory$PathToDirectoryTransformer done
Event: 22.602 loading class org/gradle/api/internal/plugins/BuildConfigurationRule
Event: 22.602 loading class org/gradle/api/internal/plugins/BuildConfigurationRule done
Event: 22.603 loading class org/gradle/api/internal/plugins/AbstractRule
Event: 22.603 loading class org/gradle/api/internal/plugins/AbstractRule done
Event: 22.604 loading class org/gradle/api/internal/tasks/DefaultRealizableTaskCollection
Event: 22.604 loading class org/gradle/api/internal/tasks/DefaultRealizableTaskCollection done
Event: 22.620 loading class org/gradle/api/plugins/BasePluginExtension
Event: 22.620 loading class org/gradle/api/plugins/BasePluginExtension done
Event: 22.620 loading class org/gradle/api/tasks/bundling/AbstractArchiveTask
Event: 22.620 loading class org/gradle/api/tasks/bundling/AbstractArchiveTask done
Event: 22.620 loading class org/gradle/api/plugins/BasePluginExtension
Event: 22.620 loading class org/gradle/api/plugins/BasePluginExtension done
Event: 22.620 loading class org/gradle/api/internal/collections/CollectionFilter$1
Event: 22.620 loading class org/gradle/api/internal/collections/CollectionFilter$1 done
Event: 22.621 loading class org/gradle/api/internal/DefaultCollectionCallbackActionDecorator$BuildOperationEmittingAction$1
Event: 22.621 loading class org/gradle/api/internal/DefaultCollectionCallbackActionDecorator$BuildOperationEmittingAction$1 done
Event: 22.623 loading class org/gradle/api/internal/DefaultCollectionCallbackActionDecorator$Operation
Event: 22.623 loading class org/gradle/api/internal/DefaultCollectionCallbackActionDecorator$Operation done


Dynamic libraries:
0x00007ff65eb00000 - 0x00007ff65eb0a000 	C:\Program Files\Android\Android Studio\jre\bin\java.exe
0x00007ffca5010000 - 0x00007ffca5205000 	C:\Windows\SYSTEM32\ntdll.dll
0x00007ffca3a30000 - 0x00007ffca3aee000 	C:\Windows\System32\KERNEL32.DLL
0x00007ffca2ae0000 - 0x00007ffca2da8000 	C:\Windows\System32\KERNELBASE.dll
0x00007ffca2db0000 - 0x00007ffca2eb0000 	C:\Windows\System32\ucrtbase.dll
0x00007ffca0350000 - 0x00007ffca0367000 	C:\Program Files\Android\Android Studio\jre\bin\VCRUNTIME140.dll
0x00007ffca0330000 - 0x00007ffca0349000 	C:\Program Files\Android\Android Studio\jre\bin\jli.dll
0x00007ffca4e30000 - 0x00007ffca4fd0000 	C:\Windows\System32\USER32.dll
0x00007ffca3010000 - 0x00007ffca3032000 	C:\Windows\System32\win32u.dll
0x00007ffca1ae0000 - 0x00007ffca1d7a000 	C:\Windows\WinSxS\amd64_microsoft.windows.common-controls_6595b64144ccf1df_6.0.19041.1110_none_60b5254171f9507e\COMCTL32.dll
0x00007ffca3250000 - 0x00007ffca327b000 	C:\Windows\System32\GDI32.dll
0x00007ffca28e0000 - 0x00007ffca29eb000 	C:\Windows\System32\gdi32full.dll
0x00007ffca3800000 - 0x00007ffca389e000 	C:\Windows\System32\msvcrt.dll
0x00007ffca29f0000 - 0x00007ffca2a8d000 	C:\Windows\System32\msvcp_win.dll
0x00007ffca43d0000 - 0x00007ffca4400000 	C:\Windows\System32\IMM32.DLL
0x00007ffc92f70000 - 0x00007ffc9300d000 	C:\Program Files\Android\Android Studio\jre\bin\msvcp140.dll
0x00007ffc643a0000 - 0x00007ffc64e75000 	C:\Program Files\Android\Android Studio\jre\bin\server\jvm.dll
0x00007ffca4ca0000 - 0x00007ffca4d4e000 	C:\Windows\System32\ADVAPI32.dll
0x00007ffca3760000 - 0x00007ffca37fc000 	C:\Windows\System32\sechost.dll
0x00007ffca38a0000 - 0x00007ffca39c5000 	C:\Windows\System32\RPCRT4.dll
0x00007ffca3220000 - 0x00007ffca3228000 	C:\Windows\System32\PSAPI.DLL
0x00007ffc9aa00000 - 0x00007ffc9aa09000 	C:\Windows\SYSTEM32\WSOCK32.dll
0x00007ffca3ba0000 - 0x00007ffca3c0b000 	C:\Windows\System32\WS2_32.dll
0x00007ffc90020000 - 0x00007ffc90047000 	C:\Windows\SYSTEM32\WINMM.dll
0x00007ffc9b690000 - 0x00007ffc9b69a000 	C:\Windows\SYSTEM32\VERSION.dll
0x00007ffca02b0000 - 0x00007ffca02c2000 	C:\Windows\SYSTEM32\kernel.appcore.dll
0x00007ffc92d10000 - 0x00007ffc92d21000 	C:\Program Files\Android\Android Studio\jre\bin\verify.dll
0x00007ffca2050000 - 0x00007ffca2234000 	C:\Windows\SYSTEM32\DBGHELP.DLL
0x00007ffca2020000 - 0x00007ffca204c000 	C:\Windows\SYSTEM32\dbgcore.DLL
0x00007ffca2730000 - 0x00007ffca27b2000 	C:\Windows\System32\bcryptPrimitives.dll
0x00007ffc80ca0000 - 0x00007ffc80cc9000 	C:\Program Files\Android\Android Studio\jre\bin\java.dll
0x00007ffc97200000 - 0x00007ffc9720b000 	C:\Program Files\Android\Android Studio\jre\bin\jimage.dll
0x00007ffc92c90000 - 0x00007ffc92ca8000 	C:\Program Files\Android\Android Studio\jre\bin\zip.dll
0x00007ffca3c70000 - 0x00007ffca43b4000 	C:\Windows\System32\SHELL32.dll
0x00007ffc9fa00000 - 0x00007ffca0194000 	C:\Windows\SYSTEM32\windows.storage.dll
0x00007ffca3280000 - 0x00007ffca35d4000 	C:\Windows\System32\combase.dll
0x00007ffca1990000 - 0x00007ffca19bc000 	C:\Windows\SYSTEM32\Wldp.dll
0x00007ffca4400000 - 0x00007ffca44ad000 	C:\Windows\System32\SHCORE.dll
0x00007ffca3c10000 - 0x00007ffca3c65000 	C:\Windows\System32\shlwapi.dll
0x00007ffca2670000 - 0x00007ffca268f000 	C:\Windows\SYSTEM32\profapi.dll
0x00007ffc929f0000 - 0x00007ffc92a0a000 	C:\Program Files\Android\Android Studio\jre\bin\net.dll
0x00007ffc919e0000 - 0x00007ffc91ae9000 	C:\Windows\SYSTEM32\WINHTTP.dll
0x00007ffca1730000 - 0x00007ffca179a000 	C:\Windows\system32\mswsock.dll
0x00007ffc91e80000 - 0x00007ffc91e94000 	C:\Program Files\Android\Android Studio\jre\bin\nio.dll
0x00007ffc92ba0000 - 0x00007ffc92bc7000 	C:\Users\usuario\.gradle\native\e1d6ef7f7dcc3fd88c89a11ec53ec762bb8ba0a96d01ffa2cd45eb1d1d8dd5c5\windows-amd64\native-platform.dll
0x00007ffc91140000 - 0x00007ffc91284000 	C:\Users\usuario\.gradle\native\5664cfc778a61ccfe75a443a1ab52a65af34e5dc3c78e0209fed803814484fcb\windows-amd64\native-platform-file-events.dll
0x00007ffc96d20000 - 0x00007ffc96d2a000 	C:\Program Files\Android\Android Studio\jre\bin\management.dll
0x00007ffc96ac0000 - 0x00007ffc96acd000 	C:\Program Files\Android\Android Studio\jre\bin\management_ext.dll
0x00007ffca23e0000 - 0x00007ffca23f8000 	C:\Windows\SYSTEM32\CRYPTSP.dll
0x00007ffca1100000 - 0x00007ffca1134000 	C:\Windows\system32\rsaenh.dll
0x00007ffca3040000 - 0x00007ffca3067000 	C:\Windows\System32\bcrypt.dll
0x00007ffca25f0000 - 0x00007ffca261e000 	C:\Windows\SYSTEM32\USERENV.dll
0x00007ffca1950000 - 0x00007ffca195c000 	C:\Windows\SYSTEM32\CRYPTBASE.dll
0x00007ffca1450000 - 0x00007ffca148b000 	C:\Windows\SYSTEM32\IPHLPAPI.DLL
0x00007ffca4b60000 - 0x00007ffca4b68000 	C:\Windows\System32\NSI.dll
0x00007ffc9ac70000 - 0x00007ffc9ac87000 	C:\Windows\SYSTEM32\dhcpcsvc6.DLL
0x00007ffc9b190000 - 0x00007ffc9b1ad000 	C:\Windows\SYSTEM32\dhcpcsvc.DLL
0x00007ffca1490000 - 0x00007ffca155a000 	C:\Windows\SYSTEM32\DNSAPI.dll

dbghelp: loaded successfully - version: 4.0.5 - missing functions: none
symbol engine: initialized successfully - sym options: 0x614 - pdb path: .;C:\Program Files\Android\Android Studio\jre\bin;C:\Windows\SYSTEM32;C:\Windows\WinSxS\amd64_microsoft.windows.common-controls_6595b64144ccf1df_6.0.19041.1110_none_60b5254171f9507e;C:\Program Files\Android\Android Studio\jre\bin\server;C:\Users\usuario\.gradle\native\e1d6ef7f7dcc3fd88c89a11ec53ec762bb8ba0a96d01ffa2cd45eb1d1d8dd5c5\windows-amd64;C:\Users\usuario\.gradle\native\5664cfc778a61ccfe75a443a1ab52a65af34e5dc3c78e0209fed803814484fcb\windows-amd64

VM Arguments:
jvm_args: --add-opens=java.base/java.util=ALL-UNNAMED --add-opens=java.base/java.lang=ALL-UNNAMED --add-opens=java.base/java.lang.invoke=ALL-UNNAMED --add-opens=java.base/java.util=ALL-UNNAMED --add-opens=java.prefs/java.util.prefs=ALL-UNNAMED --add-opens=java.prefs/java.util.prefs=ALL-UNNAMED --add-opens=java.base/java.nio.charset=ALL-UNNAMED --add-opens=java.base/java.net=ALL-UNNAMED --add-opens=java.base/java.util.concurrent.atomic=ALL-UNNAMED -Xmx2048m -Dfile.encoding=UTF-8 -Duser.country=BR -Duser.language=pt -Duser.variant 
java_command: org.gradle.launcher.daemon.bootstrap.GradleDaemon 7.2
java_class_path (initial): C:\Users\usuario\.gradle\wrapper\dists\gradle-7.2-bin\2dnblmf4td7x66yl1d74lt32g\gradle-7.2\lib\gradle-launcher-7.2.jar
Launcher Type: SUN_STANDARD

[Global flags]
     intx CICompilerCount                          = 3                                         {product} {ergonomic}
     uint ConcGCThreads                            = 1                                         {product} {ergonomic}
     uint G1ConcRefinementThreads                  = 4                                         {product} {ergonomic}
   size_t G1HeapRegionSize                         = 1048576                                   {product} {ergonomic}
    uintx GCDrainStackTargetSize                   = 64                                        {product} {ergonomic}
   size_t InitialHeapSize                          = 132120576                                 {product} {ergonomic}
   size_t MarkStackSize                            = 4194304                                   {product} {ergonomic}
   size_t MaxHeapSize                              = 2147483648                                {product} {command line}
   size_t MaxNewSize                               = 1287651328                                {product} {ergonomic}
   size_t MinHeapDeltaBytes                        = 1048576                                   {product} {ergonomic}
    uintx NonNMethodCodeHeapSize                   = 5830732                                {pd product} {ergonomic}
    uintx NonProfiledCodeHeapSize                  = 122913754                              {pd product} {ergonomic}
    uintx ProfiledCodeHeapSize                     = 122913754                              {pd product} {ergonomic}
    uintx ReservedCodeCacheSize                    = 251658240                              {pd product} {ergonomic}
     bool SegmentedCodeCache                       = true                                      {product} {ergonomic}
     bool UseCompressedClassPointers               = true                                 {lp64_product} {ergonomic}
     bool UseCompressedOops                        = true                                 {lp64_product} {ergonomic}
     bool UseG1GC                                  = true                                      {product} {ergonomic}
     bool UseLargePagesIndividualAllocation        = false                                  {pd product} {ergonomic}

Logging:
Log output configuration:
 #0: stdout all=warning uptime,level,tags
 #1: stderr all=off uptime,level,tags

Environment Variables:
JAVA_HOME=C:\Progra~1\Java\jdk-11.0.12\
PATH=C:\Program Files\Graalvm\graalvm-ce-java11-21.3.0\bin;C:\Program Files\Java\jdk-11.0.12\bin;C:\Program Files\Common Files\Oracle\Java\javapath;C:\Program Files (x86)\Common Files\Oracle\Java\javapath;C:\Windows\system32;C:\Windows;C:\Windows\System32\Wbem;C:\Windows\System32\WindowsPowerShell\v1.0\;C:\Windows\System32\OpenSSH\;C:\Program Files (x86)\dotnet\;C:\Program Files\Git\cmd;C:\Program Files (x86)\Intel\Intel(R) Management Engine Components\DAL;C:\Program Files\Intel\Intel(R) Management Engine Components\DAL;C:\Program Files\nodejs\;C:\ProgramData\UNIVALI\Portugol Studio;C:\Users\usuario\AppData\Local\Microsoft\WindowsApps;C:\Users\usuario\AppData\Roaming\npm
USERNAME=Usurio
OS=Windows_NT
PROCESSOR_IDENTIFIER=Intel64 Family 6 Model 142 Stepping 9, GenuineIntel



---------------  S Y S T E M  ---------------

OS: Windows 10 , 64 bit Build 19041 (10.0.19041.1566)
OS uptime: 1 days 4:36 hours
Hyper-V role detected

CPU:total 4 (initial active 4) (2 cores per cpu, 2 threads per core) family 6 model 142 stepping 9 microcode 0xde, cmov, cx8, fxsr, mmx, sse, sse2, sse3, ssse3, sse4.1, sse4.2, popcnt, avx, avx2, aes, clmul, erms, 3dnowpref, lzcnt, ht, tsc, tscinvbit, bmi1, bmi2, adx, fma

Memory: 4k page, system-wide physical 8053M (429M free)
TotalPageFile size 12149M (AvailPageFile size 8M)
current process WorkingSet (physical memory assigned to process): 344M, peak: 346M
current process commit charge ("private bytes"): 376M, peak: 380M

vm_info: OpenJDK 64-Bit Server VM (11.0.11+9-b60-7590822) for windows-amd64 JRE (11.0.11+9-b60-7590822), built on Jul 29 2021 21:43:44 by "builder" with MS VC++ 14.0 (VS2015)

END.
