#
# There is insufficient memory for the Java Runtime Environment to continue.
# Native memory allocation (malloc) failed to allocate 1128816 bytes for Chunk::new
# Possible reasons:
#   The system is out of physical RAM or swap space
#   The process is running with CompressedOops enabled, and the Java Heap may be blocking the growth of the native heap
# Possible solutions:
#   Reduce memory load on the system
#   Increase physical memory or swap space
#   Check if swap backing store is full
#   Decrease Java heap size (-Xmx/-Xms)
#   Decrease number of Java threads
#   Decrease Java thread stack sizes (-Xss)
#   Set larger code cache with -XX:ReservedCodeCacheSize=
#   JVM is running with Unscaled Compressed Oops mode in which the Java heap is
#     placed in the first 4GB address space. The Java Heap base address is the
#     maximum limit for the native heap growth. Please use -XX:HeapBaseMinAddress
#     to set the Java Heap base and to place the Java Heap above 4GB virtual address.
# This output file may be truncated or incomplete.
#
#  Out of Memory Error (./src/hotspot/share/memory/arena.cpp:197), pid=2576, tid=12392
#
# JRE version: OpenJDK Runtime Environment (11.0.11+9) (build 11.0.11+9-b60-7590822)
# Java VM: OpenJDK 64-Bit Server VM (11.0.11+9-b60-7590822, mixed mode, tiered, compressed oops, g1 gc, windows-amd64)
# No core dump will be written. Minidumps are not enabled by default on client versions of Windows
#

---------------  S U M M A R Y ------------

Command Line: --add-opens=java.base/java.util=ALL-UNNAMED --add-opens=java.base/java.lang=ALL-UNNAMED --add-opens=java.base/java.lang.invoke=ALL-UNNAMED --add-opens=java.base/java.util=ALL-UNNAMED --add-opens=java.prefs/java.util.prefs=ALL-UNNAMED --add-opens=java.prefs/java.util.prefs=ALL-UNNAMED --add-opens=java.base/java.nio.charset=ALL-UNNAMED --add-opens=java.base/java.net=ALL-UNNAMED --add-opens=java.base/java.util.concurrent.atomic=ALL-UNNAMED -Xmx2048m -Dfile.encoding=UTF-8 -Duser.country=BR -Duser.language=pt -Duser.variant org.gradle.launcher.daemon.bootstrap.GradleDaemon 7.2

Host: Intel(R) Core(TM) i5-7200U CPU @ 2.50GHz, 4 cores, 7G,  Windows 10 , 64 bit Build 19041 (10.0.19041.1566)
Time: Fri Mar 18 12:36:13 2022 Hora oficial do Brasil elapsed time: 20.245398 seconds (0d 0h 0m 20s)

---------------  T H R E A D  ---------------

Current thread (0x0000023c4eec7000):  JavaThread "C2 CompilerThread0" daemon [_thread_in_native, id=12392, stack(0x000000457e100000,0x000000457e200000)]


Current CompileTask:
C2:  20245 7816       4       java.lang.reflect.Constructor::newInstance (76 bytes)

Stack: [0x000000457e100000,0x000000457e200000]
Native frames: (J=compiled Java code, j=interpreted, Vv=VM code, C=native code)
V  [jvm.dll+0x5f214a]
V  [jvm.dll+0x726fb5]
V  [jvm.dll+0x7285cd]
V  [jvm.dll+0x728c83]
V  [jvm.dll+0x243278]
V  [jvm.dll+0xbc53c]
V  [jvm.dll+0xbca3c]
V  [jvm.dll+0x353e3b]
V  [jvm.dll+0x19875c]
V  [jvm.dll+0x1fc2ee]
V  [jvm.dll+0x1fb3d4]
V  [jvm.dll+0x183d6c]
V  [jvm.dll+0x209a57]
V  [jvm.dll+0x2082a1]
V  [jvm.dll+0x6ef58f]
V  [jvm.dll+0x6e80b5]
V  [jvm.dll+0x5f1036]
C  [ucrtbase.dll+0x21bb2]
C  [KERNEL32.DLL+0x17034]
C  [ntdll.dll+0x52651]


---------------  P R O C E S S  ---------------

Threads class SMR info:
_java_thread_list=0x0000023c5340c9b0, length=80, elements={
0x0000023c3336d000, 0x0000023c4ee9f800, 0x0000023c4eea0800, 0x0000023c4eebb000,
0x0000023c4eebb800, 0x0000023c4eec0000, 0x0000023c4eec7000, 0x0000023c4eecc000,
0x0000023c4eecf800, 0x0000023c4f988800, 0x0000023c51861000, 0x0000023c527b0800,
0x0000023c509c5800, 0x0000023c51da9000, 0x0000023c50e79000, 0x0000023c50a5e000,
0x0000023c50610800, 0x0000023c51d84000, 0x0000023c50a40800, 0x0000023c51d7f000,
0x0000023c51d7d800, 0x0000023c51d7b800, 0x0000023c51d7e000, 0x0000023c51d7c800,
0x0000023c51d7f800, 0x0000023c51d7a000, 0x0000023c51d7b000, 0x0000023c51d80800,
0x0000023c53612000, 0x0000023c53614800, 0x0000023c53610000, 0x0000023c5360f000,
0x0000023c53614000, 0x0000023c53610800, 0x0000023c53617000, 0x0000023c5361b000,
0x0000023c53618800, 0x0000023c53618000, 0x0000023c53619800, 0x0000023c5361c000,
0x0000023c5361a800, 0x0000023c5361d800, 0x0000023c5361d000, 0x0000023c5246f000,
0x0000023c52471000, 0x0000023c52470000, 0x0000023c5246c000, 0x0000023c52471800,
0x0000023c5246e800, 0x0000023c52472800, 0x0000023c5246d800, 0x0000023c5246d000,
0x0000023c52473800, 0x0000023c52476800, 0x0000023c52479000, 0x0000023c52475800,
0x0000023c5247a000, 0x0000023c52477800, 0x0000023c52475000, 0x0000023c52478000,
0x0000023c52474000, 0x0000023c5247a800, 0x0000023c504f0800, 0x0000023c504f0000,
0x0000023c504eb000, 0x0000023c504ed800, 0x0000023c504ef000, 0x0000023c504f1800,
0x0000023c504ee000, 0x0000023c504eb800, 0x0000023c504f2000, 0x0000023c504ec800,
0x0000023c504f8800, 0x0000023c504f6800, 0x0000023c504f8000, 0x0000023c504f3000,
0x0000023c504f9800, 0x0000023c504f7000, 0x0000023c504f4800, 0x0000023c504f4000
}

Java Threads: ( => current thread )
  0x0000023c3336d000 JavaThread "main" [_thread_blocked, id=1672, stack(0x000000457d500000,0x000000457d600000)]
  0x0000023c4ee9f800 JavaThread "Reference Handler" daemon [_thread_blocked, id=2524, stack(0x000000457dc00000,0x000000457dd00000)]
  0x0000023c4eea0800 JavaThread "Finalizer" daemon [_thread_blocked, id=5632, stack(0x000000457dd00000,0x000000457de00000)]
  0x0000023c4eebb000 JavaThread "Signal Dispatcher" daemon [_thread_blocked, id=6172, stack(0x000000457de00000,0x000000457df00000)]
  0x0000023c4eebb800 JavaThread "Attach Listener" daemon [_thread_blocked, id=13116, stack(0x000000457df00000,0x000000457e000000)]
  0x0000023c4eec0000 JavaThread "Service Thread" daemon [_thread_blocked, id=2024, stack(0x000000457e000000,0x000000457e100000)]
=>0x0000023c4eec7000 JavaThread "C2 CompilerThread0" daemon [_thread_in_native, id=12392, stack(0x000000457e100000,0x000000457e200000)]
  0x0000023c4eecc000 JavaThread "C1 CompilerThread0" daemon [_thread_blocked, id=5588, stack(0x000000457e200000,0x000000457e300000)]
  0x0000023c4eecf800 JavaThread "Sweeper thread" daemon [_thread_blocked, id=2212, stack(0x000000457e300000,0x000000457e400000)]
  0x0000023c4f988800 JavaThread "Common-Cleaner" daemon [_thread_blocked, id=5080, stack(0x000000457e400000,0x000000457e500000)]
  0x0000023c51861000 JavaThread "Daemon health stats" [_thread_blocked, id=10260, stack(0x000000457e900000,0x000000457ea00000)]
  0x0000023c527b0800 JavaThread "Incoming local TCP Connector on port 57562" [_thread_in_native, id=12788, stack(0x000000457e600000,0x000000457e700000)]
  0x0000023c509c5800 JavaThread "Daemon periodic checks" [_thread_blocked, id=3504, stack(0x000000457ea00000,0x000000457eb00000)]
  0x0000023c51da9000 JavaThread "Daemon" [_thread_blocked, id=9436, stack(0x000000457eb00000,0x000000457ec00000)]
  0x0000023c50e79000 JavaThread "Handler for socket connection from /127.0.0.1:57562 to /127.0.0.1:57563" [_thread_in_native, id=5164, stack(0x000000457ec00000,0x000000457ed00000)]
  0x0000023c50a5e000 JavaThread "Cancel handler" [_thread_blocked, id=8748, stack(0x000000457ed00000,0x000000457ee00000)]
  0x0000023c50610800 JavaThread "Daemon worker" [_thread_in_Java, id=10368, stack(0x000000457ee00000,0x000000457ef00000)]
  0x0000023c51d84000 JavaThread "Asynchronous log dispatcher for DefaultDaemonConnection: socket connection from /127.0.0.1:57562 to /127.0.0.1:57563" [_thread_blocked, id=10620, stack(0x000000457ef00000,0x000000457f000000)]
  0x0000023c50a40800 JavaThread "Stdin handler" [_thread_blocked, id=5572, stack(0x000000457f000000,0x000000457f100000)]
  0x0000023c51d7f000 JavaThread "Daemon client event forwarder" [_thread_blocked, id=12992, stack(0x000000457f100000,0x000000457f200000)]
  0x0000023c51d7d800 JavaThread "Cache worker for journal cache (C:\Users\usuario\.gradle\caches\journal-1)" [_thread_blocked, id=11348, stack(0x000000457f300000,0x000000457f400000)]
  0x0000023c51d7b800 JavaThread "File lock request listener" [_thread_in_native, id=11116, stack(0x000000457f400000,0x000000457f500000)]
  0x0000023c51d7e000 JavaThread "Cache worker for file hash cache (C:\Users\usuario\.gradle\caches\7.2\fileHashes)" [_thread_blocked, id=10392, stack(0x000000457f500000,0x000000457f600000)]
  0x0000023c51d7c800 JavaThread "Cache worker for file hash cache (C:\Users\usuario\AndroidStudioProjects\Dados\.gradle\7.2\fileHashes)" [_thread_blocked, id=12280, stack(0x000000457f700000,0x000000457f800000)]
  0x0000023c51d7f800 JavaThread "File watcher server" daemon [_thread_in_native, id=9964, stack(0x000000457f800000,0x000000457f900000)]
  0x0000023c51d7a000 JavaThread "File watcher consumer" daemon [_thread_blocked, id=7776, stack(0x000000457f900000,0x000000457fa00000)]
  0x0000023c51d7b000 JavaThread "Cache worker for checksums cache (C:\Users\usuario\AndroidStudioProjects\Dados\.gradle\checksums)" [_thread_blocked, id=11732, stack(0x000000457fa00000,0x000000457fb00000)]
  0x0000023c51d80800 JavaThread "Cache worker for cache directory md-supplier (C:\Users\usuario\.gradle\caches\7.2\md-supplier)" [_thread_blocked, id=9384, stack(0x000000457fb00000,0x000000457fc00000)]
  0x0000023c53612000 JavaThread "Cache worker for cache directory md-rule (C:\Users\usuario\.gradle\caches\7.2\md-rule)" [_thread_blocked, id=888, stack(0x000000457fc00000,0x000000457fd00000)]
  0x0000023c53614800 JavaThread "Cache worker for execution history cache (C:\Users\usuario\.gradle\caches\7.2\executionHistory)" [_thread_blocked, id=8088, stack(0x000000457fd00000,0x000000457fe00000)]
  0x0000023c53610000 JavaThread "jar transforms" [_thread_blocked, id=9736, stack(0x000000457fe00000,0x000000457ff00000)]
  0x0000023c5360f000 JavaThread "Cache worker for file content cache (C:\Users\usuario\.gradle\caches\7.2\fileContent)" [_thread_blocked, id=3828, stack(0x000000457ff00000,0x0000004580000000)]
  0x0000023c53614000 JavaThread "jar transforms Thread 2" [_thread_blocked, id=2868, stack(0x0000004500000000,0x0000004500100000)]
  0x0000023c53610800 JavaThread "Cache worker for dependencies-accessors (C:\Users\usuario\AndroidStudioProjects\Dados\.gradle\7.2\dependencies-accessors)" [_thread_blocked, id=1688, stack(0x0000004500100000,0x0000004500200000)]
  0x0000023c53617000 JavaThread "jar transforms Thread 3" [_thread_blocked, id=12712, stack(0x0000004500200000,0x0000004500300000)]
  0x0000023c5361b000 JavaThread "Cache worker for Build Output Cleanup Cache (C:\Users\usuario\AndroidStudioProjects\Dados\.gradle\buildOutputCleanup)" [_thread_blocked, id=416, stack(0x0000004500300000,0x0000004500400000)]
  0x0000023c53618800 JavaThread "Unconstrained build operations" [_thread_blocked, id=11184, stack(0x0000004500400000,0x0000004500500000)]
  0x0000023c53618000 JavaThread "Unconstrained build operations Thread 2" [_thread_blocked, id=5416, stack(0x0000004500500000,0x0000004500600000)]
  0x0000023c53619800 JavaThread "Unconstrained build operations Thread 3" [_thread_blocked, id=6792, stack(0x0000004500600000,0x0000004500700000)]
  0x0000023c5361c000 JavaThread "Unconstrained build operations Thread 4" [_thread_blocked, id=11036, stack(0x0000004500700000,0x0000004500800000)]
  0x0000023c5361a800 JavaThread "Unconstrained build operations Thread 5" [_thread_blocked, id=2388, stack(0x0000004500800000,0x0000004500900000)]
  0x0000023c5361d800 JavaThread "Unconstrained build operations Thread 6" [_thread_blocked, id=5728, stack(0x0000004500900000,0x0000004500a00000)]
  0x0000023c5361d000 JavaThread "Unconstrained build operations Thread 7" [_thread_blocked, id=1064, stack(0x0000004500a00000,0x0000004500b00000)]
  0x0000023c5246f000 JavaThread "Unconstrained build operations Thread 8" [_thread_blocked, id=11556, stack(0x0000004500b00000,0x0000004500c00000)]
  0x0000023c52471000 JavaThread "Unconstrained build operations Thread 9" [_thread_blocked, id=9028, stack(0x0000004500c00000,0x0000004500d00000)]
  0x0000023c52470000 JavaThread "Unconstrained build operations Thread 10" [_thread_blocked, id=3264, stack(0x0000004500d00000,0x0000004500e00000)]
  0x0000023c5246c000 JavaThread "Unconstrained build operations Thread 11" [_thread_blocked, id=10836, stack(0x0000004500e00000,0x0000004500f00000)]
  0x0000023c52471800 JavaThread "Unconstrained build operations Thread 12" [_thread_blocked, id=11552, stack(0x0000004500f00000,0x0000004501000000)]
  0x0000023c5246e800 JavaThread "Unconstrained build operations Thread 13" [_thread_blocked, id=1656, stack(0x0000004501000000,0x0000004501100000)]
  0x0000023c52472800 JavaThread "Unconstrained build operations Thread 14" [_thread_blocked, id=4244, stack(0x0000004501100000,0x0000004501200000)]
  0x0000023c5246d800 JavaThread "Unconstrained build operations Thread 15" [_thread_blocked, id=8668, stack(0x0000004501200000,0x0000004501300000)]
  0x0000023c5246d000 JavaThread "Unconstrained build operations Thread 16" [_thread_blocked, id=12396, stack(0x0000004501300000,0x0000004501400000)]
  0x0000023c52473800 JavaThread "Unconstrained build operations Thread 17" [_thread_blocked, id=10792, stack(0x0000004501400000,0x0000004501500000)]
  0x0000023c52476800 JavaThread "Unconstrained build operations Thread 18" [_thread_blocked, id=12040, stack(0x0000004501500000,0x0000004501600000)]
  0x0000023c52479000 JavaThread "Unconstrained build operations Thread 19" [_thread_blocked, id=9276, stack(0x0000004501600000,0x0000004501700000)]
  0x0000023c52475800 JavaThread "Unconstrained build operations Thread 20" [_thread_blocked, id=4820, stack(0x0000004501700000,0x0000004501800000)]
  0x0000023c5247a000 JavaThread "Unconstrained build operations Thread 21" [_thread_blocked, id=11776, stack(0x0000004501800000,0x0000004501900000)]
  0x0000023c52477800 JavaThread "Unconstrained build operations Thread 22" [_thread_blocked, id=11644, stack(0x0000004501900000,0x0000004501a00000)]
  0x0000023c52475000 JavaThread "Unconstrained build operations Thread 23" [_thread_blocked, id=8416, stack(0x0000004501a00000,0x0000004501b00000)]
  0x0000023c52478000 JavaThread "Unconstrained build operations Thread 24" [_thread_blocked, id=212, stack(0x0000004501b00000,0x0000004501c00000)]
  0x0000023c52474000 JavaThread "Unconstrained build operations Thread 25" [_thread_blocked, id=11216, stack(0x0000004501c00000,0x0000004501d00000)]
  0x0000023c5247a800 JavaThread "Unconstrained build operations Thread 26" [_thread_blocked, id=10024, stack(0x0000004501d00000,0x0000004501e00000)]
  0x0000023c504f0800 JavaThread "Unconstrained build operations Thread 27" [_thread_blocked, id=9188, stack(0x0000004501e00000,0x0000004501f00000)]
  0x0000023c504f0000 JavaThread "Unconstrained build operations Thread 28" [_thread_blocked, id=11148, stack(0x0000004501f00000,0x0000004502000000)]
  0x0000023c504eb000 JavaThread "Unconstrained build operations Thread 29" [_thread_blocked, id=808, stack(0x0000004502000000,0x0000004502100000)]
  0x0000023c504ed800 JavaThread "Unconstrained build operations Thread 30" [_thread_blocked, id=5524, stack(0x0000004502100000,0x0000004502200000)]
  0x0000023c504ef000 JavaThread "Unconstrained build operations Thread 31" [_thread_blocked, id=7756, stack(0x0000004502200000,0x0000004502300000)]
  0x0000023c504f1800 JavaThread "Unconstrained build operations Thread 32" [_thread_blocked, id=11708, stack(0x0000004502300000,0x0000004502400000)]
  0x0000023c504ee000 JavaThread "Unconstrained build operations Thread 33" [_thread_blocked, id=10212, stack(0x0000004502400000,0x0000004502500000)]
  0x0000023c504eb800 JavaThread "Unconstrained build operations Thread 34" [_thread_blocked, id=3816, stack(0x0000004502500000,0x0000004502600000)]
  0x0000023c504f2000 JavaThread "Unconstrained build operations Thread 35" [_thread_blocked, id=11152, stack(0x0000004502600000,0x0000004502700000)]
  0x0000023c504ec800 JavaThread "Unconstrained build operations Thread 36" [_thread_blocked, id=8784, stack(0x0000004502700000,0x0000004502800000)]
  0x0000023c504f8800 JavaThread "Unconstrained build operations Thread 37" [_thread_blocked, id=12832, stack(0x0000004502800000,0x0000004502900000)]
  0x0000023c504f6800 JavaThread "Unconstrained build operations Thread 38" [_thread_blocked, id=12916, stack(0x0000004502900000,0x0000004502a00000)]
  0x0000023c504f8000 JavaThread "Unconstrained build operations Thread 39" [_thread_blocked, id=8280, stack(0x0000004502a00000,0x0000004502b00000)]
  0x0000023c504f3000 JavaThread "Unconstrained build operations Thread 40" [_thread_blocked, id=7156, stack(0x0000004502b00000,0x0000004502c00000)]
  0x0000023c504f9800 JavaThread "jar transforms Thread 4" [_thread_blocked, id=7132, stack(0x0000004502c00000,0x0000004502d00000)]
  0x0000023c504f7000 JavaThread "Memory manager" [_thread_blocked, id=13112, stack(0x0000004502e00000,0x0000004502f00000)]
  0x0000023c504f4800 JavaThread "build event listener" [_thread_blocked, id=2852, stack(0x0000004502f00000,0x0000004503000000)]
  0x0000023c504f4000 JavaThread "C2 CompilerThread1" daemon [_thread_in_native, id=2108, stack(0x0000004502d00000,0x0000004502e00000)]

Other Threads:
  0x0000023c4ee9a800 VMThread "VM Thread" [stack: 0x000000457db00000,0x000000457dc00000] [id=10576]
  0x0000023c4f9ca000 WatcherThread [stack: 0x000000457e500000,0x000000457e600000] [id=6056]
  0x0000023c33386800 GCTaskThread "GC Thread#0" [stack: 0x000000457d600000,0x000000457d700000] [id=10548]
  0x0000023c500be000 GCTaskThread "GC Thread#1" [stack: 0x000000457e700000,0x000000457e800000] [id=8584]
  0x0000023c50135000 GCTaskThread "GC Thread#2" [stack: 0x000000457e800000,0x000000457e900000] [id=7432]
  0x0000023c50e7a000 GCTaskThread "GC Thread#3" [stack: 0x000000457f200000,0x000000457f300000] [id=7104]
  0x0000023c333b7000 ConcurrentGCThread "G1 Main Marker" [stack: 0x000000457d700000,0x000000457d800000] [id=9792]
  0x0000023c333b9000 ConcurrentGCThread "G1 Conc#0" [stack: 0x000000457d800000,0x000000457d900000] [id=8312]
  0x0000023c33445800 ConcurrentGCThread "G1 Refine#0" [stack: 0x000000457d900000,0x000000457da00000] [id=11580]
  0x0000023c33446800 ConcurrentGCThread "G1 Young RemSet Sampling" [stack: 0x000000457da00000,0x000000457db00000] [id=1636]

Threads with active compile tasks:
C2 CompilerThread0  20281 7816       4       java.lang.reflect.Constructor::newInstance (76 bytes)
C1 CompilerThread0  20281 7877       1       com.sun.org.apache.xerces.internal.utils.XMLSecurityManager$Limit::systemProperty (5 bytes)
C2 CompilerThread1  20281 7679       4       java.lang.Class::annotationData (44 bytes)

VM state:not at safepoint (normal execution)

VM Mutex/Monitor currently owned by a thread: None

Heap address: 0x0000000080000000, size: 2048 MB, Compressed Oops mode: 32-bit
Narrow klass base: 0x0000000000000000, Narrow klass shift: 3
Compressed class space size: 1073741824 Address: 0x0000000100000000

Heap:
 garbage-first heap   total 187392K, used 105010K [0x0000000080000000, 0x0000000100000000)
  region size 1024K, 48 young (49152K), 10 survivors (10240K)
 Metaspace       used 80479K, capacity 82171K, committed 82388K, reserved 1120256K
  class space    used 10413K, capacity 11054K, committed 11136K, reserved 1048576K
Heap Regions: E=young(eden), S=young(survivor), O=old, HS=humongous(starts), HC=humongous(continues), CS=collection set, F=free, A=archive, TAMS=top-at-mark-start (previous, next)
|   0|0x0000000080000000, 0x0000000080100000, 0x0000000080100000|100%| O|  |TAMS 0x0000000080100000, 0x0000000080000000| Untracked 
|   1|0x0000000080100000, 0x0000000080200000, 0x0000000080200000|100%| O|  |TAMS 0x0000000080200000, 0x0000000080100000| Untracked 
|   2|0x0000000080200000, 0x0000000080300000, 0x0000000080300000|100%| O|  |TAMS 0x0000000080300000, 0x0000000080200000| Untracked 
|   3|0x0000000080300000, 0x0000000080400000, 0x0000000080400000|100%|HS|  |TAMS 0x0000000080400000, 0x0000000080300000| Complete 
|   4|0x0000000080400000, 0x0000000080500000, 0x0000000080500000|100%|HC|  |TAMS 0x0000000080500000, 0x0000000080400000| Complete 
|   5|0x0000000080500000, 0x0000000080600000, 0x0000000080600000|100%|HC|  |TAMS 0x0000000080600000, 0x0000000080500000| Complete 
|   6|0x0000000080600000, 0x0000000080700000, 0x0000000080700000|100%| O|  |TAMS 0x0000000080700000, 0x0000000080600000| Untracked 
|   7|0x0000000080700000, 0x0000000080800000, 0x0000000080800000|100%| O|  |TAMS 0x0000000080800000, 0x0000000080700000| Untracked 
|   8|0x0000000080800000, 0x0000000080900000, 0x0000000080900000|100%| O|  |TAMS 0x0000000080900000, 0x0000000080800000| Untracked 
|   9|0x0000000080900000, 0x0000000080a00000, 0x0000000080a00000|100%| O|  |TAMS 0x0000000080a00000, 0x0000000080900000| Untracked 
|  10|0x0000000080a00000, 0x0000000080b00000, 0x0000000080b00000|100%| O|  |TAMS 0x0000000080b00000, 0x0000000080a00000| Untracked 
|  11|0x0000000080b00000, 0x0000000080c00000, 0x0000000080c00000|100%| O|  |TAMS 0x0000000080c00000, 0x0000000080b00000| Untracked 
|  12|0x0000000080c00000, 0x0000000080d00000, 0x0000000080d00000|100%| O|  |TAMS 0x0000000080d00000, 0x0000000080c00000| Untracked 
|  13|0x0000000080d00000, 0x0000000080e00000, 0x0000000080e00000|100%| O|  |TAMS 0x0000000080e00000, 0x0000000080d00000| Untracked 
|  14|0x0000000080e00000, 0x0000000080f00000, 0x0000000080f00000|100%| O|  |TAMS 0x0000000080f00000, 0x0000000080e00000| Untracked 
|  15|0x0000000080f00000, 0x0000000081000000, 0x0000000081000000|100%| O|  |TAMS 0x0000000081000000, 0x0000000080f00000| Untracked 
|  16|0x0000000081000000, 0x0000000081100000, 0x0000000081100000|100%|HS|  |TAMS 0x0000000081100000, 0x0000000081000000| Complete 
|  17|0x0000000081100000, 0x0000000081200000, 0x0000000081200000|100%| O|  |TAMS 0x0000000081200000, 0x0000000081100000| Untracked 
|  18|0x0000000081200000, 0x0000000081300000, 0x0000000081300000|100%| O|  |TAMS 0x0000000081300000, 0x0000000081200000| Untracked 
|  19|0x0000000081300000, 0x0000000081400000, 0x0000000081400000|100%| O|  |TAMS 0x0000000081400000, 0x0000000081300000| Untracked 
|  20|0x0000000081400000, 0x0000000081500000, 0x0000000081500000|100%| O|  |TAMS 0x0000000081500000, 0x0000000081400000| Untracked 
|  21|0x0000000081500000, 0x0000000081600000, 0x0000000081600000|100%| O|  |TAMS 0x0000000081600000, 0x0000000081500000| Untracked 
|  22|0x0000000081600000, 0x0000000081700000, 0x0000000081700000|100%| O|  |TAMS 0x0000000081700000, 0x0000000081600000| Untracked 
|  23|0x0000000081700000, 0x0000000081800000, 0x0000000081800000|100%| O|  |TAMS 0x0000000081800000, 0x0000000081700000| Untracked 
|  24|0x0000000081800000, 0x0000000081900000, 0x0000000081900000|100%|HS|  |TAMS 0x0000000081900000, 0x0000000081800000| Complete 
|  25|0x0000000081900000, 0x0000000081a00000, 0x0000000081a00000|100%|HS|  |TAMS 0x0000000081a00000, 0x0000000081900000| Complete 
|  26|0x0000000081a00000, 0x0000000081b00000, 0x0000000081b00000|100%|HS|  |TAMS 0x0000000081b00000, 0x0000000081a00000| Complete 
|  27|0x0000000081b00000, 0x0000000081c00000, 0x0000000081c00000|100%|HS|  |TAMS 0x0000000081c00000, 0x0000000081b00000| Complete 
|  28|0x0000000081c00000, 0x0000000081d00000, 0x0000000081d00000|100%|HC|  |TAMS 0x0000000081d00000, 0x0000000081c00000| Complete 
|  29|0x0000000081d00000, 0x0000000081e00000, 0x0000000081e00000|100%|HC|  |TAMS 0x0000000081e00000, 0x0000000081d00000| Complete 
|  30|0x0000000081e00000, 0x0000000081f00000, 0x0000000081f00000|100%|HS|  |TAMS 0x0000000081f00000, 0x0000000081e00000| Complete 
|  31|0x0000000081f00000, 0x0000000082000000, 0x0000000082000000|100%|HC|  |TAMS 0x0000000082000000, 0x0000000081f00000| Complete 
|  32|0x0000000082000000, 0x0000000082100000, 0x0000000082100000|100%| O|  |TAMS 0x0000000082100000, 0x0000000082000000| Untracked 
|  33|0x0000000082100000, 0x0000000082200000, 0x0000000082200000|100%| O|  |TAMS 0x0000000082200000, 0x0000000082100000| Untracked 
|  34|0x0000000082200000, 0x0000000082300000, 0x0000000082300000|100%| O|  |TAMS 0x0000000082300000, 0x0000000082200000| Untracked 
|  35|0x0000000082300000, 0x0000000082400000, 0x0000000082400000|100%| O|  |TAMS 0x0000000082400000, 0x0000000082300000| Untracked 
|  36|0x0000000082400000, 0x0000000082500000, 0x0000000082500000|100%| O|  |TAMS 0x0000000082500000, 0x0000000082400000| Untracked 
|  37|0x0000000082500000, 0x0000000082600000, 0x0000000082600000|100%| O|  |TAMS 0x0000000082600000, 0x0000000082500000| Untracked 
|  38|0x0000000082600000, 0x0000000082700000, 0x0000000082700000|100%| O|  |TAMS 0x0000000082700000, 0x0000000082600000| Untracked 
|  39|0x0000000082700000, 0x0000000082800000, 0x0000000082800000|100%| O|  |TAMS 0x0000000082800000, 0x0000000082700000| Untracked 
|  40|0x0000000082800000, 0x0000000082900000, 0x0000000082900000|100%| O|  |TAMS 0x0000000082900000, 0x0000000082800000| Untracked 
|  41|0x0000000082900000, 0x0000000082a00000, 0x0000000082a00000|100%| O|  |TAMS 0x0000000082a00000, 0x0000000082900000| Untracked 
|  42|0x0000000082a00000, 0x0000000082b00000, 0x0000000082b00000|100%| O|  |TAMS 0x0000000082b00000, 0x0000000082a00000| Untracked 
|  43|0x0000000082b00000, 0x0000000082c00000, 0x0000000082c00000|100%| O|  |TAMS 0x0000000082c00000, 0x0000000082b00000| Untracked 
|  44|0x0000000082c00000, 0x0000000082d00000, 0x0000000082d00000|100%| O|  |TAMS 0x0000000082d00000, 0x0000000082c00000| Untracked 
|  45|0x0000000082d00000, 0x0000000082e00000, 0x0000000082e00000|100%| O|  |TAMS 0x0000000082e00000, 0x0000000082d00000| Untracked 
|  46|0x0000000082e00000, 0x0000000082f00000, 0x0000000082f00000|100%| O|  |TAMS 0x0000000082f00000, 0x0000000082e00000| Untracked 
|  47|0x0000000082f00000, 0x0000000083000000, 0x0000000083000000|100%| O|  |TAMS 0x0000000083000000, 0x0000000082f00000| Untracked 
|  48|0x0000000083000000, 0x0000000083100000, 0x0000000083100000|100%| O|  |TAMS 0x0000000083100000, 0x0000000083000000| Untracked 
|  49|0x0000000083100000, 0x0000000083200000, 0x0000000083200000|100%| O|  |TAMS 0x00000000831e9400, 0x0000000083100000| Untracked 
|  50|0x0000000083200000, 0x0000000083300000, 0x0000000083300000|100%| O|  |TAMS 0x0000000083200000, 0x0000000083200000| Untracked 
|  51|0x0000000083300000, 0x0000000083400000, 0x0000000083400000|100%| O|  |TAMS 0x0000000083300000, 0x0000000083300000| Untracked 
|  52|0x0000000083400000, 0x0000000083500000, 0x0000000083500000|100%| O|  |TAMS 0x0000000083400000, 0x0000000083400000| Untracked 
|  53|0x0000000083500000, 0x0000000083600000, 0x0000000083600000|100%| O|  |TAMS 0x0000000083500000, 0x0000000083500000| Untracked 
|  54|0x0000000083600000, 0x0000000083700000, 0x0000000083700000|100%| O|  |TAMS 0x0000000083600000, 0x0000000083600000| Untracked 
|  55|0x0000000083700000, 0x0000000083800000, 0x0000000083800000|100%| O|  |TAMS 0x0000000083700000, 0x0000000083700000| Untracked 
|  56|0x0000000083800000, 0x0000000083820000, 0x0000000083900000| 12%| O|  |TAMS 0x0000000083800000, 0x0000000083800000| Untracked 
|  57|0x0000000083900000, 0x0000000083900000, 0x0000000083a00000|  0%| F|  |TAMS 0x0000000083900000, 0x0000000083900000| Untracked 
|  58|0x0000000083a00000, 0x0000000083a00000, 0x0000000083b00000|  0%| F|  |TAMS 0x0000000083a00000, 0x0000000083a00000| Untracked 
|  59|0x0000000083b00000, 0x0000000083b00000, 0x0000000083c00000|  0%| F|  |TAMS 0x0000000083b00000, 0x0000000083b00000| Untracked 
|  60|0x0000000083c00000, 0x0000000083c00000, 0x0000000083d00000|  0%| F|  |TAMS 0x0000000083c00000, 0x0000000083c00000| Untracked 
|  61|0x0000000083d00000, 0x0000000083d00000, 0x0000000083e00000|  0%| F|  |TAMS 0x0000000083d00000, 0x0000000083d00000| Untracked 
|  62|0x0000000083e00000, 0x0000000083e00000, 0x0000000083f00000|  0%| F|  |TAMS 0x0000000083e00000, 0x0000000083e00000| Untracked 
|  63|0x0000000083f00000, 0x0000000083f00000, 0x0000000084000000|  0%| F|  |TAMS 0x0000000083f00000, 0x0000000083f00000| Untracked 
|  64|0x0000000084000000, 0x0000000084000000, 0x0000000084100000|  0%| F|  |TAMS 0x0000000084000000, 0x0000000084000000| Untracked 
|  65|0x0000000084100000, 0x0000000084100000, 0x0000000084200000|  0%| F|  |TAMS 0x0000000084100000, 0x0000000084100000| Untracked 
|  66|0x0000000084200000, 0x0000000084200000, 0x0000000084300000|  0%| F|  |TAMS 0x0000000084200000, 0x0000000084200000| Untracked 
|  67|0x0000000084300000, 0x0000000084300000, 0x0000000084400000|  0%| F|  |TAMS 0x0000000084300000, 0x0000000084300000| Untracked 
|  68|0x0000000084400000, 0x0000000084400000, 0x0000000084500000|  0%| F|  |TAMS 0x0000000084400000, 0x0000000084400000| Untracked 
|  69|0x0000000084500000, 0x0000000084500000, 0x0000000084600000|  0%| F|  |TAMS 0x0000000084500000, 0x0000000084500000| Untracked 
|  70|0x0000000084600000, 0x0000000084600000, 0x0000000084700000|  0%| F|  |TAMS 0x0000000084600000, 0x0000000084600000| Untracked 
|  71|0x0000000084700000, 0x0000000084700000, 0x0000000084800000|  0%| F|  |TAMS 0x0000000084700000, 0x0000000084700000| Untracked 
|  72|0x0000000084800000, 0x0000000084800000, 0x0000000084900000|  0%| F|  |TAMS 0x0000000084800000, 0x0000000084800000| Untracked 
|  73|0x0000000084900000, 0x0000000084900000, 0x0000000084a00000|  0%| F|  |TAMS 0x0000000084900000, 0x0000000084900000| Untracked 
|  74|0x0000000084a00000, 0x0000000084a00000, 0x0000000084b00000|  0%| F|  |TAMS 0x0000000084a00000, 0x0000000084a00000| Untracked 
|  75|0x0000000084b00000, 0x0000000084b00000, 0x0000000084c00000|  0%| F|  |TAMS 0x0000000084b00000, 0x0000000084b00000| Untracked 
|  76|0x0000000084c00000, 0x0000000084c00000, 0x0000000084d00000|  0%| F|  |TAMS 0x0000000084c00000, 0x0000000084c00000| Untracked 
|  77|0x0000000084d00000, 0x0000000084d00000, 0x0000000084e00000|  0%| F|  |TAMS 0x0000000084d00000, 0x0000000084d00000| Untracked 
|  78|0x0000000084e00000, 0x0000000084e00000, 0x0000000084f00000|  0%| F|  |TAMS 0x0000000084e00000, 0x0000000084e00000| Untracked 
|  79|0x0000000084f00000, 0x0000000084f00000, 0x0000000085000000|  0%| F|  |TAMS 0x0000000084f00000, 0x0000000084f00000| Untracked 
|  80|0x0000000085000000, 0x0000000085000000, 0x0000000085100000|  0%| F|  |TAMS 0x0000000085000000, 0x0000000085000000| Untracked 
|  81|0x0000000085100000, 0x0000000085100000, 0x0000000085200000|  0%| F|  |TAMS 0x0000000085100000, 0x0000000085100000| Untracked 
|  82|0x0000000085200000, 0x0000000085200000, 0x0000000085300000|  0%| F|  |TAMS 0x0000000085200000, 0x0000000085200000| Untracked 
|  83|0x0000000085300000, 0x0000000085300000, 0x0000000085400000|  0%| F|  |TAMS 0x0000000085300000, 0x0000000085300000| Untracked 
|  84|0x0000000085400000, 0x0000000085400000, 0x0000000085500000|  0%| F|  |TAMS 0x0000000085400000, 0x0000000085400000| Untracked 
|  85|0x0000000085500000, 0x0000000085500000, 0x0000000085600000|  0%| F|  |TAMS 0x0000000085500000, 0x0000000085500000| Untracked 
|  86|0x0000000085600000, 0x0000000085600000, 0x0000000085700000|  0%| F|  |TAMS 0x0000000085600000, 0x0000000085600000| Untracked 
|  87|0x0000000085700000, 0x0000000085700000, 0x0000000085800000|  0%| F|  |TAMS 0x0000000085700000, 0x0000000085700000| Untracked 
|  88|0x0000000085800000, 0x0000000085800000, 0x0000000085900000|  0%| F|  |TAMS 0x0000000085800000, 0x0000000085800000| Untracked 
|  89|0x0000000085900000, 0x0000000085900000, 0x0000000085a00000|  0%| F|  |TAMS 0x0000000085900000, 0x0000000085900000| Untracked 
|  90|0x0000000085a00000, 0x0000000085a00000, 0x0000000085b00000|  0%| F|  |TAMS 0x0000000085a00000, 0x0000000085a00000| Untracked 
|  91|0x0000000085b00000, 0x0000000085b00000, 0x0000000085c00000|  0%| F|  |TAMS 0x0000000085b00000, 0x0000000085b00000| Untracked 
|  92|0x0000000085c00000, 0x0000000085c00000, 0x0000000085d00000|  0%| F|  |TAMS 0x0000000085c00000, 0x0000000085c00000| Untracked 
|  93|0x0000000085d00000, 0x0000000085d00000, 0x0000000085e00000|  0%| F|  |TAMS 0x0000000085d00000, 0x0000000085d00000| Untracked 
|  94|0x0000000085e00000, 0x0000000085e00000, 0x0000000085f00000|  0%| F|  |TAMS 0x0000000085e00000, 0x0000000085e00000| Untracked 
|  95|0x0000000085f00000, 0x0000000085f00000, 0x0000000086000000|  0%| F|  |TAMS 0x0000000085f00000, 0x0000000085f00000| Untracked 
|  96|0x0000000086000000, 0x000000008606c920, 0x0000000086100000| 42%| S|CS|TAMS 0x0000000086000000, 0x0000000086000000| Complete 
|  97|0x0000000086100000, 0x0000000086200000, 0x0000000086200000|100%| S|CS|TAMS 0x0000000086100000, 0x0000000086100000| Complete 
|  98|0x0000000086200000, 0x0000000086300000, 0x0000000086300000|100%| S|CS|TAMS 0x0000000086200000, 0x0000000086200000| Complete 
|  99|0x0000000086300000, 0x0000000086400000, 0x0000000086400000|100%| S|CS|TAMS 0x0000000086300000, 0x0000000086300000| Complete 
| 100|0x0000000086400000, 0x0000000086400000, 0x0000000086500000|  0%| F|  |TAMS 0x0000000086400000, 0x0000000086400000| Untracked 
| 101|0x0000000086500000, 0x0000000086500000, 0x0000000086600000|  0%| F|  |TAMS 0x0000000086500000, 0x0000000086500000| Untracked 
| 102|0x0000000086600000, 0x0000000086600000, 0x0000000086700000|  0%| F|  |TAMS 0x0000000086600000, 0x0000000086600000| Untracked 
| 103|0x0000000086700000, 0x0000000086700000, 0x0000000086800000|  0%| F|  |TAMS 0x0000000086700000, 0x0000000086700000| Untracked 
| 104|0x0000000086800000, 0x0000000086800000, 0x0000000086900000|  0%| F|  |TAMS 0x0000000086800000, 0x0000000086800000| Untracked 
| 105|0x0000000086900000, 0x0000000086900000, 0x0000000086a00000|  0%| F|  |TAMS 0x0000000086900000, 0x0000000086900000| Untracked 
| 106|0x0000000086a00000, 0x0000000086a00000, 0x0000000086b00000|  0%| F|  |TAMS 0x0000000086a00000, 0x0000000086a00000| Untracked 
| 107|0x0000000086b00000, 0x0000000086b00000, 0x0000000086c00000|  0%| F|  |TAMS 0x0000000086b00000, 0x0000000086b00000| Untracked 
| 108|0x0000000086c00000, 0x0000000086c00000, 0x0000000086d00000|  0%| F|  |TAMS 0x0000000086c00000, 0x0000000086c00000| Untracked 
| 109|0x0000000086d00000, 0x0000000086e00000, 0x0000000086e00000|100%| S|CS|TAMS 0x0000000086d00000, 0x0000000086d00000| Complete 
| 110|0x0000000086e00000, 0x0000000086f00000, 0x0000000086f00000|100%| S|CS|TAMS 0x0000000086e00000, 0x0000000086e00000| Complete 
| 111|0x0000000086f00000, 0x0000000087000000, 0x0000000087000000|100%| S|CS|TAMS 0x0000000086f00000, 0x0000000086f00000| Complete 
| 112|0x0000000087000000, 0x0000000087100000, 0x0000000087100000|100%| S|CS|TAMS 0x0000000087000000, 0x0000000087000000| Complete 
| 113|0x0000000087100000, 0x0000000087200000, 0x0000000087200000|100%| S|CS|TAMS 0x0000000087100000, 0x0000000087100000| Complete 
| 114|0x0000000087200000, 0x0000000087300000, 0x0000000087300000|100%| S|CS|TAMS 0x0000000087200000, 0x0000000087200000| Complete 
| 115|0x0000000087300000, 0x0000000087300000, 0x0000000087400000|  0%| F|  |TAMS 0x0000000087300000, 0x0000000087300000| Untracked 
| 116|0x0000000087400000, 0x0000000087400000, 0x0000000087500000|  0%| F|  |TAMS 0x0000000087400000, 0x0000000087400000| Untracked 
| 117|0x0000000087500000, 0x0000000087500000, 0x0000000087600000|  0%| F|  |TAMS 0x0000000087500000, 0x0000000087500000| Untracked 
| 118|0x0000000087600000, 0x0000000087600000, 0x0000000087700000|  0%| F|  |TAMS 0x0000000087600000, 0x0000000087600000| Untracked 
| 119|0x0000000087700000, 0x0000000087700000, 0x0000000087800000|  0%| F|  |TAMS 0x0000000087700000, 0x0000000087700000| Untracked 
| 120|0x0000000087800000, 0x0000000087800000, 0x0000000087900000|  0%| F|  |TAMS 0x0000000087800000, 0x0000000087800000| Untracked 
| 121|0x0000000087900000, 0x0000000087900000, 0x0000000087a00000|  0%| F|  |TAMS 0x0000000087900000, 0x0000000087900000| Untracked 
| 122|0x0000000087a00000, 0x0000000087a00000, 0x0000000087b00000|  0%| F|  |TAMS 0x0000000087a00000, 0x0000000087a00000| Untracked 
| 123|0x0000000087b00000, 0x0000000087b00000, 0x0000000087c00000|  0%| F|  |TAMS 0x0000000087b00000, 0x0000000087b00000| Untracked 
| 124|0x0000000087c00000, 0x0000000087c00000, 0x0000000087d00000|  0%| F|  |TAMS 0x0000000087c00000, 0x0000000087c00000| Untracked 
| 125|0x0000000087d00000, 0x0000000087d00000, 0x0000000087e00000|  0%| F|  |TAMS 0x0000000087d00000, 0x0000000087d00000| Untracked 
| 126|0x0000000087e00000, 0x0000000087e00000, 0x0000000087f00000|  0%| F|  |TAMS 0x0000000087e00000, 0x0000000087e00000| Untracked 
| 127|0x0000000087f00000, 0x0000000087f00000, 0x0000000088000000|  0%| F|  |TAMS 0x0000000087f00000, 0x0000000087f00000| Untracked 
| 128|0x0000000088000000, 0x0000000088000000, 0x0000000088100000|  0%| F|  |TAMS 0x0000000088000000, 0x0000000088000000| Untracked 
| 129|0x0000000088100000, 0x0000000088100000, 0x0000000088200000|  0%| F|  |TAMS 0x0000000088100000, 0x0000000088100000| Untracked 
| 130|0x0000000088200000, 0x0000000088200000, 0x0000000088300000|  0%| F|  |TAMS 0x0000000088200000, 0x0000000088200000| Untracked 
| 131|0x0000000088300000, 0x0000000088300000, 0x0000000088400000|  0%| F|  |TAMS 0x0000000088300000, 0x0000000088300000| Untracked 
| 132|0x0000000088400000, 0x0000000088400000, 0x0000000088500000|  0%| F|  |TAMS 0x0000000088400000, 0x0000000088400000| Untracked 
| 133|0x0000000088500000, 0x0000000088500000, 0x0000000088600000|  0%| F|  |TAMS 0x0000000088500000, 0x0000000088500000| Untracked 
| 134|0x0000000088600000, 0x0000000088600000, 0x0000000088700000|  0%| F|  |TAMS 0x0000000088600000, 0x0000000088600000| Untracked 
| 135|0x0000000088700000, 0x0000000088700000, 0x0000000088800000|  0%| F|  |TAMS 0x0000000088700000, 0x0000000088700000| Untracked 
| 136|0x0000000088800000, 0x0000000088800000, 0x0000000088900000|  0%| F|  |TAMS 0x0000000088800000, 0x0000000088800000| Untracked 
| 137|0x0000000088900000, 0x0000000088900000, 0x0000000088a00000|  0%| F|  |TAMS 0x0000000088900000, 0x0000000088900000| Untracked 
| 138|0x0000000088a00000, 0x0000000088a00000, 0x0000000088b00000|  0%| F|  |TAMS 0x0000000088a00000, 0x0000000088a00000| Untracked 
| 139|0x0000000088b00000, 0x0000000088b00000, 0x0000000088c00000|  0%| F|  |TAMS 0x0000000088b00000, 0x0000000088b00000| Untracked 
| 140|0x0000000088c00000, 0x0000000088c00000, 0x0000000088d00000|  0%| F|  |TAMS 0x0000000088c00000, 0x0000000088c00000| Untracked 
| 141|0x0000000088d00000, 0x0000000088d00000, 0x0000000088e00000|  0%| F|  |TAMS 0x0000000088d00000, 0x0000000088d00000| Untracked 
| 142|0x0000000088e00000, 0x0000000088e00000, 0x0000000088f00000|  0%| F|  |TAMS 0x0000000088e00000, 0x0000000088e00000| Untracked 
| 143|0x0000000088f00000, 0x0000000088f00000, 0x0000000089000000|  0%| F|  |TAMS 0x0000000088f00000, 0x0000000088f00000| Untracked 
| 144|0x0000000089000000, 0x0000000089000000, 0x0000000089100000|  0%| F|  |TAMS 0x0000000089000000, 0x0000000089000000| Untracked 
| 145|0x0000000089100000, 0x0000000089180800, 0x0000000089200000| 50%| E|  |TAMS 0x0000000089100000, 0x0000000089100000| Complete 
| 146|0x0000000089200000, 0x0000000089300000, 0x0000000089300000|100%| E|CS|TAMS 0x0000000089200000, 0x0000000089200000| Complete 
| 147|0x0000000089300000, 0x0000000089400000, 0x0000000089400000|100%| E|CS|TAMS 0x0000000089300000, 0x0000000089300000| Complete 
| 148|0x0000000089400000, 0x0000000089500000, 0x0000000089500000|100%| E|CS|TAMS 0x0000000089400000, 0x0000000089400000| Complete 
| 149|0x0000000089500000, 0x0000000089600000, 0x0000000089600000|100%| E|CS|TAMS 0x0000000089500000, 0x0000000089500000| Complete 
| 150|0x0000000089600000, 0x0000000089700000, 0x0000000089700000|100%| E|CS|TAMS 0x0000000089600000, 0x0000000089600000| Complete 
| 151|0x0000000089700000, 0x0000000089800000, 0x0000000089800000|100%| E|CS|TAMS 0x0000000089700000, 0x0000000089700000| Complete 
| 152|0x0000000089800000, 0x0000000089900000, 0x0000000089900000|100%| E|CS|TAMS 0x0000000089800000, 0x0000000089800000| Complete 
| 153|0x0000000089900000, 0x0000000089a00000, 0x0000000089a00000|100%| E|CS|TAMS 0x0000000089900000, 0x0000000089900000| Complete 
| 154|0x0000000089a00000, 0x0000000089b00000, 0x0000000089b00000|100%| E|CS|TAMS 0x0000000089a00000, 0x0000000089a00000| Complete 
| 155|0x0000000089b00000, 0x0000000089c00000, 0x0000000089c00000|100%| E|CS|TAMS 0x0000000089b00000, 0x0000000089b00000| Complete 
| 156|0x0000000089c00000, 0x0000000089d00000, 0x0000000089d00000|100%| E|CS|TAMS 0x0000000089c00000, 0x0000000089c00000| Complete 
| 157|0x0000000089d00000, 0x0000000089e00000, 0x0000000089e00000|100%| E|CS|TAMS 0x0000000089d00000, 0x0000000089d00000| Complete 
| 158|0x0000000089e00000, 0x0000000089f00000, 0x0000000089f00000|100%| E|CS|TAMS 0x0000000089e00000, 0x0000000089e00000| Complete 
| 159|0x0000000089f00000, 0x000000008a000000, 0x000000008a000000|100%| E|CS|TAMS 0x0000000089f00000, 0x0000000089f00000| Complete 
| 160|0x000000008a000000, 0x000000008a100000, 0x000000008a100000|100%| E|CS|TAMS 0x000000008a000000, 0x000000008a000000| Complete 
| 161|0x000000008a100000, 0x000000008a200000, 0x000000008a200000|100%| E|CS|TAMS 0x000000008a100000, 0x000000008a100000| Complete 
| 162|0x000000008a200000, 0x000000008a300000, 0x000000008a300000|100%| E|CS|TAMS 0x000000008a200000, 0x000000008a200000| Complete 
| 163|0x000000008a300000, 0x000000008a400000, 0x000000008a400000|100%| E|CS|TAMS 0x000000008a300000, 0x000000008a300000| Complete 
| 164|0x000000008a400000, 0x000000008a500000, 0x000000008a500000|100%| E|CS|TAMS 0x000000008a400000, 0x000000008a400000| Complete 
| 165|0x000000008a500000, 0x000000008a600000, 0x000000008a600000|100%| E|CS|TAMS 0x000000008a500000, 0x000000008a500000| Complete 
| 166|0x000000008a600000, 0x000000008a700000, 0x000000008a700000|100%| E|CS|TAMS 0x000000008a600000, 0x000000008a600000| Complete 
| 167|0x000000008a700000, 0x000000008a800000, 0x000000008a800000|100%| E|CS|TAMS 0x000000008a700000, 0x000000008a700000| Complete 
| 168|0x000000008a800000, 0x000000008a900000, 0x000000008a900000|100%| E|CS|TAMS 0x000000008a800000, 0x000000008a800000| Complete 
| 169|0x000000008a900000, 0x000000008aa00000, 0x000000008aa00000|100%| E|CS|TAMS 0x000000008a900000, 0x000000008a900000| Complete 
| 170|0x000000008aa00000, 0x000000008ab00000, 0x000000008ab00000|100%| E|CS|TAMS 0x000000008aa00000, 0x000000008aa00000| Complete 
| 171|0x000000008ab00000, 0x000000008ac00000, 0x000000008ac00000|100%| E|CS|TAMS 0x000000008ab00000, 0x000000008ab00000| Complete 
| 172|0x000000008ac00000, 0x000000008ad00000, 0x000000008ad00000|100%| E|CS|TAMS 0x000000008ac00000, 0x000000008ac00000| Complete 
| 173|0x000000008ad00000, 0x000000008ae00000, 0x000000008ae00000|100%| E|CS|TAMS 0x000000008ad00000, 0x000000008ad00000| Complete 
| 174|0x000000008ae00000, 0x000000008af00000, 0x000000008af00000|100%| E|CS|TAMS 0x000000008ae00000, 0x000000008ae00000| Complete 
| 175|0x000000008af00000, 0x000000008b000000, 0x000000008b000000|100%| E|CS|TAMS 0x000000008af00000, 0x000000008af00000| Complete 
| 176|0x000000008b000000, 0x000000008b100000, 0x000000008b100000|100%| E|CS|TAMS 0x000000008b000000, 0x000000008b000000| Complete 
| 177|0x000000008b100000, 0x000000008b200000, 0x000000008b200000|100%| E|CS|TAMS 0x000000008b100000, 0x000000008b100000| Complete 
| 178|0x000000008b200000, 0x000000008b300000, 0x000000008b300000|100%| E|CS|TAMS 0x000000008b200000, 0x000000008b200000| Complete 
| 179|0x000000008b300000, 0x000000008b400000, 0x000000008b400000|100%| E|CS|TAMS 0x000000008b300000, 0x000000008b300000| Complete 
| 180|0x000000008b400000, 0x000000008b500000, 0x000000008b500000|100%| E|CS|TAMS 0x000000008b400000, 0x000000008b400000| Complete 
| 181|0x000000008b500000, 0x000000008b600000, 0x000000008b600000|100%| E|CS|TAMS 0x000000008b500000, 0x000000008b500000| Complete 
| 182|0x000000008b600000, 0x000000008b700000, 0x000000008b700000|100%| E|CS|TAMS 0x000000008b600000, 0x000000008b600000| Complete 

Card table byte_map: [0x0000023c48060000,0x0000023c48460000] _byte_map_base: 0x0000023c47c60000

Marking Bits (Prev, Next): (CMBitMap*) 0x0000023c333ae0d8, (CMBitMap*) 0x0000023c333ae110
 Prev Bits: [0x0000023c48860000, 0x0000023c4a860000)
 Next Bits: [0x0000023c4a860000, 0x0000023c4c860000)

Polling page: 0x0000023c33170000

Metaspace:

Usage:
  Non-class:     69.45 MB capacity,    68.43 MB ( 99%) used,   849.16 KB (  1%) free+waste,   195.88 KB ( <1%) overhead. 
      Class:     10.79 MB capacity,    10.17 MB ( 94%) used,   549.85 KB (  5%) free+waste,    90.38 KB ( <1%) overhead. 
       Both:     80.25 MB capacity,    78.60 MB ( 98%) used,     1.37 MB (  2%) free+waste,   286.25 KB ( <1%) overhead. 

Virtual space:
  Non-class space:       70.00 MB reserved,      69.58 MB (>99%) committed 
      Class space:        1.00 GB reserved,      10.88 MB (  1%) committed 
             Both:        1.07 GB reserved,      80.46 MB (  7%) committed 

Chunk freelists:
   Non-Class:  7.00 KB
       Class:  18.00 KB
        Both:  25.00 KB

MaxMetaspaceSize: 17179869184.00 GB
CompressedClassSpaceSize: 1.00 GB

CodeHeap 'non-profiled nmethods': size=120064Kb used=4944Kb max_used=4944Kb free=115119Kb
 bounds [0x0000023c400f0000, 0x0000023c405d0000, 0x0000023c47630000]
CodeHeap 'profiled nmethods': size=120000Kb used=16933Kb max_used=16933Kb free=103066Kb
 bounds [0x0000023c38bc0000, 0x0000023c39c50000, 0x0000023c400f0000]
CodeHeap 'non-nmethods': size=5696Kb used=2274Kb max_used=2319Kb free=3421Kb
 bounds [0x0000023c38630000, 0x0000023c388a0000, 0x0000023c38bc0000]
 total_blobs=8720 nmethods=7849 adapters=782
 compilation: enabled
              stopped_count=0, restarted_count=0
 full_count=0

Compilation events (20 events):
Event: 20.123 Thread 0x0000023c4eecc000 7850       3       java.lang.invoke.InvokerBytecodeGenerator::bogusMethod (74 bytes)
Event: 20.123 Thread 0x0000023c4eecc000 nmethod 7850 0x0000023c39c39610 code [0x0000023c39c397c0, 0x0000023c39c398d8]
Event: 20.123 Thread 0x0000023c4eecc000 7851       3       java.lang.invoke.InvokerBytecodeGenerator::maybeDump (33 bytes)
Event: 20.124 Thread 0x0000023c4eecc000 nmethod 7851 0x0000023c39c39990 code [0x0000023c39c39b40, 0x0000023c39c39c58]
Event: 20.124 Thread 0x0000023c4eecc000 7852       3       java.lang.invoke.InvokerBytecodeGenerator::cpPatches (121 bytes)
Event: 20.125 Thread 0x0000023c4eecc000 nmethod 7852 0x0000023c39c39d10 code [0x0000023c39c3a0a0, 0x0000023c39c3b878]
Event: 20.157 Thread 0x0000023c4eecc000 7853       3       java.util.regex.Pattern$Dollar::match (209 bytes)
Event: 20.158 Thread 0x0000023c4eecc000 nmethod 7853 0x0000023c39c3c110 code [0x0000023c39c3c380, 0x0000023c39c3cf98]
Event: 20.174 Thread 0x0000023c4eecc000 7854       3       java.util.ArrayList::addAll (76 bytes)
Event: 20.174 Thread 0x0000023c4eecc000 nmethod 7854 0x0000023c39c3d210 code [0x0000023c39c3d420, 0x0000023c39c3da18]
Event: 20.226 Thread 0x0000023c4eecc000 7856       3       com.sun.org.apache.xerces.internal.util.XMLChar::isContent (35 bytes)
Event: 20.227 Thread 0x0000023c4eecc000 nmethod 7856 0x0000023c39c3dc10 code [0x0000023c39c3ddc0, 0x0000023c39c3dfd8]
Event: 20.235 Thread 0x0000023c4eecc000 7859       3       java.util.regex.CharPredicates$$Lambda$310/0x00000001004da840::is (5 bytes)
Event: 20.235 Thread 0x0000023c4eecc000 nmethod 7859 0x0000023c39c3e090 code [0x0000023c39c3e280, 0x0000023c39c3e678]
Event: 20.235 Thread 0x0000023c4eecc000 7860       3       java.util.regex.CharPredicates::lambda$ASCII_SPACE$17 (20 bytes)
Event: 20.235 Thread 0x0000023c4eecc000 nmethod 7860 0x0000023c39c3e810 code [0x0000023c39c3e9e0, 0x0000023c39c3ed58]
Event: 20.237 Thread 0x0000023c4eecc000 7861       3       java.util.regex.Pattern$Behind::match (137 bytes)
Event: 20.237 Thread 0x0000023c4eecc000 nmethod 7861 0x0000023c39c3ee90 code [0x0000023c39c3f080, 0x0000023c39c3f678]
Event: 20.237 Thread 0x0000023c4eecc000 7863       3       java.util.regex.Pattern$1::match (14 bytes)
Event: 20.237 Thread 0x0000023c4eecc000 nmethod 7863 0x0000023c39c3f890 code [0x0000023c39c3fa40, 0x0000023c39c3fb98]

GC Heap History (20 events):
Event: 3.947 GC heap before
{Heap before GC invocations=4 (full 0):
 garbage-first heap   total 129024K, used 47485K [0x0000000080000000, 0x0000000100000000)
  region size 1024K, 38 young (38912K), 6 survivors (6144K)
 Metaspace       used 20711K, capacity 21168K, committed 21296K, reserved 1069056K
  class space    used 2532K, capacity 2660K, committed 2688K, reserved 1048576K
}
Event: 3.958 GC heap after
{Heap after GC invocations=5 (full 0):
 garbage-first heap   total 155648K, used 17237K [0x0000000080000000, 0x0000000100000000)
  region size 1024K, 2 young (2048K), 2 survivors (2048K)
 Metaspace       used 20711K, capacity 21168K, committed 21296K, reserved 1069056K
  class space    used 2532K, capacity 2660K, committed 2688K, reserved 1048576K
}
Event: 5.134 GC heap before
{Heap before GC invocations=6 (full 0):
 garbage-first heap   total 155648K, used 74581K [0x0000000080000000, 0x0000000100000000)
  region size 1024K, 58 young (59392K), 2 survivors (2048K)
 Metaspace       used 26390K, capacity 26962K, committed 27008K, reserved 1073152K
  class space    used 3453K, capacity 3683K, committed 3712K, reserved 1048576K
}
Event: 5.142 GC heap after
{Heap after GC invocations=7 (full 0):
 garbage-first heap   total 155648K, used 19201K [0x0000000080000000, 0x0000000100000000)
  region size 1024K, 4 young (4096K), 4 survivors (4096K)
 Metaspace       used 26390K, capacity 26962K, committed 27008K, reserved 1073152K
  class space    used 3453K, capacity 3683K, committed 3712K, reserved 1048576K
}
Event: 6.682 GC heap before
{Heap before GC invocations=7 (full 0):
 garbage-first heap   total 155648K, used 73473K [0x0000000080000000, 0x0000000100000000)
  region size 1024K, 58 young (59392K), 4 survivors (4096K)
 Metaspace       used 35118K, capacity 35910K, committed 36048K, reserved 1081344K
  class space    used 4566K, capacity 4863K, committed 4864K, reserved 1048576K
}
Event: 6.695 GC heap after
{Heap after GC invocations=8 (full 0):
 garbage-first heap   total 155648K, used 22664K [0x0000000080000000, 0x0000000100000000)
  region size 1024K, 7 young (7168K), 7 survivors (7168K)
 Metaspace       used 35118K, capacity 35910K, committed 36048K, reserved 1081344K
  class space    used 4566K, capacity 4863K, committed 4864K, reserved 1048576K
}
Event: 8.578 GC heap before
{Heap before GC invocations=9 (full 0):
 garbage-first heap   total 155648K, used 103560K [0x0000000080000000, 0x0000000100000000)
  region size 1024K, 84 young (86016K), 7 survivors (7168K)
 Metaspace       used 41311K, capacity 42302K, committed 42576K, reserved 1085440K
  class space    used 5311K, capacity 5679K, committed 5760K, reserved 1048576K
}
Event: 8.599 GC heap after
{Heap after GC invocations=10 (full 0):
 garbage-first heap   total 155648K, used 28652K [0x0000000080000000, 0x0000000100000000)
  region size 1024K, 11 young (11264K), 11 survivors (11264K)
 Metaspace       used 41311K, capacity 42302K, committed 42576K, reserved 1085440K
  class space    used 5311K, capacity 5679K, committed 5760K, reserved 1048576K
}
Event: 10.414 GC heap before
{Heap before GC invocations=10 (full 0):
 garbage-first heap   total 155648K, used 108524K [0x0000000080000000, 0x0000000100000000)
  region size 1024K, 89 young (91136K), 11 survivors (11264K)
 Metaspace       used 47470K, capacity 48627K, committed 48720K, reserved 1091584K
  class space    used 6078K, capacity 6528K, committed 6528K, reserved 1048576K
}
Event: 10.435 GC heap after
{Heap after GC invocations=11 (full 0):
 garbage-first heap   total 155648K, used 31465K [0x0000000080000000, 0x0000000100000000)
  region size 1024K, 9 young (9216K), 9 survivors (9216K)
 Metaspace       used 47470K, capacity 48627K, committed 48720K, reserved 1091584K
  class space    used 6078K, capacity 6528K, committed 6528K, reserved 1048576K
}
Event: 12.365 GC heap before
{Heap before GC invocations=11 (full 0):
 garbage-first heap   total 155648K, used 120553K [0x0000000080000000, 0x0000000100000000)
  region size 1024K, 88 young (90112K), 9 survivors (9216K)
 Metaspace       used 53872K, capacity 55153K, committed 55248K, reserved 1097728K
  class space    used 6869K, capacity 7341K, committed 7424K, reserved 1048576K
}
Event: 12.388 GC heap after
{Heap after GC invocations=12 (full 0):
 garbage-first heap   total 187392K, used 49982K [0x0000000080000000, 0x0000000100000000)
  region size 1024K, 11 young (11264K), 11 survivors (11264K)
 Metaspace       used 53872K, capacity 55153K, committed 55248K, reserved 1097728K
  class space    used 6869K, capacity 7341K, committed 7424K, reserved 1048576K
}
Event: 13.311 GC heap before
{Heap before GC invocations=12 (full 0):
 garbage-first heap   total 187392K, used 82750K [0x0000000080000000, 0x0000000100000000)
  region size 1024K, 44 young (45056K), 11 survivors (11264K)
 Metaspace       used 58750K, capacity 60095K, committed 60240K, reserved 1101824K
  class space    used 7416K, capacity 7939K, committed 8064K, reserved 1048576K
}
Event: 13.332 GC heap after
{Heap after GC invocations=13 (full 0):
 garbage-first heap   total 187392K, used 53157K [0x0000000080000000, 0x0000000100000000)
  region size 1024K, 2 young (2048K), 2 survivors (2048K)
 Metaspace       used 58750K, capacity 60095K, committed 60240K, reserved 1101824K
  class space    used 7416K, capacity 7939K, committed 8064K, reserved 1048576K
}
Event: 15.069 GC heap before
{Heap before GC invocations=14 (full 0):
 garbage-first heap   total 187392K, used 119717K [0x0000000080000000, 0x0000000100000000)
  region size 1024K, 67 young (68608K), 2 survivors (2048K)
 Metaspace       used 65674K, capacity 67064K, committed 67412K, reserved 1107968K
  class space    used 8288K, capacity 8842K, committed 8960K, reserved 1048576K
}
Event: 15.083 GC heap after
{Heap after GC invocations=15 (full 0):
 garbage-first heap   total 187392K, used 57412K [0x0000000080000000, 0x0000000100000000)
  region size 1024K, 7 young (7168K), 7 survivors (7168K)
 Metaspace       used 65674K, capacity 67064K, committed 67412K, reserved 1107968K
  class space    used 8288K, capacity 8842K, committed 8960K, reserved 1048576K
}
Event: 16.455 GC heap before
{Heap before GC invocations=16 (full 0):
 garbage-first heap   total 187392K, used 124996K [0x0000000080000000, 0x0000000100000000)
  region size 1024K, 73 young (74752K), 7 survivors (7168K)
 Metaspace       used 68589K, capacity 70095K, committed 70356K, reserved 1110016K
  class space    used 8632K, capacity 9230K, committed 9344K, reserved 1048576K
}
Event: 16.476 GC heap after
{Heap after GC invocations=17 (full 0):
 garbage-first heap   total 187392K, used 62663K [0x0000000080000000, 0x0000000100000000)
  region size 1024K, 10 young (10240K), 10 survivors (10240K)
 Metaspace       used 68589K, capacity 70095K, committed 70356K, reserved 1110016K
  class space    used 8632K, capacity 9230K, committed 9344K, reserved 1048576K
}
Event: 18.853 GC heap before
{Heap before GC invocations=17 (full 0):
 garbage-first heap   total 187392K, used 131271K [0x0000000080000000, 0x0000000100000000)
  region size 1024K, 77 young (78848K), 10 survivors (10240K)
 Metaspace       used 75852K, capacity 77542K, committed 77652K, reserved 1116160K
  class space    used 9762K, capacity 10401K, committed 10496K, reserved 1048576K
}
Event: 18.877 GC heap after
{Heap after GC invocations=18 (full 0):
 garbage-first heap   total 187392K, used 67122K [0x0000000080000000, 0x0000000100000000)
  region size 1024K, 10 young (10240K), 10 survivors (10240K)
 Metaspace       used 75852K, capacity 77542K, committed 77652K, reserved 1116160K
  class space    used 9762K, capacity 10401K, committed 10496K, reserved 1048576K
}

Deoptimization events (20 events):
Event: 19.542 Thread 0x0000023c50610800 Uncommon trap: trap_request=0xffffffde fr.pc=0x0000023c404e130c relative=0x000000000000892c
Event: 19.542 Thread 0x0000023c50610800 Uncommon trap: reason=class_check action=maybe_recompile pc=0x0000023c404e130c method=java.lang.Class.createAnnotationData(I)Ljava/lang/Class$AnnotationData; @ 103 c2
Event: 19.542 Thread 0x0000023c50610800 DEOPT PACKING pc=0x0000023c404e130c sp=0x000000457eef8630
Event: 19.542 Thread 0x0000023c50610800 DEOPT UNPACKING pc=0x0000023c3865662f sp=0x000000457eef8650 mode 2
Event: 19.585 Thread 0x0000023c50610800 Uncommon trap: trap_request=0xfffffff4 fr.pc=0x0000023c404e1b00 relative=0x0000000000009120
Event: 19.585 Thread 0x0000023c50610800 Uncommon trap: reason=null_check action=make_not_entrant pc=0x0000023c404e1b00 method=java.lang.Class.createAnnotationData(I)Ljava/lang/Class$AnnotationData; @ 14 c2
Event: 19.585 Thread 0x0000023c50610800 DEOPT PACKING pc=0x0000023c404e1b00 sp=0x000000457eef7e00
Event: 19.585 Thread 0x0000023c50610800 DEOPT UNPACKING pc=0x0000023c3865662f sp=0x000000457eef7e30 mode 2
Event: 20.221 Thread 0x0000023c50610800 DEOPT PACKING pc=0x0000023c397155e3 sp=0x000000457eef8f90
Event: 20.221 Thread 0x0000023c50610800 DEOPT UNPACKING pc=0x0000023c38656dde sp=0x000000457eef8440 mode 0
Event: 20.221 Thread 0x0000023c50610800 DEOPT PACKING pc=0x0000023c397155e3 sp=0x000000457eef8f90
Event: 20.221 Thread 0x0000023c50610800 DEOPT UNPACKING pc=0x0000023c38656dde sp=0x000000457eef8440 mode 0
Event: 20.221 Thread 0x0000023c50610800 DEOPT PACKING pc=0x0000023c397155e3 sp=0x000000457eef8f90
Event: 20.221 Thread 0x0000023c50610800 DEOPT UNPACKING pc=0x0000023c38656dde sp=0x000000457eef8440 mode 0
Event: 20.221 Thread 0x0000023c50610800 DEOPT PACKING pc=0x0000023c397155e3 sp=0x000000457eef8f90
Event: 20.221 Thread 0x0000023c50610800 DEOPT UNPACKING pc=0x0000023c38656dde sp=0x000000457eef8440 mode 0
Event: 20.221 Thread 0x0000023c50610800 DEOPT PACKING pc=0x0000023c397155e3 sp=0x000000457eef8f90
Event: 20.221 Thread 0x0000023c50610800 DEOPT UNPACKING pc=0x0000023c38656dde sp=0x000000457eef8440 mode 0
Event: 20.221 Thread 0x0000023c50610800 DEOPT PACKING pc=0x0000023c397155e3 sp=0x000000457eef8f90
Event: 20.221 Thread 0x0000023c50610800 DEOPT UNPACKING pc=0x0000023c38656dde sp=0x000000457eef8440 mode 0

Classes redefined (0 events):
No events

Internal exceptions (20 events):
Event: 16.377 Thread 0x0000023c50610800 Exception <a 'java/lang/ClassNotFoundException'{0x00000000879e4940}: org/gradle/api/internal/artifacts/dsl/dependencies/DefaultDependencyHandler_DecoratedBeanInfo> (0x00000000879e4940) thrown at [./src/hotspot/share/classfile/systemDictionary.cpp, line 231]
Event: 16.379 Thread 0x0000023c50610800 Exception <a 'java/lang/ClassNotFoundException'{0x000000008782e9f0}: org/gradle/api/internal/artifacts/dsl/dependencies/DefaultDependencyHandlerBeanInfo> (0x000000008782e9f0) thrown at [./src/hotspot/share/classfile/systemDictionary.cpp, line 231]
Event: 16.382 Thread 0x0000023c50610800 Exception <a 'java/lang/ClassNotFoundException'{0x0000000087878220}: org/gradle/api/internal/artifacts/dsl/dependencies/DefaultDependencyHandlerCustomizer> (0x0000000087878220) thrown at [./src/hotspot/share/classfile/systemDictionary.cpp, line 231]
Event: 16.385 Thread 0x0000023c50610800 Exception <a 'java/lang/ClassNotFoundException'{0x00000000878eb4b8}: org/gradle/api/internal/artifacts/dsl/dependencies/DefaultDependencyHandler_DecoratedCustomizer> (0x00000000878eb4b8) thrown at [./src/hotspot/share/classfile/systemDictionary.cpp, line 231]
Event: 17.811 Thread 0x0000023c50610800 Exception <a 'java/lang/ClassNotFoundException'{0x0000000088bb8c10}: com/android/build/gradle/internal/api/ApkVariantOutputImpl_DecoratedBeanInfo> (0x0000000088bb8c10) thrown at [./src/hotspot/share/classfile/systemDictionary.cpp, line 231]
Event: 17.811 Thread 0x0000023c50610800 Exception <a 'java/lang/ClassNotFoundException'{0x0000000088bd4570}: com/android/build/gradle/internal/api/ApkVariantOutputImplBeanInfo> (0x0000000088bd4570) thrown at [./src/hotspot/share/classfile/systemDictionary.cpp, line 231]
Event: 17.812 Thread 0x0000023c50610800 Exception <a 'java/lang/ClassNotFoundException'{0x0000000088bf07c0}: com/android/build/gradle/internal/api/BaseVariantOutputImplBeanInfo> (0x0000000088bf07c0) thrown at [./src/hotspot/share/classfile/systemDictionary.cpp, line 231]
Event: 17.813 Thread 0x0000023c50610800 Exception <a 'java/lang/ClassNotFoundException'{0x0000000088a0cfe8}: com/android/build/gradle/internal/api/BaseVariantOutputImplCustomizer> (0x0000000088a0cfe8) thrown at [./src/hotspot/share/classfile/systemDictionary.cpp, line 231]
Event: 17.821 Thread 0x0000023c50610800 Exception <a 'java/lang/ClassNotFoundException'{0x0000000088a3b938}: com/android/build/gradle/internal/api/ApkVariantOutputImplCustomizer> (0x0000000088a3b938) thrown at [./src/hotspot/share/classfile/systemDictionary.cpp, line 231]
Event: 17.822 Thread 0x0000023c50610800 Exception <a 'java/lang/ClassNotFoundException'{0x0000000088a66988}: com/android/build/gradle/internal/api/ApkVariantOutputImpl_DecoratedCustomizer> (0x0000000088a66988) thrown at [./src/hotspot/share/classfile/systemDictionary.cpp, line 231]
Event: 17.907 Thread 0x0000023c50610800 Exception <a 'java/lang/ClassNotFoundException'{0x00000000888a4d70}: com/android/build/gradle/internal/api/ReadOnlyBuildTypeBeanInfo> (0x00000000888a4d70) thrown at [./src/hotspot/share/classfile/systemDictionary.cpp, line 231]
Event: 17.908 Thread 0x0000023c50610800 Exception <a 'java/lang/ClassNotFoundException'{0x00000000888c1000}: com/android/build/gradle/internal/api/ReadOnlyBaseConfigBeanInfo> (0x00000000888c1000) thrown at [./src/hotspot/share/classfile/systemDictionary.cpp, line 231]
Event: 17.914 Thread 0x0000023c50610800 Exception <a 'java/lang/ClassNotFoundException'{0x00000000888dd670}: com/android/build/gradle/internal/api/ReadOnlyBaseConfigCustomizer> (0x00000000888dd670) thrown at [./src/hotspot/share/classfile/systemDictionary.cpp, line 231]
Event: 17.917 Thread 0x0000023c50610800 Exception <a 'java/lang/ClassNotFoundException'{0x00000000887092c0}: com/android/build/gradle/internal/api/ReadOnlyBuildTypeCustomizer> (0x00000000887092c0) thrown at [./src/hotspot/share/classfile/systemDictionary.cpp, line 231]
Event: 19.167 Thread 0x0000023c50610800 Exception <a 'sun/nio/fs/WindowsException'{0x000000008ad81ea8}> (0x000000008ad81ea8) thrown at [./src/hotspot/share/prims/jni.cpp, line 615]
Event: 19.168 Thread 0x0000023c50610800 Exception <a 'sun/nio/fs/WindowsException'{0x000000008ad82288}> (0x000000008ad82288) thrown at [./src/hotspot/share/prims/jni.cpp, line 615]
Event: 19.461 Thread 0x0000023c50610800 Exception <a 'java/lang/NullPointerException'{0x000000008a377f10}> (0x000000008a377f10) thrown at [./src/hotspot/share/interpreter/linkResolver.cpp, line 1440]
Event: 19.585 Thread 0x0000023c50610800 Implicit null exception at 0x0000023c404d8aa6 to 0x0000023c404e1ae8
Event: 20.111 Thread 0x0000023c50610800 Exception <a 'java/lang/NoSuchMethodError'{0x00000000893b5778}: 'int java.lang.invoke.DirectMethodHandle$Holder.invokeStatic(java.lang.Object, java.lang.Object, int, java.lang.Object)'> (0x00000000893b5778) thrown at [./src/hotspot/share/interpreter/linkResolver.cpp, line 773]
Event: 20.117 Thread 0x0000023c50610800 Exception <a 'java/lang/NoSuchMethodError'{0x00000000893bc620}: 'java.lang.Object java.lang.invoke.Invokers$Holder.linkToTargetMethod(java.lang.Object, int, java.lang.Object)'> (0x00000000893bc620) thrown at [./src/hotspot/share/interpreter/linkResolver.cpp, line 773]

Events (20 events):
Event: 20.220 loading class com/sun/org/apache/xerces/internal/util/XMLChar
Event: 20.220 loading class com/sun/org/apache/xerces/internal/util/XMLChar done
Event: 20.222 loading class com/sun/org/apache/xerces/internal/util/XMLSymbols
Event: 20.222 loading class com/sun/org/apache/xerces/internal/util/XMLSymbols done
Event: 20.222 loading class com/sun/org/apache/xerces/internal/parsers/AbstractSAXParser$LocatorProxy
Event: 20.222 loading class org/xml/sax/ext/Locator2
Event: 20.222 loading class org/xml/sax/ext/Locator2 done
Event: 20.222 loading class com/sun/org/apache/xerces/internal/parsers/AbstractSAXParser$LocatorProxy done
Event: 20.223 loading class com/sun/org/apache/xerces/internal/impl/XMLScanner$NameType
Event: 20.223 loading class com/sun/org/apache/xerces/internal/impl/XMLScanner$NameType done
Event: 20.224 loading class com/sun/org/apache/xerces/internal/impl/Constants
Event: 20.225 loading class com/sun/org/apache/xerces/internal/impl/Constants done
Event: 20.225 loading class com/sun/org/apache/xerces/internal/impl/Constants$ArrayEnumeration
Event: 20.225 loading class com/sun/org/apache/xerces/internal/impl/Constants$ArrayEnumeration done
Event: 20.227 loading class org/xml/sax/helpers/AttributesImpl
Event: 20.228 loading class org/xml/sax/helpers/AttributesImpl done
Event: 20.229 loading class java/util/regex/Pattern$Behind
Event: 20.229 loading class java/util/regex/Pattern$Behind done
Event: 20.230 loading class java/util/regex/Pattern$Neg
Event: 20.230 loading class java/util/regex/Pattern$Neg done


Dynamic libraries:
0x00007ff6166c0000 - 0x00007ff6166ca000 	C:\Program Files\Android\Android Studio\jre\bin\java.exe
0x00007ffca5010000 - 0x00007ffca5205000 	C:\Windows\SYSTEM32\ntdll.dll
0x00007ffca3a30000 - 0x00007ffca3aee000 	C:\Windows\System32\KERNEL32.DLL
0x00007ffca2ae0000 - 0x00007ffca2da8000 	C:\Windows\System32\KERNELBASE.dll
0x00007ffca2db0000 - 0x00007ffca2eb0000 	C:\Windows\System32\ucrtbase.dll
0x00007ffca0350000 - 0x00007ffca0367000 	C:\Program Files\Android\Android Studio\jre\bin\VCRUNTIME140.dll
0x00007ffca0330000 - 0x00007ffca0349000 	C:\Program Files\Android\Android Studio\jre\bin\jli.dll
0x00007ffca4e30000 - 0x00007ffca4fd0000 	C:\Windows\System32\USER32.dll
0x00007ffca3010000 - 0x00007ffca3032000 	C:\Windows\System32\win32u.dll
0x00007ffca3250000 - 0x00007ffca327b000 	C:\Windows\System32\GDI32.dll
0x00007ffca1ae0000 - 0x00007ffca1d7a000 	C:\Windows\WinSxS\amd64_microsoft.windows.common-controls_6595b64144ccf1df_6.0.19041.1110_none_60b5254171f9507e\COMCTL32.dll
0x00007ffca28e0000 - 0x00007ffca29eb000 	C:\Windows\System32\gdi32full.dll
0x00007ffca3800000 - 0x00007ffca389e000 	C:\Windows\System32\msvcrt.dll
0x00007ffca29f0000 - 0x00007ffca2a8d000 	C:\Windows\System32\msvcp_win.dll
0x00007ffca43d0000 - 0x00007ffca4400000 	C:\Windows\System32\IMM32.DLL
0x00007ffc92f70000 - 0x00007ffc9300d000 	C:\Program Files\Android\Android Studio\jre\bin\msvcp140.dll
0x00007ffc643a0000 - 0x00007ffc64e75000 	C:\Program Files\Android\Android Studio\jre\bin\server\jvm.dll
0x00007ffca4ca0000 - 0x00007ffca4d4e000 	C:\Windows\System32\ADVAPI32.dll
0x00007ffca3760000 - 0x00007ffca37fc000 	C:\Windows\System32\sechost.dll
0x00007ffca38a0000 - 0x00007ffca39c5000 	C:\Windows\System32\RPCRT4.dll
0x00007ffca3220000 - 0x00007ffca3228000 	C:\Windows\System32\PSAPI.DLL
0x00007ffc9aa00000 - 0x00007ffc9aa09000 	C:\Windows\SYSTEM32\WSOCK32.dll
0x00007ffca3ba0000 - 0x00007ffca3c0b000 	C:\Windows\System32\WS2_32.dll
0x00007ffc90020000 - 0x00007ffc90047000 	C:\Windows\SYSTEM32\WINMM.dll
0x00007ffc9b690000 - 0x00007ffc9b69a000 	C:\Windows\SYSTEM32\VERSION.dll
0x00007ffca02b0000 - 0x00007ffca02c2000 	C:\Windows\SYSTEM32\kernel.appcore.dll
0x00007ffc92d10000 - 0x00007ffc92d21000 	C:\Program Files\Android\Android Studio\jre\bin\verify.dll
0x00007ffca2050000 - 0x00007ffca2234000 	C:\Windows\SYSTEM32\DBGHELP.DLL
0x00007ffca2020000 - 0x00007ffca204c000 	C:\Windows\SYSTEM32\dbgcore.DLL
0x00007ffca2730000 - 0x00007ffca27b2000 	C:\Windows\System32\bcryptPrimitives.dll
0x00007ffc80ca0000 - 0x00007ffc80cc9000 	C:\Program Files\Android\Android Studio\jre\bin\java.dll
0x00007ffc97200000 - 0x00007ffc9720b000 	C:\Program Files\Android\Android Studio\jre\bin\jimage.dll
0x00007ffc92c90000 - 0x00007ffc92ca8000 	C:\Program Files\Android\Android Studio\jre\bin\zip.dll
0x00007ffca3c70000 - 0x00007ffca43b4000 	C:\Windows\System32\SHELL32.dll
0x00007ffc9fa00000 - 0x00007ffca0194000 	C:\Windows\SYSTEM32\windows.storage.dll
0x00007ffca3280000 - 0x00007ffca35d4000 	C:\Windows\System32\combase.dll
0x00007ffca1990000 - 0x00007ffca19bc000 	C:\Windows\SYSTEM32\Wldp.dll
0x00007ffca4400000 - 0x00007ffca44ad000 	C:\Windows\System32\SHCORE.dll
0x00007ffca3c10000 - 0x00007ffca3c65000 	C:\Windows\System32\shlwapi.dll
0x00007ffca2670000 - 0x00007ffca268f000 	C:\Windows\SYSTEM32\profapi.dll
0x00007ffc929f0000 - 0x00007ffc92a0a000 	C:\Program Files\Android\Android Studio\jre\bin\net.dll
0x00007ffc919e0000 - 0x00007ffc91ae9000 	C:\Windows\SYSTEM32\WINHTTP.dll
0x00007ffca1730000 - 0x00007ffca179a000 	C:\Windows\system32\mswsock.dll
0x00007ffc91e80000 - 0x00007ffc91e94000 	C:\Program Files\Android\Android Studio\jre\bin\nio.dll
0x00007ffc92ba0000 - 0x00007ffc92bc7000 	C:\Users\usuario\.gradle\native\e1d6ef7f7dcc3fd88c89a11ec53ec762bb8ba0a96d01ffa2cd45eb1d1d8dd5c5\windows-amd64\native-platform.dll
0x00007ffc74de0000 - 0x00007ffc74f24000 	C:\Users\usuario\.gradle\native\5664cfc778a61ccfe75a443a1ab52a65af34e5dc3c78e0209fed803814484fcb\windows-amd64\native-platform-file-events.dll
0x00007ffc96d20000 - 0x00007ffc96d2a000 	C:\Program Files\Android\Android Studio\jre\bin\management.dll
0x00007ffc96ac0000 - 0x00007ffc96acd000 	C:\Program Files\Android\Android Studio\jre\bin\management_ext.dll
0x00007ffca23e0000 - 0x00007ffca23f8000 	C:\Windows\SYSTEM32\CRYPTSP.dll
0x00007ffca1100000 - 0x00007ffca1134000 	C:\Windows\system32\rsaenh.dll
0x00007ffca3040000 - 0x00007ffca3067000 	C:\Windows\System32\bcrypt.dll
0x00007ffca25f0000 - 0x00007ffca261e000 	C:\Windows\SYSTEM32\USERENV.dll
0x00007ffca1950000 - 0x00007ffca195c000 	C:\Windows\SYSTEM32\CRYPTBASE.dll
0x00007ffca1450000 - 0x00007ffca148b000 	C:\Windows\SYSTEM32\IPHLPAPI.DLL
0x00007ffca4b60000 - 0x00007ffca4b68000 	C:\Windows\System32\NSI.dll
0x00007ffc9ac70000 - 0x00007ffc9ac87000 	C:\Windows\SYSTEM32\dhcpcsvc6.DLL
0x00007ffc9b190000 - 0x00007ffc9b1ad000 	C:\Windows\SYSTEM32\dhcpcsvc.DLL
0x00007ffca1490000 - 0x00007ffca155a000 	C:\Windows\SYSTEM32\DNSAPI.dll

dbghelp: loaded successfully - version: 4.0.5 - missing functions: none
symbol engine: initialized successfully - sym options: 0x614 - pdb path: .;C:\Program Files\Android\Android Studio\jre\bin;C:\Windows\SYSTEM32;C:\Windows\WinSxS\amd64_microsoft.windows.common-controls_6595b64144ccf1df_6.0.19041.1110_none_60b5254171f9507e;C:\Program Files\Android\Android Studio\jre\bin\server;C:\Users\usuario\.gradle\native\e1d6ef7f7dcc3fd88c89a11ec53ec762bb8ba0a96d01ffa2cd45eb1d1d8dd5c5\windows-amd64;C:\Users\usuario\.gradle\native\5664cfc778a61ccfe75a443a1ab52a65af34e5dc3c78e0209fed803814484fcb\windows-amd64

VM Arguments:
jvm_args: --add-opens=java.base/java.util=ALL-UNNAMED --add-opens=java.base/java.lang=ALL-UNNAMED --add-opens=java.base/java.lang.invoke=ALL-UNNAMED --add-opens=java.base/java.util=ALL-UNNAMED --add-opens=java.prefs/java.util.prefs=ALL-UNNAMED --add-opens=java.prefs/java.util.prefs=ALL-UNNAMED --add-opens=java.base/java.nio.charset=ALL-UNNAMED --add-opens=java.base/java.net=ALL-UNNAMED --add-opens=java.base/java.util.concurrent.atomic=ALL-UNNAMED -Xmx2048m -Dfile.encoding=UTF-8 -Duser.country=BR -Duser.language=pt -Duser.variant 
java_command: org.gradle.launcher.daemon.bootstrap.GradleDaemon 7.2
java_class_path (initial): C:\Users\usuario\.gradle\wrapper\dists\gradle-7.2-bin\2dnblmf4td7x66yl1d74lt32g\gradle-7.2\lib\gradle-launcher-7.2.jar
Launcher Type: SUN_STANDARD

[Global flags]
     intx CICompilerCount                          = 3                                         {product} {ergonomic}
     uint ConcGCThreads                            = 1                                         {product} {ergonomic}
     uint G1ConcRefinementThreads                  = 4                                         {product} {ergonomic}
   size_t G1HeapRegionSize                         = 1048576                                   {product} {ergonomic}
    uintx GCDrainStackTargetSize                   = 64                                        {product} {ergonomic}
   size_t InitialHeapSize                          = 132120576                                 {product} {ergonomic}
   size_t MarkStackSize                            = 4194304                                   {product} {ergonomic}
   size_t MaxHeapSize                              = 2147483648                                {product} {command line}
   size_t MaxNewSize                               = 1287651328                                {product} {ergonomic}
   size_t MinHeapDeltaBytes                        = 1048576                                   {product} {ergonomic}
    uintx NonNMethodCodeHeapSize                   = 5830732                                {pd product} {ergonomic}
    uintx NonProfiledCodeHeapSize                  = 122913754                              {pd product} {ergonomic}
    uintx ProfiledCodeHeapSize                     = 122913754                              {pd product} {ergonomic}
    uintx ReservedCodeCacheSize                    = 251658240                              {pd product} {ergonomic}
     bool SegmentedCodeCache                       = true                                      {product} {ergonomic}
     bool UseCompressedClassPointers               = true                                 {lp64_product} {ergonomic}
     bool UseCompressedOops                        = true                                 {lp64_product} {ergonomic}
     bool UseG1GC                                  = true                                      {product} {ergonomic}
     bool UseLargePagesIndividualAllocation        = false                                  {pd product} {ergonomic}

Logging:
Log output configuration:
 #0: stdout all=warning uptime,level,tags
 #1: stderr all=off uptime,level,tags

Environment Variables:
JAVA_HOME=C:\Progra~1\Java\jdk-11.0.12\
PATH=C:\Program Files\Graalvm\graalvm-ce-java11-21.3.0\bin;C:\Program Files\Java\jdk-11.0.12\bin;C:\Program Files\Common Files\Oracle\Java\javapath;C:\Program Files (x86)\Common Files\Oracle\Java\javapath;C:\Windows\system32;C:\Windows;C:\Windows\System32\Wbem;C:\Windows\System32\WindowsPowerShell\v1.0\;C:\Windows\System32\OpenSSH\;C:\Program Files (x86)\dotnet\;C:\Program Files\Git\cmd;C:\Program Files (x86)\Intel\Intel(R) Management Engine Components\DAL;C:\Program Files\Intel\Intel(R) Management Engine Components\DAL;C:\Program Files\nodejs\;C:\ProgramData\UNIVALI\Portugol Studio;C:\Users\usuario\AppData\Local\Microsoft\WindowsApps;C:\Users\usuario\AppData\Roaming\npm
USERNAME=Usurio
OS=Windows_NT
PROCESSOR_IDENTIFIER=Intel64 Family 6 Model 142 Stepping 9, GenuineIntel



---------------  S Y S T E M  ---------------

OS: Windows 10 , 64 bit Build 19041 (10.0.19041.1566)
OS uptime: 1 days 4:33 hours
Hyper-V role detected

CPU:total 4 (initial active 4) (2 cores per cpu, 2 threads per core) family 6 model 142 stepping 9 microcode 0xde, cmov, cx8, fxsr, mmx, sse, sse2, sse3, ssse3, sse4.1, sse4.2, popcnt, avx, avx2, aes, clmul, erms, 3dnowpref, lzcnt, ht, tsc, tscinvbit, bmi1, bmi2, adx, fma

Memory: 4k page, system-wide physical 8053M (474M free)
TotalPageFile size 12149M (AvailPageFile size 5M)
current process WorkingSet (physical memory assigned to process): 428M, peak: 428M
current process commit charge ("private bytes"): 459M, peak: 460M

vm_info: OpenJDK 64-Bit Server VM (11.0.11+9-b60-7590822) for windows-amd64 JRE (11.0.11+9-b60-7590822), built on Jul 29 2021 21:43:44 by "builder" with MS VC++ 14.0 (VS2015)

END.
