#
# There is insufficient memory for the Java Runtime Environment to continue.
# Native memory allocation (malloc) failed to allocate 1890736 bytes for Chunk::new
# Possible reasons:
#   The system is out of physical RAM or swap space
#   The process is running with CompressedOops enabled, and the Java Heap may be blocking the growth of the native heap
# Possible solutions:
#   Reduce memory load on the system
#   Increase physical memory or swap space
#   Check if swap backing store is full
#   Decrease Java heap size (-Xmx/-Xms)
#   Decrease number of Java threads
#   Decrease Java thread stack sizes (-Xss)
#   Set larger code cache with -XX:ReservedCodeCacheSize=
#   JVM is running with Unscaled Compressed Oops mode in which the Java heap is
#     placed in the first 4GB address space. The Java Heap base address is the
#     maximum limit for the native heap growth. Please use -XX:HeapBaseMinAddress
#     to set the Java Heap base and to place the Java Heap above 4GB virtual address.
# This output file may be truncated or incomplete.
#
#  Out of Memory Error (./src/hotspot/share/memory/arena.cpp:197), pid=7416, tid=11196
#
# JRE version: OpenJDK Runtime Environment (11.0.11+9) (build 11.0.11+9-b60-7590822)
# Java VM: OpenJDK 64-Bit Server VM (11.0.11+9-b60-7590822, mixed mode, tiered, compressed oops, g1 gc, windows-amd64)
# No core dump will be written. Minidumps are not enabled by default on client versions of Windows
#

---------------  S U M M A R Y ------------

Command Line: --add-opens=java.base/java.util=ALL-UNNAMED --add-opens=java.base/java.lang=ALL-UNNAMED --add-opens=java.base/java.lang.invoke=ALL-UNNAMED --add-opens=java.base/java.util=ALL-UNNAMED --add-opens=java.prefs/java.util.prefs=ALL-UNNAMED --add-opens=java.prefs/java.util.prefs=ALL-UNNAMED --add-opens=java.base/java.nio.charset=ALL-UNNAMED --add-opens=java.base/java.net=ALL-UNNAMED --add-opens=java.base/java.util.concurrent.atomic=ALL-UNNAMED -Xmx2048m -Dfile.encoding=UTF-8 -Duser.country=BR -Duser.language=pt -Duser.variant org.gradle.launcher.daemon.bootstrap.GradleDaemon 7.2

Host: Intel(R) Core(TM) i5-7200U CPU @ 2.50GHz, 4 cores, 7G,  Windows 10 , 64 bit Build 19041 (10.0.19041.1566)
Time: Fri Mar 18 12:35:33 2022 Hora oficial do Brasil elapsed time: 19.462787 seconds (0d 0h 0m 19s)

---------------  T H R E A D  ---------------

Current thread (0x0000025a48c47800):  JavaThread "C2 CompilerThread0" daemon [_thread_in_native, id=11196, stack(0x000000cbb7400000,0x000000cbb7500000)]


Current CompileTask:
C2:  19462 7267       4       org.gradle.internal.instantiation.generator.AbstractClassGenerator::inspectType (560 bytes)

Stack: [0x000000cbb7400000,0x000000cbb7500000]
Native frames: (J=compiled Java code, j=interpreted, Vv=VM code, C=native code)
V  [jvm.dll+0x5f214a]
V  [jvm.dll+0x726fb5]
V  [jvm.dll+0x7285cd]
V  [jvm.dll+0x728c83]
V  [jvm.dll+0x243278]
V  [jvm.dll+0xbc53c]
V  [jvm.dll+0xbca3c]
V  [jvm.dll+0x353e7d]
V  [jvm.dll+0x321893]
V  [jvm.dll+0x320d8a]
V  [jvm.dll+0x1fc1e2]
V  [jvm.dll+0x1fb3d4]
V  [jvm.dll+0x183d6c]
V  [jvm.dll+0x209a57]
V  [jvm.dll+0x2082a1]
V  [jvm.dll+0x6ef58f]
V  [jvm.dll+0x6e80b5]
V  [jvm.dll+0x5f1036]
C  [ucrtbase.dll+0x21bb2]
C  [KERNEL32.DLL+0x17034]
C  [ntdll.dll+0x52651]


---------------  P R O C E S S  ---------------

Threads class SMR info:
_java_thread_list=0x0000025a50995e40, length=80, elements={
0x0000025a2f03e000, 0x0000025a48c20000, 0x0000025a48c21000, 0x0000025a48c39000,
0x0000025a48c3c000, 0x0000025a48c3e800, 0x0000025a48c47800, 0x0000025a48c49000,
0x0000025a48c4b000, 0x0000025a496fc800, 0x0000025a4bc40800, 0x0000025a498d0000,
0x0000025a4abdc000, 0x0000025a4aa59000, 0x0000025a4b6c0800, 0x0000025a4a495000,
0x0000025a4a6f9800, 0x0000025a4a9db800, 0x0000025a4bd89000, 0x0000025a4ae00000,
0x0000025a4ae01800, 0x0000025a4ae02800, 0x0000025a4ae01000, 0x0000025a4b901800,
0x0000025a4b902800, 0x0000025a4b900800, 0x0000025a4b906800, 0x0000025a4b904800,
0x0000025a4b903000, 0x0000025a4b905800, 0x0000025a4abf3000, 0x0000025a4b904000,
0x0000025a4d2a5000, 0x0000025a4d2a6000, 0x0000025a4d2a0800, 0x0000025a4d2a1000,
0x0000025a4d2a7000, 0x0000025a4d2a3800, 0x0000025a4d2a7800, 0x0000025a4d2a2000,
0x0000025a4d2a8800, 0x0000025a4d2a2800, 0x0000025a4d2aa000, 0x0000025a4d2ab000,
0x0000025a4d2a9800, 0x0000025a4d2af000, 0x0000025a4d2ad800, 0x0000025a4d2ae000,
0x0000025a4d2ab800, 0x0000025a4d2ac800, 0x0000025a4d643800, 0x0000025a4d642000,
0x0000025a4d642800, 0x0000025a4d63e800, 0x0000025a4d63e000, 0x0000025a4d644800,
0x0000025a4d645000, 0x0000025a4d63f800, 0x0000025a4d646000, 0x0000025a4d640800,
0x0000025a4d647000, 0x0000025a4d641000, 0x0000025a4d647800, 0x0000025a4d64a000,
0x0000025a4d64b800, 0x0000025a4d649000, 0x0000025a4d64b000, 0x0000025a4d648800,
0x0000025a4d64c800, 0x0000025a4eaf1800, 0x0000025a4eaf5000, 0x0000025a4eaf2800,
0x0000025a4eaf1000, 0x0000025a4eaf5800, 0x0000025a4eaf6800, 0x0000025a4eaf4000,
0x0000025a4eaf7800, 0x0000025a4eaf8000, 0x0000025a4eaf3000, 0x0000025a4eafa800
}

Java Threads: ( => current thread )
  0x0000025a2f03e000 JavaThread "main" [_thread_blocked, id=11008, stack(0x000000cbb6800000,0x000000cbb6900000)]
  0x0000025a48c20000 JavaThread "Reference Handler" daemon [_thread_blocked, id=4524, stack(0x000000cbb6f00000,0x000000cbb7000000)]
  0x0000025a48c21000 JavaThread "Finalizer" daemon [_thread_blocked, id=4436, stack(0x000000cbb7000000,0x000000cbb7100000)]
  0x0000025a48c39000 JavaThread "Signal Dispatcher" daemon [_thread_blocked, id=13268, stack(0x000000cbb7100000,0x000000cbb7200000)]
  0x0000025a48c3c000 JavaThread "Attach Listener" daemon [_thread_blocked, id=11900, stack(0x000000cbb7200000,0x000000cbb7300000)]
  0x0000025a48c3e800 JavaThread "Service Thread" daemon [_thread_blocked, id=8820, stack(0x000000cbb7300000,0x000000cbb7400000)]
=>0x0000025a48c47800 JavaThread "C2 CompilerThread0" daemon [_thread_in_native, id=11196, stack(0x000000cbb7400000,0x000000cbb7500000)]
  0x0000025a48c49000 JavaThread "C1 CompilerThread0" daemon [_thread_blocked, id=6216, stack(0x000000cbb7500000,0x000000cbb7600000)]
  0x0000025a48c4b000 JavaThread "Sweeper thread" daemon [_thread_blocked, id=8212, stack(0x000000cbb7600000,0x000000cbb7700000)]
  0x0000025a496fc800 JavaThread "Common-Cleaner" daemon [_thread_blocked, id=8808, stack(0x000000cbb7700000,0x000000cbb7800000)]
  0x0000025a4bc40800 JavaThread "Daemon health stats" [_thread_blocked, id=12352, stack(0x000000cbb7c00000,0x000000cbb7d00000)]
  0x0000025a498d0000 JavaThread "Incoming local TCP Connector on port 57556" [_thread_in_native, id=7200, stack(0x000000cbb7900000,0x000000cbb7a00000)]
  0x0000025a4abdc000 JavaThread "Daemon periodic checks" [_thread_blocked, id=12092, stack(0x000000cbb7d00000,0x000000cbb7e00000)]
  0x0000025a4aa59000 JavaThread "Daemon" [_thread_blocked, id=6660, stack(0x000000cbb7e00000,0x000000cbb7f00000)]
  0x0000025a4b6c0800 JavaThread "Handler for socket connection from /127.0.0.1:57556 to /127.0.0.1:57557" [_thread_in_native, id=9740, stack(0x000000cbb7f00000,0x000000cbb8000000)]
  0x0000025a4a495000 JavaThread "Cancel handler" [_thread_blocked, id=12684, stack(0x000000cbb8000000,0x000000cbb8100000)]
  0x0000025a4a6f9800 JavaThread "Daemon worker" [_thread_in_Java, id=8644, stack(0x000000cbb8200000,0x000000cbb8300000)]
  0x0000025a4a9db800 JavaThread "Asynchronous log dispatcher for DefaultDaemonConnection: socket connection from /127.0.0.1:57556 to /127.0.0.1:57557" [_thread_blocked, id=4800, stack(0x000000cbb8300000,0x000000cbb8400000)]
  0x0000025a4bd89000 JavaThread "Stdin handler" [_thread_blocked, id=12044, stack(0x000000cbb8400000,0x000000cbb8500000)]
  0x0000025a4ae00000 JavaThread "Daemon client event forwarder" [_thread_blocked, id=11032, stack(0x000000cbb8500000,0x000000cbb8600000)]
  0x0000025a4ae01800 JavaThread "Cache worker for journal cache (C:\Users\usuario\.gradle\caches\journal-1)" [_thread_blocked, id=5316, stack(0x000000cbb8600000,0x000000cbb8700000)]
  0x0000025a4ae02800 JavaThread "File lock request listener" [_thread_in_native, id=11740, stack(0x000000cbb8700000,0x000000cbb8800000)]
  0x0000025a4ae01000 JavaThread "Cache worker for file hash cache (C:\Users\usuario\.gradle\caches\7.2\fileHashes)" [_thread_blocked, id=13272, stack(0x000000cbb8800000,0x000000cbb8900000)]
  0x0000025a4b901800 JavaThread "Cache worker for file hash cache (C:\Users\usuario\AndroidStudioProjects\Dados\.gradle\7.2\fileHashes)" [_thread_blocked, id=13308, stack(0x000000cbb8a00000,0x000000cbb8b00000)]
  0x0000025a4b902800 JavaThread "File watcher server" daemon [_thread_in_native, id=5756, stack(0x000000cbb8b00000,0x000000cbb8c00000)]
  0x0000025a4b900800 JavaThread "File watcher consumer" daemon [_thread_blocked, id=4716, stack(0x000000cbb8c00000,0x000000cbb8d00000)]
  0x0000025a4b906800 JavaThread "Cache worker for checksums cache (C:\Users\usuario\AndroidStudioProjects\Dados\.gradle\checksums)" [_thread_blocked, id=1516, stack(0x000000cbb8900000,0x000000cbb8a00000)]
  0x0000025a4b904800 JavaThread "Cache worker for cache directory md-supplier (C:\Users\usuario\.gradle\caches\7.2\md-supplier)" [_thread_blocked, id=11280, stack(0x000000cbb8d00000,0x000000cbb8e00000)]
  0x0000025a4b903000 JavaThread "Cache worker for cache directory md-rule (C:\Users\usuario\.gradle\caches\7.2\md-rule)" [_thread_blocked, id=11092, stack(0x000000cbb8f00000,0x000000cbb9000000)]
  0x0000025a4b905800 JavaThread "Cache worker for execution history cache (C:\Users\usuario\.gradle\caches\7.2\executionHistory)" [_thread_blocked, id=7704, stack(0x000000cbb9000000,0x000000cbb9100000)]
  0x0000025a4abf3000 JavaThread "C2 CompilerThread1" daemon [_thread_in_native, id=11192, stack(0x000000cbb8e00000,0x000000cbb8f00000)]
  0x0000025a4b904000 JavaThread "jar transforms" [_thread_blocked, id=8036, stack(0x000000cbb9100000,0x000000cbb9200000)]
  0x0000025a4d2a5000 JavaThread "Cache worker for file content cache (C:\Users\usuario\.gradle\caches\7.2\fileContent)" [_thread_blocked, id=11356, stack(0x000000cbb9200000,0x000000cbb9300000)]
  0x0000025a4d2a6000 JavaThread "jar transforms Thread 2" [_thread_blocked, id=6324, stack(0x000000cbb9300000,0x000000cbb9400000)]
  0x0000025a4d2a0800 JavaThread "Cache worker for dependencies-accessors (C:\Users\usuario\AndroidStudioProjects\Dados\.gradle\7.2\dependencies-accessors)" [_thread_blocked, id=2492, stack(0x000000cbb9400000,0x000000cbb9500000)]
  0x0000025a4d2a1000 JavaThread "jar transforms Thread 3" [_thread_blocked, id=7116, stack(0x000000cbb9500000,0x000000cbb9600000)]
  0x0000025a4d2a7000 JavaThread "Cache worker for Build Output Cleanup Cache (C:\Users\usuario\AndroidStudioProjects\Dados\.gradle\buildOutputCleanup)" [_thread_blocked, id=12680, stack(0x000000cbb9600000,0x000000cbb9700000)]
  0x0000025a4d2a3800 JavaThread "Unconstrained build operations" [_thread_blocked, id=8768, stack(0x000000cbb9700000,0x000000cbb9800000)]
  0x0000025a4d2a7800 JavaThread "Unconstrained build operations Thread 2" [_thread_blocked, id=10308, stack(0x000000cbb9800000,0x000000cbb9900000)]
  0x0000025a4d2a2000 JavaThread "Unconstrained build operations Thread 3" [_thread_blocked, id=3212, stack(0x000000cbb9900000,0x000000cbb9a00000)]
  0x0000025a4d2a8800 JavaThread "Unconstrained build operations Thread 4" [_thread_blocked, id=3968, stack(0x000000cbb9a00000,0x000000cbb9b00000)]
  0x0000025a4d2a2800 JavaThread "Unconstrained build operations Thread 5" [_thread_blocked, id=1312, stack(0x000000cbb9b00000,0x000000cbb9c00000)]
  0x0000025a4d2aa000 JavaThread "Unconstrained build operations Thread 6" [_thread_blocked, id=5832, stack(0x000000cbb9c00000,0x000000cbb9d00000)]
  0x0000025a4d2ab000 JavaThread "Unconstrained build operations Thread 7" [_thread_blocked, id=4788, stack(0x000000cbb9d00000,0x000000cbb9e00000)]
  0x0000025a4d2a9800 JavaThread "Unconstrained build operations Thread 8" [_thread_blocked, id=10080, stack(0x000000cbb9e00000,0x000000cbb9f00000)]
  0x0000025a4d2af000 JavaThread "Unconstrained build operations Thread 9" [_thread_blocked, id=12692, stack(0x000000cbb9f00000,0x000000cbba000000)]
  0x0000025a4d2ad800 JavaThread "Unconstrained build operations Thread 10" [_thread_blocked, id=5724, stack(0x000000cbba000000,0x000000cbba100000)]
  0x0000025a4d2ae000 JavaThread "Unconstrained build operations Thread 11" [_thread_blocked, id=5432, stack(0x000000cbba100000,0x000000cbba200000)]
  0x0000025a4d2ab800 JavaThread "Unconstrained build operations Thread 12" [_thread_blocked, id=6092, stack(0x000000cbba200000,0x000000cbba300000)]
  0x0000025a4d2ac800 JavaThread "Unconstrained build operations Thread 13" [_thread_blocked, id=10404, stack(0x000000cbba300000,0x000000cbba400000)]
  0x0000025a4d643800 JavaThread "Unconstrained build operations Thread 14" [_thread_blocked, id=7656, stack(0x000000cbba400000,0x000000cbba500000)]
  0x0000025a4d642000 JavaThread "Unconstrained build operations Thread 15" [_thread_blocked, id=7332, stack(0x000000cbba500000,0x000000cbba600000)]
  0x0000025a4d642800 JavaThread "Unconstrained build operations Thread 16" [_thread_blocked, id=4464, stack(0x000000cbba600000,0x000000cbba700000)]
  0x0000025a4d63e800 JavaThread "Unconstrained build operations Thread 17" [_thread_blocked, id=6292, stack(0x000000cbba700000,0x000000cbba800000)]
  0x0000025a4d63e000 JavaThread "Unconstrained build operations Thread 18" [_thread_blocked, id=11880, stack(0x000000cbba800000,0x000000cbba900000)]
  0x0000025a4d644800 JavaThread "Unconstrained build operations Thread 19" [_thread_blocked, id=4512, stack(0x000000cbba900000,0x000000cbbaa00000)]
  0x0000025a4d645000 JavaThread "Unconstrained build operations Thread 20" [_thread_blocked, id=5480, stack(0x000000cbbaa00000,0x000000cbbab00000)]
  0x0000025a4d63f800 JavaThread "Unconstrained build operations Thread 21" [_thread_blocked, id=1660, stack(0x000000cbbab00000,0x000000cbbac00000)]
  0x0000025a4d646000 JavaThread "Unconstrained build operations Thread 22" [_thread_blocked, id=7556, stack(0x000000cbbac00000,0x000000cbbad00000)]
  0x0000025a4d640800 JavaThread "Unconstrained build operations Thread 23" [_thread_blocked, id=12888, stack(0x000000cbbad00000,0x000000cbbae00000)]
  0x0000025a4d647000 JavaThread "Unconstrained build operations Thread 24" [_thread_blocked, id=8752, stack(0x000000cbbae00000,0x000000cbbaf00000)]
  0x0000025a4d641000 JavaThread "Unconstrained build operations Thread 25" [_thread_blocked, id=9336, stack(0x000000cbbaf00000,0x000000cbbb000000)]
  0x0000025a4d647800 JavaThread "Unconstrained build operations Thread 26" [_thread_blocked, id=9916, stack(0x000000cbbb000000,0x000000cbbb100000)]
  0x0000025a4d64a000 JavaThread "Unconstrained build operations Thread 27" [_thread_blocked, id=10144, stack(0x000000cbbb100000,0x000000cbbb200000)]
  0x0000025a4d64b800 JavaThread "Unconstrained build operations Thread 28" [_thread_blocked, id=3340, stack(0x000000cbbb200000,0x000000cbbb300000)]
  0x0000025a4d649000 JavaThread "Unconstrained build operations Thread 29" [_thread_blocked, id=9540, stack(0x000000cbbb300000,0x000000cbbb400000)]
  0x0000025a4d64b000 JavaThread "Unconstrained build operations Thread 30" [_thread_blocked, id=13200, stack(0x000000cbbb400000,0x000000cbbb500000)]
  0x0000025a4d648800 JavaThread "Unconstrained build operations Thread 31" [_thread_blocked, id=4880, stack(0x000000cbbb500000,0x000000cbbb600000)]
  0x0000025a4d64c800 JavaThread "Unconstrained build operations Thread 32" [_thread_blocked, id=7648, stack(0x000000cbbb600000,0x000000cbbb700000)]
  0x0000025a4eaf1800 JavaThread "Unconstrained build operations Thread 33" [_thread_blocked, id=10084, stack(0x000000cbbb700000,0x000000cbbb800000)]
  0x0000025a4eaf5000 JavaThread "Unconstrained build operations Thread 34" [_thread_blocked, id=216, stack(0x000000cbbb800000,0x000000cbbb900000)]
  0x0000025a4eaf2800 JavaThread "Unconstrained build operations Thread 35" [_thread_blocked, id=13240, stack(0x000000cbbb900000,0x000000cbbba00000)]
  0x0000025a4eaf1000 JavaThread "Unconstrained build operations Thread 36" [_thread_blocked, id=10592, stack(0x000000cbbba00000,0x000000cbbbb00000)]
  0x0000025a4eaf5800 JavaThread "Unconstrained build operations Thread 37" [_thread_blocked, id=7148, stack(0x000000cbbbb00000,0x000000cbbbc00000)]
  0x0000025a4eaf6800 JavaThread "Unconstrained build operations Thread 38" [_thread_blocked, id=3428, stack(0x000000cbbbc00000,0x000000cbbbd00000)]
  0x0000025a4eaf4000 JavaThread "Unconstrained build operations Thread 39" [_thread_blocked, id=1300, stack(0x000000cbbbd00000,0x000000cbbbe00000)]
  0x0000025a4eaf7800 JavaThread "Unconstrained build operations Thread 40" [_thread_blocked, id=4736, stack(0x000000cbbbe00000,0x000000cbbbf00000)]
  0x0000025a4eaf8000 JavaThread "jar transforms Thread 4" [_thread_blocked, id=5984, stack(0x000000cbbbf00000,0x000000cbbc000000)]
  0x0000025a4eaf3000 JavaThread "Memory manager" [_thread_blocked, id=8052, stack(0x000000cbbc000000,0x000000cbbc100000)]
  0x0000025a4eafa800 JavaThread "build event listener" [_thread_blocked, id=10536, stack(0x000000cbbc100000,0x000000cbbc200000)]

Other Threads:
  0x0000025a48c1b800 VMThread "VM Thread" [stack: 0x000000cbb6e00000,0x000000cbb6f00000] [id=12492]
  0x0000025a49757800 WatcherThread [stack: 0x000000cbb7800000,0x000000cbb7900000] [id=9272]
  0x0000025a2f056000 GCTaskThread "GC Thread#0" [stack: 0x000000cbb6900000,0x000000cbb6a00000] [id=8344]
  0x0000025a4a3e3000 GCTaskThread "GC Thread#1" [stack: 0x000000cbb7a00000,0x000000cbb7b00000] [id=4408]
  0x0000025a49d2c800 GCTaskThread "GC Thread#2" [stack: 0x000000cbb7b00000,0x000000cbb7c00000] [id=5680]
  0x0000025a4a983000 GCTaskThread "GC Thread#3" [stack: 0x000000cbb8100000,0x000000cbb8200000] [id=7784]
  0x0000025a2f087000 ConcurrentGCThread "G1 Main Marker" [stack: 0x000000cbb6a00000,0x000000cbb6b00000] [id=824]
  0x0000025a2f088000 ConcurrentGCThread "G1 Conc#0" [stack: 0x000000cbb6b00000,0x000000cbb6c00000] [id=12484]
  0x0000025a2f117000 ConcurrentGCThread "G1 Refine#0" [stack: 0x000000cbb6c00000,0x000000cbb6d00000] [id=2896]
  0x0000025a2f118000 ConcurrentGCThread "G1 Young RemSet Sampling" [stack: 0x000000cbb6d00000,0x000000cbb6e00000] [id=940]

Threads with active compile tasks:
C2 CompilerThread0  19505 7267       4       org.gradle.internal.instantiation.generator.AbstractClassGenerator::inspectType (560 bytes)
C2 CompilerThread1  19505 7292       4       sun.reflect.generics.parser.SignatureParser::parsePackageNameAndSimpleClassTypeSignature (119 bytes)

VM state:not at safepoint (normal execution)

VM Mutex/Monitor currently owned by a thread: None

Heap address: 0x0000000080000000, size: 2048 MB, Compressed Oops mode: 32-bit
Narrow klass base: 0x0000000000000000, Narrow klass shift: 3
Compressed class space size: 1073741824 Address: 0x0000000100000000

Heap:
 garbage-first heap   total 187392K, used 114221K [0x0000000080000000, 0x0000000100000000)
  region size 1024K, 58 young (59392K), 6 survivors (6144K)
 Metaspace       used 74547K, capacity 76058K, committed 76320K, reserved 1116160K
  class space    used 9560K, capacity 10163K, committed 10188K, reserved 1048576K
Heap Regions: E=young(eden), S=young(survivor), O=old, HS=humongous(starts), HC=humongous(continues), CS=collection set, F=free, A=archive, TAMS=top-at-mark-start (previous, next)
|   0|0x0000000080000000, 0x0000000080100000, 0x0000000080100000|100%| O|  |TAMS 0x0000000080100000, 0x0000000080000000| Untracked 
|   1|0x0000000080100000, 0x0000000080200000, 0x0000000080200000|100%| O|  |TAMS 0x0000000080200000, 0x0000000080100000| Untracked 
|   2|0x0000000080200000, 0x0000000080300000, 0x0000000080300000|100%| O|  |TAMS 0x0000000080300000, 0x0000000080200000| Untracked 
|   3|0x0000000080300000, 0x0000000080400000, 0x0000000080400000|100%|HS|  |TAMS 0x0000000080400000, 0x0000000080300000| Complete 
|   4|0x0000000080400000, 0x0000000080500000, 0x0000000080500000|100%|HC|  |TAMS 0x0000000080500000, 0x0000000080400000| Complete 
|   5|0x0000000080500000, 0x0000000080600000, 0x0000000080600000|100%|HC|  |TAMS 0x0000000080600000, 0x0000000080500000| Complete 
|   6|0x0000000080600000, 0x0000000080700000, 0x0000000080700000|100%| O|  |TAMS 0x0000000080700000, 0x0000000080600000| Untracked 
|   7|0x0000000080700000, 0x0000000080800000, 0x0000000080800000|100%| O|  |TAMS 0x0000000080800000, 0x0000000080700000| Untracked 
|   8|0x0000000080800000, 0x0000000080900000, 0x0000000080900000|100%| O|  |TAMS 0x0000000080900000, 0x0000000080800000| Untracked 
|   9|0x0000000080900000, 0x0000000080a00000, 0x0000000080a00000|100%| O|  |TAMS 0x0000000080a00000, 0x0000000080900000| Untracked 
|  10|0x0000000080a00000, 0x0000000080b00000, 0x0000000080b00000|100%| O|  |TAMS 0x0000000080b00000, 0x0000000080a00000| Untracked 
|  11|0x0000000080b00000, 0x0000000080c00000, 0x0000000080c00000|100%| O|  |TAMS 0x0000000080c00000, 0x0000000080b00000| Untracked 
|  12|0x0000000080c00000, 0x0000000080d00000, 0x0000000080d00000|100%| O|  |TAMS 0x0000000080d00000, 0x0000000080c00000| Untracked 
|  13|0x0000000080d00000, 0x0000000080e00000, 0x0000000080e00000|100%| O|  |TAMS 0x0000000080e00000, 0x0000000080d00000| Untracked 
|  14|0x0000000080e00000, 0x0000000080f00000, 0x0000000080f00000|100%| O|  |TAMS 0x0000000080f00000, 0x0000000080e00000| Untracked 
|  15|0x0000000080f00000, 0x0000000081000000, 0x0000000081000000|100%|HS|  |TAMS 0x0000000081000000, 0x0000000080f00000| Complete 
|  16|0x0000000081000000, 0x0000000081100000, 0x0000000081100000|100%| O|  |TAMS 0x0000000081100000, 0x0000000081000000| Untracked 
|  17|0x0000000081100000, 0x0000000081200000, 0x0000000081200000|100%| O|  |TAMS 0x0000000081200000, 0x0000000081100000| Untracked 
|  18|0x0000000081200000, 0x0000000081300000, 0x0000000081300000|100%| O|  |TAMS 0x0000000081300000, 0x0000000081200000| Untracked 
|  19|0x0000000081300000, 0x0000000081400000, 0x0000000081400000|100%| O|  |TAMS 0x0000000081400000, 0x0000000081300000| Untracked 
|  20|0x0000000081400000, 0x0000000081500000, 0x0000000081500000|100%| O|  |TAMS 0x0000000081500000, 0x0000000081400000| Untracked 
|  21|0x0000000081500000, 0x0000000081600000, 0x0000000081600000|100%| O|  |TAMS 0x0000000081600000, 0x0000000081500000| Untracked 
|  22|0x0000000081600000, 0x0000000081700000, 0x0000000081700000|100%| O|  |TAMS 0x0000000081700000, 0x0000000081600000| Untracked 
|  23|0x0000000081700000, 0x0000000081800000, 0x0000000081800000|100%| O|  |TAMS 0x0000000081800000, 0x0000000081700000| Untracked 
|  24|0x0000000081800000, 0x0000000081900000, 0x0000000081900000|100%|HS|  |TAMS 0x0000000081900000, 0x0000000081800000| Complete 
|  25|0x0000000081900000, 0x0000000081a00000, 0x0000000081a00000|100%|HS|  |TAMS 0x0000000081a00000, 0x0000000081900000| Complete 
|  26|0x0000000081a00000, 0x0000000081b00000, 0x0000000081b00000|100%|HS|  |TAMS 0x0000000081b00000, 0x0000000081a00000| Complete 
|  27|0x0000000081b00000, 0x0000000081c00000, 0x0000000081c00000|100%|HS|  |TAMS 0x0000000081c00000, 0x0000000081b00000| Complete 
|  28|0x0000000081c00000, 0x0000000081d00000, 0x0000000081d00000|100%|HC|  |TAMS 0x0000000081d00000, 0x0000000081c00000| Complete 
|  29|0x0000000081d00000, 0x0000000081e00000, 0x0000000081e00000|100%|HC|  |TAMS 0x0000000081e00000, 0x0000000081d00000| Complete 
|  30|0x0000000081e00000, 0x0000000081f00000, 0x0000000081f00000|100%|HS|  |TAMS 0x0000000081f00000, 0x0000000081e00000| Complete 
|  31|0x0000000081f00000, 0x0000000082000000, 0x0000000082000000|100%|HC|  |TAMS 0x0000000082000000, 0x0000000081f00000| Complete 
|  32|0x0000000082000000, 0x0000000082100000, 0x0000000082100000|100%| O|  |TAMS 0x0000000082100000, 0x0000000082000000| Untracked 
|  33|0x0000000082100000, 0x0000000082200000, 0x0000000082200000|100%| O|  |TAMS 0x0000000082200000, 0x0000000082100000| Untracked 
|  34|0x0000000082200000, 0x0000000082300000, 0x0000000082300000|100%| O|  |TAMS 0x0000000082300000, 0x0000000082200000| Untracked 
|  35|0x0000000082300000, 0x0000000082400000, 0x0000000082400000|100%| O|  |TAMS 0x0000000082400000, 0x0000000082300000| Untracked 
|  36|0x0000000082400000, 0x0000000082500000, 0x0000000082500000|100%| O|  |TAMS 0x0000000082500000, 0x0000000082400000| Untracked 
|  37|0x0000000082500000, 0x0000000082600000, 0x0000000082600000|100%| O|  |TAMS 0x0000000082600000, 0x0000000082500000| Untracked 
|  38|0x0000000082600000, 0x0000000082700000, 0x0000000082700000|100%| O|  |TAMS 0x0000000082700000, 0x0000000082600000| Untracked 
|  39|0x0000000082700000, 0x0000000082800000, 0x0000000082800000|100%| O|  |TAMS 0x0000000082800000, 0x0000000082700000| Untracked 
|  40|0x0000000082800000, 0x0000000082900000, 0x0000000082900000|100%| O|  |TAMS 0x0000000082900000, 0x0000000082800000| Untracked 
|  41|0x0000000082900000, 0x0000000082a00000, 0x0000000082a00000|100%| O|  |TAMS 0x0000000082a00000, 0x0000000082900000| Untracked 
|  42|0x0000000082a00000, 0x0000000082b00000, 0x0000000082b00000|100%| O|  |TAMS 0x0000000082b00000, 0x0000000082a00000| Untracked 
|  43|0x0000000082b00000, 0x0000000082c00000, 0x0000000082c00000|100%| O|  |TAMS 0x0000000082c00000, 0x0000000082b00000| Untracked 
|  44|0x0000000082c00000, 0x0000000082d00000, 0x0000000082d00000|100%| O|  |TAMS 0x0000000082d00000, 0x0000000082c00000| Untracked 
|  45|0x0000000082d00000, 0x0000000082e00000, 0x0000000082e00000|100%| O|  |TAMS 0x0000000082e00000, 0x0000000082d00000| Untracked 
|  46|0x0000000082e00000, 0x0000000082f00000, 0x0000000082f00000|100%| O|  |TAMS 0x0000000082f00000, 0x0000000082e00000| Untracked 
|  47|0x0000000082f00000, 0x0000000083000000, 0x0000000083000000|100%| O|  |TAMS 0x0000000083000000, 0x0000000082f00000| Untracked 
|  48|0x0000000083000000, 0x0000000083100000, 0x0000000083100000|100%| O|  |TAMS 0x000000008303c200, 0x0000000083000000| Untracked 
|  49|0x0000000083100000, 0x0000000083200000, 0x0000000083200000|100%| O|  |TAMS 0x0000000083100000, 0x0000000083100000| Untracked 
|  50|0x0000000083200000, 0x0000000083300000, 0x0000000083300000|100%| O|  |TAMS 0x0000000083200000, 0x0000000083200000| Untracked 
|  51|0x0000000083300000, 0x0000000083400000, 0x0000000083400000|100%| O|  |TAMS 0x0000000083300000, 0x0000000083300000| Untracked 
|  52|0x0000000083400000, 0x0000000083500000, 0x0000000083500000|100%| O|  |TAMS 0x0000000083400000, 0x0000000083400000| Untracked 
|  53|0x0000000083500000, 0x0000000083600000, 0x0000000083600000|100%| O|  |TAMS 0x0000000083500000, 0x0000000083500000| Untracked 
|  54|0x0000000083600000, 0x00000000836e9c00, 0x0000000083700000| 91%| O|  |TAMS 0x0000000083600000, 0x0000000083600000| Untracked 
|  55|0x0000000083700000, 0x0000000083700000, 0x0000000083800000|  0%| F|  |TAMS 0x0000000083700000, 0x0000000083700000| Untracked 
|  56|0x0000000083800000, 0x0000000083800000, 0x0000000083900000|  0%| F|  |TAMS 0x0000000083800000, 0x0000000083800000| Untracked 
|  57|0x0000000083900000, 0x0000000083900000, 0x0000000083a00000|  0%| F|  |TAMS 0x0000000083900000, 0x0000000083900000| Untracked 
|  58|0x0000000083a00000, 0x0000000083a00000, 0x0000000083b00000|  0%| F|  |TAMS 0x0000000083a00000, 0x0000000083a00000| Untracked 
|  59|0x0000000083b00000, 0x0000000083b00000, 0x0000000083c00000|  0%| F|  |TAMS 0x0000000083b00000, 0x0000000083b00000| Untracked 
|  60|0x0000000083c00000, 0x0000000083c00000, 0x0000000083d00000|  0%| F|  |TAMS 0x0000000083c00000, 0x0000000083c00000| Untracked 
|  61|0x0000000083d00000, 0x0000000083d00000, 0x0000000083e00000|  0%| F|  |TAMS 0x0000000083d00000, 0x0000000083d00000| Untracked 
|  62|0x0000000083e00000, 0x0000000083e00000, 0x0000000083f00000|  0%| F|  |TAMS 0x0000000083e00000, 0x0000000083e00000| Untracked 
|  63|0x0000000083f00000, 0x0000000083f00000, 0x0000000084000000|  0%| F|  |TAMS 0x0000000083f00000, 0x0000000083f00000| Untracked 
|  64|0x0000000084000000, 0x0000000084000000, 0x0000000084100000|  0%| F|  |TAMS 0x0000000084000000, 0x0000000084000000| Untracked 
|  65|0x0000000084100000, 0x0000000084100000, 0x0000000084200000|  0%| F|  |TAMS 0x0000000084100000, 0x0000000084100000| Untracked 
|  66|0x0000000084200000, 0x0000000084200000, 0x0000000084300000|  0%| F|  |TAMS 0x0000000084200000, 0x0000000084200000| Untracked 
|  67|0x0000000084300000, 0x0000000084300000, 0x0000000084400000|  0%| F|  |TAMS 0x0000000084300000, 0x0000000084300000| Untracked 
|  68|0x0000000084400000, 0x0000000084400000, 0x0000000084500000|  0%| F|  |TAMS 0x0000000084400000, 0x0000000084400000| Untracked 
|  69|0x0000000084500000, 0x0000000084500000, 0x0000000084600000|  0%| F|  |TAMS 0x0000000084500000, 0x0000000084500000| Untracked 
|  70|0x0000000084600000, 0x0000000084600000, 0x0000000084700000|  0%| F|  |TAMS 0x0000000084600000, 0x0000000084600000| Untracked 
|  71|0x0000000084700000, 0x0000000084700000, 0x0000000084800000|  0%| F|  |TAMS 0x0000000084700000, 0x0000000084700000| Untracked 
|  72|0x0000000084800000, 0x0000000084800000, 0x0000000084900000|  0%| F|  |TAMS 0x0000000084800000, 0x0000000084800000| Untracked 
|  73|0x0000000084900000, 0x0000000084900000, 0x0000000084a00000|  0%| F|  |TAMS 0x0000000084900000, 0x0000000084900000| Untracked 
|  74|0x0000000084a00000, 0x0000000084a00000, 0x0000000084b00000|  0%| F|  |TAMS 0x0000000084a00000, 0x0000000084a00000| Untracked 
|  75|0x0000000084b00000, 0x0000000084b00000, 0x0000000084c00000|  0%| F|  |TAMS 0x0000000084b00000, 0x0000000084b00000| Untracked 
|  76|0x0000000084c00000, 0x0000000084c00000, 0x0000000084d00000|  0%| F|  |TAMS 0x0000000084c00000, 0x0000000084c00000| Untracked 
|  77|0x0000000084d00000, 0x0000000084d00000, 0x0000000084e00000|  0%| F|  |TAMS 0x0000000084d00000, 0x0000000084d00000| Untracked 
|  78|0x0000000084e00000, 0x0000000084e00000, 0x0000000084f00000|  0%| F|  |TAMS 0x0000000084e00000, 0x0000000084e00000| Untracked 
|  79|0x0000000084f00000, 0x0000000084f00000, 0x0000000085000000|  0%| F|  |TAMS 0x0000000084f00000, 0x0000000084f00000| Untracked 
|  80|0x0000000085000000, 0x0000000085000000, 0x0000000085100000|  0%| F|  |TAMS 0x0000000085000000, 0x0000000085000000| Untracked 
|  81|0x0000000085100000, 0x0000000085100000, 0x0000000085200000|  0%| F|  |TAMS 0x0000000085100000, 0x0000000085100000| Untracked 
|  82|0x0000000085200000, 0x0000000085200000, 0x0000000085300000|  0%| F|  |TAMS 0x0000000085200000, 0x0000000085200000| Untracked 
|  83|0x0000000085300000, 0x0000000085300000, 0x0000000085400000|  0%| F|  |TAMS 0x0000000085300000, 0x0000000085300000| Untracked 
|  84|0x0000000085400000, 0x0000000085400000, 0x0000000085500000|  0%| F|  |TAMS 0x0000000085400000, 0x0000000085400000| Untracked 
|  85|0x0000000085500000, 0x0000000085500000, 0x0000000085600000|  0%| F|  |TAMS 0x0000000085500000, 0x0000000085500000| Untracked 
|  86|0x0000000085600000, 0x0000000085600000, 0x0000000085700000|  0%| F|  |TAMS 0x0000000085600000, 0x0000000085600000| Untracked 
|  87|0x0000000085700000, 0x0000000085700000, 0x0000000085800000|  0%| F|  |TAMS 0x0000000085700000, 0x0000000085700000| Untracked 
|  88|0x0000000085800000, 0x0000000085800000, 0x0000000085900000|  0%| F|  |TAMS 0x0000000085800000, 0x0000000085800000| Untracked 
|  89|0x0000000085900000, 0x0000000085900000, 0x0000000085a00000|  0%| F|  |TAMS 0x0000000085900000, 0x0000000085900000| Untracked 
|  90|0x0000000085a00000, 0x0000000085a00000, 0x0000000085b00000|  0%| F|  |TAMS 0x0000000085a00000, 0x0000000085a00000| Untracked 
|  91|0x0000000085b00000, 0x0000000085b00000, 0x0000000085c00000|  0%| F|  |TAMS 0x0000000085b00000, 0x0000000085b00000| Untracked 
|  92|0x0000000085c00000, 0x0000000085c00000, 0x0000000085d00000|  0%| F|  |TAMS 0x0000000085c00000, 0x0000000085c00000| Untracked 
|  93|0x0000000085d00000, 0x0000000085d00000, 0x0000000085e00000|  0%| F|  |TAMS 0x0000000085d00000, 0x0000000085d00000| Untracked 
|  94|0x0000000085e00000, 0x0000000085e00000, 0x0000000085f00000|  0%| F|  |TAMS 0x0000000085e00000, 0x0000000085e00000| Untracked 
|  95|0x0000000085f00000, 0x0000000085f00000, 0x0000000086000000|  0%| F|  |TAMS 0x0000000085f00000, 0x0000000085f00000| Untracked 
|  96|0x0000000086000000, 0x0000000086000000, 0x0000000086100000|  0%| F|  |TAMS 0x0000000086000000, 0x0000000086000000| Untracked 
|  97|0x0000000086100000, 0x0000000086100000, 0x0000000086200000|  0%| F|  |TAMS 0x0000000086100000, 0x0000000086100000| Untracked 
|  98|0x0000000086200000, 0x0000000086200000, 0x0000000086300000|  0%| F|  |TAMS 0x0000000086200000, 0x0000000086200000| Untracked 
|  99|0x0000000086300000, 0x0000000086300000, 0x0000000086400000|  0%| F|  |TAMS 0x0000000086300000, 0x0000000086300000| Untracked 
| 100|0x0000000086400000, 0x0000000086400000, 0x0000000086500000|  0%| F|  |TAMS 0x0000000086400000, 0x0000000086400000| Untracked 
| 101|0x0000000086500000, 0x0000000086500000, 0x0000000086600000|  0%| F|  |TAMS 0x0000000086500000, 0x0000000086500000| Untracked 
| 102|0x0000000086600000, 0x0000000086600000, 0x0000000086700000|  0%| F|  |TAMS 0x0000000086600000, 0x0000000086600000| Untracked 
| 103|0x0000000086700000, 0x0000000086700000, 0x0000000086800000|  0%| F|  |TAMS 0x0000000086700000, 0x0000000086700000| Untracked 
| 104|0x0000000086800000, 0x0000000086800000, 0x0000000086900000|  0%| F|  |TAMS 0x0000000086800000, 0x0000000086800000| Untracked 
| 105|0x0000000086900000, 0x0000000086900000, 0x0000000086a00000|  0%| F|  |TAMS 0x0000000086900000, 0x0000000086900000| Untracked 
| 106|0x0000000086a00000, 0x0000000086aa1980, 0x0000000086b00000| 63%| S|CS|TAMS 0x0000000086a00000, 0x0000000086a00000| Complete 
| 107|0x0000000086b00000, 0x0000000086c00000, 0x0000000086c00000|100%| S|CS|TAMS 0x0000000086b00000, 0x0000000086b00000| Complete 
| 108|0x0000000086c00000, 0x0000000086d00000, 0x0000000086d00000|100%| S|CS|TAMS 0x0000000086c00000, 0x0000000086c00000| Complete 
| 109|0x0000000086d00000, 0x0000000086e00000, 0x0000000086e00000|100%| S|CS|TAMS 0x0000000086d00000, 0x0000000086d00000| Complete 
| 110|0x0000000086e00000, 0x0000000086f00000, 0x0000000086f00000|100%| S|CS|TAMS 0x0000000086e00000, 0x0000000086e00000| Complete 
| 111|0x0000000086f00000, 0x0000000087000000, 0x0000000087000000|100%| S|CS|TAMS 0x0000000086f00000, 0x0000000086f00000| Complete 
| 112|0x0000000087000000, 0x0000000087000000, 0x0000000087100000|  0%| F|  |TAMS 0x0000000087000000, 0x0000000087000000| Untracked 
| 113|0x0000000087100000, 0x0000000087100000, 0x0000000087200000|  0%| F|  |TAMS 0x0000000087100000, 0x0000000087100000| Untracked 
| 114|0x0000000087200000, 0x0000000087200000, 0x0000000087300000|  0%| F|  |TAMS 0x0000000087200000, 0x0000000087200000| Untracked 
| 115|0x0000000087300000, 0x0000000087300000, 0x0000000087400000|  0%| F|  |TAMS 0x0000000087300000, 0x0000000087300000| Untracked 
| 116|0x0000000087400000, 0x0000000087400000, 0x0000000087500000|  0%| F|  |TAMS 0x0000000087400000, 0x0000000087400000| Untracked 
| 117|0x0000000087500000, 0x0000000087500000, 0x0000000087600000|  0%| F|  |TAMS 0x0000000087500000, 0x0000000087500000| Untracked 
| 118|0x0000000087600000, 0x0000000087600000, 0x0000000087700000|  0%| F|  |TAMS 0x0000000087600000, 0x0000000087600000| Untracked 
| 119|0x0000000087700000, 0x0000000087700000, 0x0000000087800000|  0%| F|  |TAMS 0x0000000087700000, 0x0000000087700000| Untracked 
| 120|0x0000000087800000, 0x0000000087800000, 0x0000000087900000|  0%| F|  |TAMS 0x0000000087800000, 0x0000000087800000| Untracked 
| 121|0x0000000087900000, 0x0000000087900000, 0x0000000087a00000|  0%| F|  |TAMS 0x0000000087900000, 0x0000000087900000| Untracked 
| 122|0x0000000087a00000, 0x0000000087a00000, 0x0000000087b00000|  0%| F|  |TAMS 0x0000000087a00000, 0x0000000087a00000| Untracked 
| 123|0x0000000087b00000, 0x0000000087b00000, 0x0000000087c00000|  0%| F|  |TAMS 0x0000000087b00000, 0x0000000087b00000| Untracked 
| 124|0x0000000087c00000, 0x0000000087c00000, 0x0000000087d00000|  0%| F|  |TAMS 0x0000000087c00000, 0x0000000087c00000| Untracked 
| 125|0x0000000087d00000, 0x0000000087d00000, 0x0000000087e00000|  0%| F|  |TAMS 0x0000000087d00000, 0x0000000087d00000| Untracked 
| 126|0x0000000087e00000, 0x0000000087e00000, 0x0000000087f00000|  0%| F|  |TAMS 0x0000000087e00000, 0x0000000087e00000| Untracked 
| 127|0x0000000087f00000, 0x0000000087f00000, 0x0000000088000000|  0%| F|  |TAMS 0x0000000087f00000, 0x0000000087f00000| Untracked 
| 128|0x0000000088000000, 0x0000000088000000, 0x0000000088100000|  0%| F|  |TAMS 0x0000000088000000, 0x0000000088000000| Untracked 
| 129|0x0000000088100000, 0x0000000088100000, 0x0000000088200000|  0%| F|  |TAMS 0x0000000088100000, 0x0000000088100000| Untracked 
| 130|0x0000000088200000, 0x0000000088200000, 0x0000000088300000|  0%| F|  |TAMS 0x0000000088200000, 0x0000000088200000| Untracked 
| 131|0x0000000088300000, 0x0000000088380800, 0x0000000088400000| 50%| E|  |TAMS 0x0000000088300000, 0x0000000088300000| Complete 
| 132|0x0000000088400000, 0x0000000088500000, 0x0000000088500000|100%| E|CS|TAMS 0x0000000088400000, 0x0000000088400000| Complete 
| 133|0x0000000088500000, 0x0000000088600000, 0x0000000088600000|100%| E|CS|TAMS 0x0000000088500000, 0x0000000088500000| Complete 
| 134|0x0000000088600000, 0x0000000088700000, 0x0000000088700000|100%| E|CS|TAMS 0x0000000088600000, 0x0000000088600000| Complete 
| 135|0x0000000088700000, 0x0000000088800000, 0x0000000088800000|100%| E|CS|TAMS 0x0000000088700000, 0x0000000088700000| Complete 
| 136|0x0000000088800000, 0x0000000088900000, 0x0000000088900000|100%| E|CS|TAMS 0x0000000088800000, 0x0000000088800000| Complete 
| 137|0x0000000088900000, 0x0000000088a00000, 0x0000000088a00000|100%| E|CS|TAMS 0x0000000088900000, 0x0000000088900000| Complete 
| 138|0x0000000088a00000, 0x0000000088b00000, 0x0000000088b00000|100%| E|CS|TAMS 0x0000000088a00000, 0x0000000088a00000| Complete 
| 139|0x0000000088b00000, 0x0000000088c00000, 0x0000000088c00000|100%| E|CS|TAMS 0x0000000088b00000, 0x0000000088b00000| Complete 
| 140|0x0000000088c00000, 0x0000000088d00000, 0x0000000088d00000|100%| E|CS|TAMS 0x0000000088c00000, 0x0000000088c00000| Complete 
| 141|0x0000000088d00000, 0x0000000088e00000, 0x0000000088e00000|100%| E|CS|TAMS 0x0000000088d00000, 0x0000000088d00000| Complete 
| 142|0x0000000088e00000, 0x0000000088f00000, 0x0000000088f00000|100%| E|CS|TAMS 0x0000000088e00000, 0x0000000088e00000| Complete 
| 143|0x0000000088f00000, 0x0000000089000000, 0x0000000089000000|100%| E|CS|TAMS 0x0000000088f00000, 0x0000000088f00000| Complete 
| 144|0x0000000089000000, 0x0000000089100000, 0x0000000089100000|100%| E|CS|TAMS 0x0000000089000000, 0x0000000089000000| Complete 
| 145|0x0000000089100000, 0x0000000089200000, 0x0000000089200000|100%| E|CS|TAMS 0x0000000089100000, 0x0000000089100000| Complete 
| 146|0x0000000089200000, 0x0000000089300000, 0x0000000089300000|100%| E|CS|TAMS 0x0000000089200000, 0x0000000089200000| Complete 
| 147|0x0000000089300000, 0x0000000089400000, 0x0000000089400000|100%| E|CS|TAMS 0x0000000089300000, 0x0000000089300000| Complete 
| 148|0x0000000089400000, 0x0000000089500000, 0x0000000089500000|100%| E|CS|TAMS 0x0000000089400000, 0x0000000089400000| Complete 
| 149|0x0000000089500000, 0x0000000089600000, 0x0000000089600000|100%| E|CS|TAMS 0x0000000089500000, 0x0000000089500000| Complete 
| 150|0x0000000089600000, 0x0000000089700000, 0x0000000089700000|100%| E|CS|TAMS 0x0000000089600000, 0x0000000089600000| Complete 
| 151|0x0000000089700000, 0x0000000089800000, 0x0000000089800000|100%| E|CS|TAMS 0x0000000089700000, 0x0000000089700000| Complete 
| 152|0x0000000089800000, 0x0000000089900000, 0x0000000089900000|100%| E|CS|TAMS 0x0000000089800000, 0x0000000089800000| Complete 
| 153|0x0000000089900000, 0x0000000089a00000, 0x0000000089a00000|100%| E|CS|TAMS 0x0000000089900000, 0x0000000089900000| Complete 
| 154|0x0000000089a00000, 0x0000000089b00000, 0x0000000089b00000|100%| E|CS|TAMS 0x0000000089a00000, 0x0000000089a00000| Complete 
| 155|0x0000000089b00000, 0x0000000089c00000, 0x0000000089c00000|100%| E|CS|TAMS 0x0000000089b00000, 0x0000000089b00000| Complete 
| 156|0x0000000089c00000, 0x0000000089d00000, 0x0000000089d00000|100%| E|CS|TAMS 0x0000000089c00000, 0x0000000089c00000| Complete 
| 157|0x0000000089d00000, 0x0000000089e00000, 0x0000000089e00000|100%| E|CS|TAMS 0x0000000089d00000, 0x0000000089d00000| Complete 
| 158|0x0000000089e00000, 0x0000000089f00000, 0x0000000089f00000|100%| E|CS|TAMS 0x0000000089e00000, 0x0000000089e00000| Complete 
| 159|0x0000000089f00000, 0x000000008a000000, 0x000000008a000000|100%| E|CS|TAMS 0x0000000089f00000, 0x0000000089f00000| Complete 
| 160|0x000000008a000000, 0x000000008a100000, 0x000000008a100000|100%| E|CS|TAMS 0x000000008a000000, 0x000000008a000000| Complete 
| 161|0x000000008a100000, 0x000000008a200000, 0x000000008a200000|100%| E|CS|TAMS 0x000000008a100000, 0x000000008a100000| Complete 
| 162|0x000000008a200000, 0x000000008a300000, 0x000000008a300000|100%| E|CS|TAMS 0x000000008a200000, 0x000000008a200000| Complete 
| 163|0x000000008a300000, 0x000000008a400000, 0x000000008a400000|100%| E|CS|TAMS 0x000000008a300000, 0x000000008a300000| Complete 
| 164|0x000000008a400000, 0x000000008a500000, 0x000000008a500000|100%| E|CS|TAMS 0x000000008a400000, 0x000000008a400000| Complete 
| 165|0x000000008a500000, 0x000000008a600000, 0x000000008a600000|100%| E|CS|TAMS 0x000000008a500000, 0x000000008a500000| Complete 
| 166|0x000000008a600000, 0x000000008a700000, 0x000000008a700000|100%| E|CS|TAMS 0x000000008a600000, 0x000000008a600000| Complete 
| 167|0x000000008a700000, 0x000000008a800000, 0x000000008a800000|100%| E|CS|TAMS 0x000000008a700000, 0x000000008a700000| Complete 
| 168|0x000000008a800000, 0x000000008a900000, 0x000000008a900000|100%| E|CS|TAMS 0x000000008a800000, 0x000000008a800000| Complete 
| 169|0x000000008a900000, 0x000000008aa00000, 0x000000008aa00000|100%| E|CS|TAMS 0x000000008a900000, 0x000000008a900000| Complete 
| 170|0x000000008aa00000, 0x000000008ab00000, 0x000000008ab00000|100%| E|CS|TAMS 0x000000008aa00000, 0x000000008aa00000| Complete 
| 171|0x000000008ab00000, 0x000000008ac00000, 0x000000008ac00000|100%| E|CS|TAMS 0x000000008ab00000, 0x000000008ab00000| Complete 
| 172|0x000000008ac00000, 0x000000008ad00000, 0x000000008ad00000|100%| E|CS|TAMS 0x000000008ac00000, 0x000000008ac00000| Complete 
| 173|0x000000008ad00000, 0x000000008ae00000, 0x000000008ae00000|100%| E|CS|TAMS 0x000000008ad00000, 0x000000008ad00000| Complete 
| 174|0x000000008ae00000, 0x000000008af00000, 0x000000008af00000|100%| E|CS|TAMS 0x000000008ae00000, 0x000000008ae00000| Complete 
| 175|0x000000008af00000, 0x000000008b000000, 0x000000008b000000|100%| E|CS|TAMS 0x000000008af00000, 0x000000008af00000| Complete 
| 176|0x000000008b000000, 0x000000008b100000, 0x000000008b100000|100%| E|CS|TAMS 0x000000008b000000, 0x000000008b000000| Complete 
| 177|0x000000008b100000, 0x000000008b200000, 0x000000008b200000|100%| E|CS|TAMS 0x000000008b100000, 0x000000008b100000| Complete 
| 178|0x000000008b200000, 0x000000008b300000, 0x000000008b300000|100%| E|CS|TAMS 0x000000008b200000, 0x000000008b200000| Complete 
| 179|0x000000008b300000, 0x000000008b400000, 0x000000008b400000|100%| E|CS|TAMS 0x000000008b300000, 0x000000008b300000| Complete 
| 180|0x000000008b400000, 0x000000008b500000, 0x000000008b500000|100%| E|CS|TAMS 0x000000008b400000, 0x000000008b400000| Complete 
| 181|0x000000008b500000, 0x000000008b600000, 0x000000008b600000|100%| E|CS|TAMS 0x000000008b500000, 0x000000008b500000| Complete 
| 182|0x000000008b600000, 0x000000008b700000, 0x000000008b700000|100%| E|CS|TAMS 0x000000008b600000, 0x000000008b600000| Complete 

Card table byte_map: [0x0000025a41f40000,0x0000025a42340000] _byte_map_base: 0x0000025a41b40000

Marking Bits (Prev, Next): (CMBitMap*) 0x0000025a2f07e018, (CMBitMap*) 0x0000025a2f07e050
 Prev Bits: [0x0000025a42740000, 0x0000025a44740000)
 Next Bits: [0x0000025a44740000, 0x0000025a46740000)

Polling page: 0x0000025a2cf00000

Metaspace:

Usage:
  Non-class:     64.35 MB capacity,    63.49 MB ( 99%) used,   703.98 KB (  1%) free+waste,   180.19 KB ( <1%) overhead. 
      Class:      9.92 MB capacity,     9.34 MB ( 94%) used,   512.70 KB (  5%) free+waste,    83.13 KB ( <1%) overhead. 
       Both:     74.28 MB capacity,    72.83 MB ( 98%) used,     1.19 MB (  2%) free+waste,   263.31 KB ( <1%) overhead. 

Virtual space:
  Non-class space:       66.00 MB reserved,      64.58 MB ( 98%) committed 
      Class space:        1.00 GB reserved,       9.95 MB ( <1%) committed 
             Both:        1.06 GB reserved,      74.53 MB (  7%) committed 

Chunk freelists:
   Non-Class:  45.00 KB
       Class:  13.00 KB
        Both:  58.00 KB

MaxMetaspaceSize: 17179869184.00 GB
CompressedClassSpaceSize: 1.00 GB

CodeHeap 'non-profiled nmethods': size=120064Kb used=4632Kb max_used=4632Kb free=115431Kb
 bounds [0x0000025a3a600000, 0x0000025a3aa90000, 0x0000025a41b40000]
CodeHeap 'profiled nmethods': size=120000Kb used=15746Kb max_used=15746Kb free=104253Kb
 bounds [0x0000025a330d0000, 0x0000025a34040000, 0x0000025a3a600000]
CodeHeap 'non-nmethods': size=5696Kb used=2269Kb max_used=2372Kb free=3426Kb
 bounds [0x0000025a32b40000, 0x0000025a32db0000, 0x0000025a330d0000]
 total_blobs=8192 nmethods=7327 adapters=776
 compilation: enabled
              stopped_count=0, restarted_count=0
 full_count=0

Compilation events (20 events):
Event: 19.426 Thread 0x0000025a48c49000 7339       3       org.gradle.api.internal.artifacts.configurations.DefaultConfiguration::preventIllegalParentMutation (104 bytes)
Event: 19.427 Thread 0x0000025a48c49000 nmethod 7339 0x0000025a3401dd10 code [0x0000025a3401e100, 0x0000025a3401fd48]
Event: 19.435 Thread 0x0000025a48c49000 7340       1       org.jetbrains.kotlin.gradle.plugin.mpp.KotlinAndroidTarget::getDisambiguationClassifier (5 bytes)
Event: 19.435 Thread 0x0000025a48c49000 nmethod 7340 0x0000025a3aa85210 code [0x0000025a3aa853c0, 0x0000025a3aa85478]
Event: 19.439 Thread 0x0000025a48c49000 7341       3       org.gradle.api.internal.collections.CollectionFilter::filtered (10 bytes)
Event: 19.439 Thread 0x0000025a48c49000 nmethod 7341 0x0000025a34020590 code [0x0000025a34020760, 0x0000025a34020a38]
Event: 19.439 Thread 0x0000025a48c49000 7342       3       org.gradle.api.internal.collections.CollectionFilter$1::<init> (15 bytes)
Event: 19.440 Thread 0x0000025a48c49000 nmethod 7342 0x0000025a34020b90 code [0x0000025a34020d40, 0x0000025a34020f58]
Event: 19.442 Thread 0x0000025a48c49000 7343       3       org.jetbrains.kotlin.gradle.plugin.sources.DefaultKotlinSourceSetKt::disambiguateName (135 bytes)
Event: 19.443 Thread 0x0000025a48c49000 nmethod 7343 0x0000025a34021010 code [0x0000025a340213e0, 0x0000025a34022f08]
Event: 19.445 Thread 0x0000025a48c49000 7344       3       java.util.concurrent.atomic.AtomicInteger::<init> (10 bytes)
Event: 19.445 Thread 0x0000025a48c49000 nmethod 7344 0x0000025a34023790 code [0x0000025a34023940, 0x0000025a34023af8]
Event: 19.452 Thread 0x0000025a48c49000 7345       3       org.gradle.api.internal.plugins.DefaultPluginRegistry::lookup (83 bytes)
Event: 19.454 Thread 0x0000025a48c49000 nmethod 7345 0x0000025a34023c10 code [0x0000025a34023fa0, 0x0000025a34025808]
Event: 19.455 Thread 0x0000025a48c49000 7346       3       java.net.URLClassLoader$2::run (5 bytes)
Event: 19.455 Thread 0x0000025a48c49000 nmethod 7346 0x0000025a34026090 code [0x0000025a34026260, 0x0000025a34026448]
Event: 19.455 Thread 0x0000025a48c49000 7347       3       java.net.URLClassLoader$2::run (16 bytes)
Event: 19.455 Thread 0x0000025a48c49000 nmethod 7347 0x0000025a34026590 code [0x0000025a34026740, 0x0000025a340268a8]
Event: 19.458 Thread 0x0000025a48c49000 7348       3       org.gradle.api.internal.plugins.DefaultPluginRegistry$RegistryAwarePluginImplementation::isAlsoKnownAs (52 bytes)
Event: 19.458 Thread 0x0000025a48c49000 nmethod 7348 0x0000025a34026990 code [0x0000025a34026ba0, 0x0000025a34027298]

GC Heap History (20 events):
Event: 3.391 GC heap before
{Heap before GC invocations=1 (full 0):
 garbage-first heap   total 129024K, used 82445K [0x0000000080000000, 0x0000000100000000)
  region size 1024K, 75 young (76800K), 2 survivors (2048K)
 Metaspace       used 16777K, capacity 17234K, committed 17536K, reserved 1064960K
  class space    used 1931K, capacity 2068K, committed 2176K, reserved 1048576K
}
Event: 3.403 GC heap after
{Heap after GC invocations=2 (full 0):
 garbage-first heap   total 129024K, used 15484K [0x0000000080000000, 0x0000000100000000)
  region size 1024K, 10 young (10240K), 10 survivors (10240K)
 Metaspace       used 16777K, capacity 17234K, committed 17536K, reserved 1064960K
  class space    used 1931K, capacity 2068K, committed 2176K, reserved 1048576K
}
Event: 3.958 GC heap before
{Heap before GC invocations=2 (full 0):
 garbage-first heap   total 129024K, used 49276K [0x0000000080000000, 0x0000000100000000)
  region size 1024K, 44 young (45056K), 10 survivors (10240K)
 Metaspace       used 20696K, capacity 21172K, committed 21296K, reserved 1069056K
  class space    used 2532K, capacity 2660K, committed 2688K, reserved 1048576K
}
Event: 3.972 GC heap after
{Heap after GC invocations=3 (full 0):
 garbage-first heap   total 129024K, used 17006K [0x0000000080000000, 0x0000000100000000)
  region size 1024K, 2 young (2048K), 2 survivors (2048K)
 Metaspace       used 20696K, capacity 21172K, committed 21296K, reserved 1069056K
  class space    used 2532K, capacity 2660K, committed 2688K, reserved 1048576K
}
Event: 5.303 GC heap before
{Heap before GC invocations=4 (full 0):
 garbage-first heap   total 129024K, used 75374K [0x0000000080000000, 0x0000000100000000)
  region size 1024K, 59 young (60416K), 2 survivors (2048K)
 Metaspace       used 26463K, capacity 27094K, committed 27264K, reserved 1073152K
  class space    used 3467K, capacity 3683K, committed 3712K, reserved 1048576K
}
Event: 5.309 GC heap after
{Heap after GC invocations=5 (full 0):
 garbage-first heap   total 129024K, used 18942K [0x0000000080000000, 0x0000000100000000)
  region size 1024K, 4 young (4096K), 4 survivors (4096K)
 Metaspace       used 26463K, capacity 27094K, committed 27264K, reserved 1073152K
  class space    used 3467K, capacity 3683K, committed 3712K, reserved 1048576K
}
Event: 7.170 GC heap before
{Heap before GC invocations=5 (full 0):
 garbage-first heap   total 129024K, used 72190K [0x0000000080000000, 0x0000000100000000)
  region size 1024K, 57 young (58368K), 4 survivors (4096K)
 Metaspace       used 35115K, capacity 35850K, committed 36048K, reserved 1081344K
  class space    used 4566K, capacity 4863K, committed 4864K, reserved 1048576K
}
Event: 7.190 GC heap after
{Heap after GC invocations=6 (full 0):
 garbage-first heap   total 129024K, used 22446K [0x0000000080000000, 0x0000000100000000)
  region size 1024K, 7 young (7168K), 7 survivors (7168K)
 Metaspace       used 35115K, capacity 35850K, committed 36048K, reserved 1081344K
  class space    used 4566K, capacity 4863K, committed 4864K, reserved 1048576K
}
Event: 9.077 GC heap before
{Heap before GC invocations=7 (full 0):
 garbage-first heap   total 129024K, used 89006K [0x0000000080000000, 0x0000000100000000)
  region size 1024K, 70 young (71680K), 7 survivors (7168K)
 Metaspace       used 40122K, capacity 41049K, committed 41296K, reserved 1085440K
  class space    used 5123K, capacity 5503K, committed 5504K, reserved 1048576K
}
Event: 9.104 GC heap after
{Heap after GC invocations=8 (full 0):
 garbage-first heap   total 155648K, used 28421K [0x0000000080000000, 0x0000000100000000)
  region size 1024K, 9 young (9216K), 9 survivors (9216K)
 Metaspace       used 40122K, capacity 41049K, committed 41296K, reserved 1085440K
  class space    used 5123K, capacity 5503K, committed 5504K, reserved 1048576K
}
Event: 10.445 GC heap before
{Heap before GC invocations=8 (full 0):
 garbage-first heap   total 155648K, used 102149K [0x0000000080000000, 0x0000000100000000)
  region size 1024K, 81 young (82944K), 9 survivors (9216K)
 Metaspace       used 46603K, capacity 47696K, committed 47952K, reserved 1091584K
  class space    used 6004K, capacity 6433K, committed 6528K, reserved 1048576K
}
Event: 10.463 GC heap after
{Heap after GC invocations=9 (full 0):
 garbage-first heap   total 155648K, used 30583K [0x0000000080000000, 0x0000000100000000)
  region size 1024K, 8 young (8192K), 8 survivors (8192K)
 Metaspace       used 46603K, capacity 47696K, committed 47952K, reserved 1091584K
  class space    used 6004K, capacity 6433K, committed 6528K, reserved 1048576K
}
Event: 13.179 GC heap before
{Heap before GC invocations=9 (full 0):
 garbage-first heap   total 155648K, used 114551K [0x0000000080000000, 0x0000000100000000)
  region size 1024K, 82 young (83968K), 8 survivors (8192K)
 Metaspace       used 51035K, capacity 52251K, committed 52560K, reserved 1095680K
  class space    used 6495K, capacity 6948K, committed 7040K, reserved 1048576K
}
Event: 13.199 GC heap after
{Heap after GC invocations=10 (full 0):
 garbage-first heap   total 155648K, used 48740K [0x0000000080000000, 0x0000000100000000)
  region size 1024K, 11 young (11264K), 11 survivors (11264K)
 Metaspace       used 51035K, capacity 52251K, committed 52560K, reserved 1095680K
  class space    used 6495K, capacity 6948K, committed 7040K, reserved 1048576K
}
Event: 14.682 GC heap before
{Heap before GC invocations=10 (full 0):
 garbage-first heap   total 155648K, used 103012K [0x0000000080000000, 0x0000000100000000)
  region size 1024K, 65 young (66560K), 11 survivors (11264K)
 Metaspace       used 58763K, capacity 60100K, committed 60240K, reserved 1101824K
  class space    used 7416K, capacity 7980K, committed 8064K, reserved 1048576K
}
Event: 14.705 GC heap after
{Heap after GC invocations=11 (full 0):
 garbage-first heap   total 155648K, used 52314K [0x0000000080000000, 0x0000000100000000)
  region size 1024K, 3 young (3072K), 3 survivors (3072K)
 Metaspace       used 58763K, capacity 60100K, committed 60240K, reserved 1101824K
  class space    used 7416K, capacity 7980K, committed 8064K, reserved 1048576K
}
Event: 16.406 GC heap before
{Heap before GC invocations=12 (full 0):
 garbage-first heap   total 155648K, used 113754K [0x0000000080000000, 0x0000000100000000)
  region size 1024K, 63 young (64512K), 3 survivors (3072K)
 Metaspace       used 65340K, capacity 66834K, committed 67104K, reserved 1107968K
  class space    used 8223K, capacity 8786K, committed 8908K, reserved 1048576K
}
Event: 16.423 GC heap after
{Heap after GC invocations=13 (full 0):
 garbage-first heap   total 187392K, used 57273K [0x0000000080000000, 0x0000000100000000)
  region size 1024K, 8 young (8192K), 8 survivors (8192K)
 Metaspace       used 65340K, capacity 66834K, committed 67104K, reserved 1107968K
  class space    used 8223K, capacity 8786K, committed 8908K, reserved 1048576K
}
Event: 18.039 GC heap before
{Heap before GC invocations=14 (full 0):
 garbage-first heap   total 187392K, used 129977K [0x0000000080000000, 0x0000000100000000)
  region size 1024K, 79 young (80896K), 8 survivors (8192K)
 Metaspace       used 68762K, capacity 70298K, committed 70560K, reserved 1110016K
  class space    used 8643K, capacity 9230K, committed 9292K, reserved 1048576K
}
Event: 18.062 GC heap after
{Heap after GC invocations=15 (full 0):
 garbage-first heap   total 187392K, used 61997K [0x0000000080000000, 0x0000000100000000)
  region size 1024K, 6 young (6144K), 6 survivors (6144K)
 Metaspace       used 68762K, capacity 70298K, committed 70560K, reserved 1110016K
  class space    used 8643K, capacity 9230K, committed 9292K, reserved 1048576K
}

Deoptimization events (20 events):
Event: 19.113 Thread 0x0000025a4a6f9800 DEOPT PACKING pc=0x0000025a3aa774a8 sp=0x000000cbb82f93b0
Event: 19.113 Thread 0x0000025a4a6f9800 DEOPT UNPACKING pc=0x0000025a32b6662f sp=0x000000cbb82f9350 mode 2
Event: 19.113 Thread 0x0000025a4a6f9800 Uncommon trap: trap_request=0xffffffd6 fr.pc=0x0000025a3aa774a8 relative=0x0000000000000348
Event: 19.113 Thread 0x0000025a4a6f9800 Uncommon trap: reason=array_check action=maybe_recompile pc=0x0000025a3aa774a8 method=java.util.AbstractCollection.toArray([Ljava/lang/Object;)[Ljava/lang/Object; @ 116 c2
Event: 19.113 Thread 0x0000025a4a6f9800 DEOPT PACKING pc=0x0000025a3aa774a8 sp=0x000000cbb82f93b0
Event: 19.113 Thread 0x0000025a4a6f9800 DEOPT UNPACKING pc=0x0000025a32b6662f sp=0x000000cbb82f9350 mode 2
Event: 19.113 Thread 0x0000025a4a6f9800 Uncommon trap: trap_request=0xffffffd6 fr.pc=0x0000025a3aa774a8 relative=0x0000000000000348
Event: 19.113 Thread 0x0000025a4a6f9800 Uncommon trap: reason=array_check action=maybe_recompile pc=0x0000025a3aa774a8 method=java.util.AbstractCollection.toArray([Ljava/lang/Object;)[Ljava/lang/Object; @ 116 c2
Event: 19.113 Thread 0x0000025a4a6f9800 DEOPT PACKING pc=0x0000025a3aa774a8 sp=0x000000cbb82f9080
Event: 19.113 Thread 0x0000025a4a6f9800 DEOPT UNPACKING pc=0x0000025a32b6662f sp=0x000000cbb82f9020 mode 2
Event: 19.139 Thread 0x0000025a4a6f9800 Uncommon trap: trap_request=0xffffffde fr.pc=0x0000025a3a96953c relative=0x0000000000000e9c
Event: 19.139 Thread 0x0000025a4a6f9800 Uncommon trap: reason=class_check action=maybe_recompile pc=0x0000025a3a96953c method=org.gradle.internal.instantiation.generator.AbstractClassGenerator$InjectionAnnotationValidator.validateMethod(Ljava/lang/reflect/Method;Lorg/gradle/internal/reflect/Pro
Event: 19.139 Thread 0x0000025a4a6f9800 DEOPT PACKING pc=0x0000025a3a96953c sp=0x000000cbb82f8bb0
Event: 19.139 Thread 0x0000025a4a6f9800 DEOPT UNPACKING pc=0x0000025a32b6662f sp=0x000000cbb82f8b68 mode 2
Event: 19.154 Thread 0x0000025a4a6f9800 DEOPT PACKING pc=0x0000025a33d434fc sp=0x000000cbb82f8cb0
Event: 19.154 Thread 0x0000025a4a6f9800 DEOPT UNPACKING pc=0x0000025a32b66dde sp=0x000000cbb82f8250 mode 0
Event: 19.307 Thread 0x0000025a4a6f9800 Uncommon trap: trap_request=0xffffff4d fr.pc=0x0000025a3aa13c20 relative=0x0000000000001980
Event: 19.307 Thread 0x0000025a4a6f9800 Uncommon trap: reason=unstable_if action=reinterpret pc=0x0000025a3aa13c20 method=java.util.concurrent.ConcurrentHashMap.putVal(Ljava/lang/Object;Ljava/lang/Object;Z)Ljava/lang/Object; @ 245 c2
Event: 19.308 Thread 0x0000025a4a6f9800 DEOPT PACKING pc=0x0000025a3aa13c20 sp=0x000000cbb82f7ff0
Event: 19.308 Thread 0x0000025a4a6f9800 DEOPT UNPACKING pc=0x0000025a32b6662f sp=0x000000cbb82f7f88 mode 2

Classes redefined (0 events):
No events

Internal exceptions (20 events):
Event: 17.902 Thread 0x0000025a4a6f9800 Exception <a 'java/lang/ClassNotFoundException'{0x00000000876036d8}: com/android/build/gradle/internal/CompileOptions$AgpDecoratedCustomizer> (0x00000000876036d8) thrown at [./src/hotspot/share/classfile/systemDictionary.cpp, line 231]
Event: 17.903 Thread 0x0000025a4a6f9800 Exception <a 'java/lang/ClassNotFoundException'{0x0000000087630978}: com/android/build/gradle/internal/CompileOptions$AgpDecorated_DecoratedCustomizer> (0x0000000087630978) thrown at [./src/hotspot/share/classfile/systemDictionary.cpp, line 231]
Event: 17.931 Thread 0x0000025a4a6f9800 Exception <a 'java/lang/ClassNotFoundException'{0x00000000875a6710}: org/jetbrains/kotlin/gradle/dsl/KotlinJvmOptionsImplBeanInfo> (0x00000000875a6710) thrown at [./src/hotspot/share/classfile/systemDictionary.cpp, line 231]
Event: 17.932 Thread 0x0000025a4a6f9800 Exception <a 'java/lang/ClassNotFoundException'{0x00000000875c2490}: org/jetbrains/kotlin/gradle/dsl/KotlinJvmOptionsBaseBeanInfo> (0x00000000875c2490) thrown at [./src/hotspot/share/classfile/systemDictionary.cpp, line 231]
Event: 17.933 Thread 0x0000025a4a6f9800 Exception <a 'java/lang/ClassNotFoundException'{0x00000000875de418}: org/jetbrains/kotlin/gradle/dsl/KotlinJvmOptionsBaseCustomizer> (0x00000000875de418) thrown at [./src/hotspot/share/classfile/systemDictionary.cpp, line 231]
Event: 17.934 Thread 0x0000025a4a6f9800 Exception <a 'java/lang/ClassNotFoundException'{0x0000000087412878}: org/jetbrains/kotlin/gradle/dsl/KotlinJvmOptionsImplCustomizer> (0x0000000087412878) thrown at [./src/hotspot/share/classfile/systemDictionary.cpp, line 231]
Event: 17.943 Thread 0x0000025a4a6f9800 Exception <a 'java/lang/ClassNotFoundException'{0x00000000874b5a30}: org/gradle/api/internal/artifacts/dsl/dependencies/DefaultDependencyHandler_DecoratedBeanInfo> (0x00000000874b5a30) thrown at [./src/hotspot/share/classfile/systemDictionary.cpp, line 231]
Event: 17.945 Thread 0x0000025a4a6f9800 Exception <a 'java/lang/ClassNotFoundException'{0x00000000874ff5c0}: org/gradle/api/internal/artifacts/dsl/dependencies/DefaultDependencyHandlerBeanInfo> (0x00000000874ff5c0) thrown at [./src/hotspot/share/classfile/systemDictionary.cpp, line 231]
Event: 17.946 Thread 0x0000025a4a6f9800 Exception <a 'java/lang/ClassNotFoundException'{0x00000000873493d0}: org/gradle/api/internal/artifacts/dsl/dependencies/DefaultDependencyHandlerCustomizer> (0x00000000873493d0) thrown at [./src/hotspot/share/classfile/systemDictionary.cpp, line 231]
Event: 17.949 Thread 0x0000025a4a6f9800 Exception <a 'java/lang/ClassNotFoundException'{0x00000000873bc610}: org/gradle/api/internal/artifacts/dsl/dependencies/DefaultDependencyHandler_DecoratedCustomizer> (0x00000000873bc610) thrown at [./src/hotspot/share/classfile/systemDictionary.cpp, line 231]
Event: 19.251 Thread 0x0000025a4a6f9800 Exception <a 'java/lang/ClassNotFoundException'{0x0000000088b885b8}: com/android/build/gradle/internal/api/ApkVariantOutputImpl_DecoratedBeanInfo> (0x0000000088b885b8) thrown at [./src/hotspot/share/classfile/systemDictionary.cpp, line 231]
Event: 19.252 Thread 0x0000025a4a6f9800 Exception <a 'java/lang/ClassNotFoundException'{0x0000000088ba3f18}: com/android/build/gradle/internal/api/ApkVariantOutputImplBeanInfo> (0x0000000088ba3f18) thrown at [./src/hotspot/share/classfile/systemDictionary.cpp, line 231]
Event: 19.252 Thread 0x0000025a4a6f9800 Exception <a 'java/lang/ClassNotFoundException'{0x0000000088bc0168}: com/android/build/gradle/internal/api/BaseVariantOutputImplBeanInfo> (0x0000000088bc0168) thrown at [./src/hotspot/share/classfile/systemDictionary.cpp, line 231]
Event: 19.254 Thread 0x0000025a4a6f9800 Exception <a 'java/lang/ClassNotFoundException'{0x0000000088bdc420}: com/android/build/gradle/internal/api/BaseVariantOutputImplCustomizer> (0x0000000088bdc420) thrown at [./src/hotspot/share/classfile/systemDictionary.cpp, line 231]
Event: 19.256 Thread 0x0000025a4a6f9800 Exception <a 'java/lang/ClassNotFoundException'{0x0000000088a0b250}: com/android/build/gradle/internal/api/ApkVariantOutputImplCustomizer> (0x0000000088a0b250) thrown at [./src/hotspot/share/classfile/systemDictionary.cpp, line 231]
Event: 19.257 Thread 0x0000025a4a6f9800 Exception <a 'java/lang/ClassNotFoundException'{0x0000000088a36228}: com/android/build/gradle/internal/api/ApkVariantOutputImpl_DecoratedCustomizer> (0x0000000088a36228) thrown at [./src/hotspot/share/classfile/systemDictionary.cpp, line 231]
Event: 19.335 Thread 0x0000025a4a6f9800 Exception <a 'java/lang/ClassNotFoundException'{0x0000000088874fb0}: com/android/build/gradle/internal/api/ReadOnlyBuildTypeBeanInfo> (0x0000000088874fb0) thrown at [./src/hotspot/share/classfile/systemDictionary.cpp, line 231]
Event: 19.335 Thread 0x0000025a4a6f9800 Exception <a 'java/lang/ClassNotFoundException'{0x00000000888914b0}: com/android/build/gradle/internal/api/ReadOnlyBaseConfigBeanInfo> (0x00000000888914b0) thrown at [./src/hotspot/share/classfile/systemDictionary.cpp, line 231]
Event: 19.338 Thread 0x0000025a4a6f9800 Exception <a 'java/lang/ClassNotFoundException'{0x00000000888adb20}: com/android/build/gradle/internal/api/ReadOnlyBaseConfigCustomizer> (0x00000000888adb20) thrown at [./src/hotspot/share/classfile/systemDictionary.cpp, line 231]
Event: 19.341 Thread 0x0000025a4a6f9800 Exception <a 'java/lang/ClassNotFoundException'{0x00000000888d9258}: com/android/build/gradle/internal/api/ReadOnlyBuildTypeCustomizer> (0x00000000888d9258) thrown at [./src/hotspot/share/classfile/systemDictionary.cpp, line 231]

Events (20 events):
Event: 19.382 loading class org/jetbrains/kotlin/gradle/plugin/mpp/AbstractKotlinCompilation$source$1
Event: 19.382 loading class org/jetbrains/kotlin/gradle/plugin/mpp/AbstractKotlinCompilation$source$1 done
Event: 19.383 loading class org/jetbrains/kotlin/gradle/plugin/mpp/AbstractKotlinCompilation$addExactSourceSetsEagerly$1$1$1
Event: 19.383 loading class org/jetbrains/kotlin/gradle/plugin/mpp/AbstractKotlinCompilation$addExactSourceSetsEagerly$1$1$1 done
Event: 19.384 loading class org/jetbrains/kotlin/gradle/plugin/sources/DefaultKotlinSourceSet$special$$inlined$Iterable$1
Event: 19.384 loading class org/jetbrains/kotlin/gradle/plugin/sources/DefaultKotlinSourceSet$special$$inlined$Iterable$1 done
Event: 19.384 loading class org/jetbrains/kotlin/gradle/plugin/mpp/AbstractKotlinCompilation$addSourcesToCompileTask$1
Event: 19.384 loading class org/jetbrains/kotlin/gradle/plugin/mpp/AbstractKotlinCompilation$addSourcesToCompileTask$1 done
Event: 19.385 loading class org/jetbrains/kotlin/gradle/plugin/mpp/KotlinCompilationsKt$addSourcesToKotlinCompileTask$1
Event: 19.385 loading class org/jetbrains/kotlin/gradle/plugin/mpp/KotlinCompilationsKt$addSourcesToKotlinCompileTask$1 done
Event: 19.386 loading class org/jetbrains/kotlin/gradle/plugin/mpp/KotlinCompilationsKt$addSourcesToKotlinCompileTask$2
Event: 19.386 loading class org/jetbrains/kotlin/gradle/plugin/mpp/KotlinCompilationsKt$addSourcesToKotlinCompileTask$2 done
Event: 19.387 loading class org/jetbrains/kotlin/gradle/plugin/GradleUtilsKt
Event: 19.387 loading class org/jetbrains/kotlin/gradle/plugin/GradleUtilsKt done
Event: 19.392 loading class com/android/build/gradle/internal/api/UnitTestVariantImpl
Event: 19.392 loading class com/android/build/gradle/internal/api/UnitTestVariantImpl done
Event: 19.447 loading class org/jetbrains/kotlin/gradle/tooling/IncludeKotlinToolingMetadataInApkKt$includeKotlinToolingMetadataInApk$1$1$1
Event: 19.447 loading class org/jetbrains/kotlin/gradle/tooling/IncludeKotlinToolingMetadataInApkKt$includeKotlinToolingMetadataInApk$1$1$1 done
Event: 19.451 loading class org/jetbrains/kotlin/gradle/plugin/KotlinMultiplatformPluginWrapper
Event: 19.451 loading class org/jetbrains/kotlin/gradle/plugin/KotlinMultiplatformPluginWrapper done


Dynamic libraries:
0x00007ff6166c0000 - 0x00007ff6166ca000 	C:\Program Files\Android\Android Studio\jre\bin\java.exe
0x00007ffca5010000 - 0x00007ffca5205000 	C:\Windows\SYSTEM32\ntdll.dll
0x00007ffca3a30000 - 0x00007ffca3aee000 	C:\Windows\System32\KERNEL32.DLL
0x00007ffca2ae0000 - 0x00007ffca2da8000 	C:\Windows\System32\KERNELBASE.dll
0x00007ffca2db0000 - 0x00007ffca2eb0000 	C:\Windows\System32\ucrtbase.dll
0x00007ffca0330000 - 0x00007ffca0349000 	C:\Program Files\Android\Android Studio\jre\bin\jli.dll
0x00007ffca0350000 - 0x00007ffca0367000 	C:\Program Files\Android\Android Studio\jre\bin\VCRUNTIME140.dll
0x00007ffca4e30000 - 0x00007ffca4fd0000 	C:\Windows\System32\USER32.dll
0x00007ffca1ae0000 - 0x00007ffca1d7a000 	C:\Windows\WinSxS\amd64_microsoft.windows.common-controls_6595b64144ccf1df_6.0.19041.1110_none_60b5254171f9507e\COMCTL32.dll
0x00007ffca3800000 - 0x00007ffca389e000 	C:\Windows\System32\msvcrt.dll
0x00007ffca3250000 - 0x00007ffca327b000 	C:\Windows\System32\GDI32.dll
0x00007ffca3010000 - 0x00007ffca3032000 	C:\Windows\System32\win32u.dll
0x00007ffca28e0000 - 0x00007ffca29eb000 	C:\Windows\System32\gdi32full.dll
0x00007ffca29f0000 - 0x00007ffca2a8d000 	C:\Windows\System32\msvcp_win.dll
0x00007ffca43d0000 - 0x00007ffca4400000 	C:\Windows\System32\IMM32.DLL
0x00007ffc92f70000 - 0x00007ffc9300d000 	C:\Program Files\Android\Android Studio\jre\bin\msvcp140.dll
0x00007ffc643a0000 - 0x00007ffc64e75000 	C:\Program Files\Android\Android Studio\jre\bin\server\jvm.dll
0x00007ffca4ca0000 - 0x00007ffca4d4e000 	C:\Windows\System32\ADVAPI32.dll
0x00007ffca3760000 - 0x00007ffca37fc000 	C:\Windows\System32\sechost.dll
0x00007ffca38a0000 - 0x00007ffca39c5000 	C:\Windows\System32\RPCRT4.dll
0x00007ffca3220000 - 0x00007ffca3228000 	C:\Windows\System32\PSAPI.DLL
0x00007ffc9aa00000 - 0x00007ffc9aa09000 	C:\Windows\SYSTEM32\WSOCK32.dll
0x00007ffc90020000 - 0x00007ffc90047000 	C:\Windows\SYSTEM32\WINMM.dll
0x00007ffc9b690000 - 0x00007ffc9b69a000 	C:\Windows\SYSTEM32\VERSION.dll
0x00007ffca3ba0000 - 0x00007ffca3c0b000 	C:\Windows\System32\WS2_32.dll
0x00007ffca02b0000 - 0x00007ffca02c2000 	C:\Windows\SYSTEM32\kernel.appcore.dll
0x00007ffc92d10000 - 0x00007ffc92d21000 	C:\Program Files\Android\Android Studio\jre\bin\verify.dll
0x00007ffca2050000 - 0x00007ffca2234000 	C:\Windows\SYSTEM32\DBGHELP.DLL
0x00007ffca2020000 - 0x00007ffca204c000 	C:\Windows\SYSTEM32\dbgcore.DLL
0x00007ffca2730000 - 0x00007ffca27b2000 	C:\Windows\System32\bcryptPrimitives.dll
0x00007ffc80ca0000 - 0x00007ffc80cc9000 	C:\Program Files\Android\Android Studio\jre\bin\java.dll
0x00007ffc97200000 - 0x00007ffc9720b000 	C:\Program Files\Android\Android Studio\jre\bin\jimage.dll
0x00007ffc92c90000 - 0x00007ffc92ca8000 	C:\Program Files\Android\Android Studio\jre\bin\zip.dll
0x00007ffca3c70000 - 0x00007ffca43b4000 	C:\Windows\System32\SHELL32.dll
0x00007ffc9fa00000 - 0x00007ffca0194000 	C:\Windows\SYSTEM32\windows.storage.dll
0x00007ffca3280000 - 0x00007ffca35d4000 	C:\Windows\System32\combase.dll
0x00007ffca1990000 - 0x00007ffca19bc000 	C:\Windows\SYSTEM32\Wldp.dll
0x00007ffca4400000 - 0x00007ffca44ad000 	C:\Windows\System32\SHCORE.dll
0x00007ffca3c10000 - 0x00007ffca3c65000 	C:\Windows\System32\shlwapi.dll
0x00007ffca2670000 - 0x00007ffca268f000 	C:\Windows\SYSTEM32\profapi.dll
0x00007ffc929f0000 - 0x00007ffc92a0a000 	C:\Program Files\Android\Android Studio\jre\bin\net.dll
0x00007ffc919e0000 - 0x00007ffc91ae9000 	C:\Windows\SYSTEM32\WINHTTP.dll
0x00007ffca1730000 - 0x00007ffca179a000 	C:\Windows\system32\mswsock.dll
0x00007ffc91e80000 - 0x00007ffc91e94000 	C:\Program Files\Android\Android Studio\jre\bin\nio.dll
0x00007ffc92ba0000 - 0x00007ffc92bc7000 	C:\Users\usuario\.gradle\native\e1d6ef7f7dcc3fd88c89a11ec53ec762bb8ba0a96d01ffa2cd45eb1d1d8dd5c5\windows-amd64\native-platform.dll
0x00007ffc74de0000 - 0x00007ffc74f24000 	C:\Users\usuario\.gradle\native\5664cfc778a61ccfe75a443a1ab52a65af34e5dc3c78e0209fed803814484fcb\windows-amd64\native-platform-file-events.dll
0x00007ffc96d20000 - 0x00007ffc96d2a000 	C:\Program Files\Android\Android Studio\jre\bin\management.dll
0x00007ffc96ac0000 - 0x00007ffc96acd000 	C:\Program Files\Android\Android Studio\jre\bin\management_ext.dll
0x00007ffca23e0000 - 0x00007ffca23f8000 	C:\Windows\SYSTEM32\CRYPTSP.dll
0x00007ffca1100000 - 0x00007ffca1134000 	C:\Windows\system32\rsaenh.dll
0x00007ffca3040000 - 0x00007ffca3067000 	C:\Windows\System32\bcrypt.dll
0x00007ffca25f0000 - 0x00007ffca261e000 	C:\Windows\SYSTEM32\USERENV.dll
0x00007ffca1950000 - 0x00007ffca195c000 	C:\Windows\SYSTEM32\CRYPTBASE.dll
0x00007ffca1450000 - 0x00007ffca148b000 	C:\Windows\SYSTEM32\IPHLPAPI.DLL
0x00007ffca4b60000 - 0x00007ffca4b68000 	C:\Windows\System32\NSI.dll
0x00007ffc9ac70000 - 0x00007ffc9ac87000 	C:\Windows\SYSTEM32\dhcpcsvc6.DLL
0x00007ffc9b190000 - 0x00007ffc9b1ad000 	C:\Windows\SYSTEM32\dhcpcsvc.DLL
0x00007ffca1490000 - 0x00007ffca155a000 	C:\Windows\SYSTEM32\DNSAPI.dll

dbghelp: loaded successfully - version: 4.0.5 - missing functions: none
symbol engine: initialized successfully - sym options: 0x614 - pdb path: .;C:\Program Files\Android\Android Studio\jre\bin;C:\Windows\SYSTEM32;C:\Windows\WinSxS\amd64_microsoft.windows.common-controls_6595b64144ccf1df_6.0.19041.1110_none_60b5254171f9507e;C:\Program Files\Android\Android Studio\jre\bin\server;C:\Users\usuario\.gradle\native\e1d6ef7f7dcc3fd88c89a11ec53ec762bb8ba0a96d01ffa2cd45eb1d1d8dd5c5\windows-amd64;C:\Users\usuario\.gradle\native\5664cfc778a61ccfe75a443a1ab52a65af34e5dc3c78e0209fed803814484fcb\windows-amd64

VM Arguments:
jvm_args: --add-opens=java.base/java.util=ALL-UNNAMED --add-opens=java.base/java.lang=ALL-UNNAMED --add-opens=java.base/java.lang.invoke=ALL-UNNAMED --add-opens=java.base/java.util=ALL-UNNAMED --add-opens=java.prefs/java.util.prefs=ALL-UNNAMED --add-opens=java.prefs/java.util.prefs=ALL-UNNAMED --add-opens=java.base/java.nio.charset=ALL-UNNAMED --add-opens=java.base/java.net=ALL-UNNAMED --add-opens=java.base/java.util.concurrent.atomic=ALL-UNNAMED -Xmx2048m -Dfile.encoding=UTF-8 -Duser.country=BR -Duser.language=pt -Duser.variant 
java_command: org.gradle.launcher.daemon.bootstrap.GradleDaemon 7.2
java_class_path (initial): C:\Users\usuario\.gradle\wrapper\dists\gradle-7.2-bin\2dnblmf4td7x66yl1d74lt32g\gradle-7.2\lib\gradle-launcher-7.2.jar
Launcher Type: SUN_STANDARD

[Global flags]
     intx CICompilerCount                          = 3                                         {product} {ergonomic}
     uint ConcGCThreads                            = 1                                         {product} {ergonomic}
     uint G1ConcRefinementThreads                  = 4                                         {product} {ergonomic}
   size_t G1HeapRegionSize                         = 1048576                                   {product} {ergonomic}
    uintx GCDrainStackTargetSize                   = 64                                        {product} {ergonomic}
   size_t InitialHeapSize                          = 132120576                                 {product} {ergonomic}
   size_t MarkStackSize                            = 4194304                                   {product} {ergonomic}
   size_t MaxHeapSize                              = 2147483648                                {product} {command line}
   size_t MaxNewSize                               = 1287651328                                {product} {ergonomic}
   size_t MinHeapDeltaBytes                        = 1048576                                   {product} {ergonomic}
    uintx NonNMethodCodeHeapSize                   = 5830732                                {pd product} {ergonomic}
    uintx NonProfiledCodeHeapSize                  = 122913754                              {pd product} {ergonomic}
    uintx ProfiledCodeHeapSize                     = 122913754                              {pd product} {ergonomic}
    uintx ReservedCodeCacheSize                    = 251658240                              {pd product} {ergonomic}
     bool SegmentedCodeCache                       = true                                      {product} {ergonomic}
     bool UseCompressedClassPointers               = true                                 {lp64_product} {ergonomic}
     bool UseCompressedOops                        = true                                 {lp64_product} {ergonomic}
     bool UseG1GC                                  = true                                      {product} {ergonomic}
     bool UseLargePagesIndividualAllocation        = false                                  {pd product} {ergonomic}

Logging:
Log output configuration:
 #0: stdout all=warning uptime,level,tags
 #1: stderr all=off uptime,level,tags

Environment Variables:
JAVA_HOME=C:\Progra~1\Java\jdk-11.0.12\
PATH=C:\Program Files\Graalvm\graalvm-ce-java11-21.3.0\bin;C:\Program Files\Java\jdk-11.0.12\bin;C:\Program Files\Common Files\Oracle\Java\javapath;C:\Program Files (x86)\Common Files\Oracle\Java\javapath;C:\Windows\system32;C:\Windows;C:\Windows\System32\Wbem;C:\Windows\System32\WindowsPowerShell\v1.0\;C:\Windows\System32\OpenSSH\;C:\Program Files (x86)\dotnet\;C:\Program Files\Git\cmd;C:\Program Files (x86)\Intel\Intel(R) Management Engine Components\DAL;C:\Program Files\Intel\Intel(R) Management Engine Components\DAL;C:\Program Files\nodejs\;C:\ProgramData\UNIVALI\Portugol Studio;C:\Users\usuario\AppData\Local\Microsoft\WindowsApps;C:\Users\usuario\AppData\Roaming\npm
USERNAME=Usurio
OS=Windows_NT
PROCESSOR_IDENTIFIER=Intel64 Family 6 Model 142 Stepping 9, GenuineIntel



---------------  S Y S T E M  ---------------

OS: Windows 10 , 64 bit Build 19041 (10.0.19041.1566)
OS uptime: 1 days 4:33 hours
Hyper-V role detected

CPU:total 4 (initial active 4) (2 cores per cpu, 2 threads per core) family 6 model 142 stepping 9 microcode 0xde, cmov, cx8, fxsr, mmx, sse, sse2, sse3, ssse3, sse4.1, sse4.2, popcnt, avx, avx2, aes, clmul, erms, 3dnowpref, lzcnt, ht, tsc, tscinvbit, bmi1, bmi2, adx, fma

Memory: 4k page, system-wide physical 8053M (461M free)
TotalPageFile size 12149M (AvailPageFile size 6M)
current process WorkingSet (physical memory assigned to process): 428M, peak: 428M
current process commit charge ("private bytes"): 460M, peak: 462M

vm_info: OpenJDK 64-Bit Server VM (11.0.11+9-b60-7590822) for windows-amd64 JRE (11.0.11+9-b60-7590822), built on Jul 29 2021 21:43:44 by "builder" with MS VC++ 14.0 (VS2015)

END.
