#
# There is insufficient memory for the Java Runtime Environment to continue.
# Native memory allocation (mmap) failed to map 38797312 bytes for Failed to commit area from 0x000000008b700000 to 0x000000008dc00000 of length 38797312.
# Possible reasons:
#   The system is out of physical RAM or swap space
#   The process is running with CompressedOops enabled, and the Java Heap may be blocking the growth of the native heap
# Possible solutions:
#   Reduce memory load on the system
#   Increase physical memory or swap space
#   Check if swap backing store is full
#   Decrease Java heap size (-Xmx/-Xms)
#   Decrease number of Java threads
#   Decrease Java thread stack sizes (-Xss)
#   Set larger code cache with -XX:ReservedCodeCacheSize=
#   JVM is running with Unscaled Compressed Oops mode in which the Java heap is
#     placed in the first 4GB address space. The Java Heap base address is the
#     maximum limit for the native heap growth. Please use -XX:HeapBaseMinAddress
#     to set the Java Heap base and to place the Java Heap above 4GB virtual address.
# This output file may be truncated or incomplete.
#
#  Out of Memory Error (./src/hotspot/os/windows/os_windows.cpp:3301), pid=10644, tid=11360
#
# JRE version: OpenJDK Runtime Environment (11.0.11+9) (build 11.0.11+9-b60-7590822)
# Java VM: OpenJDK 64-Bit Server VM (11.0.11+9-b60-7590822, mixed mode, tiered, compressed oops, g1 gc, windows-amd64)
# No core dump will be written. Minidumps are not enabled by default on client versions of Windows
#

---------------  S U M M A R Y ------------

Command Line: --add-opens=java.base/java.util=ALL-UNNAMED --add-opens=java.base/java.lang=ALL-UNNAMED --add-opens=java.base/java.lang.invoke=ALL-UNNAMED --add-opens=java.base/java.util=ALL-UNNAMED --add-opens=java.prefs/java.util.prefs=ALL-UNNAMED --add-opens=java.prefs/java.util.prefs=ALL-UNNAMED --add-opens=java.base/java.nio.charset=ALL-UNNAMED --add-opens=java.base/java.net=ALL-UNNAMED --add-opens=java.base/java.util.concurrent.atomic=ALL-UNNAMED -Xmx2048m -Dfile.encoding=UTF-8 -Duser.country=BR -Duser.language=pt -Duser.variant org.gradle.launcher.daemon.bootstrap.GradleDaemon 7.2

Host: Intel(R) Core(TM) i5-7200U CPU @ 2.50GHz, 4 cores, 7G,  Windows 10 , 64 bit Build 19041 (10.0.19041.1566)
Time: Fri Mar 18 12:33:28 2022 Hora oficial do Brasil elapsed time: 32.759117 seconds (0d 0h 0m 32s)

---------------  T H R E A D  ---------------

Current thread (0x000001ad5042d000):  VMThread "VM Thread" [stack: 0x000000016ca00000,0x000000016cb00000] [id=11360]

Stack: [0x000000016ca00000,0x000000016cb00000]
[error occurred during error reporting (printing stack bounds), id 0xc0000005, EXCEPTION_ACCESS_VIOLATION (0xc0000005) at pc=0x000001ad3a350f2d]

Native frames: (J=compiled Java code, j=interpreted, Vv=VM code, C=native code)
V  [jvm.dll+0x5f214a]
V  [jvm.dll+0x726fb5]
V  [jvm.dll+0x7285cd]
V  [jvm.dll+0x728be5]
V  [jvm.dll+0x728b9b]
V  [jvm.dll+0x5f14e8]
V  [jvm.dll+0x5f1c78]
C  [ntdll.dll+0xa20cf]
C  [ntdll.dll+0x51454]
C  [ntdll.dll+0xa0bfe]
C  0x000001ad3a350f2d

VM_Operation (0x00000001722fa030): G1CollectForAllocation, mode: safepoint, requested by thread 0x000001ad54dd6800


---------------  P R O C E S S  ---------------

Threads class SMR info:
_java_thread_list=0x000001ad569783b0, length=87, elements={
0x000001ad3684e000, 0x000001ad50431800, 0x000001ad5043b000, 0x000001ad5044c800,
0x000001ad5044d000, 0x000001ad5044f000, 0x000001ad5045c000, 0x000001ad50460800,
0x000001ad50e1c000, 0x000001ad50f15000, 0x000001ad53c1a800, 0x000001ad51041800,
0x000001ad52776000, 0x000001ad51e82800, 0x000001ad54902000, 0x000001ad522a8000,
0x000001ad54af1800, 0x000001ad54769800, 0x000001ad52ff5000, 0x000001ad52ede800,
0x000001ad52edc800, 0x000001ad52ee1000, 0x000001ad52edd000, 0x000001ad52edf800,
0x000001ad52ede000, 0x000001ad52edb800, 0x000001ad52ee0800, 0x000001ad52ee2000,
0x000001ad5312b000, 0x000001ad5312d000, 0x000001ad53129800, 0x000001ad5312d800,
0x000001ad53131000, 0x000001ad5312f800, 0x000001ad53130000, 0x000001ad53133800,
0x000001ad53134000, 0x000001ad5312e800, 0x000001ad53135000, 0x000001ad53136000,
0x000001ad51498000, 0x000001ad51497800, 0x000001ad51495800, 0x000001ad51499000,
0x000001ad5149a000, 0x000001ad5149b800, 0x000001ad5149a800, 0x000001ad5149c800,
0x000001ad51496800, 0x000001ad5149e800, 0x000001ad5149f800, 0x000001ad5149e000,
0x000001ad514a0800, 0x000001ad514a1000, 0x000001ad514a2000, 0x000001ad514a3000,
0x000001ad5149d000, 0x000001ad514a3800, 0x000001ad514a4800, 0x000001ad53a9f800,
0x000001ad53aa0000, 0x000001ad53a9b000, 0x000001ad53a9d800, 0x000001ad53aa1000,
0x000001ad53a9d000, 0x000001ad53a9e800, 0x000001ad53aa1800, 0x000001ad53a9c000,
0x000001ad53aa5000, 0x000001ad53aa6800, 0x000001ad53aa8000, 0x000001ad53aa7800,
0x000001ad53aa6000, 0x000001ad53aa2800, 0x000001ad53aa9000, 0x000001ad53aa3800,
0x000001ad53aaa000, 0x000001ad54dd2000, 0x000001ad54dcf000, 0x000001ad54dcf800,
0x000001ad54dd1800, 0x000001ad54dd3000, 0x000001ad54dd4000, 0x000001ad54dd5800,
0x000001ad54dd6800, 0x000001ad54dd0800, 0x000001ad54dd8000
}

Java Threads: ( => current thread )
  0x000001ad3684e000 JavaThread "main" [_thread_blocked, id=9096, stack(0x000000016c400000,0x000000016c500000)]
  0x000001ad50431800 JavaThread "Reference Handler" daemon [_thread_blocked, id=8476, stack(0x000000016cb00000,0x000000016cc00000)]
  0x000001ad5043b000 JavaThread "Finalizer" daemon [_thread_blocked, id=13188, stack(0x000000016cc00000,0x000000016cd00000)]
  0x000001ad5044c800 JavaThread "Signal Dispatcher" daemon [_thread_blocked, id=4440, stack(0x000000016cd00000,0x000000016ce00000)]
  0x000001ad5044d000 JavaThread "Attach Listener" daemon [_thread_blocked, id=7324, stack(0x000000016ce00000,0x000000016cf00000)]
  0x000001ad5044f000 JavaThread "Service Thread" daemon [_thread_blocked, id=6968, stack(0x000000016cf00000,0x000000016d000000)]
  0x000001ad5045c000 JavaThread "C2 CompilerThread0" daemon [_thread_blocked, id=12848, stack(0x000000016d000000,0x000000016d100000)]
  0x000001ad50460800 JavaThread "C1 CompilerThread0" daemon [_thread_blocked, id=9560, stack(0x000000016d100000,0x000000016d200000)]
  0x000001ad50e1c000 JavaThread "Sweeper thread" daemon [_thread_blocked, id=1664, stack(0x000000016d200000,0x000000016d300000)]
  0x000001ad50f15000 JavaThread "Common-Cleaner" daemon [_thread_blocked, id=12996, stack(0x000000016d300000,0x000000016d400000)]
  0x000001ad53c1a800 JavaThread "Daemon health stats" [_thread_blocked, id=11800, stack(0x000000016d800000,0x000000016d900000)]
  0x000001ad51041800 JavaThread "Incoming local TCP Connector on port 57550" [_thread_in_native, id=9980, stack(0x000000016d500000,0x000000016d600000)]
  0x000001ad52776000 JavaThread "Daemon periodic checks" [_thread_blocked, id=6108, stack(0x000000016d900000,0x000000016da00000)]
  0x000001ad51e82800 JavaThread "Daemon" [_thread_blocked, id=12520, stack(0x000000016da00000,0x000000016db00000)]
  0x000001ad54902000 JavaThread "Handler for socket connection from /127.0.0.1:57550 to /127.0.0.1:57551" [_thread_in_native, id=6704, stack(0x000000016db00000,0x000000016dc00000)]
  0x000001ad522a8000 JavaThread "Cancel handler" [_thread_blocked, id=9624, stack(0x000000016dc00000,0x000000016dd00000)]
  0x000001ad54af1800 JavaThread "Daemon worker" [_thread_blocked, id=2956, stack(0x000000016dd00000,0x000000016de00000)]
  0x000001ad54769800 JavaThread "Asynchronous log dispatcher for DefaultDaemonConnection: socket connection from /127.0.0.1:57550 to /127.0.0.1:57551" [_thread_blocked, id=6288, stack(0x000000016de00000,0x000000016df00000)]
  0x000001ad52ff5000 JavaThread "Stdin handler" [_thread_blocked, id=5856, stack(0x000000016df00000,0x000000016e000000)]
  0x000001ad52ede800 JavaThread "Daemon client event forwarder" [_thread_blocked, id=10512, stack(0x000000016e000000,0x000000016e100000)]
  0x000001ad52edc800 JavaThread "Cache worker for journal cache (C:\Users\usuario\.gradle\caches\journal-1)" [_thread_blocked, id=7652, stack(0x000000016e200000,0x000000016e300000)]
  0x000001ad52ee1000 JavaThread "File lock request listener" [_thread_in_native, id=13056, stack(0x000000016e300000,0x000000016e400000)]
  0x000001ad52edd000 JavaThread "Cache worker for file hash cache (C:\Users\usuario\.gradle\caches\7.2\fileHashes)" [_thread_blocked, id=8940, stack(0x000000016e400000,0x000000016e500000)]
  0x000001ad52edf800 JavaThread "Cache worker for file hash cache (C:\Users\usuario\AndroidStudioProjects\Dados\.gradle\7.2\fileHashes)" [_thread_blocked, id=3260, stack(0x000000016e500000,0x000000016e600000)]
  0x000001ad52ede000 JavaThread "File watcher server" daemon [_thread_blocked, id=9468, stack(0x000000016e600000,0x000000016e700000)]
  0x000001ad52edb800 JavaThread "File watcher consumer" daemon [_thread_blocked, id=876, stack(0x000000016e700000,0x000000016e800000)]
  0x000001ad52ee0800 JavaThread "Cache worker for checksums cache (C:\Users\usuario\AndroidStudioProjects\Dados\.gradle\checksums)" [_thread_blocked, id=8804, stack(0x000000016e800000,0x000000016e900000)]
  0x000001ad52ee2000 JavaThread "Cache worker for cache directory md-supplier (C:\Users\usuario\.gradle\caches\7.2\md-supplier)" [_thread_blocked, id=128, stack(0x000000016e900000,0x000000016ea00000)]
  0x000001ad5312b000 JavaThread "Cache worker for cache directory md-rule (C:\Users\usuario\.gradle\caches\7.2\md-rule)" [_thread_blocked, id=6776, stack(0x000000016eb00000,0x000000016ec00000)]
  0x000001ad5312d000 JavaThread "Cache worker for execution history cache (C:\Users\usuario\.gradle\caches\7.2\executionHistory)" [_thread_blocked, id=9764, stack(0x000000016ec00000,0x000000016ed00000)]
  0x000001ad53129800 JavaThread "jar transforms" [_thread_blocked, id=9388, stack(0x000000016ed00000,0x000000016ee00000)]
  0x000001ad5312d800 JavaThread "Cache worker for file content cache (C:\Users\usuario\.gradle\caches\7.2\fileContent)" [_thread_blocked, id=9484, stack(0x000000016ee00000,0x000000016ef00000)]
  0x000001ad53131000 JavaThread "jar transforms Thread 2" [_thread_blocked, id=11088, stack(0x000000016ef00000,0x000000016f000000)]
  0x000001ad5312f800 JavaThread "Cache worker for dependencies-accessors (C:\Users\usuario\AndroidStudioProjects\Dados\.gradle\7.2\dependencies-accessors)" [_thread_blocked, id=3988, stack(0x000000016f000000,0x000000016f100000)]
  0x000001ad53130000 JavaThread "jar transforms Thread 3" [_thread_blocked, id=11728, stack(0x000000016f100000,0x000000016f200000)]
  0x000001ad53133800 JavaThread "Cache worker for Build Output Cleanup Cache (C:\Users\usuario\AndroidStudioProjects\Dados\.gradle\buildOutputCleanup)" [_thread_blocked, id=10776, stack(0x000000016f200000,0x000000016f300000)]
  0x000001ad53134000 JavaThread "Unconstrained build operations" [_thread_blocked, id=8428, stack(0x000000016f300000,0x000000016f400000)]
  0x000001ad5312e800 JavaThread "Unconstrained build operations Thread 2" [_thread_blocked, id=12144, stack(0x000000016f400000,0x000000016f500000)]
  0x000001ad53135000 JavaThread "Unconstrained build operations Thread 3" [_thread_blocked, id=1832, stack(0x000000016f500000,0x000000016f600000)]
  0x000001ad53136000 JavaThread "Unconstrained build operations Thread 4" [_thread_blocked, id=9716, stack(0x000000016f600000,0x000000016f700000)]
  0x000001ad51498000 JavaThread "Unconstrained build operations Thread 5" [_thread_blocked, id=660, stack(0x000000016f700000,0x000000016f800000)]
  0x000001ad51497800 JavaThread "Unconstrained build operations Thread 6" [_thread_blocked, id=12360, stack(0x000000016f800000,0x000000016f900000)]
  0x000001ad51495800 JavaThread "Unconstrained build operations Thread 7" [_thread_blocked, id=3552, stack(0x000000016f900000,0x000000016fa00000)]
  0x000001ad51499000 JavaThread "Unconstrained build operations Thread 8" [_thread_blocked, id=12468, stack(0x000000016fa00000,0x000000016fb00000)]
  0x000001ad5149a000 JavaThread "Unconstrained build operations Thread 9" [_thread_blocked, id=10328, stack(0x000000016fb00000,0x000000016fc00000)]
  0x000001ad5149b800 JavaThread "Unconstrained build operations Thread 10" [_thread_blocked, id=12012, stack(0x000000016fc00000,0x000000016fd00000)]
  0x000001ad5149a800 JavaThread "Unconstrained build operations Thread 11" [_thread_blocked, id=12700, stack(0x000000016fd00000,0x000000016fe00000)]
  0x000001ad5149c800 JavaThread "Unconstrained build operations Thread 12" [_thread_blocked, id=1612, stack(0x000000016fe00000,0x000000016ff00000)]
  0x000001ad51496800 JavaThread "Unconstrained build operations Thread 13" [_thread_blocked, id=1244, stack(0x000000016ff00000,0x0000000170000000)]
  0x000001ad5149e800 JavaThread "Unconstrained build operations Thread 14" [_thread_blocked, id=7468, stack(0x0000000170000000,0x0000000170100000)]
  0x000001ad5149f800 JavaThread "Unconstrained build operations Thread 15" [_thread_blocked, id=10184, stack(0x0000000170100000,0x0000000170200000)]
  0x000001ad5149e000 JavaThread "Unconstrained build operations Thread 16" [_thread_blocked, id=10864, stack(0x0000000170200000,0x0000000170300000)]
  0x000001ad514a0800 JavaThread "Unconstrained build operations Thread 17" [_thread_blocked, id=1356, stack(0x0000000170300000,0x0000000170400000)]
  0x000001ad514a1000 JavaThread "Unconstrained build operations Thread 18" [_thread_blocked, id=12340, stack(0x0000000170400000,0x0000000170500000)]
  0x000001ad514a2000 JavaThread "Unconstrained build operations Thread 19" [_thread_blocked, id=12812, stack(0x0000000170500000,0x0000000170600000)]
  0x000001ad514a3000 JavaThread "Unconstrained build operations Thread 20" [_thread_blocked, id=412, stack(0x0000000170600000,0x0000000170700000)]
  0x000001ad5149d000 JavaThread "Unconstrained build operations Thread 21" [_thread_blocked, id=10992, stack(0x0000000170700000,0x0000000170800000)]
  0x000001ad514a3800 JavaThread "Unconstrained build operations Thread 22" [_thread_blocked, id=5440, stack(0x0000000170800000,0x0000000170900000)]
  0x000001ad514a4800 JavaThread "Unconstrained build operations Thread 23" [_thread_blocked, id=5920, stack(0x0000000170900000,0x0000000170a00000)]
  0x000001ad53a9f800 JavaThread "Unconstrained build operations Thread 24" [_thread_blocked, id=6560, stack(0x0000000170a00000,0x0000000170b00000)]
  0x000001ad53aa0000 JavaThread "Unconstrained build operations Thread 25" [_thread_blocked, id=12432, stack(0x0000000170b00000,0x0000000170c00000)]
  0x000001ad53a9b000 JavaThread "Unconstrained build operations Thread 26" [_thread_blocked, id=12132, stack(0x0000000170c00000,0x0000000170d00000)]
  0x000001ad53a9d800 JavaThread "Unconstrained build operations Thread 27" [_thread_blocked, id=12184, stack(0x0000000170d00000,0x0000000170e00000)]
  0x000001ad53aa1000 JavaThread "Unconstrained build operations Thread 28" [_thread_blocked, id=11404, stack(0x0000000170e00000,0x0000000170f00000)]
  0x000001ad53a9d000 JavaThread "Unconstrained build operations Thread 29" [_thread_blocked, id=10680, stack(0x0000000170f00000,0x0000000171000000)]
  0x000001ad53a9e800 JavaThread "Unconstrained build operations Thread 30" [_thread_blocked, id=6908, stack(0x0000000171000000,0x0000000171100000)]
  0x000001ad53aa1800 JavaThread "Unconstrained build operations Thread 31" [_thread_blocked, id=1536, stack(0x0000000171100000,0x0000000171200000)]
  0x000001ad53a9c000 JavaThread "Unconstrained build operations Thread 32" [_thread_blocked, id=9972, stack(0x0000000171200000,0x0000000171300000)]
  0x000001ad53aa5000 JavaThread "Unconstrained build operations Thread 33" [_thread_blocked, id=2860, stack(0x0000000171300000,0x0000000171400000)]
  0x000001ad53aa6800 JavaThread "Unconstrained build operations Thread 34" [_thread_blocked, id=12292, stack(0x0000000171400000,0x0000000171500000)]
  0x000001ad53aa8000 JavaThread "Unconstrained build operations Thread 35" [_thread_blocked, id=10872, stack(0x0000000171500000,0x0000000171600000)]
  0x000001ad53aa7800 JavaThread "Unconstrained build operations Thread 36" [_thread_blocked, id=6492, stack(0x0000000171600000,0x0000000171700000)]
  0x000001ad53aa6000 JavaThread "Unconstrained build operations Thread 37" [_thread_blocked, id=6920, stack(0x0000000171700000,0x0000000171800000)]
  0x000001ad53aa2800 JavaThread "Unconstrained build operations Thread 38" [_thread_blocked, id=6980, stack(0x0000000171800000,0x0000000171900000)]
  0x000001ad53aa9000 JavaThread "Unconstrained build operations Thread 39" [_thread_blocked, id=10632, stack(0x0000000171900000,0x0000000171a00000)]
  0x000001ad53aa3800 JavaThread "Unconstrained build operations Thread 40" [_thread_blocked, id=11924, stack(0x0000000171a00000,0x0000000171b00000)]
  0x000001ad53aaa000 JavaThread "jar transforms Thread 4" [_thread_blocked, id=4072, stack(0x0000000171b00000,0x0000000171c00000)]
  0x000001ad54dd2000 JavaThread "Memory manager" [_thread_blocked, id=812, stack(0x0000000171c00000,0x0000000171d00000)]
  0x000001ad54dcf000 JavaThread "build event listener" [_thread_blocked, id=4920, stack(0x000000016ea00000,0x000000016eb00000)]
  0x000001ad54dcf800 JavaThread "build event listener" [_thread_blocked, id=1724, stack(0x0000000171e00000,0x0000000171f00000)]
  0x000001ad54dd1800 JavaThread "pool-3-thread-1" [_thread_blocked, id=5496, stack(0x0000000171d00000,0x0000000171e00000)]
  0x000001ad54dd3000 JavaThread "build event listener" [_thread_blocked, id=12936, stack(0x0000000171f00000,0x0000000172000000)]
  0x000001ad54dd4000 JavaThread "Execution worker for ':'" [_thread_blocked, id=5988, stack(0x0000000172000000,0x0000000172100000)]
  0x000001ad54dd5800 JavaThread "Execution worker for ':' Thread 2" [_thread_blocked, id=5112, stack(0x0000000172100000,0x0000000172200000)]
  0x000001ad54dd6800 JavaThread "Execution worker for ':' Thread 3" [_thread_blocked, id=11480, stack(0x0000000172200000,0x0000000172300000)]
  0x000001ad54dd0800 JavaThread "Cache worker for execution history cache (C:\Users\usuario\AndroidStudioProjects\Dados\.gradle\7.2\executionHistory)" [_thread_blocked, id=7276, stack(0x0000000172300000,0x0000000172400000)]
  0x000001ad54dd8000 JavaThread "C2 CompilerThread1" daemon [_thread_blocked, id=12488, stack(0x0000000172400000,0x0000000172500000)]

Other Threads:
=>0x000001ad5042d000 VMThread "VM Thread" [stack: 0x000000016ca00000,0x000000016cb00000] [id=11360]
  0x000001ad50f1d800 WatcherThread [stack: 0x000000016d400000,0x000000016d500000] [id=6996]
  0x000001ad36867000 GCTaskThread "GC Thread#0" [stack: 0x000000016c500000,0x000000016c600000] [id=3208]
  0x000001ad51158800 GCTaskThread "GC Thread#1" [stack: 0x000000016d600000,0x000000016d700000] [id=4444]
  0x000001ad5107f800 GCTaskThread "GC Thread#2" [stack: 0x000000016d700000,0x000000016d800000] [id=9684]
  0x000001ad5483f800 GCTaskThread "GC Thread#3" [stack: 0x000000016e100000,0x000000016e200000] [id=6308]
  0x000001ad36898800 ConcurrentGCThread "G1 Main Marker" [stack: 0x000000016c600000,0x000000016c700000] [id=12436]
  0x000001ad3689a000 ConcurrentGCThread "G1 Conc#0" [stack: 0x000000016c700000,0x000000016c800000] [id=7952]
  0x000001ad3692a800 ConcurrentGCThread "G1 Refine#0" [stack: 0x000000016c800000,0x000000016c900000] [id=9300]
  0x000001ad3692b800 ConcurrentGCThread "G1 Young RemSet Sampling" [stack: 0x000000016c900000,0x000000016ca00000] [id=12928]

Threads with active compile tasks:
C2 CompilerThread0  32787 10501       4       com.android.ide.common.resources.NodeUtils::updateNamespace (161 bytes)
C2 CompilerThread1  32787 10538       4       java.util.HashMap::removeNode (291 bytes)

VM state:at safepoint (normal execution)

VM Mutex/Monitor currently owned by a thread:  ([mutex/lock_event])
[0x000001ad3684af10] Threads_lock - owner thread: 0x000001ad5042d000
[0x000001ad36849bf0] Heap_lock - owner thread: 0x000001ad54dd6800

Heap address: 0x0000000080000000, size: 2048 MB, Compressed Oops mode: 32-bit
Narrow klass base: 0x0000000000000000, Narrow klass shift: 3
Compressed class space size: 1073741824 Address: 0x0000000100000000

Heap:
 garbage-first heap   total 225280K, used 102215K [0x0000000080000000, 0x0000000100000000)
  region size 1024K, 9 young (9216K), 9 survivors (9216K)
 Metaspace       used 88880K, capacity 90833K, committed 91092K, reserved 1128448K
  class space    used 11357K, capacity 12119K, committed 12160K, reserved 1048576K
Heap Regions: E=young(eden), S=young(survivor), O=old, HS=humongous(starts), HC=humongous(continues), CS=collection set, F=free, A=archive, TAMS=top-at-mark-start (previous, next)
|   0|0x0000000080000000, 0x0000000080100000, 0x0000000080100000|100%| O|  |TAMS 0x0000000080100000, 0x0000000080100000| Untracked 
|   1|0x0000000080100000, 0x0000000080200000, 0x0000000080200000|100%| O|  |TAMS 0x0000000080200000, 0x0000000080200000| Untracked 
|   2|0x0000000080200000, 0x0000000080300000, 0x0000000080300000|100%| O|  |TAMS 0x0000000080300000, 0x0000000080300000| Untracked 
|   3|0x0000000080300000, 0x0000000080400000, 0x0000000080400000|100%|HS|  |TAMS 0x0000000080400000, 0x0000000080400000| Complete 
|   4|0x0000000080400000, 0x0000000080500000, 0x0000000080500000|100%|HC|  |TAMS 0x0000000080500000, 0x0000000080500000| Complete 
|   5|0x0000000080500000, 0x0000000080600000, 0x0000000080600000|100%|HC|  |TAMS 0x0000000080600000, 0x0000000080600000| Complete 
|   6|0x0000000080600000, 0x0000000080700000, 0x0000000080700000|100%| O|  |TAMS 0x0000000080700000, 0x0000000080700000| Untracked 
|   7|0x0000000080700000, 0x0000000080800000, 0x0000000080800000|100%| O|  |TAMS 0x0000000080800000, 0x0000000080800000| Untracked 
|   8|0x0000000080800000, 0x0000000080900000, 0x0000000080900000|100%| O|  |TAMS 0x0000000080900000, 0x0000000080900000| Untracked 
|   9|0x0000000080900000, 0x0000000080a00000, 0x0000000080a00000|100%| O|  |TAMS 0x0000000080a00000, 0x0000000080a00000| Untracked 
|  10|0x0000000080a00000, 0x0000000080b00000, 0x0000000080b00000|100%| O|  |TAMS 0x0000000080b00000, 0x0000000080b00000| Untracked 
|  11|0x0000000080b00000, 0x0000000080c00000, 0x0000000080c00000|100%| O|  |TAMS 0x0000000080c00000, 0x0000000080c00000| Untracked 
|  12|0x0000000080c00000, 0x0000000080d00000, 0x0000000080d00000|100%| O|  |TAMS 0x0000000080d00000, 0x0000000080d00000| Untracked 
|  13|0x0000000080d00000, 0x0000000080e00000, 0x0000000080e00000|100%| O|  |TAMS 0x0000000080e00000, 0x0000000080e00000| Untracked 
|  14|0x0000000080e00000, 0x0000000080f00000, 0x0000000080f00000|100%| O|  |TAMS 0x0000000080f00000, 0x0000000080f00000| Untracked 
|  15|0x0000000080f00000, 0x0000000081000000, 0x0000000081000000|100%| O|  |TAMS 0x0000000081000000, 0x0000000081000000| Untracked 
|  16|0x0000000081000000, 0x0000000081100000, 0x0000000081100000|100%|HS|  |TAMS 0x0000000081100000, 0x0000000081100000| Complete 
|  17|0x0000000081100000, 0x0000000081200000, 0x0000000081200000|100%| O|  |TAMS 0x0000000081200000, 0x0000000081200000| Untracked 
|  18|0x0000000081200000, 0x0000000081300000, 0x0000000081300000|100%| O|  |TAMS 0x0000000081300000, 0x0000000081300000| Untracked 
|  19|0x0000000081300000, 0x0000000081400000, 0x0000000081400000|100%| O|  |TAMS 0x0000000081400000, 0x0000000081400000| Untracked 
|  20|0x0000000081400000, 0x0000000081500000, 0x0000000081500000|100%| O|  |TAMS 0x0000000081500000, 0x0000000081500000| Untracked 
|  21|0x0000000081500000, 0x0000000081600000, 0x0000000081600000|100%| O|  |TAMS 0x0000000081600000, 0x0000000081600000| Untracked 
|  22|0x0000000081600000, 0x0000000081700000, 0x0000000081700000|100%| O|  |TAMS 0x0000000081700000, 0x0000000081700000| Untracked 
|  23|0x0000000081700000, 0x0000000081800000, 0x0000000081800000|100%|HS|  |TAMS 0x0000000081800000, 0x0000000081800000| Complete 
|  24|0x0000000081800000, 0x0000000081900000, 0x0000000081900000|100%|HS|  |TAMS 0x0000000081900000, 0x0000000081900000| Complete 
|  25|0x0000000081900000, 0x0000000081a00000, 0x0000000081a00000|100%|HS|  |TAMS 0x0000000081a00000, 0x0000000081a00000| Complete 
|  26|0x0000000081a00000, 0x0000000081b00000, 0x0000000081b00000|100%|HS|  |TAMS 0x0000000081b00000, 0x0000000081b00000| Complete 
|  27|0x0000000081b00000, 0x0000000081c00000, 0x0000000081c00000|100%|HC|  |TAMS 0x0000000081c00000, 0x0000000081c00000| Complete 
|  28|0x0000000081c00000, 0x0000000081d00000, 0x0000000081d00000|100%|HC|  |TAMS 0x0000000081d00000, 0x0000000081d00000| Complete 
|  29|0x0000000081d00000, 0x0000000081e00000, 0x0000000081e00000|100%|HS|  |TAMS 0x0000000081e00000, 0x0000000081e00000| Complete 
|  30|0x0000000081e00000, 0x0000000081f00000, 0x0000000081f00000|100%|HC|  |TAMS 0x0000000081f00000, 0x0000000081f00000| Complete 
|  31|0x0000000081f00000, 0x0000000082000000, 0x0000000082000000|100%| O|  |TAMS 0x0000000082000000, 0x0000000082000000| Untracked 
|  32|0x0000000082000000, 0x0000000082100000, 0x0000000082100000|100%| O|  |TAMS 0x0000000082100000, 0x0000000082100000| Untracked 
|  33|0x0000000082100000, 0x0000000082200000, 0x0000000082200000|100%| O|  |TAMS 0x0000000082200000, 0x0000000082200000| Untracked 
|  34|0x0000000082200000, 0x0000000082300000, 0x0000000082300000|100%| O|  |TAMS 0x0000000082300000, 0x0000000082300000| Untracked 
|  35|0x0000000082300000, 0x0000000082400000, 0x0000000082400000|100%| O|  |TAMS 0x0000000082400000, 0x0000000082400000| Untracked 
|  36|0x0000000082400000, 0x0000000082500000, 0x0000000082500000|100%| O|  |TAMS 0x0000000082500000, 0x0000000082500000| Untracked 
|  37|0x0000000082500000, 0x0000000082600000, 0x0000000082600000|100%| O|  |TAMS 0x0000000082600000, 0x0000000082600000| Untracked 
|  38|0x0000000082600000, 0x0000000082700000, 0x0000000082700000|100%| O|  |TAMS 0x0000000082700000, 0x0000000082700000| Untracked 
|  39|0x0000000082700000, 0x0000000082800000, 0x0000000082800000|100%| O|  |TAMS 0x0000000082800000, 0x0000000082800000| Untracked 
|  40|0x0000000082800000, 0x0000000082900000, 0x0000000082900000|100%| O|  |TAMS 0x0000000082900000, 0x0000000082900000| Untracked 
|  41|0x0000000082900000, 0x0000000082a00000, 0x0000000082a00000|100%| O|  |TAMS 0x0000000082a00000, 0x0000000082a00000| Untracked 
|  42|0x0000000082a00000, 0x0000000082b00000, 0x0000000082b00000|100%| O|  |TAMS 0x0000000082b00000, 0x0000000082b00000| Untracked 
|  43|0x0000000082b00000, 0x0000000082c00000, 0x0000000082c00000|100%| O|  |TAMS 0x0000000082c00000, 0x0000000082c00000| Untracked 
|  44|0x0000000082c00000, 0x0000000082d00000, 0x0000000082d00000|100%| O|  |TAMS 0x0000000082d00000, 0x0000000082d00000| Untracked 
|  45|0x0000000082d00000, 0x0000000082e00000, 0x0000000082e00000|100%| O|  |TAMS 0x0000000082e00000, 0x0000000082e00000| Untracked 
|  46|0x0000000082e00000, 0x0000000082f00000, 0x0000000082f00000|100%| O|  |TAMS 0x0000000082f00000, 0x0000000082f00000| Untracked 
|  47|0x0000000082f00000, 0x0000000083000000, 0x0000000083000000|100%| O|  |TAMS 0x0000000083000000, 0x0000000083000000| Untracked 
|  48|0x0000000083000000, 0x0000000083100000, 0x0000000083100000|100%| O|  |TAMS 0x00000000830ffa00, 0x0000000083100000| Untracked 
|  49|0x0000000083100000, 0x0000000083200000, 0x0000000083200000|100%| O|  |TAMS 0x0000000083100000, 0x0000000083200000| Untracked 
|  50|0x0000000083200000, 0x0000000083300000, 0x0000000083300000|100%| O|  |TAMS 0x0000000083200000, 0x0000000083300000| Untracked 
|  51|0x0000000083300000, 0x0000000083400000, 0x0000000083400000|100%| O|  |TAMS 0x0000000083300000, 0x0000000083400000| Untracked 
|  52|0x0000000083400000, 0x0000000083500000, 0x0000000083500000|100%| O|  |TAMS 0x0000000083400000, 0x0000000083500000| Untracked 
|  53|0x0000000083500000, 0x0000000083600000, 0x0000000083600000|100%| O|  |TAMS 0x0000000083500000, 0x0000000083600000| Untracked 
|  54|0x0000000083600000, 0x0000000083700000, 0x0000000083700000|100%| O|  |TAMS 0x0000000083600000, 0x0000000083700000| Untracked 
|  55|0x0000000083700000, 0x0000000083800000, 0x0000000083800000|100%| O|  |TAMS 0x0000000083700000, 0x0000000083800000| Untracked 
|  56|0x0000000083800000, 0x0000000083900000, 0x0000000083900000|100%| O|  |TAMS 0x0000000083800000, 0x0000000083900000| Untracked 
|  57|0x0000000083900000, 0x0000000083a00000, 0x0000000083a00000|100%| O|  |TAMS 0x0000000083900000, 0x0000000083a00000| Untracked 
|  58|0x0000000083a00000, 0x0000000083b00000, 0x0000000083b00000|100%| O|  |TAMS 0x0000000083a00000, 0x0000000083b00000| Untracked 
|  59|0x0000000083b00000, 0x0000000083c00000, 0x0000000083c00000|100%| O|  |TAMS 0x0000000083b00000, 0x0000000083c00000| Untracked 
|  60|0x0000000083c00000, 0x0000000083d00000, 0x0000000083d00000|100%| O|  |TAMS 0x0000000083c00000, 0x0000000083d00000| Untracked 
|  61|0x0000000083d00000, 0x0000000083e00000, 0x0000000083e00000|100%| O|  |TAMS 0x0000000083d00000, 0x0000000083e00000| Untracked 
|  62|0x0000000083e00000, 0x0000000083f00000, 0x0000000083f00000|100%| O|  |TAMS 0x0000000083e00000, 0x0000000083f00000| Untracked 
|  63|0x0000000083f00000, 0x0000000084000000, 0x0000000084000000|100%| O|  |TAMS 0x0000000083f00000, 0x0000000084000000| Untracked 
|  64|0x0000000084000000, 0x0000000084100000, 0x0000000084100000|100%| O|  |TAMS 0x0000000084000000, 0x0000000084100000| Untracked 
|  65|0x0000000084100000, 0x0000000084200000, 0x0000000084200000|100%| O|  |TAMS 0x0000000084100000, 0x0000000084200000| Untracked 
|  66|0x0000000084200000, 0x0000000084300000, 0x0000000084300000|100%| O|  |TAMS 0x0000000084200000, 0x0000000084300000| Untracked 
|  67|0x0000000084300000, 0x0000000084400000, 0x0000000084400000|100%| O|  |TAMS 0x0000000084300000, 0x0000000084400000| Untracked 
|  68|0x0000000084400000, 0x0000000084500000, 0x0000000084500000|100%| O|  |TAMS 0x0000000084400000, 0x0000000084500000| Untracked 
|  69|0x0000000084500000, 0x0000000084600000, 0x0000000084600000|100%| O|  |TAMS 0x0000000084500000, 0x0000000084600000| Untracked 
|  70|0x0000000084600000, 0x0000000084700000, 0x0000000084700000|100%| O|  |TAMS 0x0000000084600000, 0x0000000084700000| Untracked 
|  71|0x0000000084700000, 0x0000000084800000, 0x0000000084800000|100%| O|  |TAMS 0x0000000084700000, 0x0000000084800000| Untracked 
|  72|0x0000000084800000, 0x0000000084900000, 0x0000000084900000|100%| O|  |TAMS 0x0000000084800000, 0x0000000084900000| Untracked 
|  73|0x0000000084900000, 0x0000000084a00000, 0x0000000084a00000|100%| O|  |TAMS 0x0000000084900000, 0x0000000084a00000| Untracked 
|  74|0x0000000084a00000, 0x0000000084b00000, 0x0000000084b00000|100%| O|  |TAMS 0x0000000084a00000, 0x0000000084b00000| Untracked 
|  75|0x0000000084b00000, 0x0000000084b00000, 0x0000000084c00000|  0%| F|  |TAMS 0x0000000084b00000, 0x0000000084b00000| Untracked 
|  76|0x0000000084c00000, 0x0000000084c00000, 0x0000000084d00000|  0%| F|  |TAMS 0x0000000084c00000, 0x0000000084c00000| Untracked 
|  77|0x0000000084d00000, 0x0000000084e00000, 0x0000000084e00000|100%|HS|  |TAMS 0x0000000084d00000, 0x0000000084e00000| Complete 
|  78|0x0000000084e00000, 0x0000000084e00000, 0x0000000084f00000|  0%| F|  |TAMS 0x0000000084e00000, 0x0000000084e00000| Untracked 
|  79|0x0000000084f00000, 0x0000000085000000, 0x0000000085000000|100%|HS|  |TAMS 0x0000000084f00000, 0x0000000085000000| Complete 
|  80|0x0000000085000000, 0x0000000085100000, 0x0000000085100000|100%|HC|  |TAMS 0x0000000085000000, 0x0000000085100000| Complete 
|  81|0x0000000085100000, 0x0000000085100000, 0x0000000085200000|  0%| F|  |TAMS 0x0000000085100000, 0x0000000085100000| Untracked 
|  82|0x0000000085200000, 0x0000000085300000, 0x0000000085300000|100%| O|  |TAMS 0x0000000085200000, 0x0000000085300000| Untracked 
|  83|0x0000000085300000, 0x0000000085400000, 0x0000000085400000|100%| O|  |TAMS 0x0000000085300000, 0x0000000085400000| Untracked 
|  84|0x0000000085400000, 0x0000000085500000, 0x0000000085500000|100%| O|  |TAMS 0x0000000085400000, 0x0000000085500000| Untracked 
|  85|0x0000000085500000, 0x0000000085600000, 0x0000000085600000|100%| O|  |TAMS 0x0000000085500000, 0x0000000085600000| Untracked 
|  86|0x0000000085600000, 0x0000000085700000, 0x0000000085700000|100%| O|  |TAMS 0x0000000085600000, 0x0000000085700000| Untracked 
|  87|0x0000000085700000, 0x0000000085800000, 0x0000000085800000|100%| O|  |TAMS 0x0000000085700000, 0x0000000085800000| Untracked 
|  88|0x0000000085800000, 0x0000000085900000, 0x0000000085900000|100%| O|  |TAMS 0x0000000085800000, 0x0000000085900000| Untracked 
|  89|0x0000000085900000, 0x0000000085a00000, 0x0000000085a00000|100%| O|  |TAMS 0x0000000085900000, 0x0000000085a00000| Untracked 
|  90|0x0000000085a00000, 0x0000000085b00000, 0x0000000085b00000|100%| O|  |TAMS 0x0000000085a00000, 0x0000000085b00000| Untracked 
|  91|0x0000000085b00000, 0x0000000085c00000, 0x0000000085c00000|100%| O|  |TAMS 0x0000000085b00000, 0x0000000085c00000| Untracked 
|  92|0x0000000085c00000, 0x0000000085d00000, 0x0000000085d00000|100%| O|  |TAMS 0x0000000085c00000, 0x0000000085d00000| Untracked 
|  93|0x0000000085d00000, 0x0000000085e00000, 0x0000000085e00000|100%| O|  |TAMS 0x0000000085d00000, 0x0000000085e00000| Untracked 
|  94|0x0000000085e00000, 0x0000000085ed1e00, 0x0000000085f00000| 81%| O|  |TAMS 0x0000000085e00000, 0x0000000085ed1e00| Untracked 
|  95|0x0000000085f00000, 0x0000000085f00000, 0x0000000086000000|  0%| F|  |TAMS 0x0000000085f00000, 0x0000000085f00000| Untracked 
|  96|0x0000000086000000, 0x0000000086000000, 0x0000000086100000|  0%| F|  |TAMS 0x0000000086000000, 0x0000000086000000| Untracked 
|  97|0x0000000086100000, 0x0000000086100000, 0x0000000086200000|  0%| F|  |TAMS 0x0000000086100000, 0x0000000086100000| Untracked 
|  98|0x0000000086200000, 0x0000000086200000, 0x0000000086300000|  0%| F|  |TAMS 0x0000000086200000, 0x0000000086200000| Untracked 
|  99|0x0000000086300000, 0x0000000086300000, 0x0000000086400000|  0%| F|  |TAMS 0x0000000086300000, 0x0000000086300000| Untracked 
| 100|0x0000000086400000, 0x0000000086400000, 0x0000000086500000|  0%| F|  |TAMS 0x0000000086400000, 0x0000000086400000| Untracked 
| 101|0x0000000086500000, 0x0000000086500000, 0x0000000086600000|  0%| F|  |TAMS 0x0000000086500000, 0x0000000086500000| Untracked 
| 102|0x0000000086600000, 0x0000000086600000, 0x0000000086700000|  0%| F|  |TAMS 0x0000000086600000, 0x0000000086600000| Untracked 
| 103|0x0000000086700000, 0x0000000086700000, 0x0000000086800000|  0%| F|  |TAMS 0x0000000086700000, 0x0000000086700000| Untracked 
| 104|0x0000000086800000, 0x0000000086800000, 0x0000000086900000|  0%| F|  |TAMS 0x0000000086800000, 0x0000000086800000| Untracked 
| 105|0x0000000086900000, 0x0000000086900000, 0x0000000086a00000|  0%| F|  |TAMS 0x0000000086900000, 0x0000000086900000| Untracked 
| 106|0x0000000086a00000, 0x0000000086a00000, 0x0000000086b00000|  0%| F|  |TAMS 0x0000000086a00000, 0x0000000086a00000| Untracked 
| 107|0x0000000086b00000, 0x0000000086b00000, 0x0000000086c00000|  0%| F|  |TAMS 0x0000000086b00000, 0x0000000086b00000| Untracked 
| 108|0x0000000086c00000, 0x0000000086c00000, 0x0000000086d00000|  0%| F|  |TAMS 0x0000000086c00000, 0x0000000086c00000| Untracked 
| 109|0x0000000086d00000, 0x0000000086d00000, 0x0000000086e00000|  0%| F|  |TAMS 0x0000000086d00000, 0x0000000086d00000| Untracked 
| 110|0x0000000086e00000, 0x0000000086e00000, 0x0000000086f00000|  0%| F|  |TAMS 0x0000000086e00000, 0x0000000086e00000| Untracked 
| 111|0x0000000086f00000, 0x0000000086f00000, 0x0000000087000000|  0%| F|  |TAMS 0x0000000086f00000, 0x0000000086f00000| Untracked 
| 112|0x0000000087000000, 0x0000000087000000, 0x0000000087100000|  0%| F|  |TAMS 0x0000000087000000, 0x0000000087000000| Untracked 
| 113|0x0000000087100000, 0x0000000087100000, 0x0000000087200000|  0%| F|  |TAMS 0x0000000087100000, 0x0000000087100000| Untracked 
| 114|0x0000000087200000, 0x0000000087200000, 0x0000000087300000|  0%| F|  |TAMS 0x0000000087200000, 0x0000000087200000| Untracked 
| 115|0x0000000087300000, 0x0000000087300000, 0x0000000087400000|  0%| F|  |TAMS 0x0000000087300000, 0x0000000087300000| Untracked 
| 116|0x0000000087400000, 0x0000000087400000, 0x0000000087500000|  0%| F|  |TAMS 0x0000000087400000, 0x0000000087400000| Untracked 
| 117|0x0000000087500000, 0x0000000087500000, 0x0000000087600000|  0%| F|  |TAMS 0x0000000087500000, 0x0000000087500000| Untracked 
| 118|0x0000000087600000, 0x0000000087600000, 0x0000000087700000|  0%| F|  |TAMS 0x0000000087600000, 0x0000000087600000| Untracked 
| 119|0x0000000087700000, 0x0000000087700000, 0x0000000087800000|  0%| F|  |TAMS 0x0000000087700000, 0x0000000087700000| Untracked 
| 120|0x0000000087800000, 0x0000000087800000, 0x0000000087900000|  0%| F|  |TAMS 0x0000000087800000, 0x0000000087800000| Untracked 
| 121|0x0000000087900000, 0x0000000087900000, 0x0000000087a00000|  0%| F|  |TAMS 0x0000000087900000, 0x0000000087900000| Untracked 
| 122|0x0000000087a00000, 0x0000000087a00000, 0x0000000087b00000|  0%| F|  |TAMS 0x0000000087a00000, 0x0000000087a00000| Untracked 
| 123|0x0000000087b00000, 0x0000000087b00000, 0x0000000087c00000|  0%| F|  |TAMS 0x0000000087b00000, 0x0000000087b00000| Untracked 
| 124|0x0000000087c00000, 0x0000000087c00000, 0x0000000087d00000|  0%| F|  |TAMS 0x0000000087c00000, 0x0000000087c00000| Untracked 
| 125|0x0000000087d00000, 0x0000000087d00000, 0x0000000087e00000|  0%| F|  |TAMS 0x0000000087d00000, 0x0000000087d00000| Untracked 
| 126|0x0000000087e00000, 0x0000000087e00000, 0x0000000087f00000|  0%| F|  |TAMS 0x0000000087e00000, 0x0000000087e00000| Untracked 
| 127|0x0000000087f00000, 0x0000000087f00000, 0x0000000088000000|  0%| F|  |TAMS 0x0000000087f00000, 0x0000000087f00000| Untracked 
| 128|0x0000000088000000, 0x0000000088000000, 0x0000000088100000|  0%| F|  |TAMS 0x0000000088000000, 0x0000000088000000| Untracked 
| 129|0x0000000088100000, 0x0000000088100000, 0x0000000088200000|  0%| F|  |TAMS 0x0000000088100000, 0x0000000088100000| Untracked 
| 130|0x0000000088200000, 0x0000000088200000, 0x0000000088300000|  0%| F|  |TAMS 0x0000000088200000, 0x0000000088200000| Untracked 
| 131|0x0000000088300000, 0x0000000088300000, 0x0000000088400000|  0%| F|  |TAMS 0x0000000088300000, 0x0000000088300000| Untracked 
| 132|0x0000000088400000, 0x0000000088500000, 0x0000000088500000|100%| S|CS|TAMS 0x0000000088400000, 0x0000000088400000| Complete 
| 133|0x0000000088500000, 0x0000000088600000, 0x0000000088600000|100%| S|CS|TAMS 0x0000000088500000, 0x0000000088500000| Complete 
| 134|0x0000000088600000, 0x0000000088700000, 0x0000000088700000|100%| S|CS|TAMS 0x0000000088600000, 0x0000000088600000| Complete 
| 135|0x0000000088700000, 0x0000000088800000, 0x0000000088800000|100%| S|CS|TAMS 0x0000000088700000, 0x0000000088700000| Complete 
| 136|0x0000000088800000, 0x0000000088900000, 0x0000000088900000|100%| S|CS|TAMS 0x0000000088800000, 0x0000000088800000| Complete 
| 137|0x0000000088900000, 0x0000000088a00000, 0x0000000088a00000|100%| S|CS|TAMS 0x0000000088900000, 0x0000000088900000| Complete 
| 138|0x0000000088a00000, 0x0000000088b00000, 0x0000000088b00000|100%| S|CS|TAMS 0x0000000088a00000, 0x0000000088a00000| Complete 
| 139|0x0000000088b00000, 0x0000000088c00000, 0x0000000088c00000|100%| S|CS|TAMS 0x0000000088b00000, 0x0000000088b00000| Complete 
| 140|0x0000000088c00000, 0x0000000088d00000, 0x0000000088d00000|100%| S|CS|TAMS 0x0000000088c00000, 0x0000000088c00000| Complete 
| 141|0x0000000088d00000, 0x0000000088d00000, 0x0000000088e00000|  0%| F|  |TAMS 0x0000000088d00000, 0x0000000088d00000| Untracked 
| 142|0x0000000088e00000, 0x0000000088e00000, 0x0000000088f00000|  0%| F|  |TAMS 0x0000000088e00000, 0x0000000088e00000| Untracked 
| 143|0x0000000088f00000, 0x0000000088f00000, 0x0000000089000000|  0%| F|  |TAMS 0x0000000088f00000, 0x0000000088f00000| Untracked 
| 144|0x0000000089000000, 0x0000000089000000, 0x0000000089100000|  0%| F|  |TAMS 0x0000000089000000, 0x0000000089000000| Untracked 
| 145|0x0000000089100000, 0x0000000089100000, 0x0000000089200000|  0%| F|  |TAMS 0x0000000089100000, 0x0000000089100000| Untracked 
| 146|0x0000000089200000, 0x0000000089200000, 0x0000000089300000|  0%| F|  |TAMS 0x0000000089200000, 0x0000000089200000| Untracked 
| 147|0x0000000089300000, 0x0000000089300000, 0x0000000089400000|  0%| F|  |TAMS 0x0000000089300000, 0x0000000089300000| Untracked 
| 148|0x0000000089400000, 0x0000000089400000, 0x0000000089500000|  0%| F|  |TAMS 0x0000000089400000, 0x0000000089400000| Untracked 
| 149|0x0000000089500000, 0x0000000089500000, 0x0000000089600000|  0%| F|  |TAMS 0x0000000089500000, 0x0000000089500000| Untracked 
| 150|0x0000000089600000, 0x0000000089600000, 0x0000000089700000|  0%| F|  |TAMS 0x0000000089600000, 0x0000000089600000| Untracked 
| 151|0x0000000089700000, 0x0000000089700000, 0x0000000089800000|  0%| F|  |TAMS 0x0000000089700000, 0x0000000089700000| Untracked 
| 152|0x0000000089800000, 0x0000000089800000, 0x0000000089900000|  0%| F|  |TAMS 0x0000000089800000, 0x0000000089800000| Untracked 
| 153|0x0000000089900000, 0x0000000089900000, 0x0000000089a00000|  0%| F|  |TAMS 0x0000000089900000, 0x0000000089900000| Untracked 
| 154|0x0000000089a00000, 0x0000000089a00000, 0x0000000089b00000|  0%| F|  |TAMS 0x0000000089a00000, 0x0000000089a00000| Untracked 
| 155|0x0000000089b00000, 0x0000000089b00000, 0x0000000089c00000|  0%| F|  |TAMS 0x0000000089b00000, 0x0000000089b00000| Untracked 
| 156|0x0000000089c00000, 0x0000000089c00000, 0x0000000089d00000|  0%| F|  |TAMS 0x0000000089c00000, 0x0000000089c00000| Untracked 
| 157|0x0000000089d00000, 0x0000000089d00000, 0x0000000089e00000|  0%| F|  |TAMS 0x0000000089d00000, 0x0000000089d00000| Untracked 
| 158|0x0000000089e00000, 0x0000000089e00000, 0x0000000089f00000|  0%| F|  |TAMS 0x0000000089e00000, 0x0000000089e00000| Untracked 
| 159|0x0000000089f00000, 0x0000000089f00000, 0x000000008a000000|  0%| F|  |TAMS 0x0000000089f00000, 0x0000000089f00000| Untracked 
| 160|0x000000008a000000, 0x000000008a000000, 0x000000008a100000|  0%| F|  |TAMS 0x000000008a000000, 0x000000008a000000| Untracked 
| 161|0x000000008a100000, 0x000000008a100000, 0x000000008a200000|  0%| F|  |TAMS 0x000000008a100000, 0x000000008a100000| Untracked 
| 162|0x000000008a200000, 0x000000008a200000, 0x000000008a300000|  0%| F|  |TAMS 0x000000008a200000, 0x000000008a200000| Untracked 
| 163|0x000000008a300000, 0x000000008a300000, 0x000000008a400000|  0%| F|  |TAMS 0x000000008a300000, 0x000000008a300000| Untracked 
| 164|0x000000008a400000, 0x000000008a400000, 0x000000008a500000|  0%| F|  |TAMS 0x000000008a400000, 0x000000008a400000| Untracked 
| 165|0x000000008a500000, 0x000000008a500000, 0x000000008a600000|  0%| F|  |TAMS 0x000000008a500000, 0x000000008a500000| Untracked 
| 166|0x000000008a600000, 0x000000008a600000, 0x000000008a700000|  0%| F|  |TAMS 0x000000008a600000, 0x000000008a600000| Untracked 
| 167|0x000000008a700000, 0x000000008a700000, 0x000000008a800000|  0%| F|  |TAMS 0x000000008a700000, 0x000000008a700000| Untracked 
| 168|0x000000008a800000, 0x000000008a800000, 0x000000008a900000|  0%| F|  |TAMS 0x000000008a800000, 0x000000008a800000| Untracked 
| 169|0x000000008a900000, 0x000000008a900000, 0x000000008aa00000|  0%| F|  |TAMS 0x000000008a900000, 0x000000008a900000| Untracked 
| 170|0x000000008aa00000, 0x000000008aa00000, 0x000000008ab00000|  0%| F|  |TAMS 0x000000008aa00000, 0x000000008aa00000| Untracked 
| 171|0x000000008ab00000, 0x000000008ab00000, 0x000000008ac00000|  0%| F|  |TAMS 0x000000008ab00000, 0x000000008ab00000| Untracked 
| 172|0x000000008ac00000, 0x000000008ac00000, 0x000000008ad00000|  0%| F|  |TAMS 0x000000008ac00000, 0x000000008ac00000| Untracked 
| 173|0x000000008ad00000, 0x000000008ad00000, 0x000000008ae00000|  0%| F|  |TAMS 0x000000008ad00000, 0x000000008ad00000| Untracked 
| 174|0x000000008ae00000, 0x000000008ae00000, 0x000000008af00000|  0%| F|  |TAMS 0x000000008ae00000, 0x000000008ae00000| Untracked 
| 175|0x000000008af00000, 0x000000008af00000, 0x000000008b000000|  0%| F|  |TAMS 0x000000008af00000, 0x000000008af00000| Untracked 
| 176|0x000000008b000000, 0x000000008b000000, 0x000000008b100000|  0%| F|  |TAMS 0x000000008b000000, 0x000000008b000000| Untracked 
| 177|0x000000008b100000, 0x000000008b100000, 0x000000008b200000|  0%| F|  |TAMS 0x000000008b100000, 0x000000008b100000| Untracked 
| 178|0x000000008b200000, 0x000000008b200000, 0x000000008b300000|  0%| F|  |TAMS 0x000000008b200000, 0x000000008b200000| Untracked 
| 179|0x000000008b300000, 0x000000008b300000, 0x000000008b400000|  0%| F|  |TAMS 0x000000008b300000, 0x000000008b300000| Untracked 
| 180|0x000000008b400000, 0x000000008b400000, 0x000000008b500000|  0%| F|  |TAMS 0x000000008b400000, 0x000000008b400000| Untracked 
| 181|0x000000008b500000, 0x000000008b500000, 0x000000008b600000|  0%| F|  |TAMS 0x000000008b500000, 0x000000008b500000| Untracked 
| 182|0x000000008b600000, 0x000000008b600000, 0x000000008b700000|  0%| F|  |TAMS 0x000000008b600000, 0x000000008b600000| Untracked 

Card table byte_map: [0x000001ad49750000,0x000001ad49b50000] _byte_map_base: 0x000001ad49350000

Marking Bits (Prev, Next): (CMBitMap*) 0x000001ad3688fd48, (CMBitMap*) 0x000001ad3688fd80
 Prev Bits: [0x000001ad49f50000, 0x000001ad4bf50000)
 Next Bits: [0x000001ad4bf50000, 0x000001ad4df50000)

Polling page: 0x000001ad34700000

Metaspace:

Usage:
  Non-class:     76.87 MB capacity,    75.71 MB ( 98%) used,   952.52 KB (  1%) free+waste,   238.88 KB ( <1%) overhead. 
      Class:     11.83 MB capacity,    11.09 MB ( 94%) used,   652.87 KB (  5%) free+waste,   108.50 KB ( <1%) overhead. 
       Both:     88.70 MB capacity,    86.80 MB ( 98%) used,     1.57 MB (  2%) free+waste,   347.38 KB ( <1%) overhead. 

Virtual space:
  Non-class space:       78.00 MB reserved,      77.08 MB ( 99%) committed 
      Class space:        1.00 GB reserved,      11.88 MB (  1%) committed 
             Both:        1.08 GB reserved,      88.96 MB (  8%) committed 

Chunk freelists:
   Non-Class:  26.00 KB
       Class:  9.00 KB
        Both:  35.00 KB

MaxMetaspaceSize: 17179869184.00 GB
CompressedClassSpaceSize: 1.00 GB

CodeHeap 'non-profiled nmethods': size=120064Kb used=6892Kb max_used=6892Kb free=113171Kb
 bounds [0x000001ad41e10000, 0x000001ad424d0000, 0x000001ad49350000]
CodeHeap 'profiled nmethods': size=120000Kb used=23320Kb max_used=23320Kb free=96679Kb
 bounds [0x000001ad3a8e0000, 0x000001ad3bfb0000, 0x000001ad41e10000]
CodeHeap 'non-nmethods': size=5696Kb used=2279Kb max_used=2329Kb free=3416Kb
 bounds [0x000001ad3a350000, 0x000001ad3a5c0000, 0x000001ad3a8e0000]
 total_blobs=11352 nmethods=10471 adapters=792
 compilation: enabled
              stopped_count=0, restarted_count=0
 full_count=0

Compilation events (20 events):
Event: 32.613 Thread 0x000001ad54dd8000 nmethod 10492 0x000001ad424c8310 code [0x000001ad424c84c0, 0x000001ad424c8838]
Event: 32.613 Thread 0x000001ad54dd8000 10537       4       com.android.utils.XmlUtils::toXmlTextValue (65 bytes)
Event: 32.620 Thread 0x000001ad54dd8000 nmethod 10537 0x000001ad424c8a10 code [0x000001ad424c8ba0, 0x000001ad424c8e98]
Event: 32.620 Thread 0x000001ad54dd8000 10536       4       com.android.utils.XmlUtils::toXmlAttributeValue (89 bytes)
Event: 32.621 Thread 0x000001ad50460800 10542 %     3       com.android.utils.XmlUtils::append @ 482 (647 bytes)
Event: 32.627 Thread 0x000001ad50460800 nmethod 10542% 0x000001ad3bf96810 code [0x000001ad3bf97080, 0x000001ad3bf9b808]
Event: 32.628 Thread 0x000001ad50460800 10543       3       com.android.utils.XmlUtils::append (647 bytes)
Event: 32.633 Thread 0x000001ad50460800 nmethod 10543 0x000001ad3bf9d110 code [0x000001ad3bf9d960, 0x000001ad3bfa1dc8]
Event: 32.636 Thread 0x000001ad50460800 10545 %     3       org.apache.xerces.dom.ParentNode::nodeListItem @ 93 (243 bytes)
Event: 32.636 Thread 0x000001ad54dd8000 nmethod 10536 0x000001ad424c9010 code [0x000001ad424c91e0, 0x000001ad424c9818]
Event: 32.636 Thread 0x000001ad54dd8000 10541       4       com.android.utils.XmlUtils::toXmlTextValue (65 bytes)
Event: 32.637 Thread 0x000001ad50460800 nmethod 10545% 0x000001ad3bfa3510 code [0x000001ad3bfa37a0, 0x000001ad3bfa47f8]
Event: 32.644 Thread 0x000001ad54dd8000 nmethod 10541 0x000001ad424c9b10 code [0x000001ad424c9ca0, 0x000001ad424c9fb8]
Event: 32.644 Thread 0x000001ad54dd8000 10546       4       com.android.utils.XmlUtils::toXmlAttributeValue (89 bytes)
Event: 32.647 Thread 0x000001ad50460800 10550       3       org.apache.xerces.dom.ParentNode::nodeListItem (243 bytes)
Event: 32.648 Thread 0x000001ad50460800 nmethod 10550 0x000001ad3bfa4c10 code [0x000001ad3bfa4ea0, 0x000001ad3bfa5e58]
Event: 32.658 Thread 0x000001ad54dd8000 nmethod 10546 0x000001ad424ca110 code [0x000001ad424ca2e0, 0x000001ad424ca918]
Event: 32.658 Thread 0x000001ad54dd8000 10551       4       com.google.common.base.CharMatcher::countIn (39 bytes)
Event: 32.666 Thread 0x000001ad54dd8000 nmethod 10551 0x000001ad424cac10 code [0x000001ad424cadc0, 0x000001ad424cb078]
Event: 32.667 Thread 0x000001ad54dd8000 10538       4       java.util.HashMap::removeNode (291 bytes)

GC Heap History (20 events):
Event: 10.188 GC heap after
{Heap after GC invocations=10 (full 0):
 garbage-first heap   total 155648K, used 28764K [0x0000000080000000, 0x0000000100000000)
  region size 1024K, 12 young (12288K), 12 survivors (12288K)
 Metaspace       used 41904K, capacity 42803K, committed 42960K, reserved 1087488K
  class space    used 5403K, capacity 5782K, committed 5888K, reserved 1048576K
}
Event: 12.034 GC heap before
{Heap before GC invocations=10 (full 0):
 garbage-first heap   total 155648K, used 108636K [0x0000000080000000, 0x0000000100000000)
  region size 1024K, 90 young (92160K), 12 survivors (12288K)
 Metaspace       used 47607K, capacity 48763K, committed 49104K, reserved 1091584K
  class space    used 6082K, capacity 6529K, committed 6656K, reserved 1048576K
}
Event: 12.057 GC heap after
{Heap after GC invocations=11 (full 0):
 garbage-first heap   total 155648K, used 31555K [0x0000000080000000, 0x0000000100000000)
  region size 1024K, 9 young (9216K), 9 survivors (9216K)
 Metaspace       used 47607K, capacity 48763K, committed 49104K, reserved 1091584K
  class space    used 6082K, capacity 6529K, committed 6656K, reserved 1048576K
}
Event: 14.303 GC heap before
{Heap before GC invocations=11 (full 0):
 garbage-first heap   total 155648K, used 122691K [0x0000000080000000, 0x0000000100000000)
  region size 1024K, 90 young (92160K), 9 survivors (9216K)
 Metaspace       used 54918K, capacity 56250K, committed 56400K, reserved 1097728K
  class space    used 6972K, capacity 7448K, committed 7552K, reserved 1048576K
}
Event: 14.336 GC heap after
{Heap after GC invocations=12 (full 0):
 garbage-first heap   total 187392K, used 49566K [0x0000000080000000, 0x0000000100000000)
  region size 1024K, 12 young (12288K), 12 survivors (12288K)
 Metaspace       used 54918K, capacity 56250K, committed 56400K, reserved 1097728K
  class space    used 6972K, capacity 7448K, committed 7552K, reserved 1048576K
}
Event: 15.106 GC heap before
{Heap before GC invocations=12 (full 0):
 garbage-first heap   total 187392K, used 76190K [0x0000000080000000, 0x0000000100000000)
  region size 1024K, 39 young (39936K), 12 survivors (12288K)
 Metaspace       used 58812K, capacity 60099K, committed 60240K, reserved 1101824K
  class space    used 7419K, capacity 7939K, committed 8064K, reserved 1048576K
}
Event: 15.129 GC heap after
{Heap after GC invocations=13 (full 0):
 garbage-first heap   total 187392K, used 52734K [0x0000000080000000, 0x0000000100000000)
  region size 1024K, 3 young (3072K), 3 survivors (3072K)
 Metaspace       used 58812K, capacity 60099K, committed 60240K, reserved 1101824K
  class space    used 7419K, capacity 7939K, committed 8064K, reserved 1048576K
}
Event: 17.443 GC heap before
{Heap before GC invocations=14 (full 0):
 garbage-first heap   total 187392K, used 116222K [0x0000000080000000, 0x0000000100000000)
  region size 1024K, 65 young (66560K), 3 survivors (3072K)
 Metaspace       used 65464K, capacity 66867K, committed 67028K, reserved 1107968K
  class space    used 8240K, capacity 8777K, committed 8832K, reserved 1048576K
}
Event: 17.462 GC heap after
{Heap after GC invocations=15 (full 0):
 garbage-first heap   total 187392K, used 57300K [0x0000000080000000, 0x0000000100000000)
  region size 1024K, 7 young (7168K), 7 survivors (7168K)
 Metaspace       used 65464K, capacity 66867K, committed 67028K, reserved 1107968K
  class space    used 8240K, capacity 8777K, committed 8832K, reserved 1048576K
}
Event: 20.049 GC heap before
{Heap before GC invocations=16 (full 0):
 garbage-first heap   total 187392K, used 122836K [0x0000000080000000, 0x0000000100000000)
  region size 1024K, 71 young (72704K), 7 survivors (7168K)
 Metaspace       used 68436K, capacity 69935K, committed 69972K, reserved 1110016K
  class space    used 8612K, capacity 9196K, committed 9216K, reserved 1048576K
}
Event: 20.069 GC heap after
{Heap after GC invocations=17 (full 0):
 garbage-first heap   total 187392K, used 61151K [0x0000000080000000, 0x0000000100000000)
  region size 1024K, 5 young (5120K), 5 survivors (5120K)
 Metaspace       used 68436K, capacity 69935K, committed 69972K, reserved 1110016K
  class space    used 8612K, capacity 9196K, committed 9216K, reserved 1048576K
}
Event: 22.568 GC heap before
{Heap before GC invocations=17 (full 0):
 garbage-first heap   total 187392K, used 127711K [0x0000000080000000, 0x0000000100000000)
  region size 1024K, 70 young (71680K), 5 survivors (5120K)
 Metaspace       used 75475K, capacity 77045K, committed 77268K, reserved 1116160K
  class space    used 9695K, capacity 10322K, committed 10368K, reserved 1048576K
}
Event: 22.593 GC heap after
{Heap after GC invocations=18 (full 0):
 garbage-first heap   total 187392K, used 65506K [0x0000000080000000, 0x0000000100000000)
  region size 1024K, 4 young (4096K), 4 survivors (4096K)
 Metaspace       used 75475K, capacity 77045K, committed 77268K, reserved 1116160K
  class space    used 9695K, capacity 10322K, committed 10368K, reserved 1048576K
}
Event: 25.146 GC heap before
{Heap before GC invocations=18 (full 0):
 garbage-first heap   total 187392K, used 133090K [0x0000000080000000, 0x0000000100000000)
  region size 1024K, 70 young (71680K), 4 survivors (4096K)
 Metaspace       used 82446K, capacity 84140K, committed 84436K, reserved 1122304K
  class space    used 10653K, capacity 11338K, committed 11392K, reserved 1048576K
}
Event: 25.175 GC heap after
{Heap after GC invocations=19 (full 0):
 garbage-first heap   total 187392K, used 69833K [0x0000000080000000, 0x0000000100000000)
  region size 1024K, 9 young (9216K), 9 survivors (9216K)
 Metaspace       used 82446K, capacity 84140K, committed 84436K, reserved 1122304K
  class space    used 10653K, capacity 11338K, committed 11392K, reserved 1048576K
}
Event: 29.504 GC heap before
{Heap before GC invocations=19 (full 0):
 garbage-first heap   total 187392K, used 136393K [0x0000000080000000, 0x0000000100000000)
  region size 1024K, 75 young (76800K), 9 survivors (9216K)
 Metaspace       used 86968K, capacity 88891K, committed 89172K, reserved 1126400K
  class space    used 11179K, capacity 11946K, committed 12032K, reserved 1048576K
}
Event: 29.534 GC heap after
{Heap after GC invocations=20 (full 0):
 garbage-first heap   total 187392K, used 75952K [0x0000000080000000, 0x0000000100000000)
  region size 1024K, 10 young (10240K), 10 survivors (10240K)
 Metaspace       used 86968K, capacity 88891K, committed 89172K, reserved 1126400K
  class space    used 11179K, capacity 11946K, committed 12032K, reserved 1048576K
}
Event: 31.499 GC heap before
{Heap before GC invocations=20 (full 0):
 garbage-first heap   total 187392K, used 140464K [0x0000000080000000, 0x0000000100000000)
  region size 1024K, 74 young (75776K), 10 survivors (10240K)
 Metaspace       used 88426K, capacity 90444K, committed 90580K, reserved 1128448K
  class space    used 11326K, capacity 12117K, committed 12160K, reserved 1048576K
}
Event: 31.533 GC heap after
{Heap after GC invocations=21 (full 0):
 garbage-first heap   total 187392K, used 86447K [0x0000000080000000, 0x0000000100000000)
  region size 1024K, 10 young (10240K), 10 survivors (10240K)
 Metaspace       used 88426K, capacity 90444K, committed 90580K, reserved 1128448K
  class space    used 11326K, capacity 12117K, committed 12160K, reserved 1048576K
}
Event: 32.670 GC heap before
{Heap before GC invocations=21 (full 0):
 garbage-first heap   total 187392K, used 134575K [0x0000000080000000, 0x0000000100000000)
  region size 1024K, 52 young (53248K), 10 survivors (10240K)
 Metaspace       used 88880K, capacity 90833K, committed 91092K, reserved 1128448K
  class space    used 11357K, capacity 12119K, committed 12160K, reserved 1048576K
}

Deoptimization events (20 events):
Event: 32.620 Thread 0x000001ad54dd6800 DEOPT PACKING pc=0x000001ad424c8e60 sp=0x00000001722fa190
Event: 32.620 Thread 0x000001ad54dd6800 DEOPT UNPACKING pc=0x000001ad3a37662f sp=0x00000001722fa110 mode 2
Event: 32.630 Thread 0x000001ad54dd6800 DEOPT PACKING pc=0x000001ad3bf83696 sp=0x00000001722fa1d0
Event: 32.630 Thread 0x000001ad54dd6800 DEOPT UNPACKING pc=0x000001ad3a376dde sp=0x00000001722f9770 mode 0
Event: 32.637 Thread 0x000001ad54dd6800 Uncommon trap: trap_request=0xffffffbe fr.pc=0x000001ad424c97a4 relative=0x00000000000005c4
Event: 32.637 Thread 0x000001ad54dd6800 Uncommon trap: reason=profile_predicate action=maybe_recompile pc=0x000001ad424c97a4 method=com.android.utils.XmlUtils.toXmlAttributeValue(Ljava/lang/String;)Ljava/lang/String; @ 9 c2
Event: 32.637 Thread 0x000001ad54dd6800 DEOPT PACKING pc=0x000001ad424c97a4 sp=0x00000001722fa170
Event: 32.637 Thread 0x000001ad54dd6800 DEOPT UNPACKING pc=0x000001ad3a37662f sp=0x00000001722fa110 mode 2
Event: 32.637 Thread 0x000001ad54dd6800 Uncommon trap: trap_request=0xffffffbe fr.pc=0x000001ad424c97a4 relative=0x00000000000005c4
Event: 32.637 Thread 0x000001ad54dd6800 Uncommon trap: reason=profile_predicate action=maybe_recompile pc=0x000001ad424c97a4 method=com.android.utils.XmlUtils.toXmlAttributeValue(Ljava/lang/String;)Ljava/lang/String; @ 9 c2
Event: 32.637 Thread 0x000001ad54dd6800 DEOPT PACKING pc=0x000001ad424c97a4 sp=0x00000001722fa170
Event: 32.637 Thread 0x000001ad54dd6800 DEOPT UNPACKING pc=0x000001ad3a37662f sp=0x00000001722fa110 mode 2
Event: 32.637 Thread 0x000001ad54dd6800 Uncommon trap: trap_request=0xffffffbe fr.pc=0x000001ad424c97a4 relative=0x00000000000005c4
Event: 32.637 Thread 0x000001ad54dd6800 Uncommon trap: reason=profile_predicate action=maybe_recompile pc=0x000001ad424c97a4 method=com.android.utils.XmlUtils.toXmlAttributeValue(Ljava/lang/String;)Ljava/lang/String; @ 9 c2
Event: 32.637 Thread 0x000001ad54dd6800 DEOPT PACKING pc=0x000001ad424c97a4 sp=0x00000001722fa170
Event: 32.637 Thread 0x000001ad54dd6800 DEOPT UNPACKING pc=0x000001ad3a37662f sp=0x00000001722fa110 mode 2
Event: 32.637 Thread 0x000001ad54dd6800 Uncommon trap: trap_request=0xffffffbe fr.pc=0x000001ad424c97a4 relative=0x00000000000005c4
Event: 32.637 Thread 0x000001ad54dd6800 Uncommon trap: reason=profile_predicate action=maybe_recompile pc=0x000001ad424c97a4 method=com.android.utils.XmlUtils.toXmlAttributeValue(Ljava/lang/String;)Ljava/lang/String; @ 9 c2
Event: 32.637 Thread 0x000001ad54dd6800 DEOPT PACKING pc=0x000001ad424c97a4 sp=0x00000001722fa170
Event: 32.637 Thread 0x000001ad54dd6800 DEOPT UNPACKING pc=0x000001ad3a37662f sp=0x00000001722fa110 mode 2

Classes redefined (0 events):
No events

Internal exceptions (20 events):
Event: 26.354 Thread 0x000001ad52ede800 Exception <a 'java/lang/NoSuchMethodError'{0x0000000089a077e8}: <clinit>> (0x0000000089a077e8) thrown at [./src/hotspot/share/prims/jni.cpp, line 1362]
Event: 26.356 Thread 0x000001ad52ede800 Exception <a 'java/lang/NoSuchMethodError'{0x0000000089a117c8}: <clinit>> (0x0000000089a117c8) thrown at [./src/hotspot/share/prims/jni.cpp, line 1362]
Event: 26.361 Thread 0x000001ad52ede800 Exception <a 'java/lang/NoSuchMethodError'{0x0000000089a2aa30}: <clinit>> (0x0000000089a2aa30) thrown at [./src/hotspot/share/prims/jni.cpp, line 1362]
Event: 26.373 Thread 0x000001ad52ede800 Exception <a 'java/lang/NoSuchMethodError'{0x0000000089ac8818}: <clinit>> (0x0000000089ac8818) thrown at [./src/hotspot/share/prims/jni.cpp, line 1362]
Event: 26.373 Thread 0x000001ad52ede800 Exception <a 'java/lang/NoSuchMethodError'{0x0000000089ac9d38}: <clinit>> (0x0000000089ac9d38) thrown at [./src/hotspot/share/prims/jni.cpp, line 1362]
Event: 26.419 Thread 0x000001ad54dcf800 Exception <a 'java/lang/NoSuchMethodError'{0x000000008982f6d8}: <clinit>> (0x000000008982f6d8) thrown at [./src/hotspot/share/prims/jni.cpp, line 1362]
Event: 26.478 Thread 0x000001ad54dcf800 Exception <a 'java/lang/NoSuchMethodError'{0x00000000898448f0}: <clinit>> (0x00000000898448f0) thrown at [./src/hotspot/share/prims/jni.cpp, line 1362]
Event: 26.488 Thread 0x000001ad54dcf800 Exception <a 'java/lang/NoSuchMethodError'{0x0000000089872c50}: <clinit>> (0x0000000089872c50) thrown at [./src/hotspot/share/prims/jni.cpp, line 1362]
Event: 26.532 Thread 0x000001ad54dd5800 Exception <a 'java/lang/IncompatibleClassChangeError'{0x00000000897a71c0}: Found class java.lang.Object, but interface was expected> (0x00000000897a71c0) thrown at [./src/hotspot/share/interpreter/linkResolver.cpp, line 839]
Event: 26.619 Thread 0x000001ad54dd5800 Exception <a 'java/lang/NoSuchMethodError'{0x00000000896f14d8}: 'java.lang.Object java.lang.invoke.DirectMethodHandle$Holder.invokeInterface(java.lang.Object, java.lang.Object, int)'> (0x00000000896f14d8) thrown at [./src/hotspot/share/interpreter/linkResolver.cpp, line 773]
Event: 26.620 Thread 0x000001ad52ede800 Exception <a 'java/lang/NoSuchMethodError'{0x0000000089507df0}: <clinit>> (0x0000000089507df0) thrown at [./src/hotspot/share/prims/jni.cpp, line 1362]
Event: 26.622 Thread 0x000001ad54dd5800 Exception <a 'java/lang/NoSuchMethodError'{0x000000008950e718}: 'void java.lang.invoke.DirectMethodHandle$Holder.invokeStatic(java.lang.Object, java.lang.Object, java.lang.Object, int)'> (0x000000008950e718) thrown at [./src/hotspot/share/interpreter/linkResolver.cpp, line 773]
Event: 26.796 Thread 0x000001ad54dd5800 Exception <a 'java/lang/IncompatibleClassChangeError'{0x000000008943ae30}: Found class java.lang.Object, but interface was expected> (0x000000008943ae30) thrown at [./src/hotspot/share/interpreter/linkResolver.cpp, line 839]
Event: 26.812 Thread 0x000001ad54dd5800 Exception <a 'java/lang/IncompatibleClassChangeError'{0x000000008947ab78}: Found class java.lang.Object, but interface was expected> (0x000000008947ab78) thrown at [./src/hotspot/share/interpreter/linkResolver.cpp, line 839]
Event: 27.019 Thread 0x000001ad54dd5800 Exception <a 'java/lang/NoSuchMethodError'{0x00000000892bc8e8}: 'int java.lang.invoke.DirectMethodHandle$Holder.invokeStaticInit(java.lang.Object, java.lang.Object, java.lang.Object, java.lang.Object, java.lang.Object)'> (0x00000000892bc8e8) thrown at [./src/hotspot/share/interpreter/linkResolver.cpp, line 773]
Event: 28.301 Thread 0x000001ad54dd6800 Exception <a 'java/lang/NoSuchMethodError'{0x0000000088b14090}: 'void java.lang.invoke.DirectMethodHandle$Holder.invokeStatic(java.lang.Object, java.lang.Object, java.lang.Object, java.lang.Object, int, java.lang.Object, java.lang.Object)'> (0x0000000088b14090) thrown at [./src/hotspot/share/interpreter/linkResolver.cpp, line 773]
Event: 28.384 Thread 0x000001ad5149e800 Exception <a 'java/lang/NoSuchMethodError'{0x00000000889cd890}: 'java.lang.Object java.lang.invoke.DirectMethodHandle$Holder.invokeSpecialIFC(java.lang.Object, java.lang.Object, java.lang.Object)'> (0x00000000889cd890) thrown at [./src/hotspot/share/interpreter/linkResolver.cpp, line 773]
Event: 28.537 Thread 0x000001ad53135000 Implicit null exception at 0x000001ad4237c6a4 to 0x000001ad4237d12c
Event: 30.118 Thread 0x000001ad54dd6800 Exception <a 'java/lang/NoSuchMethodError'{0x0000000089fb9f68}: 'void java.lang.invoke.DirectMethodHandle$Holder.invokeVirtual(java.lang.Object, java.lang.Object)'> (0x0000000089fb9f68) thrown at [./src/hotspot/share/interpreter/linkResolver.cpp, line 773]
Event: 32.344 Thread 0x000001ad54dd6800 Implicit null exception at 0x000001ad4248a218 to 0x000001ad4248afd7

Events (20 events):
Event: 32.487 loading class org/apache/xerces/dom/DOMImplementationImpl done
Event: 32.490 loading class org/w3c/dom/DOMImplementation
Event: 32.490 loading class org/w3c/dom/DOMImplementation done
Event: 32.490 loading class org/apache/xerces/dom/CoreDOMImplementationImpl
Event: 32.490 loading class org/apache/xerces/dom/CoreDOMImplementationImpl done
Event: 32.492 loading class org/w3c/dom/ls/DOMImplementationLS
Event: 32.492 loading class org/w3c/dom/ls/DOMImplementationLS done
Event: 32.493 loading class org/w3c/dom/ls/LSSerializer
Event: 32.493 loading class org/w3c/dom/ls/LSSerializer done
Event: 32.494 loading class org/w3c/dom/ls/LSOutput
Event: 32.494 loading class org/w3c/dom/ls/LSOutput done
Event: 32.494 loading class org/w3c/dom/ls/LSParser
Event: 32.494 loading class org/w3c/dom/ls/LSParser done
Event: 32.495 loading class org/w3c/dom/ls/LSInput
Event: 32.495 loading class org/w3c/dom/ls/LSInput done
Event: 32.495 loading class org/apache/xerces/dom/DeferredDOMImplementationImpl
Event: 32.495 loading class org/apache/xerces/dom/DeferredDOMImplementationImpl done
Event: 32.549 loading class com/android/utils/XmlUtils$PositionAwareStringBuilder
Event: 32.549 loading class com/android/utils/XmlUtils$PositionAwareStringBuilder done
Event: 32.670 Executing VM operation: G1CollectForAllocation


Dynamic libraries:
0x00007ff6166c0000 - 0x00007ff6166ca000 	C:\Program Files\Android\Android Studio\jre\bin\java.exe
0x00007ffca5010000 - 0x00007ffca5205000 	C:\Windows\SYSTEM32\ntdll.dll
0x00007ffca3a30000 - 0x00007ffca3aee000 	C:\Windows\System32\KERNEL32.DLL
0x00007ffca2ae0000 - 0x00007ffca2da8000 	C:\Windows\System32\KERNELBASE.dll
0x00007ffca2db0000 - 0x00007ffca2eb0000 	C:\Windows\System32\ucrtbase.dll
0x00007ffc97210000 - 0x00007ffc97229000 	C:\Program Files\Android\Android Studio\jre\bin\jli.dll
0x00007ffca4e30000 - 0x00007ffca4fd0000 	C:\Windows\System32\USER32.dll
0x00007ffca3010000 - 0x00007ffca3032000 	C:\Windows\System32\win32u.dll
0x00007ffc93a50000 - 0x00007ffc93a67000 	C:\Program Files\Android\Android Studio\jre\bin\VCRUNTIME140.dll
0x00007ffca3250000 - 0x00007ffca327b000 	C:\Windows\System32\GDI32.dll
0x00007ffca28e0000 - 0x00007ffca29eb000 	C:\Windows\System32\gdi32full.dll
0x00007ffca1ae0000 - 0x00007ffca1d7a000 	C:\Windows\WinSxS\amd64_microsoft.windows.common-controls_6595b64144ccf1df_6.0.19041.1110_none_60b5254171f9507e\COMCTL32.dll
0x00007ffca29f0000 - 0x00007ffca2a8d000 	C:\Windows\System32\msvcp_win.dll
0x00007ffca3800000 - 0x00007ffca389e000 	C:\Windows\System32\msvcrt.dll
0x00007ffca43d0000 - 0x00007ffca4400000 	C:\Windows\System32\IMM32.DLL
0x00007ffc74e10000 - 0x00007ffc74ead000 	C:\Program Files\Android\Android Studio\jre\bin\msvcp140.dll
0x00007ffc643a0000 - 0x00007ffc64e75000 	C:\Program Files\Android\Android Studio\jre\bin\server\jvm.dll
0x00007ffca4ca0000 - 0x00007ffca4d4e000 	C:\Windows\System32\ADVAPI32.dll
0x00007ffca3760000 - 0x00007ffca37fc000 	C:\Windows\System32\sechost.dll
0x00007ffca38a0000 - 0x00007ffca39c5000 	C:\Windows\System32\RPCRT4.dll
0x00007ffca3220000 - 0x00007ffca3228000 	C:\Windows\System32\PSAPI.DLL
0x00007ffc9aa00000 - 0x00007ffc9aa09000 	C:\Windows\SYSTEM32\WSOCK32.dll
0x00007ffc90020000 - 0x00007ffc90047000 	C:\Windows\SYSTEM32\WINMM.dll
0x00007ffca3ba0000 - 0x00007ffca3c0b000 	C:\Windows\System32\WS2_32.dll
0x00007ffc9b690000 - 0x00007ffc9b69a000 	C:\Windows\SYSTEM32\VERSION.dll
0x00007ffca02b0000 - 0x00007ffca02c2000 	C:\Windows\SYSTEM32\kernel.appcore.dll
0x00007ffc92d10000 - 0x00007ffc92d21000 	C:\Program Files\Android\Android Studio\jre\bin\verify.dll
0x00007ffca2050000 - 0x00007ffca2234000 	C:\Windows\SYSTEM32\DBGHELP.DLL
0x00007ffca2020000 - 0x00007ffca204c000 	C:\Windows\SYSTEM32\dbgcore.DLL
0x00007ffca2730000 - 0x00007ffca27b2000 	C:\Windows\System32\bcryptPrimitives.dll
0x00007ffc80ca0000 - 0x00007ffc80cc9000 	C:\Program Files\Android\Android Studio\jre\bin\java.dll
0x00007ffc97200000 - 0x00007ffc9720b000 	C:\Program Files\Android\Android Studio\jre\bin\jimage.dll
0x00007ffc92c90000 - 0x00007ffc92ca8000 	C:\Program Files\Android\Android Studio\jre\bin\zip.dll
0x00007ffca3c70000 - 0x00007ffca43b4000 	C:\Windows\System32\SHELL32.dll
0x00007ffc9fa00000 - 0x00007ffca0194000 	C:\Windows\SYSTEM32\windows.storage.dll
0x00007ffca3280000 - 0x00007ffca35d4000 	C:\Windows\System32\combase.dll
0x00007ffca1990000 - 0x00007ffca19bc000 	C:\Windows\SYSTEM32\Wldp.dll
0x00007ffca4400000 - 0x00007ffca44ad000 	C:\Windows\System32\SHCORE.dll
0x00007ffca3c10000 - 0x00007ffca3c65000 	C:\Windows\System32\shlwapi.dll
0x00007ffca2670000 - 0x00007ffca268f000 	C:\Windows\SYSTEM32\profapi.dll
0x00007ffc929f0000 - 0x00007ffc92a0a000 	C:\Program Files\Android\Android Studio\jre\bin\net.dll
0x00007ffc919e0000 - 0x00007ffc91ae9000 	C:\Windows\SYSTEM32\WINHTTP.dll
0x00007ffca1730000 - 0x00007ffca179a000 	C:\Windows\system32\mswsock.dll
0x00007ffc91e80000 - 0x00007ffc91e94000 	C:\Program Files\Android\Android Studio\jre\bin\nio.dll
0x00007ffc92ba0000 - 0x00007ffc92bc7000 	C:\Users\usuario\.gradle\native\e1d6ef7f7dcc3fd88c89a11ec53ec762bb8ba0a96d01ffa2cd45eb1d1d8dd5c5\windows-amd64\native-platform.dll
0x00007ffc74cc0000 - 0x00007ffc74e04000 	C:\Users\usuario\.gradle\native\5664cfc778a61ccfe75a443a1ab52a65af34e5dc3c78e0209fed803814484fcb\windows-amd64\native-platform-file-events.dll
0x00007ffc96d20000 - 0x00007ffc96d2a000 	C:\Program Files\Android\Android Studio\jre\bin\management.dll
0x00007ffc96ac0000 - 0x00007ffc96acd000 	C:\Program Files\Android\Android Studio\jre\bin\management_ext.dll
0x00007ffca23e0000 - 0x00007ffca23f8000 	C:\Windows\SYSTEM32\CRYPTSP.dll
0x00007ffca1100000 - 0x00007ffca1134000 	C:\Windows\system32\rsaenh.dll
0x00007ffca3040000 - 0x00007ffca3067000 	C:\Windows\System32\bcrypt.dll
0x00007ffca25f0000 - 0x00007ffca261e000 	C:\Windows\SYSTEM32\USERENV.dll
0x00007ffca1950000 - 0x00007ffca195c000 	C:\Windows\SYSTEM32\CRYPTBASE.dll
0x00007ffca1450000 - 0x00007ffca148b000 	C:\Windows\SYSTEM32\IPHLPAPI.DLL
0x00007ffca4b60000 - 0x00007ffca4b68000 	C:\Windows\System32\NSI.dll
0x00007ffc9ac70000 - 0x00007ffc9ac87000 	C:\Windows\SYSTEM32\dhcpcsvc6.DLL
0x00007ffc9b190000 - 0x00007ffc9b1ad000 	C:\Windows\SYSTEM32\dhcpcsvc.DLL
0x00007ffca1490000 - 0x00007ffca155a000 	C:\Windows\SYSTEM32\DNSAPI.dll

dbghelp: loaded successfully - version: 4.0.5 - missing functions: none
symbol engine: initialized successfully - sym options: 0x614 - pdb path: .;C:\Program Files\Android\Android Studio\jre\bin;C:\Windows\SYSTEM32;C:\Windows\WinSxS\amd64_microsoft.windows.common-controls_6595b64144ccf1df_6.0.19041.1110_none_60b5254171f9507e;C:\Program Files\Android\Android Studio\jre\bin\server;C:\Users\usuario\.gradle\native\e1d6ef7f7dcc3fd88c89a11ec53ec762bb8ba0a96d01ffa2cd45eb1d1d8dd5c5\windows-amd64;C:\Users\usuario\.gradle\native\5664cfc778a61ccfe75a443a1ab52a65af34e5dc3c78e0209fed803814484fcb\windows-amd64

VM Arguments:
jvm_args: --add-opens=java.base/java.util=ALL-UNNAMED --add-opens=java.base/java.lang=ALL-UNNAMED --add-opens=java.base/java.lang.invoke=ALL-UNNAMED --add-opens=java.base/java.util=ALL-UNNAMED --add-opens=java.prefs/java.util.prefs=ALL-UNNAMED --add-opens=java.prefs/java.util.prefs=ALL-UNNAMED --add-opens=java.base/java.nio.charset=ALL-UNNAMED --add-opens=java.base/java.net=ALL-UNNAMED --add-opens=java.base/java.util.concurrent.atomic=ALL-UNNAMED -Xmx2048m -Dfile.encoding=UTF-8 -Duser.country=BR -Duser.language=pt -Duser.variant 
java_command: org.gradle.launcher.daemon.bootstrap.GradleDaemon 7.2
java_class_path (initial): C:\Users\usuario\.gradle\wrapper\dists\gradle-7.2-bin\2dnblmf4td7x66yl1d74lt32g\gradle-7.2\lib\gradle-launcher-7.2.jar
Launcher Type: SUN_STANDARD

[Global flags]
     intx CICompilerCount                          = 3                                         {product} {ergonomic}
     uint ConcGCThreads                            = 1                                         {product} {ergonomic}
     uint G1ConcRefinementThreads                  = 4                                         {product} {ergonomic}
   size_t G1HeapRegionSize                         = 1048576                                   {product} {ergonomic}
    uintx GCDrainStackTargetSize                   = 64                                        {product} {ergonomic}
   size_t InitialHeapSize                          = 132120576                                 {product} {ergonomic}
   size_t MarkStackSize                            = 4194304                                   {product} {ergonomic}
   size_t MaxHeapSize                              = 2147483648                                {product} {command line}
   size_t MaxNewSize                               = 1287651328                                {product} {ergonomic}
   size_t MinHeapDeltaBytes                        = 1048576                                   {product} {ergonomic}
    uintx NonNMethodCodeHeapSize                   = 5830732                                {pd product} {ergonomic}
    uintx NonProfiledCodeHeapSize                  = 122913754                              {pd product} {ergonomic}
    uintx ProfiledCodeHeapSize                     = 122913754                              {pd product} {ergonomic}
    uintx ReservedCodeCacheSize                    = 251658240                              {pd product} {ergonomic}
     bool SegmentedCodeCache                       = true                                      {product} {ergonomic}
     bool UseCompressedClassPointers               = true                                 {lp64_product} {ergonomic}
     bool UseCompressedOops                        = true                                 {lp64_product} {ergonomic}
     bool UseG1GC                                  = true                                      {product} {ergonomic}
     bool UseLargePagesIndividualAllocation        = false                                  {pd product} {ergonomic}

Logging:
Log output configuration:
 #0: stdout all=warning uptime,level,tags
 #1: stderr all=off uptime,level,tags

Environment Variables:
JAVA_HOME=C:\Progra~1\Java\jdk-11.0.12\
PATH=C:\Program Files\Graalvm\graalvm-ce-java11-21.3.0\bin;C:\Program Files\Java\jdk-11.0.12\bin;C:\Program Files\Common Files\Oracle\Java\javapath;C:\Program Files (x86)\Common Files\Oracle\Java\javapath;C:\Windows\system32;C:\Windows;C:\Windows\System32\Wbem;C:\Windows\System32\WindowsPowerShell\v1.0\;C:\Windows\System32\OpenSSH\;C:\Program Files (x86)\dotnet\;C:\Program Files\Git\cmd;C:\Program Files (x86)\Intel\Intel(R) Management Engine Components\DAL;C:\Program Files\Intel\Intel(R) Management Engine Components\DAL;C:\Program Files\nodejs\;C:\ProgramData\UNIVALI\Portugol Studio;C:\Users\usuario\AppData\Local\Microsoft\WindowsApps;C:\Users\usuario\AppData\Roaming\npm
USERNAME=Usurio
OS=Windows_NT
PROCESSOR_IDENTIFIER=Intel64 Family 6 Model 142 Stepping 9, GenuineIntel



---------------  S Y S T E M  ---------------

OS: Windows 10 , 64 bit Build 19041 (10.0.19041.1566)
OS uptime: 1 days 4:31 hours
Hyper-V role detected

CPU:total 4 (initial active 4) (2 cores per cpu, 2 threads per core) family 6 model 142 stepping 9 microcode 0xde, cmov, cx8, fxsr, mmx, sse, sse2, sse3, ssse3, sse4.1, sse4.2, popcnt, avx, avx2, aes, clmul, erms, 3dnowpref, lzcnt, ht, tsc, tscinvbit, bmi1, bmi2, adx, fma

Memory: 4k page, system-wide physical 8053M (403M free)
TotalPageFile size 12149M (AvailPageFile size 13M)
current process WorkingSet (physical memory assigned to process): 437M, peak: 442M
current process commit charge ("private bytes"): 466M, peak: 503M

vm_info: OpenJDK 64-Bit Server VM (11.0.11+9-b60-7590822) for windows-amd64 JRE (11.0.11+9-b60-7590822), built on Jul 29 2021 21:43:44 by "builder" with MS VC++ 14.0 (VS2015)

END.
