#
# There is insufficient memory for the Java Runtime Environment to continue.
# Native memory allocation (malloc) failed to allocate 2892016 bytes for Chunk::new
# Possible reasons:
#   The system is out of physical RAM or swap space
#   The process is running with CompressedOops enabled, and the Java Heap may be blocking the growth of the native heap
# Possible solutions:
#   Reduce memory load on the system
#   Increase physical memory or swap space
#   Check if swap backing store is full
#   Decrease Java heap size (-Xmx/-Xms)
#   Decrease number of Java threads
#   Decrease Java thread stack sizes (-Xss)
#   Set larger code cache with -XX:ReservedCodeCacheSize=
#   JVM is running with Unscaled Compressed Oops mode in which the Java heap is
#     placed in the first 4GB address space. The Java Heap base address is the
#     maximum limit for the native heap growth. Please use -XX:HeapBaseMinAddress
#     to set the Java Heap base and to place the Java Heap above 4GB virtual address.
# This output file may be truncated or incomplete.
#
#  Out of Memory Error (./src/hotspot/share/memory/arena.cpp:197), pid=6492, tid=10872
#
# JRE version: OpenJDK Runtime Environment (11.0.11+9) (build 11.0.11+9-b60-7590822)
# Java VM: OpenJDK 64-Bit Server VM (11.0.11+9-b60-7590822, mixed mode, tiered, compressed oops, g1 gc, windows-amd64)
# No core dump will be written. Minidumps are not enabled by default on client versions of Windows
#

---------------  S U M M A R Y ------------

Command Line: --add-opens=java.base/java.util=ALL-UNNAMED --add-opens=java.base/java.lang=ALL-UNNAMED --add-opens=java.base/java.lang.invoke=ALL-UNNAMED --add-opens=java.base/java.util=ALL-UNNAMED --add-opens=java.prefs/java.util.prefs=ALL-UNNAMED --add-opens=java.prefs/java.util.prefs=ALL-UNNAMED --add-opens=java.base/java.nio.charset=ALL-UNNAMED --add-opens=java.base/java.net=ALL-UNNAMED --add-opens=java.base/java.util.concurrent.atomic=ALL-UNNAMED -Xmx2048m -Dfile.encoding=UTF-8 -Duser.country=BR -Duser.language=pt -Duser.variant org.gradle.launcher.daemon.bootstrap.GradleDaemon 7.2

Host: Intel(R) Core(TM) i5-7200U CPU @ 2.50GHz, 4 cores, 7G,  Windows 10 , 64 bit Build 19041 (10.0.19041.1566)
Time: Fri Mar 18 12:27:11 2022 Hora oficial do Brasil elapsed time: 1078.317008 seconds (0d 0h 17m 58s)

---------------  T H R E A D  ---------------

Current thread (0x000001c57f5da000):  JavaThread "C2 CompilerThread0" daemon [_thread_in_native, id=10872, stack(0x0000009adce00000,0x0000009adcf00000)]


Current CompileTask:
C2:1078317 14245       4       org.apache.xerces.impl.XMLNSDocumentScannerImpl::scanStartElement (873 bytes)

Stack: [0x0000009adce00000,0x0000009adcf00000]
Native frames: (J=compiled Java code, j=interpreted, Vv=VM code, C=native code)
V  [jvm.dll+0x5f214a]
V  [jvm.dll+0x726fb5]
V  [jvm.dll+0x7285cd]
V  [jvm.dll+0x728c83]
V  [jvm.dll+0x243278]
V  [jvm.dll+0xbc53c]
V  [jvm.dll+0xbca3c]
V  [jvm.dll+0x353e3b]
V  [jvm.dll+0x321893]
V  [jvm.dll+0x320d8a]
V  [jvm.dll+0x1fc1e2]
V  [jvm.dll+0x1fb3d4]
V  [jvm.dll+0x183d6c]
V  [jvm.dll+0x209a57]
V  [jvm.dll+0x2082a1]
V  [jvm.dll+0x6ef58f]
V  [jvm.dll+0x6e80b5]
V  [jvm.dll+0x5f1036]
C  [ucrtbase.dll+0x21bb2]
C  [KERNEL32.DLL+0x17034]
C  [ntdll.dll+0x52651]


---------------  P R O C E S S  ---------------

Threads class SMR info:
_java_thread_list=0x000001c50bd0eee0, length=88, elements={
0x000001c56b29d000, 0x000001c57f5b0000, 0x000001c57f5b1800, 0x000001c506042800,
0x000001c57f5cf000, 0x000001c57f5d1000, 0x000001c57f5da000, 0x000001c57f5db800,
0x000001c57f5dd800, 0x000001c506184000, 0x000001c5078b9800, 0x000001c50624f800,
0x000001c5070d1800, 0x000001c507b2f800, 0x000001c507b2d000, 0x000001c507b2e000,
0x000001c507b2a800, 0x000001c507b2c000, 0x000001c507b30800, 0x000001c507b2b800,
0x000001c50b267000, 0x000001c50b266000, 0x000001c50b26b000, 0x000001c50b26b800,
0x000001c50d317000, 0x000001c50d320000, 0x000001c50d316800, 0x000001c50d313000,
0x000001c50d318000, 0x000001c50d315800, 0x000001c50d312800, 0x000001c50d319800,
0x000001c50d319000, 0x000001c50d314000, 0x000001c50d31a800, 0x000001c50d315000,
0x000001c50d321000, 0x000001c50d31f800, 0x000001c50d31d000, 0x000001c50d31b800,
0x000001c50d31c000, 0x000001c50d31e000, 0x000001c50b269000, 0x000001c50b26d800,
0x000001c50b26a000, 0x000001c50b267800, 0x000001c50b26f800, 0x000001c50b270800,
0x000001c50b274000, 0x000001c50b271800, 0x000001c50b273000, 0x000001c50b272000,
0x000001c50b26e000, 0x000001c50b274800, 0x000001c50b26f000, 0x000001c507b2e800,
0x000001c507b29800, 0x000001c50fa1f000, 0x000001c50fa19800, 0x000001c50fa1c000,
0x000001c50fa1a800, 0x000001c50fa1c800, 0x000001c50fa21000, 0x000001c50fa1b000,
0x000001c50fa21800, 0x000001c50fa1d800, 0x000001c50fa22800, 0x000001c50fa23800,
0x000001c50fa24000, 0x000001c50fa20000, 0x000001c50fa1e800, 0x000001c50fa25000,
0x000001c50fa25800, 0x000001c50fa27800, 0x000001c50fa28000, 0x000001c50fa26800,
0x000001c508663800, 0x000001c508664000, 0x000001c508665000, 0x000001c50865f000,
0x000001c508665800, 0x000001c508661000, 0x000001c508661800, 0x000001c508660000,
0x000001c508668000, 0x000001c508666800, 0x000001c508667800, 0x000001c508662800
}

Java Threads: ( => current thread )
  0x000001c56b29d000 JavaThread "main" [_thread_blocked, id=1388, stack(0x0000009adc200000,0x0000009adc300000)]
  0x000001c57f5b0000 JavaThread "Reference Handler" daemon [_thread_blocked, id=1664, stack(0x0000009adc900000,0x0000009adca00000)]
  0x000001c57f5b1800 JavaThread "Finalizer" daemon [_thread_blocked, id=12996, stack(0x0000009adca00000,0x0000009adcb00000)]
  0x000001c506042800 JavaThread "Signal Dispatcher" daemon [_thread_blocked, id=6996, stack(0x0000009adcb00000,0x0000009adcc00000)]
  0x000001c57f5cf000 JavaThread "Attach Listener" daemon [_thread_blocked, id=13288, stack(0x0000009adcc00000,0x0000009adcd00000)]
  0x000001c57f5d1000 JavaThread "Service Thread" daemon [_thread_blocked, id=6904, stack(0x0000009adcd00000,0x0000009adce00000)]
=>0x000001c57f5da000 JavaThread "C2 CompilerThread0" daemon [_thread_in_native, id=10872, stack(0x0000009adce00000,0x0000009adcf00000)]
  0x000001c57f5db800 JavaThread "C1 CompilerThread0" daemon [_thread_blocked, id=1360, stack(0x0000009adcf00000,0x0000009add000000)]
  0x000001c57f5dd800 JavaThread "Sweeper thread" daemon [_thread_blocked, id=4444, stack(0x0000009add000000,0x0000009add100000)]
  0x000001c506184000 JavaThread "Common-Cleaner" daemon [_thread_blocked, id=9684, stack(0x0000009add100000,0x0000009add200000)]
  0x000001c5078b9800 JavaThread "Daemon health stats" [_thread_blocked, id=11800, stack(0x0000009add600000,0x0000009add700000)]
  0x000001c50624f800 JavaThread "Incoming local TCP Connector on port 53319" [_thread_in_native, id=9764, stack(0x0000009add300000,0x0000009add400000)]
  0x000001c5070d1800 JavaThread "Daemon periodic checks" [_thread_blocked, id=5036, stack(0x0000009add700000,0x0000009add800000)]
  0x000001c507b2f800 JavaThread "Cache worker for journal cache (C:\Users\usuario\.gradle\caches\journal-1)" [_thread_blocked, id=12520, stack(0x0000009ade100000,0x0000009ade200000)]
  0x000001c507b2d000 JavaThread "File lock request listener" [_thread_in_native, id=6704, stack(0x0000009ade200000,0x0000009ade300000)]
  0x000001c507b2e000 JavaThread "Cache worker for file hash cache (C:\Users\usuario\.gradle\caches\7.2\fileHashes)" [_thread_blocked, id=9624, stack(0x0000009ade300000,0x0000009ade400000)]
  0x000001c507b2a800 JavaThread "File watcher server" daemon [_thread_in_native, id=3876, stack(0x0000009ade500000,0x0000009ade600000)]
  0x000001c507b2c000 JavaThread "File watcher consumer" daemon [_thread_blocked, id=6812, stack(0x0000009ade600000,0x0000009ade700000)]
  0x000001c507b30800 JavaThread "jar transforms" [_thread_blocked, id=6288, stack(0x0000009ade700000,0x0000009ade800000)]
  0x000001c507b2b800 JavaThread "jar transforms Thread 2" [_thread_blocked, id=5856, stack(0x0000009ade800000,0x0000009ade900000)]
  0x000001c50b267000 JavaThread "jar transforms Thread 3" [_thread_blocked, id=10512, stack(0x0000009ade900000,0x0000009adea00000)]
  0x000001c50b266000 JavaThread "jar transforms Thread 4" [_thread_blocked, id=6308, stack(0x0000009adea00000,0x0000009adeb00000)]
  0x000001c50b26b000 JavaThread "Cache worker for execution history cache (C:\Users\usuario\.gradle\caches\7.2\executionHistory)" [_thread_blocked, id=10824, stack(0x0000009adee00000,0x0000009adef00000)]
  0x000001c50b26b800 JavaThread "Cache worker for file content cache (C:\Users\usuario\.gradle\caches\7.2\fileContent)" [_thread_blocked, id=12108, stack(0x0000009adef00000,0x0000009adf000000)]
  0x000001c50d317000 JavaThread "Memory manager" [_thread_blocked, id=12468, stack(0x0000009ae1a00000,0x0000009ae1b00000)]
  0x000001c50d320000 JavaThread "pool-3-thread-1" [_thread_blocked, id=1244, stack(0x0000009ae1c00000,0x0000009ae1d00000)]
  0x000001c50d316800 JavaThread "Daemon Thread 2" [_thread_blocked, id=13136, stack(0x0000009adbf00000,0x0000009adc000000)]
  0x000001c50d313000 JavaThread "Handler for socket connection from /127.0.0.1:53319 to /127.0.0.1:53355" [_thread_in_native, id=9800, stack(0x0000009adc000000,0x0000009adc100000)]
  0x000001c50d318000 JavaThread "Cancel handler" [_thread_blocked, id=10328, stack(0x0000009adc100000,0x0000009adc200000)]
  0x000001c50d315800 JavaThread "Daemon worker Thread 2" [_thread_blocked, id=9980, stack(0x0000009add800000,0x0000009add900000)]
  0x000001c50d312800 JavaThread "Asynchronous log dispatcher for DefaultDaemonConnection: socket connection from /127.0.0.1:53319 to /127.0.0.1:53355" [_thread_blocked, id=128, stack(0x0000009add900000,0x0000009adda00000)]
  0x000001c50d319800 JavaThread "Stdin handler" [_thread_blocked, id=1832, stack(0x0000009adda00000,0x0000009addb00000)]
  0x000001c50d319000 JavaThread "Daemon client event forwarder" [_thread_blocked, id=12012, stack(0x0000009addb00000,0x0000009addc00000)]
  0x000001c50d314000 JavaThread "Cache worker for file hash cache (C:\Users\usuario\AndroidStudioProjects\Dados\.gradle\7.2\fileHashes)" [_thread_blocked, id=9380, stack(0x0000009addc00000,0x0000009addd00000)]
  0x000001c50d31a800 JavaThread "Cache worker for checksums cache (C:\Users\usuario\AndroidStudioProjects\Dados\.gradle\checksums)" [_thread_blocked, id=3988, stack(0x0000009addd00000,0x0000009adde00000)]
  0x000001c50d315000 JavaThread "Cache worker for cache directory md-supplier (C:\Users\usuario\.gradle\caches\7.2\md-supplier)" [_thread_blocked, id=12360, stack(0x0000009adde00000,0x0000009addf00000)]
  0x000001c50d321000 JavaThread "Cache worker for cache directory md-rule (C:\Users\usuario\.gradle\caches\7.2\md-rule)" [_thread_blocked, id=12144, stack(0x0000009addf00000,0x0000009ade000000)]
  0x000001c50d31f800 JavaThread "Cache worker for dependencies-accessors (C:\Users\usuario\AndroidStudioProjects\Dados\.gradle\7.2\dependencies-accessors)" [_thread_blocked, id=1576, stack(0x0000009ade400000,0x0000009ade500000)]
  0x000001c50d31d000 JavaThread "Cache worker for Build Output Cleanup Cache (C:\Users\usuario\AndroidStudioProjects\Dados\.gradle\buildOutputCleanup)" [_thread_blocked, id=11288, stack(0x0000009adeb00000,0x0000009adec00000)]
  0x000001c50d31b800 JavaThread "Unconstrained build operations" [_thread_blocked, id=9484, stack(0x0000009adec00000,0x0000009aded00000)]
  0x000001c50d31c000 JavaThread "Unconstrained build operations Thread 2" [_thread_blocked, id=2956, stack(0x0000009aded00000,0x0000009adee00000)]
  0x000001c50d31e000 JavaThread "Unconstrained build operations Thread 3" [_thread_blocked, id=5140, stack(0x0000009adf000000,0x0000009adf100000)]
  0x000001c50b269000 JavaThread "Unconstrained build operations Thread 4" [_thread_blocked, id=8940, stack(0x0000009adf100000,0x0000009adf200000)]
  0x000001c50b26d800 JavaThread "Unconstrained build operations Thread 5" [_thread_blocked, id=13056, stack(0x0000009adf200000,0x0000009adf300000)]
  0x000001c50b26a000 JavaThread "Unconstrained build operations Thread 6" [_thread_blocked, id=9972, stack(0x0000009adf300000,0x0000009adf400000)]
  0x000001c50b267800 JavaThread "Unconstrained build operations Thread 7" [_thread_blocked, id=12432, stack(0x0000009adf400000,0x0000009adf500000)]
  0x000001c50b26f800 JavaThread "Unconstrained build operations Thread 8" [_thread_blocked, id=2860, stack(0x0000009adf500000,0x0000009adf600000)]
  0x000001c50b270800 JavaThread "Unconstrained build operations Thread 9" [_thread_blocked, id=12184, stack(0x0000009adf600000,0x0000009adf700000)]
  0x000001c50b274000 JavaThread "Unconstrained build operations Thread 10" [_thread_blocked, id=12132, stack(0x0000009adf700000,0x0000009adf800000)]
  0x000001c50b271800 JavaThread "Unconstrained build operations Thread 11" [_thread_blocked, id=6560, stack(0x0000009adf800000,0x0000009adf900000)]
  0x000001c50b273000 JavaThread "Unconstrained build operations Thread 12" [_thread_blocked, id=10992, stack(0x0000009adf900000,0x0000009adfa00000)]
  0x000001c50b272000 JavaThread "Unconstrained build operations Thread 13" [_thread_blocked, id=5920, stack(0x0000009adfa00000,0x0000009adfb00000)]
  0x000001c50b26e000 JavaThread "Unconstrained build operations Thread 14" [_thread_blocked, id=412, stack(0x0000009adfb00000,0x0000009adfc00000)]
  0x000001c50b274800 JavaThread "Unconstrained build operations Thread 15" [_thread_blocked, id=12340, stack(0x0000009adfc00000,0x0000009adfd00000)]
  0x000001c50b26f000 JavaThread "Unconstrained build operations Thread 16" [_thread_blocked, id=10184, stack(0x0000009adfd00000,0x0000009adfe00000)]
  0x000001c507b2e800 JavaThread "Unconstrained build operations Thread 17" [_thread_blocked, id=12812, stack(0x0000009adfe00000,0x0000009adff00000)]
  0x000001c507b29800 JavaThread "Unconstrained build operations Thread 18" [_thread_blocked, id=1356, stack(0x0000009adff00000,0x0000009ae0000000)]
  0x000001c50fa1f000 JavaThread "Unconstrained build operations Thread 19" [_thread_blocked, id=10864, stack(0x0000009ae0000000,0x0000009ae0100000)]
  0x000001c50fa19800 JavaThread "Unconstrained build operations Thread 20" [_thread_blocked, id=7468, stack(0x0000009ae0100000,0x0000009ae0200000)]
  0x000001c50fa1c000 JavaThread "Unconstrained build operations Thread 21" [_thread_blocked, id=12700, stack(0x0000009ae0200000,0x0000009ae0300000)]
  0x000001c50fa1a800 JavaThread "Unconstrained build operations Thread 22" [_thread_blocked, id=1536, stack(0x0000009ae0300000,0x0000009ae0400000)]
  0x000001c50fa1c800 JavaThread "Unconstrained build operations Thread 23" [_thread_blocked, id=6108, stack(0x0000009ae0400000,0x0000009ae0500000)]
  0x000001c50fa21000 JavaThread "Unconstrained build operations Thread 24" [_thread_blocked, id=660, stack(0x0000009ae0500000,0x0000009ae0600000)]
  0x000001c50fa1b000 JavaThread "Unconstrained build operations Thread 25" [_thread_blocked, id=11404, stack(0x0000009ae0600000,0x0000009ae0700000)]
  0x000001c50fa21800 JavaThread "Unconstrained build operations Thread 26" [_thread_blocked, id=10680, stack(0x0000009ae0700000,0x0000009ae0800000)]
  0x000001c50fa1d800 JavaThread "Unconstrained build operations Thread 27" [_thread_blocked, id=6908, stack(0x0000009ae0800000,0x0000009ae0900000)]
  0x000001c50fa22800 JavaThread "Unconstrained build operations Thread 28" [_thread_blocked, id=5440, stack(0x0000009ae0900000,0x0000009ae0a00000)]
  0x000001c50fa23800 JavaThread "Unconstrained build operations Thread 29" [_thread_blocked, id=9716, stack(0x0000009ae0a00000,0x0000009ae0b00000)]
  0x000001c50fa24000 JavaThread "Unconstrained build operations Thread 30" [_thread_blocked, id=12320, stack(0x0000009ae0b00000,0x0000009ae0c00000)]
  0x000001c50fa20000 JavaThread "Unconstrained build operations Thread 31" [_thread_blocked, id=8804, stack(0x0000009ae0c00000,0x0000009ae0d00000)]
  0x000001c50fa1e800 JavaThread "Unconstrained build operations Thread 32" [_thread_blocked, id=2556, stack(0x0000009ae0d00000,0x0000009ae0e00000)]
  0x000001c50fa25000 JavaThread "Unconstrained build operations Thread 33" [_thread_blocked, id=8136, stack(0x0000009ae0e00000,0x0000009ae0f00000)]
  0x000001c50fa25800 JavaThread "Unconstrained build operations Thread 34" [_thread_blocked, id=10380, stack(0x0000009ae0f00000,0x0000009ae1000000)]
  0x000001c50fa27800 JavaThread "Unconstrained build operations Thread 35" [_thread_blocked, id=9388, stack(0x0000009ae1000000,0x0000009ae1100000)]
  0x000001c50fa28000 JavaThread "Unconstrained build operations Thread 36" [_thread_blocked, id=10988, stack(0x0000009ae1100000,0x0000009ae1200000)]
  0x000001c50fa26800 JavaThread "Unconstrained build operations Thread 37" [_thread_blocked, id=876, stack(0x0000009ae1200000,0x0000009ae1300000)]
  0x000001c508663800 JavaThread "Unconstrained build operations Thread 38" [_thread_blocked, id=3260, stack(0x0000009ae1300000,0x0000009ae1400000)]
  0x000001c508664000 JavaThread "Unconstrained build operations Thread 39" [_thread_blocked, id=11728, stack(0x0000009ae1400000,0x0000009ae1500000)]
  0x000001c508665000 JavaThread "Unconstrained build operations Thread 40" [_thread_blocked, id=10776, stack(0x0000009ae1500000,0x0000009ae1600000)]
  0x000001c50865f000 JavaThread "build event listener" [_thread_blocked, id=11064, stack(0x0000009ae1600000,0x0000009ae1700000)]
  0x000001c508665800 JavaThread "build event listener" [_thread_blocked, id=6776, stack(0x0000009ae1700000,0x0000009ae1800000)]
  0x000001c508661000 JavaThread "pool-6-thread-1" [_thread_blocked, id=6392, stack(0x0000009ae1800000,0x0000009ae1900000)]
  0x000001c508661800 JavaThread "build event listener" [_thread_blocked, id=8428, stack(0x0000009ae1900000,0x0000009ae1a00000)]
  0x000001c508660000 JavaThread "Execution worker for ':'" [_thread_blocked, id=6240, stack(0x0000009ae1b00000,0x0000009ae1c00000)]
  0x000001c508668000 JavaThread "Execution worker for ':' Thread 2" [_thread_blocked, id=9376, stack(0x0000009ae1d00000,0x0000009ae1e00000)]
  0x000001c508666800 JavaThread "Execution worker for ':' Thread 3" [_thread_in_native, id=11088, stack(0x0000009ae1e00000,0x0000009ae1f00000)]
  0x000001c508667800 JavaThread "Cache worker for execution history cache (C:\Users\usuario\AndroidStudioProjects\Dados\.gradle\7.2\executionHistory)" [_thread_blocked, id=9468, stack(0x0000009ae1f00000,0x0000009ae2000000)]
  0x000001c508662800 JavaThread "WorkerExecutor Queue" [_thread_blocked, id=7652, stack(0x0000009ae2000000,0x0000009ae2100000)]

Other Threads:
  0x000001c57f5ab800 VMThread "VM Thread" [stack: 0x0000009adc800000,0x0000009adc900000] [id=9560]
  0x000001c506191000 WatcherThread [stack: 0x0000009add200000,0x0000009add300000] [id=2572]
  0x000001c56b2b6000 GCTaskThread "GC Thread#0" [stack: 0x0000009adc300000,0x0000009adc400000] [id=13188]
  0x000001c50677f000 GCTaskThread "GC Thread#1" [stack: 0x0000009add400000,0x0000009add500000] [id=5928]
  0x000001c5069e3800 GCTaskThread "GC Thread#2" [stack: 0x0000009add500000,0x0000009add600000] [id=5760]
  0x000001c508d81800 GCTaskThread "GC Thread#3" [stack: 0x0000009ade000000,0x0000009ade100000] [id=10232]
  0x000001c56b2e7000 ConcurrentGCThread "G1 Main Marker" [stack: 0x0000009adc400000,0x0000009adc500000] [id=4440]
  0x000001c56b2e8000 ConcurrentGCThread "G1 Conc#0" [stack: 0x0000009adc500000,0x0000009adc600000] [id=7324]
  0x000001c56b378000 ConcurrentGCThread "G1 Refine#0" [stack: 0x0000009adc600000,0x0000009adc700000] [id=6968]
  0x000001c56b379000 ConcurrentGCThread "G1 Young RemSet Sampling" [stack: 0x0000009adc700000,0x0000009adc800000] [id=12848]

Threads with active compile tasks:
C2 CompilerThread01078353 14245       4       org.apache.xerces.impl.XMLNSDocumentScannerImpl::scanStartElement (873 bytes)

VM state:not at safepoint (normal execution)

VM Mutex/Monitor currently owned by a thread: None

Heap address: 0x0000000080000000, size: 2048 MB, Compressed Oops mode: 32-bit
Narrow klass base: 0x0000000000000000, Narrow klass shift: 3
Compressed class space size: 1073741824 Address: 0x0000000100000000

Heap:
 garbage-first heap   total 270336K, used 182551K [0x0000000080000000, 0x0000000100000000)
  region size 1024K, 45 young (46080K), 9 survivors (9216K)
 Metaspace       used 114684K, capacity 117700K, committed 117956K, reserved 1150976K
  class space    used 14370K, capacity 15496K, committed 15616K, reserved 1048576K
Heap Regions: E=young(eden), S=young(survivor), O=old, HS=humongous(starts), HC=humongous(continues), CS=collection set, F=free, A=archive, TAMS=top-at-mark-start (previous, next)
|   0|0x0000000080000000, 0x0000000080100000, 0x0000000080100000|100%| O|  |TAMS 0x0000000080100000, 0x0000000080000000| Untracked 
|   1|0x0000000080100000, 0x0000000080200000, 0x0000000080200000|100%| O|  |TAMS 0x0000000080200000, 0x0000000080100000| Untracked 
|   2|0x0000000080200000, 0x0000000080300000, 0x0000000080300000|100%| O|  |TAMS 0x0000000080300000, 0x0000000080200000| Untracked 
|   3|0x0000000080300000, 0x0000000080400000, 0x0000000080400000|100%|HS|  |TAMS 0x0000000080400000, 0x0000000080300000| Complete 
|   4|0x0000000080400000, 0x0000000080500000, 0x0000000080500000|100%|HC|  |TAMS 0x0000000080500000, 0x0000000080400000| Complete 
|   5|0x0000000080500000, 0x0000000080600000, 0x0000000080600000|100%|HC|  |TAMS 0x0000000080600000, 0x0000000080500000| Complete 
|   6|0x0000000080600000, 0x0000000080700000, 0x0000000080700000|100%| O|  |TAMS 0x0000000080700000, 0x0000000080600000| Untracked 
|   7|0x0000000080700000, 0x0000000080800000, 0x0000000080800000|100%| O|  |TAMS 0x0000000080800000, 0x0000000080700000| Untracked 
|   8|0x0000000080800000, 0x0000000080900000, 0x0000000080900000|100%| O|  |TAMS 0x0000000080900000, 0x0000000080800000| Untracked 
|   9|0x0000000080900000, 0x0000000080a00000, 0x0000000080a00000|100%| O|  |TAMS 0x0000000080a00000, 0x0000000080900000| Untracked 
|  10|0x0000000080a00000, 0x0000000080b00000, 0x0000000080b00000|100%| O|  |TAMS 0x0000000080b00000, 0x0000000080a00000| Complete 
|  11|0x0000000080b00000, 0x0000000080c00000, 0x0000000080c00000|100%| O|  |TAMS 0x0000000080c00000, 0x0000000080b00000| Untracked 
|  12|0x0000000080c00000, 0x0000000080d00000, 0x0000000080d00000|100%| O|  |TAMS 0x0000000080d00000, 0x0000000080c00000| Untracked 
|  13|0x0000000080d00000, 0x0000000080e00000, 0x0000000080e00000|100%| O|  |TAMS 0x0000000080e00000, 0x0000000080d00000| Untracked 
|  14|0x0000000080e00000, 0x0000000080f00000, 0x0000000080f00000|100%|HS|  |TAMS 0x0000000080f00000, 0x0000000080e00000| Complete 
|  15|0x0000000080f00000, 0x0000000081000000, 0x0000000081000000|100%|HC|  |TAMS 0x0000000081000000, 0x0000000080f00000| Complete 
|  16|0x0000000081000000, 0x0000000081100000, 0x0000000081100000|100%|HS|  |TAMS 0x0000000081100000, 0x0000000081000000| Complete 
|  17|0x0000000081100000, 0x0000000081200000, 0x0000000081200000|100%|HC|  |TAMS 0x0000000081200000, 0x0000000081100000| Complete 
|  18|0x0000000081200000, 0x0000000081300000, 0x0000000081300000|100%|HC|  |TAMS 0x0000000081300000, 0x0000000081200000| Complete 
|  19|0x0000000081300000, 0x0000000081400000, 0x0000000081400000|100%|HS|  |TAMS 0x0000000081400000, 0x0000000081300000| Complete 
|  20|0x0000000081400000, 0x0000000081500000, 0x0000000081500000|100%|HC|  |TAMS 0x0000000081500000, 0x0000000081400000| Complete 
|  21|0x0000000081500000, 0x0000000081600000, 0x0000000081600000|100%|HC|  |TAMS 0x0000000081600000, 0x0000000081500000| Complete 
|  22|0x0000000081600000, 0x0000000081700000, 0x0000000081700000|100%|HC|  |TAMS 0x0000000081700000, 0x0000000081600000| Complete 
|  23|0x0000000081700000, 0x0000000081800000, 0x0000000081800000|100%| O|  |TAMS 0x0000000081800000, 0x0000000081700000| Untracked 
|  24|0x0000000081800000, 0x0000000081900000, 0x0000000081900000|100%| O|  |TAMS 0x0000000081900000, 0x0000000081800000| Untracked 
|  25|0x0000000081900000, 0x0000000081a00000, 0x0000000081a00000|100%| O|  |TAMS 0x0000000081a00000, 0x0000000081900000| Untracked 
|  26|0x0000000081a00000, 0x0000000081b00000, 0x0000000081b00000|100%|HS|  |TAMS 0x0000000081b00000, 0x0000000081a00000| Complete 
|  27|0x0000000081b00000, 0x0000000081c00000, 0x0000000081c00000|100%|HC|  |TAMS 0x0000000081c00000, 0x0000000081b00000| Complete 
|  28|0x0000000081c00000, 0x0000000081d00000, 0x0000000081d00000|100%|HC|  |TAMS 0x0000000081d00000, 0x0000000081c00000| Complete 
|  29|0x0000000081d00000, 0x0000000081e00000, 0x0000000081e00000|100%| O|  |TAMS 0x0000000081e00000, 0x0000000081d00000| Untracked 
|  30|0x0000000081e00000, 0x0000000081f00000, 0x0000000081f00000|100%| O|  |TAMS 0x0000000081f00000, 0x0000000081e00000| Complete 
|  31|0x0000000081f00000, 0x0000000082000000, 0x0000000082000000|100%| O|  |TAMS 0x0000000082000000, 0x0000000081f00000| Untracked 
|  32|0x0000000082000000, 0x0000000082100000, 0x0000000082100000|100%| O|  |TAMS 0x0000000082100000, 0x0000000082000000| Untracked 
|  33|0x0000000082100000, 0x0000000082200000, 0x0000000082200000|100%| O|  |TAMS 0x0000000082200000, 0x0000000082100000| Complete 
|  34|0x0000000082200000, 0x0000000082300000, 0x0000000082300000|100%| O|  |TAMS 0x0000000082300000, 0x0000000082200000| Complete 
|  35|0x0000000082300000, 0x0000000082400000, 0x0000000082400000|100%| O|  |TAMS 0x0000000082400000, 0x0000000082300000| Untracked 
|  36|0x0000000082400000, 0x0000000082500000, 0x0000000082500000|100%|HS|  |TAMS 0x0000000082500000, 0x0000000082400000| Complete 
|  37|0x0000000082500000, 0x0000000082600000, 0x0000000082600000|100%|HC|  |TAMS 0x0000000082600000, 0x0000000082500000| Complete 
|  38|0x0000000082600000, 0x0000000082700000, 0x0000000082700000|100%|HC|  |TAMS 0x0000000082700000, 0x0000000082600000| Complete 
|  39|0x0000000082700000, 0x0000000082800000, 0x0000000082800000|100%|HC|  |TAMS 0x0000000082800000, 0x0000000082700000| Complete 
|  40|0x0000000082800000, 0x0000000082900000, 0x0000000082900000|100%| O|  |TAMS 0x0000000082900000, 0x0000000082800000| Untracked 
|  41|0x0000000082900000, 0x0000000082a00000, 0x0000000082a00000|100%| O|  |TAMS 0x0000000082a00000, 0x0000000082900000| Untracked 
|  42|0x0000000082a00000, 0x0000000082b00000, 0x0000000082b00000|100%| O|  |TAMS 0x0000000082b00000, 0x0000000082a00000| Untracked 
|  43|0x0000000082b00000, 0x0000000082c00000, 0x0000000082c00000|100%| O|  |TAMS 0x0000000082c00000, 0x0000000082b00000| Complete 
|  44|0x0000000082c00000, 0x0000000082d00000, 0x0000000082d00000|100%| O|  |TAMS 0x0000000082d00000, 0x0000000082c00000| Untracked 
|  45|0x0000000082d00000, 0x0000000082e00000, 0x0000000082e00000|100%| O|  |TAMS 0x0000000082e00000, 0x0000000082d00000| Untracked 
|  46|0x0000000082e00000, 0x0000000082f00000, 0x0000000082f00000|100%| O|  |TAMS 0x0000000082f00000, 0x0000000082e00000| Untracked 
|  47|0x0000000082f00000, 0x0000000083000000, 0x0000000083000000|100%| O|  |TAMS 0x0000000083000000, 0x0000000082f00000| Untracked 
|  48|0x0000000083000000, 0x0000000083100000, 0x0000000083100000|100%| O|  |TAMS 0x0000000083100000, 0x0000000083000000| Untracked 
|  49|0x0000000083100000, 0x0000000083200000, 0x0000000083200000|100%| O|  |TAMS 0x0000000083200000, 0x0000000083100000| Untracked 
|  50|0x0000000083200000, 0x0000000083300000, 0x0000000083300000|100%| O|  |TAMS 0x0000000083300000, 0x0000000083200000| Untracked 
|  51|0x0000000083300000, 0x0000000083400000, 0x0000000083400000|100%| O|  |TAMS 0x0000000083400000, 0x0000000083300000| Untracked 
|  52|0x0000000083400000, 0x0000000083500000, 0x0000000083500000|100%| O|  |TAMS 0x0000000083500000, 0x0000000083400000| Complete 
|  53|0x0000000083500000, 0x0000000083600000, 0x0000000083600000|100%|HS|  |TAMS 0x0000000083600000, 0x0000000083500000| Complete 
|  54|0x0000000083600000, 0x0000000083700000, 0x0000000083700000|100%|HS|  |TAMS 0x0000000083700000, 0x0000000083600000| Complete 
|  55|0x0000000083700000, 0x0000000083800000, 0x0000000083800000|100%|HS|  |TAMS 0x0000000083800000, 0x0000000083700000| Complete 
|  56|0x0000000083800000, 0x0000000083900000, 0x0000000083900000|100%|HS|  |TAMS 0x0000000083900000, 0x0000000083800000| Complete 
|  57|0x0000000083900000, 0x0000000083a00000, 0x0000000083a00000|100%|HS|  |TAMS 0x0000000083a00000, 0x0000000083900000| Complete 
|  58|0x0000000083a00000, 0x0000000083b00000, 0x0000000083b00000|100%|HC|  |TAMS 0x0000000083b00000, 0x0000000083a00000| Complete 
|  59|0x0000000083b00000, 0x0000000083c00000, 0x0000000083c00000|100%|HC|  |TAMS 0x0000000083c00000, 0x0000000083b00000| Complete 
|  60|0x0000000083c00000, 0x0000000083d00000, 0x0000000083d00000|100%|HS|  |TAMS 0x0000000083d00000, 0x0000000083c00000| Complete 
|  61|0x0000000083d00000, 0x0000000083e00000, 0x0000000083e00000|100%|HC|  |TAMS 0x0000000083e00000, 0x0000000083d00000| Complete 
|  62|0x0000000083e00000, 0x0000000083f00000, 0x0000000083f00000|100%| O|  |TAMS 0x0000000083f00000, 0x0000000083e00000| Complete 
|  63|0x0000000083f00000, 0x0000000084000000, 0x0000000084000000|100%| O|  |TAMS 0x0000000084000000, 0x0000000083f00000| Complete 
|  64|0x0000000084000000, 0x0000000084100000, 0x0000000084100000|100%| O|  |TAMS 0x0000000084100000, 0x0000000084000000| Untracked 
|  65|0x0000000084100000, 0x0000000084200000, 0x0000000084200000|100%| O|  |TAMS 0x0000000084200000, 0x0000000084100000| Untracked 
|  66|0x0000000084200000, 0x0000000084300000, 0x0000000084300000|100%| O|  |TAMS 0x0000000084300000, 0x0000000084200000| Untracked 
|  67|0x0000000084300000, 0x0000000084400000, 0x0000000084400000|100%| O|  |TAMS 0x0000000084400000, 0x0000000084300000| Complete 
|  68|0x0000000084400000, 0x0000000084500000, 0x0000000084500000|100%| O|  |TAMS 0x0000000084500000, 0x0000000084400000| Untracked 
|  69|0x0000000084500000, 0x0000000084600000, 0x0000000084600000|100%| O|  |TAMS 0x0000000084600000, 0x0000000084500000| Complete 
|  70|0x0000000084600000, 0x0000000084700000, 0x0000000084700000|100%| O|  |TAMS 0x0000000084700000, 0x0000000084600000| Complete 
|  71|0x0000000084700000, 0x0000000084800000, 0x0000000084800000|100%| O|  |TAMS 0x0000000084800000, 0x0000000084700000| Untracked 
|  72|0x0000000084800000, 0x0000000084900000, 0x0000000084900000|100%| O|  |TAMS 0x0000000084900000, 0x0000000084800000| Untracked 
|  73|0x0000000084900000, 0x0000000084a00000, 0x0000000084a00000|100%| O|  |TAMS 0x0000000084a00000, 0x0000000084900000| Complete 
|  74|0x0000000084a00000, 0x0000000084b00000, 0x0000000084b00000|100%| O|  |TAMS 0x0000000084b00000, 0x0000000084a00000| Complete 
|  75|0x0000000084b00000, 0x0000000084c00000, 0x0000000084c00000|100%| O|  |TAMS 0x0000000084c00000, 0x0000000084b00000| Complete 
|  76|0x0000000084c00000, 0x0000000084d00000, 0x0000000084d00000|100%| O|  |TAMS 0x0000000084d00000, 0x0000000084c00000| Untracked 
|  77|0x0000000084d00000, 0x0000000084e00000, 0x0000000084e00000|100%| O|  |TAMS 0x0000000084e00000, 0x0000000084d00000| Complete 
|  78|0x0000000084e00000, 0x0000000084f00000, 0x0000000084f00000|100%| O|  |TAMS 0x0000000084f00000, 0x0000000084e00000| Untracked 
|  79|0x0000000084f00000, 0x0000000085000000, 0x0000000085000000|100%| O|  |TAMS 0x0000000085000000, 0x0000000084f00000| Complete 
|  80|0x0000000085000000, 0x0000000085100000, 0x0000000085100000|100%| O|  |TAMS 0x0000000085100000, 0x0000000085000000| Complete 
|  81|0x0000000085100000, 0x0000000085200000, 0x0000000085200000|100%| O|  |TAMS 0x0000000085200000, 0x0000000085100000| Untracked 
|  82|0x0000000085200000, 0x0000000085300000, 0x0000000085300000|100%| O|  |TAMS 0x0000000085300000, 0x0000000085200000| Complete 
|  83|0x0000000085300000, 0x0000000085400000, 0x0000000085400000|100%| O|  |TAMS 0x0000000085400000, 0x0000000085300000| Untracked 
|  84|0x0000000085400000, 0x0000000085500000, 0x0000000085500000|100%| O|  |TAMS 0x0000000085500000, 0x0000000085400000| Complete 
|  85|0x0000000085500000, 0x0000000085600000, 0x0000000085600000|100%|HS|  |TAMS 0x0000000085600000, 0x0000000085500000| Complete 
|  86|0x0000000085600000, 0x0000000085700000, 0x0000000085700000|100%|HC|  |TAMS 0x0000000085700000, 0x0000000085600000| Complete 
|  87|0x0000000085700000, 0x0000000085800000, 0x0000000085800000|100%|HS|  |TAMS 0x0000000085800000, 0x0000000085700000| Complete 
|  88|0x0000000085800000, 0x0000000085900000, 0x0000000085900000|100%|HC|  |TAMS 0x0000000085900000, 0x0000000085800000| Complete 
|  89|0x0000000085900000, 0x0000000085a00000, 0x0000000085a00000|100%|HC|  |TAMS 0x0000000085a00000, 0x0000000085900000| Complete 
|  90|0x0000000085a00000, 0x0000000085b00000, 0x0000000085b00000|100%|HS|  |TAMS 0x0000000085b00000, 0x0000000085a00000| Complete 
|  91|0x0000000085b00000, 0x0000000085c00000, 0x0000000085c00000|100%|HC|  |TAMS 0x0000000085c00000, 0x0000000085b00000| Complete 
|  92|0x0000000085c00000, 0x0000000085d00000, 0x0000000085d00000|100%|HC|  |TAMS 0x0000000085d00000, 0x0000000085c00000| Complete 
|  93|0x0000000085d00000, 0x0000000085e00000, 0x0000000085e00000|100%|HC|  |TAMS 0x0000000085e00000, 0x0000000085d00000| Complete 
|  94|0x0000000085e00000, 0x0000000085f00000, 0x0000000085f00000|100%| O|  |TAMS 0x0000000085f00000, 0x0000000085e00000| Complete 
|  95|0x0000000085f00000, 0x0000000086000000, 0x0000000086000000|100%| O|  |TAMS 0x0000000086000000, 0x0000000085f00000| Complete 
|  96|0x0000000086000000, 0x0000000086100000, 0x0000000086100000|100%| O|  |TAMS 0x0000000086100000, 0x0000000086000000| Complete 
|  97|0x0000000086100000, 0x0000000086200000, 0x0000000086200000|100%| O|  |TAMS 0x0000000086200000, 0x0000000086100000| Complete 
|  98|0x0000000086200000, 0x0000000086300000, 0x0000000086300000|100%| O|  |TAMS 0x0000000086300000, 0x0000000086200000| Complete 
|  99|0x0000000086300000, 0x0000000086400000, 0x0000000086400000|100%| O|  |TAMS 0x0000000086400000, 0x0000000086300000| Complete 
| 100|0x0000000086400000, 0x0000000086500000, 0x0000000086500000|100%| O|  |TAMS 0x0000000086500000, 0x0000000086400000| Untracked 
| 101|0x0000000086500000, 0x0000000086600000, 0x0000000086600000|100%| O|  |TAMS 0x0000000086600000, 0x0000000086500000| Untracked 
| 102|0x0000000086600000, 0x0000000086700000, 0x0000000086700000|100%| O|  |TAMS 0x0000000086700000, 0x0000000086600000| Untracked 
| 103|0x0000000086700000, 0x0000000086800000, 0x0000000086800000|100%| O|  |TAMS 0x0000000086800000, 0x0000000086700000| Untracked 
| 104|0x0000000086800000, 0x0000000086900000, 0x0000000086900000|100%| O|  |TAMS 0x0000000086900000, 0x0000000086800000| Complete 
| 105|0x0000000086900000, 0x0000000086a00000, 0x0000000086a00000|100%| O|  |TAMS 0x0000000086a00000, 0x0000000086900000| Complete 
| 106|0x0000000086a00000, 0x0000000086b00000, 0x0000000086b00000|100%| O|  |TAMS 0x0000000086b00000, 0x0000000086a00000| Complete 
| 107|0x0000000086b00000, 0x0000000086c00000, 0x0000000086c00000|100%| O|  |TAMS 0x0000000086c00000, 0x0000000086b00000| Untracked 
| 108|0x0000000086c00000, 0x0000000086d00000, 0x0000000086d00000|100%| O|  |TAMS 0x0000000086d00000, 0x0000000086c00000| Untracked 
| 109|0x0000000086d00000, 0x0000000086e00000, 0x0000000086e00000|100%| O|  |TAMS 0x0000000086e00000, 0x0000000086d00000| Complete 
| 110|0x0000000086e00000, 0x0000000086f00000, 0x0000000086f00000|100%| O|  |TAMS 0x0000000086f00000, 0x0000000086e00000| Complete 
| 111|0x0000000086f00000, 0x0000000087000000, 0x0000000087000000|100%| O|  |TAMS 0x0000000087000000, 0x0000000086f00000| Untracked 
| 112|0x0000000087000000, 0x0000000087100000, 0x0000000087100000|100%| O|  |TAMS 0x0000000087100000, 0x0000000087000000| Complete 
| 113|0x0000000087100000, 0x0000000087200000, 0x0000000087200000|100%| O|  |TAMS 0x0000000087200000, 0x0000000087100000| Untracked 
| 114|0x0000000087200000, 0x0000000087300000, 0x0000000087300000|100%| O|  |TAMS 0x0000000087300000, 0x0000000087200000| Complete 
| 115|0x0000000087300000, 0x0000000087400000, 0x0000000087400000|100%| O|  |TAMS 0x0000000087400000, 0x0000000087300000| Complete 
| 116|0x0000000087400000, 0x0000000087500000, 0x0000000087500000|100%| O|  |TAMS 0x0000000087500000, 0x0000000087400000| Complete 
| 117|0x0000000087500000, 0x0000000087600000, 0x0000000087600000|100%| O|  |TAMS 0x0000000087600000, 0x0000000087500000| Complete 
| 118|0x0000000087600000, 0x0000000087700000, 0x0000000087700000|100%| O|  |TAMS 0x0000000087700000, 0x0000000087600000| Complete 
| 119|0x0000000087700000, 0x0000000087800000, 0x0000000087800000|100%| O|  |TAMS 0x0000000087800000, 0x0000000087700000| Complete 
| 120|0x0000000087800000, 0x0000000087900000, 0x0000000087900000|100%| O|  |TAMS 0x0000000087900000, 0x0000000087800000| Untracked 
| 121|0x0000000087900000, 0x0000000087a00000, 0x0000000087a00000|100%| O|  |TAMS 0x0000000087a00000, 0x0000000087900000| Complete 
| 122|0x0000000087a00000, 0x0000000087b00000, 0x0000000087b00000|100%| O|  |TAMS 0x0000000087b00000, 0x0000000087a00000| Untracked 
| 123|0x0000000087b00000, 0x0000000087c00000, 0x0000000087c00000|100%| O|  |TAMS 0x0000000087c00000, 0x0000000087b00000| Complete 
| 124|0x0000000087c00000, 0x0000000087d00000, 0x0000000087d00000|100%| O|  |TAMS 0x0000000087d00000, 0x0000000087c00000| Untracked 
| 125|0x0000000087d00000, 0x0000000087e00000, 0x0000000087e00000|100%| O|  |TAMS 0x0000000087e00000, 0x0000000087d00000| Untracked 
| 126|0x0000000087e00000, 0x0000000087f00000, 0x0000000087f00000|100%| O|  |TAMS 0x0000000087f00000, 0x0000000087e00000| Untracked 
| 127|0x0000000087f00000, 0x0000000088000000, 0x0000000088000000|100%| O|  |TAMS 0x0000000088000000, 0x0000000087f00000| Untracked 
| 128|0x0000000088000000, 0x0000000088100000, 0x0000000088100000|100%| O|  |TAMS 0x0000000088100000, 0x0000000088000000| Untracked 
| 129|0x0000000088100000, 0x0000000088200000, 0x0000000088200000|100%| O|  |TAMS 0x0000000088200000, 0x0000000088100000| Complete 
| 130|0x0000000088200000, 0x0000000088300000, 0x0000000088300000|100%| O|  |TAMS 0x0000000088300000, 0x0000000088200000| Untracked 
| 131|0x0000000088300000, 0x0000000088400000, 0x0000000088400000|100%| O|  |TAMS 0x0000000088400000, 0x0000000088300000| Complete 
| 132|0x0000000088400000, 0x000000008847be00, 0x0000000088500000| 48%| O|  |TAMS 0x000000008847be00, 0x0000000088400000| Untracked 
| 133|0x0000000088500000, 0x0000000088600000, 0x0000000088600000|100%|HS|  |TAMS 0x0000000088500000, 0x0000000088500000| Complete 
| 134|0x0000000088600000, 0x0000000088700000, 0x0000000088700000|100%|HS|  |TAMS 0x0000000088600000, 0x0000000088600000| Complete 
| 135|0x0000000088700000, 0x0000000088800000, 0x0000000088800000|100%|HS|  |TAMS 0x0000000088700000, 0x0000000088700000| Complete 
| 136|0x0000000088800000, 0x0000000088800000, 0x0000000088900000|  0%| F|  |TAMS 0x0000000088800000, 0x0000000088800000| Untracked 
| 137|0x0000000088900000, 0x0000000088900000, 0x0000000088a00000|  0%| F|  |TAMS 0x0000000088900000, 0x0000000088900000| Untracked 
| 138|0x0000000088a00000, 0x0000000088a00000, 0x0000000088b00000|  0%| F|  |TAMS 0x0000000088a00000, 0x0000000088a00000| Untracked 
| 139|0x0000000088b00000, 0x0000000088b00000, 0x0000000088c00000|  0%| F|  |TAMS 0x0000000088b00000, 0x0000000088b00000| Untracked 
| 140|0x0000000088c00000, 0x0000000088c00000, 0x0000000088d00000|  0%| F|  |TAMS 0x0000000088c00000, 0x0000000088c00000| Untracked 
| 141|0x0000000088d00000, 0x0000000088d00000, 0x0000000088e00000|  0%| F|  |TAMS 0x0000000088d00000, 0x0000000088d00000| Untracked 
| 142|0x0000000088e00000, 0x0000000088e00000, 0x0000000088f00000|  0%| F|  |TAMS 0x0000000088e00000, 0x0000000088e00000| Untracked 
| 143|0x0000000088f00000, 0x0000000088f00000, 0x0000000089000000|  0%| F|  |TAMS 0x0000000088f00000, 0x0000000088f00000| Untracked 
| 144|0x0000000089000000, 0x0000000089000000, 0x0000000089100000|  0%| F|  |TAMS 0x0000000089000000, 0x0000000089000000| Untracked 
| 145|0x0000000089100000, 0x0000000089100000, 0x0000000089200000|  0%| F|  |TAMS 0x0000000089100000, 0x0000000089100000| Untracked 
| 146|0x0000000089200000, 0x0000000089200000, 0x0000000089300000|  0%| F|  |TAMS 0x0000000089200000, 0x0000000089200000| Untracked 
| 147|0x0000000089300000, 0x0000000089300000, 0x0000000089400000|  0%| F|  |TAMS 0x0000000089300000, 0x0000000089300000| Untracked 
| 148|0x0000000089400000, 0x0000000089400000, 0x0000000089500000|  0%| F|  |TAMS 0x0000000089400000, 0x0000000089400000| Untracked 
| 149|0x0000000089500000, 0x0000000089500000, 0x0000000089600000|  0%| F|  |TAMS 0x0000000089500000, 0x0000000089500000| Untracked 
| 150|0x0000000089600000, 0x0000000089600000, 0x0000000089700000|  0%| F|  |TAMS 0x0000000089600000, 0x0000000089600000| Untracked 
| 151|0x0000000089700000, 0x0000000089700000, 0x0000000089800000|  0%| F|  |TAMS 0x0000000089700000, 0x0000000089700000| Untracked 
| 152|0x0000000089800000, 0x0000000089800000, 0x0000000089900000|  0%| F|  |TAMS 0x0000000089800000, 0x0000000089800000| Untracked 
| 153|0x0000000089900000, 0x0000000089900000, 0x0000000089a00000|  0%| F|  |TAMS 0x0000000089900000, 0x0000000089900000| Untracked 
| 154|0x0000000089a00000, 0x0000000089a00000, 0x0000000089b00000|  0%| F|  |TAMS 0x0000000089a00000, 0x0000000089a00000| Untracked 
| 155|0x0000000089b00000, 0x0000000089b00000, 0x0000000089c00000|  0%| F|  |TAMS 0x0000000089b00000, 0x0000000089b00000| Untracked 
| 156|0x0000000089c00000, 0x0000000089c00000, 0x0000000089d00000|  0%| F|  |TAMS 0x0000000089c00000, 0x0000000089c00000| Untracked 
| 157|0x0000000089d00000, 0x0000000089d00000, 0x0000000089e00000|  0%| F|  |TAMS 0x0000000089d00000, 0x0000000089d00000| Untracked 
| 158|0x0000000089e00000, 0x0000000089e00000, 0x0000000089f00000|  0%| F|  |TAMS 0x0000000089e00000, 0x0000000089e00000| Untracked 
| 159|0x0000000089f00000, 0x0000000089f00000, 0x000000008a000000|  0%| F|  |TAMS 0x0000000089f00000, 0x0000000089f00000| Untracked 
| 160|0x000000008a000000, 0x000000008a000000, 0x000000008a100000|  0%| F|  |TAMS 0x000000008a000000, 0x000000008a000000| Untracked 
| 161|0x000000008a100000, 0x000000008a100000, 0x000000008a200000|  0%| F|  |TAMS 0x000000008a100000, 0x000000008a100000| Untracked 
| 162|0x000000008a200000, 0x000000008a200000, 0x000000008a300000|  0%| F|  |TAMS 0x000000008a200000, 0x000000008a200000| Untracked 
| 163|0x000000008a300000, 0x000000008a300000, 0x000000008a400000|  0%| F|  |TAMS 0x000000008a300000, 0x000000008a300000| Untracked 
| 164|0x000000008a400000, 0x000000008a400000, 0x000000008a500000|  0%| F|  |TAMS 0x000000008a400000, 0x000000008a400000| Untracked 
| 165|0x000000008a500000, 0x000000008a500000, 0x000000008a600000|  0%| F|  |TAMS 0x000000008a500000, 0x000000008a500000| Untracked 
| 166|0x000000008a600000, 0x000000008a600000, 0x000000008a700000|  0%| F|  |TAMS 0x000000008a600000, 0x000000008a600000| Untracked 
| 167|0x000000008a700000, 0x000000008a700000, 0x000000008a800000|  0%| F|  |TAMS 0x000000008a700000, 0x000000008a700000| Untracked 
| 168|0x000000008a800000, 0x000000008a800000, 0x000000008a900000|  0%| F|  |TAMS 0x000000008a800000, 0x000000008a800000| Untracked 
| 169|0x000000008a900000, 0x000000008a900000, 0x000000008aa00000|  0%| F|  |TAMS 0x000000008a900000, 0x000000008a900000| Untracked 
| 170|0x000000008aa00000, 0x000000008aa00000, 0x000000008ab00000|  0%| F|  |TAMS 0x000000008aa00000, 0x000000008aa00000| Untracked 
| 171|0x000000008ab00000, 0x000000008ab00000, 0x000000008ac00000|  0%| F|  |TAMS 0x000000008ab00000, 0x000000008ab00000| Untracked 
| 172|0x000000008ac00000, 0x000000008ac00000, 0x000000008ad00000|  0%| F|  |TAMS 0x000000008ac00000, 0x000000008ac00000| Untracked 
| 173|0x000000008ad00000, 0x000000008ad00000, 0x000000008ae00000|  0%| F|  |TAMS 0x000000008ad00000, 0x000000008ad00000| Untracked 
| 174|0x000000008ae00000, 0x000000008ae00000, 0x000000008af00000|  0%| F|  |TAMS 0x000000008ae00000, 0x000000008ae00000| Untracked 
| 175|0x000000008af00000, 0x000000008af00000, 0x000000008b000000|  0%| F|  |TAMS 0x000000008af00000, 0x000000008af00000| Untracked 
| 176|0x000000008b000000, 0x000000008b000000, 0x000000008b100000|  0%| F|  |TAMS 0x000000008b000000, 0x000000008b000000| Untracked 
| 177|0x000000008b100000, 0x000000008b1c9ff0, 0x000000008b200000| 78%| S|CS|TAMS 0x000000008b100000, 0x000000008b100000| Complete 
| 178|0x000000008b200000, 0x000000008b300000, 0x000000008b300000|100%| S|CS|TAMS 0x000000008b200000, 0x000000008b200000| Complete 
| 179|0x000000008b300000, 0x000000008b400000, 0x000000008b400000|100%| S|CS|TAMS 0x000000008b300000, 0x000000008b300000| Complete 
| 180|0x000000008b400000, 0x000000008b500000, 0x000000008b500000|100%| S|CS|TAMS 0x000000008b400000, 0x000000008b400000| Complete 
| 181|0x000000008b500000, 0x000000008b600000, 0x000000008b600000|100%| S|CS|TAMS 0x000000008b500000, 0x000000008b500000| Complete 
| 182|0x000000008b600000, 0x000000008b700000, 0x000000008b700000|100%| S|CS|TAMS 0x000000008b600000, 0x000000008b600000| Complete 
| 183|0x000000008b700000, 0x000000008b800000, 0x000000008b800000|100%| S|CS|TAMS 0x000000008b700000, 0x000000008b700000| Complete 
| 184|0x000000008b800000, 0x000000008b800000, 0x000000008b900000|  0%| F|  |TAMS 0x000000008b800000, 0x000000008b800000| Untracked 
| 185|0x000000008b900000, 0x000000008b900000, 0x000000008ba00000|  0%| F|  |TAMS 0x000000008b900000, 0x000000008b900000| Untracked 
| 186|0x000000008ba00000, 0x000000008ba00000, 0x000000008bb00000|  0%| F|  |TAMS 0x000000008ba00000, 0x000000008ba00000| Untracked 
| 187|0x000000008bb00000, 0x000000008bb00000, 0x000000008bc00000|  0%| F|  |TAMS 0x000000008bb00000, 0x000000008bb00000| Untracked 
| 188|0x000000008bc00000, 0x000000008bc00000, 0x000000008bd00000|  0%| F|  |TAMS 0x000000008bc00000, 0x000000008bc00000| Untracked 
| 189|0x000000008bd00000, 0x000000008bd00000, 0x000000008be00000|  0%| F|  |TAMS 0x000000008bd00000, 0x000000008bd00000| Untracked 
| 190|0x000000008be00000, 0x000000008be00000, 0x000000008bf00000|  0%| F|  |TAMS 0x000000008be00000, 0x000000008be00000| Untracked 
| 191|0x000000008bf00000, 0x000000008bf00000, 0x000000008c000000|  0%| F|  |TAMS 0x000000008bf00000, 0x000000008bf00000| Untracked 
| 192|0x000000008c000000, 0x000000008c000000, 0x000000008c100000|  0%| F|  |TAMS 0x000000008c000000, 0x000000008c000000| Untracked 
| 193|0x000000008c100000, 0x000000008c100000, 0x000000008c200000|  0%| F|  |TAMS 0x000000008c100000, 0x000000008c100000| Untracked 
| 194|0x000000008c200000, 0x000000008c300000, 0x000000008c300000|100%| S|CS|TAMS 0x000000008c200000, 0x000000008c200000| Complete 
| 195|0x000000008c300000, 0x000000008c400000, 0x000000008c400000|100%| S|CS|TAMS 0x000000008c300000, 0x000000008c300000| Complete 
| 196|0x000000008c400000, 0x000000008c400000, 0x000000008c500000|  0%| F|  |TAMS 0x000000008c400000, 0x000000008c400000| Untracked 
| 197|0x000000008c500000, 0x000000008c500000, 0x000000008c600000|  0%| F|  |TAMS 0x000000008c500000, 0x000000008c500000| Untracked 
| 198|0x000000008c600000, 0x000000008c600000, 0x000000008c700000|  0%| F|  |TAMS 0x000000008c600000, 0x000000008c600000| Untracked 
| 199|0x000000008c700000, 0x000000008c700000, 0x000000008c800000|  0%| F|  |TAMS 0x000000008c700000, 0x000000008c700000| Untracked 
| 200|0x000000008c800000, 0x000000008c800000, 0x000000008c900000|  0%| F|  |TAMS 0x000000008c800000, 0x000000008c800000| Untracked 
| 201|0x000000008c900000, 0x000000008c900000, 0x000000008ca00000|  0%| F|  |TAMS 0x000000008c900000, 0x000000008c900000| Untracked 
| 202|0x000000008ca00000, 0x000000008ca00000, 0x000000008cb00000|  0%| F|  |TAMS 0x000000008ca00000, 0x000000008ca00000| Untracked 
| 203|0x000000008cb00000, 0x000000008cb00000, 0x000000008cc00000|  0%| F|  |TAMS 0x000000008cb00000, 0x000000008cb00000| Untracked 
| 204|0x000000008cc00000, 0x000000008cc00000, 0x000000008cd00000|  0%| F|  |TAMS 0x000000008cc00000, 0x000000008cc00000| Untracked 
| 205|0x000000008cd00000, 0x000000008cd00000, 0x000000008ce00000|  0%| F|  |TAMS 0x000000008cd00000, 0x000000008cd00000| Untracked 
| 206|0x000000008ce00000, 0x000000008ce00000, 0x000000008cf00000|  0%| F|  |TAMS 0x000000008ce00000, 0x000000008ce00000| Untracked 
| 207|0x000000008cf00000, 0x000000008cf00000, 0x000000008d000000|  0%| F|  |TAMS 0x000000008cf00000, 0x000000008cf00000| Untracked 
| 208|0x000000008d000000, 0x000000008d000000, 0x000000008d100000|  0%| F|  |TAMS 0x000000008d000000, 0x000000008d000000| Untracked 
| 209|0x000000008d100000, 0x000000008d100000, 0x000000008d200000|  0%| F|  |TAMS 0x000000008d100000, 0x000000008d100000| Untracked 
| 210|0x000000008d200000, 0x000000008d200000, 0x000000008d300000|  0%| F|  |TAMS 0x000000008d200000, 0x000000008d200000| Untracked 
| 211|0x000000008d300000, 0x000000008d300000, 0x000000008d400000|  0%| F|  |TAMS 0x000000008d300000, 0x000000008d300000| Untracked 
| 212|0x000000008d400000, 0x000000008d400000, 0x000000008d500000|  0%| F|  |TAMS 0x000000008d400000, 0x000000008d400000| Untracked 
| 213|0x000000008d500000, 0x000000008d500000, 0x000000008d600000|  0%| F|  |TAMS 0x000000008d500000, 0x000000008d500000| Untracked 
| 214|0x000000008d600000, 0x000000008d600000, 0x000000008d700000|  0%| F|  |TAMS 0x000000008d600000, 0x000000008d600000| Untracked 
| 215|0x000000008d700000, 0x000000008d700000, 0x000000008d800000|  0%| F|  |TAMS 0x000000008d700000, 0x000000008d700000| Untracked 
| 216|0x000000008d800000, 0x000000008d800000, 0x000000008d900000|  0%| F|  |TAMS 0x000000008d800000, 0x000000008d800000| Untracked 
| 217|0x000000008d900000, 0x000000008d900000, 0x000000008da00000|  0%| F|  |TAMS 0x000000008d900000, 0x000000008d900000| Untracked 
| 218|0x000000008da00000, 0x000000008da00000, 0x000000008db00000|  0%| F|  |TAMS 0x000000008da00000, 0x000000008da00000| Untracked 
| 219|0x000000008db00000, 0x000000008db00000, 0x000000008dc00000|  0%| F|  |TAMS 0x000000008db00000, 0x000000008db00000| Untracked 
| 220|0x000000008dc00000, 0x000000008dc00000, 0x000000008dd00000|  0%| F|  |TAMS 0x000000008dc00000, 0x000000008dc00000| Untracked 
| 221|0x000000008dd00000, 0x000000008dd00000, 0x000000008de00000|  0%| F|  |TAMS 0x000000008dd00000, 0x000000008dd00000| Untracked 
| 222|0x000000008de00000, 0x000000008de00000, 0x000000008df00000|  0%| F|  |TAMS 0x000000008de00000, 0x000000008de00000| Untracked 
| 223|0x000000008df00000, 0x000000008df00000, 0x000000008e000000|  0%| F|  |TAMS 0x000000008df00000, 0x000000008df00000| Untracked 
| 224|0x000000008e000000, 0x000000008e000000, 0x000000008e100000|  0%| F|  |TAMS 0x000000008e000000, 0x000000008e000000| Untracked 
| 225|0x000000008e100000, 0x000000008e100000, 0x000000008e200000|  0%| F|  |TAMS 0x000000008e100000, 0x000000008e100000| Untracked 
| 226|0x000000008e200000, 0x000000008e200000, 0x000000008e300000|  0%| F|  |TAMS 0x000000008e200000, 0x000000008e200000| Untracked 
| 227|0x000000008e300000, 0x000000008e35bc98, 0x000000008e400000| 35%| E|  |TAMS 0x000000008e300000, 0x000000008e300000| Complete 
| 228|0x000000008e400000, 0x000000008e500000, 0x000000008e500000|100%| E|CS|TAMS 0x000000008e400000, 0x000000008e400000| Complete 
| 229|0x000000008e500000, 0x000000008e600000, 0x000000008e600000|100%| E|CS|TAMS 0x000000008e500000, 0x000000008e500000| Complete 
| 230|0x000000008e600000, 0x000000008e700000, 0x000000008e700000|100%| E|CS|TAMS 0x000000008e600000, 0x000000008e600000| Complete 
| 231|0x000000008e700000, 0x000000008e800000, 0x000000008e800000|100%| E|CS|TAMS 0x000000008e700000, 0x000000008e700000| Complete 
| 232|0x000000008e800000, 0x000000008e900000, 0x000000008e900000|100%| E|CS|TAMS 0x000000008e800000, 0x000000008e800000| Complete 
| 233|0x000000008e900000, 0x000000008ea00000, 0x000000008ea00000|100%| E|CS|TAMS 0x000000008e900000, 0x000000008e900000| Complete 
| 234|0x000000008ea00000, 0x000000008eb00000, 0x000000008eb00000|100%| E|CS|TAMS 0x000000008ea00000, 0x000000008ea00000| Complete 
| 235|0x000000008eb00000, 0x000000008ec00000, 0x000000008ec00000|100%| E|CS|TAMS 0x000000008eb00000, 0x000000008eb00000| Complete 
| 236|0x000000008ec00000, 0x000000008ed00000, 0x000000008ed00000|100%| E|CS|TAMS 0x000000008ec00000, 0x000000008ec00000| Complete 
| 237|0x000000008ed00000, 0x000000008ee00000, 0x000000008ee00000|100%| E|CS|TAMS 0x000000008ed00000, 0x000000008ed00000| Complete 
| 238|0x000000008ee00000, 0x000000008ef00000, 0x000000008ef00000|100%| E|CS|TAMS 0x000000008ee00000, 0x000000008ee00000| Complete 
| 239|0x000000008ef00000, 0x000000008f000000, 0x000000008f000000|100%| E|CS|TAMS 0x000000008ef00000, 0x000000008ef00000| Complete 
| 240|0x000000008f000000, 0x000000008f100000, 0x000000008f100000|100%| E|CS|TAMS 0x000000008f000000, 0x000000008f000000| Complete 
| 241|0x000000008f100000, 0x000000008f200000, 0x000000008f200000|100%| E|CS|TAMS 0x000000008f100000, 0x000000008f100000| Complete 
| 242|0x000000008f200000, 0x000000008f300000, 0x000000008f300000|100%| E|CS|TAMS 0x000000008f200000, 0x000000008f200000| Complete 
| 243|0x000000008f300000, 0x000000008f400000, 0x000000008f400000|100%| E|CS|TAMS 0x000000008f300000, 0x000000008f300000| Complete 
| 244|0x000000008f400000, 0x000000008f500000, 0x000000008f500000|100%| E|CS|TAMS 0x000000008f400000, 0x000000008f400000| Complete 
| 245|0x000000008f500000, 0x000000008f600000, 0x000000008f600000|100%| E|CS|TAMS 0x000000008f500000, 0x000000008f500000| Complete 
| 246|0x000000008f600000, 0x000000008f700000, 0x000000008f700000|100%| E|CS|TAMS 0x000000008f600000, 0x000000008f600000| Complete 
| 247|0x000000008f700000, 0x000000008f800000, 0x000000008f800000|100%| E|CS|TAMS 0x000000008f700000, 0x000000008f700000| Complete 
| 248|0x000000008f800000, 0x000000008f900000, 0x000000008f900000|100%| E|CS|TAMS 0x000000008f800000, 0x000000008f800000| Complete 
| 249|0x000000008f900000, 0x000000008fa00000, 0x000000008fa00000|100%| E|CS|TAMS 0x000000008f900000, 0x000000008f900000| Complete 
| 250|0x000000008fa00000, 0x000000008fb00000, 0x000000008fb00000|100%| E|CS|TAMS 0x000000008fa00000, 0x000000008fa00000| Complete 
| 251|0x000000008fb00000, 0x000000008fc00000, 0x000000008fc00000|100%| E|CS|TAMS 0x000000008fb00000, 0x000000008fb00000| Complete 
| 252|0x000000008fc00000, 0x000000008fd00000, 0x000000008fd00000|100%| E|CS|TAMS 0x000000008fc00000, 0x000000008fc00000| Complete 
| 253|0x000000008fd00000, 0x000000008fe00000, 0x000000008fe00000|100%| E|CS|TAMS 0x000000008fd00000, 0x000000008fd00000| Complete 
| 254|0x000000008fe00000, 0x000000008ff00000, 0x000000008ff00000|100%| E|CS|TAMS 0x000000008fe00000, 0x000000008fe00000| Complete 
| 255|0x000000008ff00000, 0x0000000090000000, 0x0000000090000000|100%| E|CS|TAMS 0x000000008ff00000, 0x000000008ff00000| Complete 
| 256|0x0000000090000000, 0x0000000090100000, 0x0000000090100000|100%| E|  |TAMS 0x0000000090000000, 0x0000000090000000| Complete 
| 257|0x0000000090100000, 0x0000000090200000, 0x0000000090200000|100%| E|CS|TAMS 0x0000000090100000, 0x0000000090100000| Complete 
| 258|0x0000000090200000, 0x0000000090300000, 0x0000000090300000|100%| E|CS|TAMS 0x0000000090200000, 0x0000000090200000| Complete 
| 259|0x0000000090300000, 0x0000000090400000, 0x0000000090400000|100%| E|CS|TAMS 0x0000000090300000, 0x0000000090300000| Complete 
| 260|0x0000000090400000, 0x0000000090500000, 0x0000000090500000|100%| E|CS|TAMS 0x0000000090400000, 0x0000000090400000| Complete 
| 261|0x0000000090500000, 0x0000000090600000, 0x0000000090600000|100%| E|CS|TAMS 0x0000000090500000, 0x0000000090500000| Complete 
| 262|0x0000000090600000, 0x0000000090700000, 0x0000000090700000|100%| E|CS|TAMS 0x0000000090600000, 0x0000000090600000| Complete 
| 263|0x0000000090700000, 0x0000000090800000, 0x0000000090800000|100%| E|CS|TAMS 0x0000000090700000, 0x0000000090700000| Complete 

Card table byte_map: [0x000001c57e7c0000,0x000001c57ebc0000] _byte_map_base: 0x000001c57e3c0000

Marking Bits (Prev, Next): (CMBitMap*) 0x000001c56b2ddf68, (CMBitMap*) 0x000001c56b2ddfa0
 Prev Bits: [0x000001c500000000, 0x000001c502000000)
 Next Bits: [0x000001c502000000, 0x000001c504000000)

Polling page: 0x000001c569a50000

Metaspace:

Usage:
  Non-class:     99.81 MB capacity,    97.96 MB ( 98%) used,     1.52 MB (  2%) free+waste,   331.31 KB ( <1%) overhead. 
      Class:     15.13 MB capacity,    14.03 MB ( 93%) used,   975.25 KB (  6%) free+waste,   150.13 KB ( <1%) overhead. 
       Both:    114.94 MB capacity,   112.00 MB ( 97%) used,     2.47 MB (  2%) free+waste,   481.44 KB ( <1%) overhead. 

Virtual space:
  Non-class space:      100.00 MB reserved,      99.94 MB (>99%) committed 
      Class space:        1.00 GB reserved,      15.25 MB (  1%) committed 
             Both:        1.10 GB reserved,     115.19 MB ( 10%) committed 

Chunk freelists:
   Non-Class:  8.00 KB
       Class:  24.00 KB
        Both:  32.00 KB

MaxMetaspaceSize: 17179869184.00 GB
CompressedClassSpaceSize: 1.00 GB

CodeHeap 'non-profiled nmethods': size=120064Kb used=7511Kb max_used=7511Kb free=112552Kb
 bounds [0x000001c576860000, 0x000001c576fc0000, 0x000001c57dda0000]
CodeHeap 'profiled nmethods': size=120000Kb used=31305Kb max_used=31305Kb free=88694Kb
 bounds [0x000001c56f330000, 0x000001c5711d0000, 0x000001c576860000]
CodeHeap 'non-nmethods': size=5696Kb used=2331Kb max_used=2378Kb free=3364Kb
 bounds [0x000001c56eda0000, 0x000001c56f010000, 0x000001c56f330000]
 total_blobs=15103 nmethods=14157 adapters=857
 compilation: enabled
              stopped_count=0, restarted_count=0
 full_count=0

Compilation events (20 events):
Event: 1078.215 Thread 0x000001c57f5db800 14287       2       com.android.ide.common.resources.ResourceSet$FolderData::<init> (5 bytes)
Event: 1078.216 Thread 0x000001c57f5db800 nmethod 14287 0x000001c5711b6590 code [0x000001c5711b6760, 0x000001c5711b6ba8]
Event: 1078.216 Thread 0x000001c57f5db800 14288       2       org.apache.xerces.jaxp.DocumentBuilderImpl::newDocument (8 bytes)
Event: 1078.216 Thread 0x000001c57f5db800 nmethod 14288 0x000001c5711b6d10 code [0x000001c5711b6ec0, 0x000001c5711b7048]
Event: 1078.228 Thread 0x000001c57f5db800 14289   !   2       org.apache.xerces.parsers.XML11Configuration::<init> (1065 bytes)
Event: 1078.235 Thread 0x000001c57f5db800 nmethod 14289 0x000001c5711b7110 code [0x000001c5711b7a60, 0x000001c5711bcf98]
Event: 1078.235 Thread 0x000001c57f5db800 14290       2       com.android.ide.common.resources.configuration.ResourceQualifier::<init> (5 bytes)
Event: 1078.235 Thread 0x000001c57f5db800 nmethod 14290 0x000001c5711bed10 code [0x000001c5711beec0, 0x000001c5711befb8]
Event: 1078.268 Thread 0x000001c57f5db800 14292       2       com.android.ide.common.resources.configuration.CountryCodeQualifier::checkAndSet (18 bytes)
Event: 1078.269 Thread 0x000001c57f5db800 nmethod 14292 0x000001c5711bf090 code [0x000001c5711bf260, 0x000001c5711bf508]
Event: 1078.269 Thread 0x000001c57f5db800 14293   !   2       com.android.ide.common.resources.configuration.CountryCodeQualifier::getQualifier (48 bytes)
Event: 1078.269 Thread 0x000001c57f5db800 nmethod 14293 0x000001c5711bf690 code [0x000001c5711bf880, 0x000001c5711bfa98]
Event: 1078.281 Thread 0x000001c57f5db800 14294       3       java.util.WeakHashMap::transfer (107 bytes)
Event: 1078.282 Thread 0x000001c57f5db800 nmethod 14294 0x000001c5711bfc10 code [0x000001c5711bfe20, 0x000001c5711c05d8]
Event: 1078.296 Thread 0x000001c57f5db800 14295   !   2       org.apache.xerces.parsers.AbstractSAXParser::getEntityResolver (61 bytes)
Event: 1078.297 Thread 0x000001c57f5db800 nmethod 14295 0x000001c5711c0810 code [0x000001c5711c0a20, 0x000001c5711c0e78]
Event: 1078.297 Thread 0x000001c57f5db800 14296   !   2       org.apache.xerces.parsers.AbstractSAXParser::setEntityResolver (124 bytes)
Event: 1078.298 Thread 0x000001c57f5db800 nmethod 14296 0x000001c5711c1190 code [0x000001c5711c1400, 0x000001c5711c1bc8]
Event: 1078.310 Thread 0x000001c57f5db800 14297       2       java.lang.AbstractStringBuilder::inflate (42 bytes)
Event: 1078.311 Thread 0x000001c57f5db800 nmethod 14297 0x000001c5711c2190 code [0x000001c5711c2360, 0x000001c5711c2558]

GC Heap History (20 events):
Event: 15.800 GC heap before
{Heap before GC invocations=25 (full 0):
 garbage-first heap   total 187392K, used 143242K [0x0000000080000000, 0x0000000100000000)
  region size 1024K, 34 young (34816K), 2 survivors (2048K)
 Metaspace       used 86216K, capacity 88336K, committed 88516K, reserved 1126400K
  class space    used 11003K, capacity 11718K, committed 11776K, reserved 1048576K
}
Event: 15.816 GC heap after
{Heap after GC invocations=26 (full 0):
 garbage-first heap   total 187392K, used 109434K [0x0000000080000000, 0x0000000100000000)
  region size 1024K, 2 young (2048K), 2 survivors (2048K)
 Metaspace       used 86216K, capacity 88336K, committed 88516K, reserved 1126400K
  class space    used 11003K, capacity 11718K, committed 11776K, reserved 1048576K
}
Event: 16.582 GC heap before
{Heap before GC invocations=26 (full 0):
 garbage-first heap   total 187392K, used 144250K [0x0000000080000000, 0x0000000100000000)
  region size 1024K, 36 young (36864K), 2 survivors (2048K)
 Metaspace       used 91112K, capacity 93341K, committed 93508K, reserved 1130496K
  class space    used 11584K, capacity 12347K, committed 12416K, reserved 1048576K
}
Event: 16.591 GC heap after
{Heap after GC invocations=27 (full 0):
 garbage-first heap   total 187392K, used 111734K [0x0000000080000000, 0x0000000100000000)
  region size 1024K, 4 young (4096K), 4 survivors (4096K)
 Metaspace       used 91112K, capacity 93341K, committed 93508K, reserved 1130496K
  class space    used 11584K, capacity 12347K, committed 12416K, reserved 1048576K
}
Event: 17.365 GC heap before
{Heap before GC invocations=28 (full 0):
 garbage-first heap   total 187392K, used 147574K [0x0000000080000000, 0x0000000100000000)
  region size 1024K, 39 young (39936K), 4 survivors (4096K)
 Metaspace       used 93332K, capacity 95800K, committed 95940K, reserved 1132544K
  class space    used 11899K, capacity 12769K, committed 12800K, reserved 1048576K
}
Event: 17.380 GC heap after
{Heap after GC invocations=29 (full 0):
 garbage-first heap   total 225280K, used 114762K [0x0000000080000000, 0x0000000100000000)
  region size 1024K, 5 young (5120K), 5 survivors (5120K)
 Metaspace       used 93332K, capacity 95800K, committed 95940K, reserved 1132544K
  class space    used 11899K, capacity 12769K, committed 12800K, reserved 1048576K
}
Event: 18.250 GC heap before
{Heap before GC invocations=29 (full 0):
 garbage-first heap   total 225280K, used 162890K [0x0000000080000000, 0x0000000100000000)
  region size 1024K, 53 young (54272K), 5 survivors (5120K)
 Metaspace       used 94185K, capacity 96665K, committed 96836K, reserved 1132544K
  class space    used 11964K, capacity 12810K, committed 12928K, reserved 1048576K
}
Event: 18.262 GC heap after
{Heap after GC invocations=30 (full 0):
 garbage-first heap   total 225280K, used 118058K [0x0000000080000000, 0x0000000100000000)
  region size 1024K, 6 young (6144K), 6 survivors (6144K)
 Metaspace       used 94185K, capacity 96665K, committed 96836K, reserved 1132544K
  class space    used 11964K, capacity 12810K, committed 12928K, reserved 1048576K
}
Event: 19.480 GC heap before
{Heap before GC invocations=31 (full 0):
 garbage-first heap   total 225280K, used 168234K [0x0000000080000000, 0x0000000100000000)
  region size 1024K, 55 young (56320K), 6 survivors (6144K)
 Metaspace       used 98861K, capacity 101472K, committed 101572K, reserved 1136640K
  class space    used 12588K, capacity 13559K, committed 13568K, reserved 1048576K
}
Event: 19.498 GC heap after
{Heap after GC invocations=32 (full 0):
 garbage-first heap   total 225280K, used 121100K [0x0000000080000000, 0x0000000100000000)
  region size 1024K, 6 young (6144K), 6 survivors (6144K)
 Metaspace       used 98861K, capacity 101472K, committed 101572K, reserved 1136640K
  class space    used 12588K, capacity 13559K, committed 13568K, reserved 1048576K
}
Event: 20.013 GC heap before
{Heap before GC invocations=32 (full 0):
 garbage-first heap   total 225280K, used 172300K [0x0000000080000000, 0x0000000100000000)
  region size 1024K, 56 young (57344K), 6 survivors (6144K)
 Metaspace       used 102038K, capacity 104723K, committed 104900K, reserved 1140736K
  class space    used 13012K, capacity 13979K, committed 14080K, reserved 1048576K
}
Event: 20.024 GC heap after
{Heap after GC invocations=33 (full 0):
 garbage-first heap   total 225280K, used 122949K [0x0000000080000000, 0x0000000100000000)
  region size 1024K, 5 young (5120K), 5 survivors (5120K)
 Metaspace       used 102038K, capacity 104723K, committed 104900K, reserved 1140736K
  class space    used 13012K, capacity 13979K, committed 14080K, reserved 1048576K
}
Event: 20.729 GC heap before
{Heap before GC invocations=34 (full 0):
 garbage-first heap   total 225280K, used 175173K [0x0000000080000000, 0x0000000100000000)
  region size 1024K, 56 young (57344K), 5 survivors (5120K)
 Metaspace       used 104710K, capacity 107179K, committed 107460K, reserved 1142784K
  class space    used 13293K, capacity 14253K, committed 14336K, reserved 1048576K
}
Event: 20.744 GC heap after
{Heap after GC invocations=35 (full 0):
 garbage-first heap   total 225280K, used 126769K [0x0000000080000000, 0x0000000100000000)
  region size 1024K, 6 young (6144K), 6 survivors (6144K)
 Metaspace       used 104710K, capacity 107179K, committed 107460K, reserved 1142784K
  class space    used 13293K, capacity 14253K, committed 14336K, reserved 1048576K
}
Event: 422.733 GC heap before
{Heap before GC invocations=35 (full 0):
 garbage-first heap   total 225280K, used 177969K [0x0000000080000000, 0x0000000100000000)
  region size 1024K, 57 young (58368K), 6 survivors (6144K)
 Metaspace       used 110063K, capacity 112783K, committed 112836K, reserved 1146880K
  class space    used 13822K, capacity 14812K, committed 14848K, reserved 1048576K
}
Event: 422.769 GC heap after
{Heap after GC invocations=36 (full 0):
 garbage-first heap   total 270336K, used 129389K [0x0000000080000000, 0x0000000100000000)
  region size 1024K, 7 young (7168K), 7 survivors (7168K)
 Metaspace       used 110063K, capacity 112783K, committed 112836K, reserved 1146880K
  class space    used 13822K, capacity 14812K, committed 14848K, reserved 1048576K
}
Event: 1076.373 GC heap before
{Heap before GC invocations=37 (full 0):
 garbage-first heap   total 270336K, used 200045K [0x0000000080000000, 0x0000000100000000)
  region size 1024K, 77 young (78848K), 7 survivors (7168K)
 Metaspace       used 111869K, capacity 114697K, committed 114884K, reserved 1148928K
  class space    used 13994K, capacity 15038K, committed 15104K, reserved 1048576K
}
Event: 1076.395 GC heap after
{Heap after GC invocations=38 (full 0):
 garbage-first heap   total 270336K, used 136229K [0x0000000080000000, 0x0000000100000000)
  region size 1024K, 10 young (10240K), 10 survivors (10240K)
 Metaspace       used 111869K, capacity 114697K, committed 114884K, reserved 1148928K
  class space    used 13994K, capacity 15038K, committed 15104K, reserved 1048576K
}
Event: 1077.859 GC heap before
{Heap before GC invocations=38 (full 0):
 garbage-first heap   total 270336K, used 204837K [0x0000000080000000, 0x0000000100000000)
  region size 1024K, 78 young (79872K), 10 survivors (10240K)
 Metaspace       used 114575K, capacity 117572K, committed 117700K, reserved 1150976K
  class space    used 14370K, capacity 15496K, committed 15616K, reserved 1048576K
}
Event: 1077.891 GC heap after
{Heap after GC invocations=39 (full 0):
 garbage-first heap   total 270336K, used 144663K [0x0000000080000000, 0x0000000100000000)
  region size 1024K, 9 young (9216K), 9 survivors (9216K)
 Metaspace       used 114575K, capacity 117572K, committed 117700K, reserved 1150976K
  class space    used 14370K, capacity 15496K, committed 15616K, reserved 1048576K
}

Deoptimization events (20 events):
Event: 1078.002 Thread 0x000001c508666800 Uncommon trap: trap_request=0xffffff4d fr.pc=0x000001c576b85a00 relative=0x00000000000005a0
Event: 1078.002 Thread 0x000001c508666800 Uncommon trap: reason=unstable_if action=reinterpret pc=0x000001c576b85a00 method=org.apache.xerces.impl.XMLEntityScanner.scanLiteral(ILorg/apache/xerces/xni/XMLString;)I @ 43 c2
Event: 1078.002 Thread 0x000001c508666800 DEOPT PACKING pc=0x000001c576b85a00 sp=0x0000009ae1ef97c0
Event: 1078.002 Thread 0x000001c508666800 DEOPT UNPACKING pc=0x000001c56edc662f sp=0x0000009ae1ef9740 mode 2
Event: 1078.030 Thread 0x000001c508666800 DEOPT PACKING pc=0x000001c5711961d4 sp=0x0000009ae1ef97a0
Event: 1078.030 Thread 0x000001c508666800 DEOPT UNPACKING pc=0x000001c56edc6dde sp=0x0000009ae1ef8c30 mode 0
Event: 1078.127 Thread 0x000001c508666800 DEOPT PACKING pc=0x000001c571131b53 sp=0x0000009ae1ef9c70
Event: 1078.127 Thread 0x000001c508666800 DEOPT UNPACKING pc=0x000001c56edc6dde sp=0x0000009ae1ef9148 mode 0
Event: 1078.139 Thread 0x000001c508666800 DEOPT PACKING pc=0x000001c571131b53 sp=0x0000009ae1ef9c70
Event: 1078.139 Thread 0x000001c508666800 DEOPT UNPACKING pc=0x000001c56edc6dde sp=0x0000009ae1ef9148 mode 0
Event: 1078.204 Thread 0x000001c508666800 Uncommon trap: trap_request=0xffffff4d fr.pc=0x000001c576faa9d4 relative=0x0000000000000034
Event: 1078.204 Thread 0x000001c508666800 Uncommon trap: reason=unstable_if action=reinterpret pc=0x000001c576faa9d4 method=java.lang.Character.isSurrogate(C)Z @ 3 c2
Event: 1078.204 Thread 0x000001c508666800 DEOPT PACKING pc=0x000001c576faa9d4 sp=0x0000009ae1ef9eb0
Event: 1078.204 Thread 0x000001c508666800 DEOPT UNPACKING pc=0x000001c56edc662f sp=0x0000009ae1ef9e48 mode 2
Event: 1078.204 Thread 0x000001c508666800 Uncommon trap: trap_request=0xffffff4d fr.pc=0x000001c576fabafc relative=0x000000000000069c
Event: 1078.204 Thread 0x000001c508666800 Uncommon trap: reason=unstable_if action=reinterpret pc=0x000001c576fabafc method=java.lang.Character.isSurrogate(C)Z @ 3 c2
Event: 1078.204 Thread 0x000001c508666800 DEOPT PACKING pc=0x000001c576fabafc sp=0x0000009ae1ef9f40
Event: 1078.204 Thread 0x000001c508666800 DEOPT UNPACKING pc=0x000001c56edc662f sp=0x0000009ae1ef9e60 mode 2
Event: 1078.281 Thread 0x000001c508666800 DEOPT PACKING pc=0x000001c57117abc5 sp=0x0000009ae1ef97a0
Event: 1078.281 Thread 0x000001c508666800 DEOPT UNPACKING pc=0x000001c56edc6dde sp=0x0000009ae1ef8c28 mode 0

Classes redefined (0 events):
No events

Internal exceptions (20 events):
Event: 1076.180 Thread 0x000001c50d315800 Exception <a 'sun/nio/fs/WindowsException'{0x000000008cfeab78}> (0x000000008cfeab78) thrown at [./src/hotspot/share/prims/jni.cpp, line 615]
Event: 1076.180 Thread 0x000001c50d315800 Exception <a 'sun/nio/fs/WindowsException'{0x000000008cfebf50}> (0x000000008cfebf50) thrown at [./src/hotspot/share/prims/jni.cpp, line 615]
Event: 1076.180 Thread 0x000001c50d315800 Exception <a 'sun/nio/fs/WindowsException'{0x000000008cfed328}> (0x000000008cfed328) thrown at [./src/hotspot/share/prims/jni.cpp, line 615]
Event: 1076.292 Thread 0x000001c50d315800 Exception <a 'java/lang/NoSuchMethodError'{0x000000008c8cbb18}: 'java.lang.Object java.lang.invoke.Invokers$Holder.linkToTargetMethod(java.lang.Object, int, int, java.lang.Object)'> (0x000000008c8cbb18) thrown at [./src/hotspot/share/interpreter/linkResolver.cpp, line 773]
Event: 1076.436 Thread 0x000001c50d315800 Exception <a 'java/lang/NoSuchMethodError'{0x00000000905c09a8}: <clinit>> (0x00000000905c09a8) thrown at [./src/hotspot/share/prims/jni.cpp, line 1362]
Event: 1076.444 Thread 0x000001c50d315800 Exception <a 'sun/nio/fs/WindowsException'{0x0000000090446e28}> (0x0000000090446e28) thrown at [./src/hotspot/share/prims/jni.cpp, line 615]
Event: 1076.488 Thread 0x000001c50d319000 Exception <a 'java/lang/NoSuchMethodError'{0x0000000090787980}: <clinit>> (0x0000000090787980) thrown at [./src/hotspot/share/prims/jni.cpp, line 1362]
Event: 1076.489 Thread 0x000001c50d319000 Exception <a 'java/lang/NoSuchMethodError'{0x0000000090283d28}: <clinit>> (0x0000000090283d28) thrown at [./src/hotspot/share/prims/jni.cpp, line 1362]
Event: 1076.501 Thread 0x000001c50d319000 Exception <a 'java/lang/NoSuchMethodError'{0x0000000090137768}: <clinit>> (0x0000000090137768) thrown at [./src/hotspot/share/prims/jni.cpp, line 1362]
Event: 1076.502 Thread 0x000001c50d319000 Exception <a 'java/lang/NoSuchMethodError'{0x000000009015a538}: <clinit>> (0x000000009015a538) thrown at [./src/hotspot/share/prims/jni.cpp, line 1362]
Event: 1076.502 Thread 0x000001c50d319000 Exception <a 'java/lang/NoSuchMethodError'{0x000000009015b810}: <clinit>> (0x000000009015b810) thrown at [./src/hotspot/share/prims/jni.cpp, line 1362]
Event: 1076.519 Thread 0x000001c508665800 Exception <a 'java/lang/NoSuchMethodError'{0x00000000905fc9f8}: <clinit>> (0x00000000905fc9f8) thrown at [./src/hotspot/share/prims/jni.cpp, line 1362]
Event: 1076.521 Thread 0x000001c508665800 Exception <a 'java/lang/NoSuchMethodError'{0x000000008ff16b38}: <clinit>> (0x000000008ff16b38) thrown at [./src/hotspot/share/prims/jni.cpp, line 1362]
Event: 1076.523 Thread 0x000001c508665800 Exception <a 'java/lang/NoSuchMethodError'{0x000000008ff62e30}: <clinit>> (0x000000008ff62e30) thrown at [./src/hotspot/share/prims/jni.cpp, line 1362]
Event: 1076.558 Thread 0x000001c50d319000 Exception <a 'java/lang/NoSuchMethodError'{0x000000008feba268}: <clinit>> (0x000000008feba268) thrown at [./src/hotspot/share/prims/jni.cpp, line 1362]
Event: 1076.559 Thread 0x000001c508668000 Exception <a 'java/lang/NoSuchMethodError'{0x0000000090495328}: 'java.lang.Object java.lang.invoke.DirectMethodHandle$Holder.invokeInterface(java.lang.Object, java.lang.Object, int)'> (0x0000000090495328) thrown at [./src/hotspot/share/interpreter/linkResolver.cpp, line 773]
Event: 1076.561 Thread 0x000001c508668000 Exception <a 'java/lang/NoSuchMethodError'{0x000000008fecd430}: 'void java.lang.invoke.DirectMethodHandle$Holder.invokeStatic(java.lang.Object, java.lang.Object, java.lang.Object, int)'> (0x000000008fecd430) thrown at [./src/hotspot/share/interpreter/linkResolver.cpp, line 773]
Event: 1076.672 Thread 0x000001c508668000 Exception <a 'java/lang/NoSuchMethodError'{0x000000008fb7b258}: 'void java.lang.invoke.DirectMethodHandle$Holder.invokeStatic(java.lang.Object, java.lang.Object, java.lang.Object, java.lang.Object, java.lang.Object, java.lang.Object, java.lang.Object)'> (0x000000008fb7b258) thrown at [./src/hotspot/share/interpreter/linkResolver.cpp, line 773]
Event: 1076.690 Thread 0x000001c50d319000 Exception <a 'java/lang/NoSuchMethodError'{0x000000008fa71c50}: <clinit>> (0x000000008fa71c50) thrown at [./src/hotspot/share/prims/jni.cpp, line 1362]
Event: 1076.938 Thread 0x000001c508668000 Exception <a 'java/lang/NoSuchMethodError'{0x000000008ed6e1b0}: <clinit>> (0x000000008ed6e1b0) thrown at [./src/hotspot/share/prims/jni.cpp, line 1362]

Events (20 events):
Event: 1077.253 loading class com/android/resources/UiMode
Event: 1077.253 loading class com/android/resources/UiMode done
Event: 1077.253 loading class com/android/resources/NightMode
Event: 1077.253 loading class com/android/resources/NightMode done
Event: 1077.254 loading class com/android/resources/TouchScreen
Event: 1077.254 loading class com/android/resources/TouchScreen done
Event: 1077.255 loading class com/android/resources/KeyboardState
Event: 1077.255 loading class com/android/resources/KeyboardState done
Event: 1077.256 loading class com/android/resources/Keyboard
Event: 1077.256 loading class com/android/resources/Keyboard done
Event: 1077.256 loading class com/android/resources/NavigationState
Event: 1077.256 loading class com/android/resources/NavigationState done
Event: 1077.257 loading class com/android/resources/Navigation
Event: 1077.257 loading class com/android/resources/Navigation done
Event: 1077.859 Executing VM operation: G1CollectForAllocation
Event: 1077.891 Executing VM operation: G1CollectForAllocation done
Event: 1078.105 Executing VM operation: CGC_Operation
Event: 1078.120 Executing VM operation: CGC_Operation done
Event: 1078.244 Executing VM operation: CGC_Operation
Event: 1078.245 Executing VM operation: CGC_Operation done


Dynamic libraries:
0x00007ff6166c0000 - 0x00007ff6166ca000 	C:\Program Files\Android\Android Studio\jre\bin\java.exe
0x00007ffca5010000 - 0x00007ffca5205000 	C:\Windows\SYSTEM32\ntdll.dll
0x00007ffca3a30000 - 0x00007ffca3aee000 	C:\Windows\System32\KERNEL32.DLL
0x00007ffca2ae0000 - 0x00007ffca2da8000 	C:\Windows\System32\KERNELBASE.dll
0x00007ffca2db0000 - 0x00007ffca2eb0000 	C:\Windows\System32\ucrtbase.dll
0x00007ffc98650000 - 0x00007ffc98667000 	C:\Program Files\Android\Android Studio\jre\bin\VCRUNTIME140.dll
0x00007ffc97210000 - 0x00007ffc97229000 	C:\Program Files\Android\Android Studio\jre\bin\jli.dll
0x00007ffca4e30000 - 0x00007ffca4fd0000 	C:\Windows\System32\USER32.dll
0x00007ffca1ae0000 - 0x00007ffca1d7a000 	C:\Windows\WinSxS\amd64_microsoft.windows.common-controls_6595b64144ccf1df_6.0.19041.1110_none_60b5254171f9507e\COMCTL32.dll
0x00007ffca3010000 - 0x00007ffca3032000 	C:\Windows\System32\win32u.dll
0x00007ffca3800000 - 0x00007ffca389e000 	C:\Windows\System32\msvcrt.dll
0x00007ffca3250000 - 0x00007ffca327b000 	C:\Windows\System32\GDI32.dll
0x00007ffca28e0000 - 0x00007ffca29eb000 	C:\Windows\System32\gdi32full.dll
0x00007ffca29f0000 - 0x00007ffca2a8d000 	C:\Windows\System32\msvcp_win.dll
0x00007ffca43d0000 - 0x00007ffca4400000 	C:\Windows\System32\IMM32.DLL
0x00007ffc92f20000 - 0x00007ffc92fbd000 	C:\Program Files\Android\Android Studio\jre\bin\msvcp140.dll
0x00007ffc643a0000 - 0x00007ffc64e75000 	C:\Program Files\Android\Android Studio\jre\bin\server\jvm.dll
0x00007ffca4ca0000 - 0x00007ffca4d4e000 	C:\Windows\System32\ADVAPI32.dll
0x00007ffca3760000 - 0x00007ffca37fc000 	C:\Windows\System32\sechost.dll
0x00007ffca38a0000 - 0x00007ffca39c5000 	C:\Windows\System32\RPCRT4.dll
0x00007ffca3220000 - 0x00007ffca3228000 	C:\Windows\System32\PSAPI.DLL
0x00007ffc9aa00000 - 0x00007ffc9aa09000 	C:\Windows\SYSTEM32\WSOCK32.dll
0x00007ffc90020000 - 0x00007ffc90047000 	C:\Windows\SYSTEM32\WINMM.dll
0x00007ffca3ba0000 - 0x00007ffca3c0b000 	C:\Windows\System32\WS2_32.dll
0x00007ffc9b690000 - 0x00007ffc9b69a000 	C:\Windows\SYSTEM32\VERSION.dll
0x00007ffca02b0000 - 0x00007ffca02c2000 	C:\Windows\SYSTEM32\kernel.appcore.dll
0x00007ffc92d10000 - 0x00007ffc92d21000 	C:\Program Files\Android\Android Studio\jre\bin\verify.dll
0x00007ffca2050000 - 0x00007ffca2234000 	C:\Windows\SYSTEM32\DBGHELP.DLL
0x00007ffca2020000 - 0x00007ffca204c000 	C:\Windows\SYSTEM32\dbgcore.DLL
0x00007ffca2730000 - 0x00007ffca27b2000 	C:\Windows\System32\bcryptPrimitives.dll
0x00007ffc80ca0000 - 0x00007ffc80cc9000 	C:\Program Files\Android\Android Studio\jre\bin\java.dll
0x00007ffc97200000 - 0x00007ffc9720b000 	C:\Program Files\Android\Android Studio\jre\bin\jimage.dll
0x00007ffc92c90000 - 0x00007ffc92ca8000 	C:\Program Files\Android\Android Studio\jre\bin\zip.dll
0x00007ffca3c70000 - 0x00007ffca43b4000 	C:\Windows\System32\SHELL32.dll
0x00007ffc9fa00000 - 0x00007ffca0194000 	C:\Windows\SYSTEM32\windows.storage.dll
0x00007ffca3280000 - 0x00007ffca35d4000 	C:\Windows\System32\combase.dll
0x00007ffca1990000 - 0x00007ffca19bc000 	C:\Windows\SYSTEM32\Wldp.dll
0x00007ffca4400000 - 0x00007ffca44ad000 	C:\Windows\System32\SHCORE.dll
0x00007ffca3c10000 - 0x00007ffca3c65000 	C:\Windows\System32\shlwapi.dll
0x00007ffca2670000 - 0x00007ffca268f000 	C:\Windows\SYSTEM32\profapi.dll
0x00007ffc929f0000 - 0x00007ffc92a0a000 	C:\Program Files\Android\Android Studio\jre\bin\net.dll
0x00007ffc919e0000 - 0x00007ffc91ae9000 	C:\Windows\SYSTEM32\WINHTTP.dll
0x00007ffca1730000 - 0x00007ffca179a000 	C:\Windows\system32\mswsock.dll
0x00007ffc91e80000 - 0x00007ffc91e94000 	C:\Program Files\Android\Android Studio\jre\bin\nio.dll
0x00007ffc92ba0000 - 0x00007ffc92bc7000 	C:\Users\usuario\.gradle\native\e1d6ef7f7dcc3fd88c89a11ec53ec762bb8ba0a96d01ffa2cd45eb1d1d8dd5c5\windows-amd64\native-platform.dll
0x00007ffc74de0000 - 0x00007ffc74f24000 	C:\Users\usuario\.gradle\native\5664cfc778a61ccfe75a443a1ab52a65af34e5dc3c78e0209fed803814484fcb\windows-amd64\native-platform-file-events.dll
0x00007ffc96d20000 - 0x00007ffc96d2a000 	C:\Program Files\Android\Android Studio\jre\bin\management.dll
0x00007ffc96ac0000 - 0x00007ffc96acd000 	C:\Program Files\Android\Android Studio\jre\bin\management_ext.dll
0x00007ffca23e0000 - 0x00007ffca23f8000 	C:\Windows\SYSTEM32\CRYPTSP.dll
0x00007ffca1100000 - 0x00007ffca1134000 	C:\Windows\system32\rsaenh.dll
0x00007ffca3040000 - 0x00007ffca3067000 	C:\Windows\System32\bcrypt.dll
0x00007ffca25f0000 - 0x00007ffca261e000 	C:\Windows\SYSTEM32\USERENV.dll
0x00007ffca1950000 - 0x00007ffca195c000 	C:\Windows\SYSTEM32\CRYPTBASE.dll
0x00007ffca1450000 - 0x00007ffca148b000 	C:\Windows\SYSTEM32\IPHLPAPI.DLL
0x00007ffca4b60000 - 0x00007ffca4b68000 	C:\Windows\System32\NSI.dll
0x00007ffc9ac70000 - 0x00007ffc9ac87000 	C:\Windows\SYSTEM32\dhcpcsvc6.DLL
0x00007ffc9b190000 - 0x00007ffc9b1ad000 	C:\Windows\SYSTEM32\dhcpcsvc.DLL
0x00007ffca1490000 - 0x00007ffca155a000 	C:\Windows\SYSTEM32\DNSAPI.dll

dbghelp: loaded successfully - version: 4.0.5 - missing functions: none
symbol engine: initialized successfully - sym options: 0x614 - pdb path: .;C:\Program Files\Android\Android Studio\jre\bin;C:\Windows\SYSTEM32;C:\Windows\WinSxS\amd64_microsoft.windows.common-controls_6595b64144ccf1df_6.0.19041.1110_none_60b5254171f9507e;C:\Program Files\Android\Android Studio\jre\bin\server;C:\Users\usuario\.gradle\native\e1d6ef7f7dcc3fd88c89a11ec53ec762bb8ba0a96d01ffa2cd45eb1d1d8dd5c5\windows-amd64;C:\Users\usuario\.gradle\native\5664cfc778a61ccfe75a443a1ab52a65af34e5dc3c78e0209fed803814484fcb\windows-amd64

VM Arguments:
jvm_args: --add-opens=java.base/java.util=ALL-UNNAMED --add-opens=java.base/java.lang=ALL-UNNAMED --add-opens=java.base/java.lang.invoke=ALL-UNNAMED --add-opens=java.base/java.util=ALL-UNNAMED --add-opens=java.prefs/java.util.prefs=ALL-UNNAMED --add-opens=java.prefs/java.util.prefs=ALL-UNNAMED --add-opens=java.base/java.nio.charset=ALL-UNNAMED --add-opens=java.base/java.net=ALL-UNNAMED --add-opens=java.base/java.util.concurrent.atomic=ALL-UNNAMED -Xmx2048m -Dfile.encoding=UTF-8 -Duser.country=BR -Duser.language=pt -Duser.variant 
java_command: org.gradle.launcher.daemon.bootstrap.GradleDaemon 7.2
java_class_path (initial): C:\Users\usuario\.gradle\wrapper\dists\gradle-7.2-bin\2dnblmf4td7x66yl1d74lt32g\gradle-7.2\lib\gradle-launcher-7.2.jar
Launcher Type: SUN_STANDARD

[Global flags]
     intx CICompilerCount                          = 3                                         {product} {ergonomic}
     uint ConcGCThreads                            = 1                                         {product} {ergonomic}
     uint G1ConcRefinementThreads                  = 4                                         {product} {ergonomic}
   size_t G1HeapRegionSize                         = 1048576                                   {product} {ergonomic}
    uintx GCDrainStackTargetSize                   = 64                                        {product} {ergonomic}
   size_t InitialHeapSize                          = 132120576                                 {product} {ergonomic}
   size_t MarkStackSize                            = 4194304                                   {product} {ergonomic}
   size_t MaxHeapSize                              = 2147483648                                {product} {command line}
   size_t MaxNewSize                               = 1287651328                                {product} {ergonomic}
   size_t MinHeapDeltaBytes                        = 1048576                                   {product} {ergonomic}
    uintx NonNMethodCodeHeapSize                   = 5830732                                {pd product} {ergonomic}
    uintx NonProfiledCodeHeapSize                  = 122913754                              {pd product} {ergonomic}
    uintx ProfiledCodeHeapSize                     = 122913754                              {pd product} {ergonomic}
    uintx ReservedCodeCacheSize                    = 251658240                              {pd product} {ergonomic}
     bool SegmentedCodeCache                       = true                                      {product} {ergonomic}
     bool UseCompressedClassPointers               = true                                 {lp64_product} {ergonomic}
     bool UseCompressedOops                        = true                                 {lp64_product} {ergonomic}
     bool UseG1GC                                  = true                                      {product} {ergonomic}
     bool UseLargePagesIndividualAllocation        = false                                  {pd product} {ergonomic}

Logging:
Log output configuration:
 #0: stdout all=warning uptime,level,tags
 #1: stderr all=off uptime,level,tags

Environment Variables:
JAVA_HOME=C:\Progra~1\Java\jdk-11.0.12\
PATH=C:\Program Files\Graalvm\graalvm-ce-java11-21.3.0\bin;C:\Program Files\Java\jdk-11.0.12\bin;C:\Program Files\Common Files\Oracle\Java\javapath;C:\Program Files (x86)\Common Files\Oracle\Java\javapath;C:\Windows\system32;C:\Windows;C:\Windows\System32\Wbem;C:\Windows\System32\WindowsPowerShell\v1.0\;C:\Windows\System32\OpenSSH\;C:\Program Files (x86)\dotnet\;C:\Program Files\Git\cmd;C:\Program Files (x86)\Intel\Intel(R) Management Engine Components\DAL;C:\Program Files\Intel\Intel(R) Management Engine Components\DAL;C:\Program Files\nodejs\;C:\ProgramData\UNIVALI\Portugol Studio;C:\Users\usuario\AppData\Local\Microsoft\WindowsApps;C:\Users\usuario\AppData\Roaming\npm
USERNAME=Usurio
OS=Windows_NT
PROCESSOR_IDENTIFIER=Intel64 Family 6 Model 142 Stepping 9, GenuineIntel



---------------  S Y S T E M  ---------------

OS: Windows 10 , 64 bit Build 19041 (10.0.19041.1566)
OS uptime: 1 days 4:24 hours
Hyper-V role detected

CPU:total 4 (initial active 4) (2 cores per cpu, 2 threads per core) family 6 model 142 stepping 9 microcode 0xde, cmov, cx8, fxsr, mmx, sse, sse2, sse3, ssse3, sse4.1, sse4.2, popcnt, avx, avx2, aes, clmul, erms, 3dnowpref, lzcnt, ht, tsc, tscinvbit, bmi1, bmi2, adx, fma

Memory: 4k page, system-wide physical 8053M (337M free)
TotalPageFile size 12149M (AvailPageFile size 6M)
current process WorkingSet (physical memory assigned to process): 555M, peak: 555M
current process commit charge ("private bytes"): 602M, peak: 605M

vm_info: OpenJDK 64-Bit Server VM (11.0.11+9-b60-7590822) for windows-amd64 JRE (11.0.11+9-b60-7590822), built on Jul 29 2021 21:43:44 by "builder" with MS VC++ 14.0 (VS2015)

END.
